<?xml version="1.0" encoding="UTF-8"?>
<testsuite name="com.mycompany.dbRepository.CallLogRepositoryTest" tests="4" skipped="0" failures="0" errors="0" timestamp="2016-06-24T11:26:54" hostname="Batman-PC" time="0.215">
  <properties/>
  <testcase name="testSummaryCallLogs" classname="com.mycompany.dbRepository.CallLogRepositoryTest" time="0.087"/>
  <testcase name="shouldReturnCallLogBw2Phones" classname="com.mycompany.dbRepository.CallLogRepositoryTest" time="0.058"/>
  <testcase name="shouldReturnLocationOfFirstParty" classname="com.mycompany.dbRepository.CallLogRepositoryTest" time="0.035"/>
  <testcase name="testFindCallLogs" classname="com.mycompany.dbRepository.CallLogRepositoryTest" time="0.032"/>
  <system-out><![CDATA[16:56:51.079 [Test worker] DEBUG org.springframework.test.context.junit4.SpringJUnit4ClassRunner - SpringJUnit4ClassRunner constructor called with [class com.mycompany.dbRepository.CallLogRepositoryTest]
16:56:51.088 [Test worker] DEBUG org.springframework.test.context.BootstrapUtils - Instantiating CacheAwareContextLoaderDelegate from class [org.springframework.test.context.cache.DefaultCacheAwareContextLoaderDelegate]
16:56:51.091 [Test worker] DEBUG org.springframework.test.context.BootstrapUtils - Instantiating BootstrapContext using constructor [public org.springframework.test.context.support.DefaultBootstrapContext(java.lang.Class,org.springframework.test.context.CacheAwareContextLoaderDelegate)]
16:56:51.097 [Test worker] DEBUG org.springframework.test.context.BootstrapUtils - Instantiating TestContextBootstrapper for test class [com.mycompany.dbRepository.CallLogRepositoryTest] from class [org.springframework.test.context.support.DefaultTestContextBootstrapper]
16:56:51.114 [Test worker] DEBUG org.springframework.test.context.support.AbstractDelegatingSmartContextLoader - Delegating to AnnotationConfigContextLoader to process context configuration [ContextConfigurationAttributes@24f27408 declaringClass = 'com.mycompany.dbRepository.CallLogRepositoryTest', classes = '{class com.mycompany.config.SpringTestCfg}', locations = '{}', inheritLocations = true, initializers = '{}', inheritInitializers = true, name = [null], contextLoaderClass = 'org.springframework.test.context.ContextLoader'].
16:56:51.119 [Test worker] DEBUG org.springframework.test.context.support.DefaultTestContextBootstrapper - @TestExecutionListeners is not present for class [com.mycompany.dbRepository.CallLogRepositoryTest]: using defaults.
16:56:51.125 [Test worker] INFO org.springframework.test.context.support.DefaultTestContextBootstrapper - Loaded default TestExecutionListener class names from location [META-INF/spring.factories]: [org.springframework.test.context.web.ServletTestExecutionListener, org.springframework.test.context.support.DirtiesContextBeforeModesTestExecutionListener, org.springframework.test.context.support.DependencyInjectionTestExecutionListener, org.springframework.test.context.support.DirtiesContextTestExecutionListener, org.springframework.test.context.transaction.TransactionalTestExecutionListener, org.springframework.test.context.jdbc.SqlScriptsTestExecutionListener]
16:56:51.138 [Test worker] INFO org.springframework.test.context.support.DefaultTestContextBootstrapper - Using TestExecutionListeners: [org.springframework.test.context.web.ServletTestExecutionListener@4fceb202, org.springframework.test.context.support.DirtiesContextBeforeModesTestExecutionListener@7496dcd7, org.springframework.test.context.support.DependencyInjectionTestExecutionListener@12c8d8d1, org.springframework.test.context.support.DirtiesContextTestExecutionListener@766fe728, org.springframework.test.context.transaction.TransactionalTestExecutionListener@4c8b1545, org.springframework.test.context.jdbc.SqlScriptsTestExecutionListener@eb91867]
16:56:51.140 [Test worker] DEBUG org.springframework.test.annotation.ProfileValueUtils - Retrieved @ProfileValueSourceConfiguration [null] for test class [com.mycompany.dbRepository.CallLogRepositoryTest]
16:56:51.141 [Test worker] DEBUG org.springframework.test.annotation.ProfileValueUtils - Retrieved ProfileValueSource type [class org.springframework.test.annotation.SystemProfileValueSource] for class [com.mycompany.dbRepository.CallLogRepositoryTest]
16:56:51.142 [Test worker] DEBUG org.springframework.test.annotation.ProfileValueUtils - Retrieved @ProfileValueSourceConfiguration [null] for test class [com.mycompany.dbRepository.CallLogRepositoryTest]
16:56:51.142 [Test worker] DEBUG org.springframework.test.annotation.ProfileValueUtils - Retrieved ProfileValueSource type [class org.springframework.test.annotation.SystemProfileValueSource] for class [com.mycompany.dbRepository.CallLogRepositoryTest]
16:56:51.144 [Test worker] DEBUG org.springframework.test.context.support.AbstractDirtiesContextTestExecutionListener - Before test class: context [DefaultTestContext@836955f testClass = CallLogRepositoryTest, testInstance = [null], testMethod = [null], testException = [null], mergedContextConfiguration = [MergedContextConfiguration@2b681049 testClass = CallLogRepositoryTest, locations = '{}', classes = '{class com.mycompany.config.SpringTestCfg}', contextInitializerClasses = '[]', activeProfiles = '{test}', propertySourceLocations = '{}', propertySourceProperties = '{}', contextLoader = 'org.springframework.test.context.support.DelegatingSmartContextLoader', parent = [null]]], class annotated with @DirtiesContext [false] with mode [null].
16:56:51.146 [Test worker] DEBUG org.springframework.test.annotation.ProfileValueUtils - Retrieved @ProfileValueSourceConfiguration [null] for test class [com.mycompany.dbRepository.CallLogRepositoryTest]
16:56:51.146 [Test worker] DEBUG org.springframework.test.annotation.ProfileValueUtils - Retrieved ProfileValueSource type [class org.springframework.test.annotation.SystemProfileValueSource] for class [com.mycompany.dbRepository.CallLogRepositoryTest]
16:56:51.147 [Test worker] DEBUG org.springframework.test.context.support.DependencyInjectionTestExecutionListener - Performing dependency injection for test context [[DefaultTestContext@836955f testClass = CallLogRepositoryTest, testInstance = com.mycompany.dbRepository.CallLogRepositoryTest@22ba193d, testMethod = [null], testException = [null], mergedContextConfiguration = [MergedContextConfiguration@2b681049 testClass = CallLogRepositoryTest, locations = '{}', classes = '{class com.mycompany.config.SpringTestCfg}', contextInitializerClasses = '[]', activeProfiles = '{test}', propertySourceLocations = '{}', propertySourceProperties = '{}', contextLoader = 'org.springframework.test.context.support.DelegatingSmartContextLoader', parent = [null]]]].
16:56:51.147 [Test worker] DEBUG org.springframework.test.context.support.AbstractDelegatingSmartContextLoader - Delegating to AnnotationConfigContextLoader to load context from [MergedContextConfiguration@2b681049 testClass = CallLogRepositoryTest, locations = '{}', classes = '{class com.mycompany.config.SpringTestCfg}', contextInitializerClasses = '[]', activeProfiles = '{test}', propertySourceLocations = '{}', propertySourceProperties = '{}', contextLoader = 'org.springframework.test.context.support.DelegatingSmartContextLoader', parent = [null]].
16:56:51.148 [Test worker] DEBUG org.springframework.test.context.support.AbstractGenericContextLoader - Loading ApplicationContext for merged context configuration [[MergedContextConfiguration@2b681049 testClass = CallLogRepositoryTest, locations = '{}', classes = '{class com.mycompany.config.SpringTestCfg}', contextInitializerClasses = '[]', activeProfiles = '{test}', propertySourceLocations = '{}', propertySourceProperties = '{}', contextLoader = 'org.springframework.test.context.support.DelegatingSmartContextLoader', parent = [null]]].
16:56:51.198 [Test worker] DEBUG org.springframework.core.env.StandardEnvironment - Adding [systemProperties] PropertySource with lowest search precedence
16:56:51.199 [Test worker] DEBUG org.springframework.core.env.StandardEnvironment - Adding [systemEnvironment] PropertySource with lowest search precedence
16:56:51.199 [Test worker] DEBUG org.springframework.core.env.StandardEnvironment - Initialized StandardEnvironment with PropertySources [systemProperties,systemEnvironment]
16:56:51.199 [Test worker] DEBUG org.springframework.test.context.support.AnnotationConfigContextLoader - Registering annotated classes: {class com.mycompany.config.SpringTestCfg}
16:56:51.242 [Test worker] INFO org.springframework.context.support.GenericApplicationContext - Refreshing org.springframework.context.support.GenericApplicationContext@1f1758a3: startup date [Fri Jun 24 16:56:51 IST 2016]; root of context hierarchy
16:56:51.242 [Test worker] DEBUG org.springframework.context.support.GenericApplicationContext - Bean factory for org.springframework.context.support.GenericApplicationContext@1f1758a3: org.springframework.beans.factory.support.DefaultListableBeanFactory@41cc4428: defining beans [org.springframework.context.annotation.internalConfigurationAnnotationProcessor,org.springframework.context.annotation.internalAutowiredAnnotationProcessor,org.springframework.context.annotation.internalRequiredAnnotationProcessor,org.springframework.context.annotation.internalCommonAnnotationProcessor,org.springframework.context.annotation.internalPersistenceAnnotationProcessor,org.springframework.context.event.internalEventListenerProcessor,org.springframework.context.event.internalEventListenerFactory,springTestCfg]; root of factory hierarchy
16:56:51.252 [Test worker] DEBUG org.springframework.beans.factory.support.DefaultListableBeanFactory - Creating shared instance of singleton bean 'org.springframework.context.annotation.internalConfigurationAnnotationProcessor'
16:56:51.253 [Test worker] DEBUG org.springframework.beans.factory.support.DefaultListableBeanFactory - Creating instance of bean 'org.springframework.context.annotation.internalConfigurationAnnotationProcessor'
16:56:51.268 [Test worker] DEBUG org.springframework.beans.factory.support.DefaultListableBeanFactory - Eagerly caching bean 'org.springframework.context.annotation.internalConfigurationAnnotationProcessor' to allow for resolving potential circular references
16:56:51.269 [Test worker] DEBUG org.springframework.beans.factory.support.DefaultListableBeanFactory - Finished creating instance of bean 'org.springframework.context.annotation.internalConfigurationAnnotationProcessor'
16:56:51.283 [Test worker] DEBUG org.springframework.core.env.StandardEnvironment - Adding [systemProperties] PropertySource with lowest search precedence
16:56:51.283 [Test worker] DEBUG org.springframework.core.env.StandardEnvironment - Adding [systemEnvironment] PropertySource with lowest search precedence
16:56:51.283 [Test worker] DEBUG org.springframework.core.env.StandardEnvironment - Initialized StandardEnvironment with PropertySources [systemProperties,systemEnvironment]
16:56:51.284 [Test worker] DEBUG org.springframework.context.annotation.ClassPathBeanDefinitionScanner - JSR-250 'javax.annotation.ManagedBean' found and supported for component scanning
16:56:51.286 [Test worker] DEBUG org.springframework.core.io.support.PathMatchingResourcePatternResolver - Resolved classpath location [com/mycompany/] to resources [URL [file:/K:/JavaWorkSpace/ws1/MobPatternFinder/Core/build/classes/test/com/mycompany/], URL [file:/K:/JavaWorkSpace/ws1/MobPatternFinder/Core/build/classes/main/com/mycompany/]]
16:56:51.287 [Test worker] DEBUG org.springframework.core.io.support.PathMatchingResourcePatternResolver - Looking for matching resources in directory tree [K:\JavaWorkSpace\ws1\MobPatternFinder\Core\build\classes\test\com\mycompany]
16:56:51.287 [Test worker] DEBUG org.springframework.core.io.support.PathMatchingResourcePatternResolver - Searching directory [K:\JavaWorkSpace\ws1\MobPatternFinder\Core\build\classes\test\com\mycompany] for files matching pattern [K:/JavaWorkSpace/ws1/MobPatternFinder/Core/build/classes/test/com/mycompany/**/*.class]
16:56:51.288 [Test worker] DEBUG org.springframework.core.io.support.PathMatchingResourcePatternResolver - Searching directory [K:\JavaWorkSpace\ws1\MobPatternFinder\Core\build\classes\test\com\mycompany\config] for files matching pattern [K:/JavaWorkSpace/ws1/MobPatternFinder/Core/build/classes/test/com/mycompany/**/*.class]
16:56:51.289 [Test worker] DEBUG org.springframework.core.io.support.PathMatchingResourcePatternResolver - Searching directory [K:\JavaWorkSpace\ws1\MobPatternFinder\Core\build\classes\test\com\mycompany\dbRepository] for files matching pattern [K:/JavaWorkSpace/ws1/MobPatternFinder/Core/build/classes/test/com/mycompany/**/*.class]
16:56:51.290 [Test worker] DEBUG org.springframework.core.io.support.PathMatchingResourcePatternResolver - Looking for matching resources in directory tree [K:\JavaWorkSpace\ws1\MobPatternFinder\Core\build\classes\main\com\mycompany]
16:56:51.290 [Test worker] DEBUG org.springframework.core.io.support.PathMatchingResourcePatternResolver - Searching directory [K:\JavaWorkSpace\ws1\MobPatternFinder\Core\build\classes\main\com\mycompany] for files matching pattern [K:/JavaWorkSpace/ws1/MobPatternFinder/Core/build/classes/main/com/mycompany/**/*.class]
16:56:51.291 [Test worker] DEBUG org.springframework.core.io.support.PathMatchingResourcePatternResolver - Searching directory [K:\JavaWorkSpace\ws1\MobPatternFinder\Core\build\classes\main\com\mycompany\config] for files matching pattern [K:/JavaWorkSpace/ws1/MobPatternFinder/Core/build/classes/main/com/mycompany/**/*.class]
16:56:51.291 [Test worker] DEBUG org.springframework.core.io.support.PathMatchingResourcePatternResolver - Searching directory [K:\JavaWorkSpace\ws1\MobPatternFinder\Core\build\classes\main\com\mycompany\dbEntity] for files matching pattern [K:/JavaWorkSpace/ws1/MobPatternFinder/Core/build/classes/main/com/mycompany/**/*.class]
16:56:51.291 [Test worker] DEBUG org.springframework.core.io.support.PathMatchingResourcePatternResolver - Searching directory [K:\JavaWorkSpace\ws1\MobPatternFinder\Core\build\classes\main\com\mycompany\dbRepository] for files matching pattern [K:/JavaWorkSpace/ws1/MobPatternFinder/Core/build/classes/main/com/mycompany/**/*.class]
16:56:51.292 [Test worker] DEBUG org.springframework.core.io.support.PathMatchingResourcePatternResolver - Searching directory [K:\JavaWorkSpace\ws1\MobPatternFinder\Core\build\classes\main\com\mycompany\service] for files matching pattern [K:/JavaWorkSpace/ws1/MobPatternFinder/Core/build/classes/main/com/mycompany/**/*.class]
16:56:51.292 [Test worker] DEBUG org.springframework.core.io.support.PathMatchingResourcePatternResolver - Searching directory [K:\JavaWorkSpace\ws1\MobPatternFinder\Core\build\classes\main\com\mycompany\web] for files matching pattern [K:/JavaWorkSpace/ws1/MobPatternFinder/Core/build/classes/main/com/mycompany/**/*.class]
16:56:51.293 [Test worker] DEBUG org.springframework.core.io.support.PathMatchingResourcePatternResolver - Resolved location pattern [classpath*:com/mycompany/**/*.class] to resources [file [K:\JavaWorkSpace\ws1\MobPatternFinder\Core\build\classes\test\com\mycompany\config\TestSpringAppln.class], file [K:\JavaWorkSpace\ws1\MobPatternFinder\Core\build\classes\test\com\mycompany\dbRepository\CallLogRepositoryTest.class], file [K:\JavaWorkSpace\ws1\MobPatternFinder\Core\build\classes\main\com\mycompany\config\SpringCfg.class], file [K:\JavaWorkSpace\ws1\MobPatternFinder\Core\build\classes\main\com\mycompany\config\SpringTestCfg.class], file [K:\JavaWorkSpace\ws1\MobPatternFinder\Core\build\classes\main\com\mycompany\dbEntity\CallLogInfo.class], file [K:\JavaWorkSpace\ws1\MobPatternFinder\Core\build\classes\main\com\mycompany\dbEntity\PersonInfo.class], file [K:\JavaWorkSpace\ws1\MobPatternFinder\Core\build\classes\main\com\mycompany\dbRepository\CallLogRepository.class], file [K:\JavaWorkSpace\ws1\MobPatternFinder\Core\build\classes\main\com\mycompany\dbRepository\CallLogRepositoryCustom.class], file [K:\JavaWorkSpace\ws1\MobPatternFinder\Core\build\classes\main\com\mycompany\dbRepository\CallLogRepositoryImpl.class], file [K:\JavaWorkSpace\ws1\MobPatternFinder\Core\build\classes\main\com\mycompany\dbRepository\CallSummaryVO.class], file [K:\JavaWorkSpace\ws1\MobPatternFinder\Core\build\classes\main\com\mycompany\dbRepository\PersonRepository.class], file [K:\JavaWorkSpace\ws1\MobPatternFinder\Core\build\classes\main\com\mycompany\service\CallLogService$1.class], file [K:\JavaWorkSpace\ws1\MobPatternFinder\Core\build\classes\main\com\mycompany\service\CallLogService.class], file [K:\JavaWorkSpace\ws1\MobPatternFinder\Core\build\classes\main\com\mycompany\web\CallLogController.class]]
16:56:51.318 [Test worker] DEBUG org.springframework.context.annotation.ClassPathBeanDefinitionScanner - Ignored because not a concrete top-level class: file [K:\JavaWorkSpace\ws1\MobPatternFinder\Core\build\classes\main\com\mycompany\dbRepository\CallLogRepository.class]
16:56:51.319 [Test worker] DEBUG org.springframework.context.annotation.ClassPathBeanDefinitionScanner - Ignored because not a concrete top-level class: file [K:\JavaWorkSpace\ws1\MobPatternFinder\Core\build\classes\main\com\mycompany\dbRepository\PersonRepository.class]
16:56:51.321 [Test worker] DEBUG org.springframework.context.annotation.ClassPathBeanDefinitionScanner - Identified candidate component class: file [K:\JavaWorkSpace\ws1\MobPatternFinder\Core\build\classes\main\com\mycompany\service\CallLogService.class]
16:56:51.325 [Test worker] DEBUG org.springframework.context.annotation.ClassPathBeanDefinitionScanner - Identified candidate component class: file [K:\JavaWorkSpace\ws1\MobPatternFinder\Core\build\classes\main\com\mycompany\web\CallLogController.class]
16:56:51.344 [Test worker] DEBUG org.springframework.core.env.PropertySourcesPropertyResolver - Searching for key 'java.runtime.name' in [systemProperties]
16:56:51.344 [Test worker] DEBUG org.springframework.core.env.PropertySourcesPropertyResolver - Found key 'java.runtime.name' in [systemProperties] with type [String] and value 'Java(TM) SE Runtime Environment'
16:56:51.345 [Test worker] DEBUG org.springframework.core.env.PropertySourcesPropertyResolver - Searching for key 'sun.boot.library.path' in [systemProperties]
16:56:51.345 [Test worker] DEBUG org.springframework.core.env.PropertySourcesPropertyResolver - Found key 'sun.boot.library.path' in [systemProperties] with type [String] and value 'K:\JavaSW\JDK\1.8.0.92\jre\bin'
16:56:51.346 [Test worker] DEBUG org.springframework.core.env.PropertySourcesPropertyResolver - Searching for key 'java.vm.version' in [systemProperties]
16:56:51.346 [Test worker] DEBUG org.springframework.core.env.PropertySourcesPropertyResolver - Found key 'java.vm.version' in [systemProperties] with type [String] and value '25.92-b14'
16:56:51.346 [Test worker] DEBUG org.springframework.core.env.PropertySourcesPropertyResolver - Searching for key 'java.vm.vendor' in [systemProperties]
16:56:51.346 [Test worker] DEBUG org.springframework.core.env.PropertySourcesPropertyResolver - Found key 'java.vm.vendor' in [systemProperties] with type [String] and value 'Oracle Corporation'
16:56:51.346 [Test worker] DEBUG org.springframework.core.env.PropertySourcesPropertyResolver - Searching for key 'java.vendor.url' in [systemProperties]
16:56:51.346 [Test worker] DEBUG org.springframework.core.env.PropertySourcesPropertyResolver - Found key 'java.vendor.url' in [systemProperties] with type [String] and value 'http://java.oracle.com/'
16:56:51.346 [Test worker] DEBUG org.springframework.core.env.PropertySourcesPropertyResolver - Searching for key 'path.separator' in [systemProperties]
16:56:51.346 [Test worker] DEBUG org.springframework.core.env.PropertySourcesPropertyResolver - Found key 'path.separator' in [systemProperties] with type [String] and value ';'
16:56:51.346 [Test worker] DEBUG org.springframework.core.env.PropertySourcesPropertyResolver - Searching for key 'java.vm.name' in [systemProperties]
16:56:51.347 [Test worker] DEBUG org.springframework.core.env.PropertySourcesPropertyResolver - Found key 'java.vm.name' in [systemProperties] with type [String] and value 'Java HotSpot(TM) 64-Bit Server VM'
16:56:51.347 [Test worker] DEBUG org.springframework.core.env.PropertySourcesPropertyResolver - Searching for key 'file.encoding.pkg' in [systemProperties]
16:56:51.347 [Test worker] DEBUG org.springframework.core.env.PropertySourcesPropertyResolver - Found key 'file.encoding.pkg' in [systemProperties] with type [String] and value 'sun.io'
16:56:51.347 [Test worker] DEBUG org.springframework.core.env.PropertySourcesPropertyResolver - Searching for key 'user.script' in [systemProperties]
16:56:51.347 [Test worker] DEBUG org.springframework.core.env.PropertySourcesPropertyResolver - Found key 'user.script' in [systemProperties] with type [String] and value ''
16:56:51.347 [Test worker] DEBUG org.springframework.core.env.PropertySourcesPropertyResolver - Searching for key 'sun.java.launcher' in [systemProperties]
16:56:51.347 [Test worker] DEBUG org.springframework.core.env.PropertySourcesPropertyResolver - Found key 'sun.java.launcher' in [systemProperties] with type [String] and value 'SUN_STANDARD'
16:56:51.347 [Test worker] DEBUG org.springframework.core.env.PropertySourcesPropertyResolver - Searching for key 'user.country' in [systemProperties]
16:56:51.347 [Test worker] DEBUG org.springframework.core.env.PropertySourcesPropertyResolver - Found key 'user.country' in [systemProperties] with type [String] and value 'US'
16:56:51.348 [Test worker] DEBUG org.springframework.core.env.PropertySourcesPropertyResolver - Searching for key 'sun.os.patch.level' in [systemProperties]
16:56:51.348 [Test worker] DEBUG org.springframework.core.env.PropertySourcesPropertyResolver - Found key 'sun.os.patch.level' in [systemProperties] with type [String] and value ''
16:56:51.348 [Test worker] DEBUG org.springframework.core.env.PropertySourcesPropertyResolver - Searching for key 'java.vm.specification.name' in [systemProperties]
16:56:51.348 [Test worker] DEBUG org.springframework.core.env.PropertySourcesPropertyResolver - Found key 'java.vm.specification.name' in [systemProperties] with type [String] and value 'Java Virtual Machine Specification'
16:56:51.348 [Test worker] DEBUG org.springframework.core.env.PropertySourcesPropertyResolver - Searching for key 'user.dir' in [systemProperties]
16:56:51.348 [Test worker] DEBUG org.springframework.core.env.PropertySourcesPropertyResolver - Found key 'user.dir' in [systemProperties] with type [String] and value 'K:\JavaWorkSpace\ws1\MobPatternFinder\Core'
16:56:51.348 [Test worker] DEBUG org.springframework.core.env.PropertySourcesPropertyResolver - Searching for key 'java.runtime.version' in [systemProperties]
16:56:51.348 [Test worker] DEBUG org.springframework.core.env.PropertySourcesPropertyResolver - Found key 'java.runtime.version' in [systemProperties] with type [String] and value '1.8.0_92-b14'
16:56:51.348 [Test worker] DEBUG org.springframework.core.env.PropertySourcesPropertyResolver - Searching for key 'java.awt.graphicsenv' in [systemProperties]
16:56:51.348 [Test worker] DEBUG org.springframework.core.env.PropertySourcesPropertyResolver - Found key 'java.awt.graphicsenv' in [systemProperties] with type [String] and value 'sun.awt.Win32GraphicsEnvironment'
16:56:51.349 [Test worker] DEBUG org.springframework.core.env.PropertySourcesPropertyResolver - Searching for key 'java.endorsed.dirs' in [systemProperties]
16:56:51.349 [Test worker] DEBUG org.springframework.core.env.PropertySourcesPropertyResolver - Found key 'java.endorsed.dirs' in [systemProperties] with type [String] and value 'K:\JavaSW\JDK\1.8.0.92\jre\lib\endorsed'
16:56:51.349 [Test worker] DEBUG org.springframework.core.env.PropertySourcesPropertyResolver - Searching for key 'os.arch' in [systemProperties]
16:56:51.349 [Test worker] DEBUG org.springframework.core.env.PropertySourcesPropertyResolver - Found key 'os.arch' in [systemProperties] with type [String] and value 'amd64'
16:56:51.349 [Test worker] DEBUG org.springframework.core.env.PropertySourcesPropertyResolver - Searching for key 'java.io.tmpdir' in [systemProperties]
16:56:51.349 [Test worker] DEBUG org.springframework.core.env.PropertySourcesPropertyResolver - Found key 'java.io.tmpdir' in [systemProperties] with type [String] and value 'C:\Users\Batman\AppData\Local\Temp\'
16:56:51.349 [Test worker] DEBUG org.springframework.core.env.PropertySourcesPropertyResolver - Searching for key 'line.separator' in [systemProperties]
16:56:51.349 [Test worker] DEBUG org.springframework.core.env.PropertySourcesPropertyResolver - Found key 'line.separator' in [systemProperties] with type [String] and value '
'
16:56:51.349 [Test worker] DEBUG org.springframework.core.env.PropertySourcesPropertyResolver - Searching for key 'java.vm.specification.vendor' in [systemProperties]
16:56:51.349 [Test worker] DEBUG org.springframework.core.env.PropertySourcesPropertyResolver - Found key 'java.vm.specification.vendor' in [systemProperties] with type [String] and value 'Oracle Corporation'
16:56:51.350 [Test worker] DEBUG org.springframework.core.env.PropertySourcesPropertyResolver - Searching for key 'user.variant' in [systemProperties]
16:56:51.350 [Test worker] DEBUG org.springframework.core.env.PropertySourcesPropertyResolver - Found key 'user.variant' in [systemProperties] with type [String] and value ''
16:56:51.350 [Test worker] DEBUG org.springframework.core.env.PropertySourcesPropertyResolver - Searching for key 'os.name' in [systemProperties]
16:56:51.350 [Test worker] DEBUG org.springframework.core.env.PropertySourcesPropertyResolver - Found key 'os.name' in [systemProperties] with type [String] and value 'Windows 10'
16:56:51.350 [Test worker] DEBUG org.springframework.core.env.PropertySourcesPropertyResolver - Searching for key 'sun.jnu.encoding' in [systemProperties]
16:56:51.350 [Test worker] DEBUG org.springframework.core.env.PropertySourcesPropertyResolver - Found key 'sun.jnu.encoding' in [systemProperties] with type [String] and value 'Cp1252'
16:56:51.350 [Test worker] DEBUG org.springframework.core.env.PropertySourcesPropertyResolver - Searching for key 'java.library.path' in [systemProperties]
16:56:51.350 [Test worker] DEBUG org.springframework.core.env.PropertySourcesPropertyResolver - Found key 'java.library.path' in [systemProperties] with type [String] and value 'K:\JavaSW\JDK\1.8.0.92\bin;C:\WINDOWS\Sun\Java\bin;C:\WINDOWS\system32;C:\WINDOWS;C:/Program Files/Java/jre1.8.0_92/bin/server;C:/Program Files/Java/jre1.8.0_92/bin;C:/Program Files/Java/jre1.8.0_92/lib/amd64;C:\ProgramData\Oracle\Java\javapath;C:\Program Files\Common Files\Microsoft Shared\Windows Live;C:\Program Files (x86)\Common Files\Microsoft Shared\Windows Live;c:\Program Files (x86)\Intel\iCLS Client\;c:\Program Files\Intel\iCLS Client\;C:\Program Files (x86)\NVIDIA Corporation\PhysX\Common;C:\WINDOWS\system32;C:\WINDOWS;C:\WINDOWS\System32\Wbem;C:\WINDOWS\System32\WindowsPowerShell\v1.0\;C:\Program Files\Intel\Intel(R) Management Engine Components\DAL;C:\Program Files\Intel\Intel(R) Management Engine Components\IPT;C:\Program Files (x86)\Intel\Intel(R) Management Engine Components\DAL;C:\Program Files (x86)\Intel\Intel(R) Management Engine Components\IPT;C:\Program Files (x86)\Windows Live\Shared;K:\JavaSW\JDK\1.8.0.92\bin;K:\JavaSW\Downloads\gradle-2.12-all\gradle-2.12\bin;C:\Program Files\Git\cmd;K:\JavaSW\Eclipse\eclipse;;.'
16:56:51.351 [Test worker] DEBUG org.springframework.core.env.PropertySourcesPropertyResolver - Searching for key 'java.specification.name' in [systemProperties]
16:56:51.351 [Test worker] DEBUG org.springframework.core.env.PropertySourcesPropertyResolver - Found key 'java.specification.name' in [systemProperties] with type [String] and value 'Java Platform API Specification'
16:56:51.351 [Test worker] DEBUG org.springframework.core.env.PropertySourcesPropertyResolver - Searching for key 'java.class.version' in [systemProperties]
16:56:51.351 [Test worker] DEBUG org.springframework.core.env.PropertySourcesPropertyResolver - Found key 'java.class.version' in [systemProperties] with type [String] and value '52.0'
16:56:51.351 [Test worker] DEBUG org.springframework.core.env.PropertySourcesPropertyResolver - Searching for key 'sun.management.compiler' in [systemProperties]
16:56:51.351 [Test worker] DEBUG org.springframework.core.env.PropertySourcesPropertyResolver - Found key 'sun.management.compiler' in [systemProperties] with type [String] and value 'HotSpot 64-Bit Tiered Compilers'
16:56:51.351 [Test worker] DEBUG org.springframework.core.env.PropertySourcesPropertyResolver - Searching for key 'os.version' in [systemProperties]
16:56:51.351 [Test worker] DEBUG org.springframework.core.env.PropertySourcesPropertyResolver - Found key 'os.version' in [systemProperties] with type [String] and value '10.0'
16:56:51.352 [Test worker] DEBUG org.springframework.core.env.PropertySourcesPropertyResolver - Searching for key 'user.home' in [systemProperties]
16:56:51.352 [Test worker] DEBUG org.springframework.core.env.PropertySourcesPropertyResolver - Found key 'user.home' in [systemProperties] with type [String] and value 'C:\Users\Batman'
16:56:51.352 [Test worker] DEBUG org.springframework.core.env.PropertySourcesPropertyResolver - Searching for key 'user.timezone' in [systemProperties]
16:56:51.352 [Test worker] DEBUG org.springframework.core.env.PropertySourcesPropertyResolver - Found key 'user.timezone' in [systemProperties] with type [String] and value 'Asia/Calcutta'
16:56:51.352 [Test worker] DEBUG org.springframework.core.env.PropertySourcesPropertyResolver - Searching for key 'java.awt.printerjob' in [systemProperties]
16:56:51.352 [Test worker] DEBUG org.springframework.core.env.PropertySourcesPropertyResolver - Found key 'java.awt.printerjob' in [systemProperties] with type [String] and value 'sun.awt.windows.WPrinterJob'
16:56:51.352 [Test worker] DEBUG org.springframework.core.env.PropertySourcesPropertyResolver - Searching for key 'file.encoding' in [systemProperties]
16:56:51.352 [Test worker] DEBUG org.springframework.core.env.PropertySourcesPropertyResolver - Found key 'file.encoding' in [systemProperties] with type [String] and value 'windows-1252'
16:56:51.352 [Test worker] DEBUG org.springframework.core.env.PropertySourcesPropertyResolver - Searching for key 'java.specification.version' in [systemProperties]
16:56:51.352 [Test worker] DEBUG org.springframework.core.env.PropertySourcesPropertyResolver - Found key 'java.specification.version' in [systemProperties] with type [String] and value '1.8'
16:56:51.352 [Test worker] DEBUG org.springframework.core.env.PropertySourcesPropertyResolver - Searching for key 'java.class.path' in [systemProperties]
16:56:51.353 [Test worker] DEBUG org.springframework.core.env.PropertySourcesPropertyResolver - Found key 'java.class.path' in [systemProperties] with type [String] and value 'K:\JavaWorkSpace\ws1\MobPatternFinder\Core\build\classes\test;K:\JavaWorkSpace\ws1\MobPatternFinder\Core\build\resources\test;K:\JavaWorkSpace\ws1\MobPatternFinder\Core\build\classes\main;K:\JavaWorkSpace\ws1\MobPatternFinder\Core\build\resources\main;K:\JavaSW\JDK\1.8.0.92\lib\tools.jar;K:\JavaSW\Downloads\gradle-2.12-all\gradle-2.12\caches\modules-2\files-2.1\org.springframework.boot\spring-boot-starter-data-jpa\1.3.5.RELEASE\32f4449a9de903ec4e4acd9c8f6af7c6a1309571\spring-boot-starter-data-jpa-1.3.5.RELEASE.jar;K:\JavaSW\Downloads\gradle-2.12-all\gradle-2.12\caches\modules-2\files-2.1\org.springframework.boot\spring-boot-starter-web\1.3.5.RELEASE\1ad40f8edd1b502fb82bfae3a6feb8be3a2b44fa\spring-boot-starter-web-1.3.5.RELEASE.jar;K:\JavaSW\Downloads\gradle-2.12-all\gradle-2.12\caches\modules-2\files-2.1\com.h2database\h2\1.4.192\1106492605db135523d2817881cdf029d9292afa\h2-1.4.192.jar;K:\JavaSW\Downloads\gradle-2.12-all\gradle-2.12\caches\modules-2\files-2.1\c3p0\c3p0\0.9.1.2\4ea71601f844c4b90d22195bbdb58979281bb8b6\c3p0-0.9.1.2.jar;K:\JavaSW\Downloads\gradle-2.12-all\gradle-2.12\caches\modules-2\files-2.1\com.mchange\mchange-commons-java\0.2.12\f5d967e436cab9b27b60a2962a74074fe71823d0\mchange-commons-java-0.2.12.jar;K:\JavaSW\Downloads\gradle-2.12-all\gradle-2.12\caches\modules-2\files-2.1\postgresql\postgresql\9.1-901-1.jdbc4\9bfabe48876ec38f6cbaa6931bad05c64a9ea942\postgresql-9.1-901-1.jdbc4.jar;K:\JavaWorkSpace\ws1\MobPatternFinder\Common\build\libs\Common-1.0.jar;K:\JavaSW\Downloads\gradle-2.12-all\gradle-2.12\caches\modules-2\files-2.1\junit\junit\4.12\2973d150c0dc1fefe998f834810d68f278ea58ec\junit-4.12.jar;K:\JavaSW\Downloads\gradle-2.12-all\gradle-2.12\caches\modules-2\files-2.1\org.springframework\spring-test\4.2.6.RELEASE\1f869333b3d64f17009a613368165978af575d8c\spring-test-4.2.6.RELEASE.jar;K:\JavaSW\Downloads\gradle-2.12-all\gradle-2.12\caches\modules-2\files-2.1\org.springframework.boot\spring-boot-starter\1.3.5.RELEASE\188c658fabbce0d1ccc1ae18a1cf58f566208c78\spring-boot-starter-1.3.5.RELEASE.jar;K:\JavaSW\Downloads\gradle-2.12-all\gradle-2.12\caches\modules-2\files-2.1\org.springframework.boot\spring-boot-starter-aop\1.3.5.RELEASE\478a50b44faab2ada75583637b9f6e789809d069\spring-boot-starter-aop-1.3.5.RELEASE.jar;K:\JavaSW\Downloads\gradle-2.12-all\gradle-2.12\caches\modules-2\files-2.1\org.springframework.boot\spring-boot-starter-jdbc\1.3.5.RELEASE\b427aa14a4f3a2fba114bcbb60eae6f83ee86706\spring-boot-starter-jdbc-1.3.5.RELEASE.jar;K:\JavaSW\Downloads\gradle-2.12-all\gradle-2.12\caches\modules-2\files-2.1\org.hibernate\hibernate-entitymanager\4.3.11.Final\27a119fcc2b91c50e5285dd11158fac2c38c9d1b\hibernate-entitymanager-4.3.11.Final.jar;K:\JavaSW\Downloads\gradle-2.12-all\gradle-2.12\caches\modules-2\files-2.1\javax.transaction\javax.transaction-api\1.2\d81aff979d603edd90dcd8db2abc1f4ce6479e3e\javax.transaction-api-1.2.jar;K:\JavaSW\Downloads\gradle-2.12-all\gradle-2.12\caches\modules-2\files-2.1\org.springframework.data\spring-data-jpa\1.9.4.RELEASE\80b83510e67aa085b7d91d2d096d90133ec995de\spring-data-jpa-1.9.4.RELEASE.jar;K:\JavaSW\Downloads\gradle-2.12-all\gradle-2.12\caches\modules-2\files-2.1\org.springframework\spring-aspects\4.2.6.RELEASE\7ed7b15e95eedd551ac979bd8c295256d96cf2ff\spring-aspects-4.2.6.RELEASE.jar;K:\JavaSW\Downloads\gradle-2.12-all\gradle-2.12\caches\modules-2\files-2.1\org.springframework.boot\spring-boot-starter-tomcat\1.3.5.RELEASE\b4c6277ccec38c51716659886efec073c4b386ea\spring-boot-starter-tomcat-1.3.5.RELEASE.jar;K:\JavaSW\Downloads\gradle-2.12-all\gradle-2.12\caches\modules-2\files-2.1\org.springframework.boot\spring-boot-starter-validation\1.3.5.RELEASE\c83a6cc60a95faace7e03c524d60fc9de1329f57\spring-boot-starter-validation-1.3.5.RELEASE.jar;K:\JavaSW\Downloads\gradle-2.12-all\gradle-2.12\caches\modules-2\files-2.1\com.fasterxml.jackson.core\jackson-databind\2.6.6\5108dde6049374ba980b360e1ecff49847baba4a\jackson-databind-2.6.6.jar;K:\JavaSW\Downloads\gradle-2.12-all\gradle-2.12\caches\modules-2\files-2.1\org.springframework\spring-web\4.2.6.RELEASE\d5ce949da3f3266f118ed899a153413613b503ad\spring-web-4.2.6.RELEASE.jar;K:\JavaSW\Downloads\gradle-2.12-all\gradle-2.12\caches\modules-2\files-2.1\org.springframework\spring-webmvc\4.2.6.RELEASE\7c7ea475d33287e0e3a92e98ccbe0ad6a0dbb9ca\spring-webmvc-4.2.6.RELEASE.jar;K:\JavaSW\Downloads\gradle-2.12-all\gradle-2.12\caches\modules-2\files-2.1\commons-collections\commons-collections\3.2.2\8ad72fe39fa8c91eaaf12aadb21e0c3661fe26d5\commons-collections-3.2.2.jar;K:\JavaSW\Downloads\gradle-2.12-all\gradle-2.12\caches\modules-2\files-2.1\com.fasterxml.jackson.core\jackson-annotations\2.6.6\7ef6440e71531604aa44a5eb62d4b466ffbf7e8f\jackson-annotations-2.6.6.jar;K:\JavaSW\Downloads\gradle-2.12-all\gradle-2.12\caches\modules-2\files-2.1\org.hamcrest\hamcrest-core\1.3\42a25dc3219429f0e5d060061f71acb49bf010a0\hamcrest-core-1.3.jar;K:\JavaSW\Downloads\gradle-2.12-all\gradle-2.12\caches\modules-2\files-2.1\org.springframework\spring-core\4.2.6.RELEASE\a1c6ef01f18888f51fc5054c65ef4787b7cf0a1e\spring-core-4.2.6.RELEASE.jar;K:\JavaSW\Downloads\gradle-2.12-all\gradle-2.12\caches\modules-2\files-2.1\org.springframework.boot\spring-boot\1.3.5.RELEASE\b218ba5f3bd01e657fbde9b085722da1fafa4f8a\spring-boot-1.3.5.RELEASE.jar;K:\JavaSW\Downloads\gradle-2.12-all\gradle-2.12\caches\modules-2\files-2.1\org.springframework.boot\spring-boot-autoconfigure\1.3.5.RELEASE\2bcfa86bb3afd95eff5252db6d78f2693b706997\spring-boot-autoconfigure-1.3.5.RELEASE.jar;K:\JavaSW\Downloads\gradle-2.12-all\gradle-2.12\caches\modules-2\files-2.1\org.springframework.boot\spring-boot-starter-logging\1.3.5.RELEASE\a71e1d7fff512b1eadd3426ea1ce5b4cc703c429\spring-boot-starter-logging-1.3.5.RELEASE.jar;K:\JavaSW\Downloads\gradle-2.12-all\gradle-2.12\caches\modules-2\files-2.1\org.yaml\snakeyaml\1.16\d64fb662c9e42789149f5078a62a22edda786c6a\snakeyaml-1.16.jar;K:\JavaSW\Downloads\gradle-2.12-all\gradle-2.12\caches\modules-2\files-2.1\org.springframework\spring-aop\4.2.6.RELEASE\5efbfccb19efda2956b8977561bf4da6b15b0d0e\spring-aop-4.2.6.RELEASE.jar;K:\JavaSW\Downloads\gradle-2.12-all\gradle-2.12\caches\modules-2\files-2.1\org.aspectj\aspectjweaver\1.8.9\db28774f477f07220eac18d5ec9c4e01f48589d7\aspectjweaver-1.8.9.jar;K:\JavaSW\Downloads\gradle-2.12-all\gradle-2.12\caches\modules-2\files-2.1\org.apache.tomcat\tomcat-jdbc\8.0.33\7f1b6d609f9c2e045e8d7759e96605841fffdf82\tomcat-jdbc-8.0.33.jar;K:\JavaSW\Downloads\gradle-2.12-all\gradle-2.12\caches\modules-2\files-2.1\org.springframework\spring-jdbc\4.2.6.RELEASE\16075bfb0901a5b89c5be975365ff09b2df04abb\spring-jdbc-4.2.6.RELEASE.jar;K:\JavaSW\Downloads\gradle-2.12-all\gradle-2.12\caches\modules-2\files-2.1\org.jboss.logging\jboss-logging\3.3.0.Final\3616bb87707910296e2c195dc016287080bba5af\jboss-logging-3.3.0.Final.jar;K:\JavaSW\Downloads\gradle-2.12-all\gradle-2.12\caches\modules-2\files-2.1\org.jboss.logging\jboss-logging-annotations\1.2.0.Beta1\2f437f37bb265d9f8f1392823dbca12d2bec06d6\jboss-logging-annotations-1.2.0.Beta1.jar;K:\JavaSW\Downloads\gradle-2.12-all\gradle-2.12\caches\modules-2\files-2.1\org.hibernate\hibernate-core\4.3.11.Final\536ac0021240d97db99c7d2983067cef1a6f3af5\hibernate-core-4.3.11.Final.jar;K:\JavaSW\Downloads\gradle-2.12-all\gradle-2.12\caches\modules-2\files-2.1\dom4j\dom4j\1.6.1\5d3ccc056b6f056dbf0dddfdf43894b9065a8f94\dom4j-1.6.1.jar;K:\JavaSW\Downloads\gradle-2.12-all\gradle-2.12\caches\modules-2\files-2.1\org.hibernate.common\hibernate-commons-annotations\4.0.5.Final\2a581b9edb8168e45060d8bad8b7f46712d2c52c\hibernate-commons-annotations-4.0.5.Final.jar;K:\JavaSW\Downloads\gradle-2.12-all\gradle-2.12\caches\modules-2\files-2.1\org.hibernate.javax.persistence\hibernate-jpa-2.1-api\1.0.0.Final\5e731d961297e5a07290bfaf3db1fbc8bbbf405a\hibernate-jpa-2.1-api-1.0.0.Final.jar;K:\JavaSW\Downloads\gradle-2.12-all\gradle-2.12\caches\modules-2\files-2.1\org.javassist\javassist\3.18.1-GA\d9a09f7732226af26bf99f19e2cffe0ae219db5b\javassist-3.18.1-GA.jar;K:\JavaSW\Downloads\gradle-2.12-all\gradle-2.12\caches\modules-2\files-2.1\org.springframework.data\spring-data-commons\1.11.4.RELEASE\c2b1fd4dbf7dff772d6124bb35892759e8bf088e\spring-data-commons-1.11.4.RELEASE.jar;K:\JavaSW\Downloads\gradle-2.12-all\gradle-2.12\caches\modules-2\files-2.1\org.springframework\spring-orm\4.2.6.RELEASE\2ef30e836028ebe4dbba0d8355929625a758ed8d\spring-orm-4.2.6.RELEASE.jar;K:\JavaSW\Downloads\gradle-2.12-all\gradle-2.12\caches\modules-2\files-2.1\org.springframework\spring-context\4.2.6.RELEASE\bbf3c8526fe37bb341507f28db17882d4348dbca\spring-context-4.2.6.RELEASE.jar;K:\JavaSW\Downloads\gradle-2.12-all\gradle-2.12\caches\modules-2\files-2.1\org.springframework\spring-tx\4.2.6.RELEASE\ba7502c0644414748b1eeb65b4193b05d335a110\spring-tx-4.2.6.RELEASE.jar;K:\JavaSW\Downloads\gradle-2.12-all\gradle-2.12\caches\modules-2\files-2.1\org.springframework\spring-beans\4.2.6.RELEASE\d4a319fb4d949fb6313f45c929947b9b4e26283e\spring-beans-4.2.6.RELEASE.jar;K:\JavaSW\Downloads\gradle-2.12-all\gradle-2.12\caches\modules-2\files-2.1\org.slf4j\slf4j-api\1.7.21\139535a69a4239db087de9bab0bee568bf8e0b70\slf4j-api-1.7.21.jar;K:\JavaSW\Downloads\gradle-2.12-all\gradle-2.12\caches\modules-2\files-2.1\org.slf4j\jcl-over-slf4j\1.7.21\331b564a3a42f002a0004b039c1c430da89062cd\jcl-over-slf4j-1.7.21.jar;K:\JavaSW\Downloads\gradle-2.12-all\gradle-2.12\caches\modules-2\files-2.1\org.apache.tomcat.embed\tomcat-embed-core\8.0.33\4e7f547fbb2c364cb5e02a58790c5fb89e31efed\tomcat-embed-core-8.0.33.jar;K:\JavaSW\Downloads\gradle-2.12-all\gradle-2.12\caches\modules-2\files-2.1\org.apache.tomcat.embed\tomcat-embed-el\8.0.33\31423f2d493cf1f7cf5f0082c9f94640e93b8c1b\tomcat-embed-el-8.0.33.jar;K:\JavaSW\Downloads\gradle-2.12-all\gradle-2.12\caches\modules-2\files-2.1\org.apache.tomcat.embed\tomcat-embed-logging-juli\8.0.33\66bc309e0227c1ba2cf4417182d0b1583003d24b\tomcat-embed-logging-juli-8.0.33.jar;K:\JavaSW\Downloads\gradle-2.12-all\gradle-2.12\caches\modules-2\files-2.1\org.apache.tomcat.embed\tomcat-embed-websocket\8.0.33\be1f95e5d9ae00f9bc6138441d29cfe5c7c60256\tomcat-embed-websocket-8.0.33.jar;K:\JavaSW\Downloads\gradle-2.12-all\gradle-2.12\caches\modules-2\files-2.1\org.hibernate\hibernate-validator\5.2.4.Final\fb18766b576aa6632bcfe9a20a023cbd52bf9769\hibernate-validator-5.2.4.Final.jar;K:\JavaSW\Downloads\gradle-2.12-all\gradle-2.12\caches\modules-2\files-2.1\com.fasterxml.jackson.core\jackson-core\2.6.6\2eb801df67aacaf5b1deb4ac626e1964508e47b\jackson-core-2.6.6.jar;K:\JavaSW\Downloads\gradle-2.12-all\gradle-2.12\caches\modules-2\files-2.1\org.springframework\spring-expression\4.2.6.RELEASE\c0182d73f348ab11d51d45cbe29f3820c32d0ccc\spring-expression-4.2.6.RELEASE.jar;K:\JavaSW\Downloads\gradle-2.12-all\gradle-2.12\caches\modules-2\files-2.1\ch.qos.logback\logback-classic\1.1.7\9865cf6994f9ff13fce0bf93f2054ef6c65bb462\logback-classic-1.1.7.jar;K:\JavaSW\Downloads\gradle-2.12-all\gradle-2.12\caches\modules-2\files-2.1\org.slf4j\jul-to-slf4j\1.7.21\2f22c882ffa479d1e9ff4eb0e8e2c29f2a0871ed\jul-to-slf4j-1.7.21.jar;K:\JavaSW\Downloads\gradle-2.12-all\gradle-2.12\caches\modules-2\files-2.1\org.slf4j\log4j-over-slf4j\1.7.21\b3700d97464d99bdcd42c0177d6e7951c94d75ff\log4j-over-slf4j-1.7.21.jar;K:\JavaSW\Downloads\gradle-2.12-all\gradle-2.12\caches\modules-2\files-2.1\aopalliance\aopalliance\1.0\235ba8b489512805ac13a8f9ea77a1ca5ebe3e8\aopalliance-1.0.jar;K:\JavaSW\Downloads\gradle-2.12-all\gradle-2.12\caches\modules-2\files-2.1\org.apache.tomcat\tomcat-juli\8.0.33\330aecfa895156cea91c576cb6609537152761f9\tomcat-juli-8.0.33.jar;K:\JavaSW\Downloads\gradle-2.12-all\gradle-2.12\caches\modules-2\files-2.1\antlr\antlr\2.7.7\83cd2cd674a217ade95a4bb83a8a14f351f48bd0\antlr-2.7.7.jar;K:\JavaSW\Downloads\gradle-2.12-all\gradle-2.12\caches\modules-2\files-2.1\org.jboss\jandex\1.1.0.Final\e84a2122e76f0b6503be78094ddf2108057ac15f\jandex-1.1.0.Final.jar;K:\JavaSW\Downloads\gradle-2.12-all\gradle-2.12\caches\modules-2\files-2.1\xml-apis\xml-apis\1.0.b2\3136ca936f64c9d68529f048c2618bd356bf85c9\xml-apis-1.0.b2.jar;K:\JavaSW\Downloads\gradle-2.12-all\gradle-2.12\caches\modules-2\files-2.1\javax.validation\validation-api\1.1.0.Final\8613ae82954779d518631e05daa73a6a954817d5\validation-api-1.1.0.Final.jar;K:\JavaSW\Downloads\gradle-2.12-all\gradle-2.12\caches\modules-2\files-2.1\com.fasterxml\classmate\1.1.0\dbbd699a1486ad0f2ed6f5af6cfed66acacb9056\classmate-1.1.0.jar;K:\JavaSW\Downloads\gradle-2.12-all\gradle-2.12\caches\modules-2\files-2.1\ch.qos.logback\logback-core\1.1.7\7873092d39ef741575ca91378a6a21c388363ac8\logback-core-1.1.7.jar'
16:56:51.355 [Test worker] DEBUG org.springframework.core.env.PropertySourcesPropertyResolver - Searching for key 'user.name' in [systemProperties]
16:56:51.355 [Test worker] DEBUG org.springframework.core.env.PropertySourcesPropertyResolver - Found key 'user.name' in [systemProperties] with type [String] and value 'Batman'
16:56:51.355 [Test worker] DEBUG org.springframework.core.env.PropertySourcesPropertyResolver - Searching for key 'java.vm.specification.version' in [systemProperties]
16:56:51.355 [Test worker] DEBUG org.springframework.core.env.PropertySourcesPropertyResolver - Found key 'java.vm.specification.version' in [systemProperties] with type [String] and value '1.8'
16:56:51.355 [Test worker] DEBUG org.springframework.core.env.PropertySourcesPropertyResolver - Searching for key 'sun.java.command' in [systemProperties]
16:56:51.355 [Test worker] DEBUG org.springframework.core.env.PropertySourcesPropertyResolver - Found key 'sun.java.command' in [systemProperties] with type [String] and value 'jarjar.org.gradle.process.internal.launcher.GradleWorkerMain 'Gradle Test Executor 1''
16:56:51.355 [Test worker] DEBUG org.springframework.core.env.PropertySourcesPropertyResolver - Searching for key 'java.home' in [systemProperties]
16:56:51.355 [Test worker] DEBUG org.springframework.core.env.PropertySourcesPropertyResolver - Found key 'java.home' in [systemProperties] with type [String] and value 'K:\JavaSW\JDK\1.8.0.92\jre'
16:56:51.356 [Test worker] DEBUG org.springframework.core.env.PropertySourcesPropertyResolver - Searching for key 'sun.arch.data.model' in [systemProperties]
16:56:51.356 [Test worker] DEBUG org.springframework.core.env.PropertySourcesPropertyResolver - Found key 'sun.arch.data.model' in [systemProperties] with type [String] and value '64'
16:56:51.356 [Test worker] DEBUG org.springframework.core.env.PropertySourcesPropertyResolver - Searching for key 'user.language' in [systemProperties]
16:56:51.356 [Test worker] DEBUG org.springframework.core.env.PropertySourcesPropertyResolver - Found key 'user.language' in [systemProperties] with type [String] and value 'en'
16:56:51.356 [Test worker] DEBUG org.springframework.core.env.PropertySourcesPropertyResolver - Searching for key 'java.specification.vendor' in [systemProperties]
16:56:51.356 [Test worker] DEBUG org.springframework.core.env.PropertySourcesPropertyResolver - Found key 'java.specification.vendor' in [systemProperties] with type [String] and value 'Oracle Corporation'
16:56:51.356 [Test worker] DEBUG org.springframework.core.env.PropertySourcesPropertyResolver - Searching for key 'awt.toolkit' in [systemProperties]
16:56:51.356 [Test worker] DEBUG org.springframework.core.env.PropertySourcesPropertyResolver - Found key 'awt.toolkit' in [systemProperties] with type [String] and value 'sun.awt.windows.WToolkit'
16:56:51.356 [Test worker] DEBUG org.springframework.core.env.PropertySourcesPropertyResolver - Searching for key 'java.vm.info' in [systemProperties]
16:56:51.357 [Test worker] DEBUG org.springframework.core.env.PropertySourcesPropertyResolver - Found key 'java.vm.info' in [systemProperties] with type [String] and value 'mixed mode'
16:56:51.357 [Test worker] DEBUG org.springframework.core.env.PropertySourcesPropertyResolver - Searching for key 'java.version' in [systemProperties]
16:56:51.357 [Test worker] DEBUG org.springframework.core.env.PropertySourcesPropertyResolver - Found key 'java.version' in [systemProperties] with type [String] and value '1.8.0_92'
16:56:51.357 [Test worker] DEBUG org.springframework.core.env.PropertySourcesPropertyResolver - Searching for key 'java.ext.dirs' in [systemProperties]
16:56:51.357 [Test worker] DEBUG org.springframework.core.env.PropertySourcesPropertyResolver - Found key 'java.ext.dirs' in [systemProperties] with type [String] and value 'K:\JavaSW\JDK\1.8.0.92\jre\lib\ext;C:\WINDOWS\Sun\Java\lib\ext'
16:56:51.357 [Test worker] DEBUG org.springframework.core.env.PropertySourcesPropertyResolver - Searching for key 'sun.boot.class.path' in [systemProperties]
16:56:51.358 [Test worker] DEBUG org.springframework.core.env.PropertySourcesPropertyResolver - Found key 'sun.boot.class.path' in [systemProperties] with type [String] and value 'K:\JavaSW\JDK\1.8.0.92\jre\lib\resources.jar;K:\JavaSW\JDK\1.8.0.92\jre\lib\rt.jar;K:\JavaSW\JDK\1.8.0.92\jre\lib\sunrsasign.jar;K:\JavaSW\JDK\1.8.0.92\jre\lib\jsse.jar;K:\JavaSW\JDK\1.8.0.92\jre\lib\jce.jar;K:\JavaSW\JDK\1.8.0.92\jre\lib\charsets.jar;K:\JavaSW\JDK\1.8.0.92\jre\lib\jfr.jar;K:\JavaSW\JDK\1.8.0.92\jre\classes'
16:56:51.358 [Test worker] DEBUG org.springframework.core.env.PropertySourcesPropertyResolver - Searching for key 'java.vendor' in [systemProperties]
16:56:51.358 [Test worker] DEBUG org.springframework.core.env.PropertySourcesPropertyResolver - Found key 'java.vendor' in [systemProperties] with type [String] and value 'Oracle Corporation'
16:56:51.358 [Test worker] DEBUG org.springframework.core.env.PropertySourcesPropertyResolver - Searching for key 'org.gradle.test.worker' in [systemProperties]
16:56:51.358 [Test worker] DEBUG org.springframework.core.env.PropertySourcesPropertyResolver - Found key 'org.gradle.test.worker' in [systemProperties] with type [String] and value '1'
16:56:51.358 [Test worker] DEBUG org.springframework.core.env.PropertySourcesPropertyResolver - Searching for key 'file.separator' in [systemProperties]
16:56:51.358 [Test worker] DEBUG org.springframework.core.env.PropertySourcesPropertyResolver - Found key 'file.separator' in [systemProperties] with type [String] and value '\'
16:56:51.358 [Test worker] DEBUG org.springframework.core.env.PropertySourcesPropertyResolver - Searching for key 'java.vendor.url.bug' in [systemProperties]
16:56:51.358 [Test worker] DEBUG org.springframework.core.env.PropertySourcesPropertyResolver - Found key 'java.vendor.url.bug' in [systemProperties] with type [String] and value 'http://bugreport.sun.com/bugreport/'
16:56:51.358 [Test worker] DEBUG org.springframework.core.env.PropertySourcesPropertyResolver - Searching for key 'sun.io.unicode.encoding' in [systemProperties]
16:56:51.359 [Test worker] DEBUG org.springframework.core.env.PropertySourcesPropertyResolver - Found key 'sun.io.unicode.encoding' in [systemProperties] with type [String] and value 'UnicodeLittle'
16:56:51.359 [Test worker] DEBUG org.springframework.core.env.PropertySourcesPropertyResolver - Searching for key 'sun.cpu.endian' in [systemProperties]
16:56:51.359 [Test worker] DEBUG org.springframework.core.env.PropertySourcesPropertyResolver - Found key 'sun.cpu.endian' in [systemProperties] with type [String] and value 'little'
16:56:51.359 [Test worker] DEBUG org.springframework.core.env.PropertySourcesPropertyResolver - Searching for key 'sun.desktop' in [systemProperties]
16:56:51.359 [Test worker] DEBUG org.springframework.core.env.PropertySourcesPropertyResolver - Found key 'sun.desktop' in [systemProperties] with type [String] and value 'windows'
16:56:51.359 [Test worker] DEBUG org.springframework.core.env.PropertySourcesPropertyResolver - Searching for key 'sun.cpu.isalist' in [systemProperties]
16:56:51.359 [Test worker] DEBUG org.springframework.core.env.PropertySourcesPropertyResolver - Found key 'sun.cpu.isalist' in [systemProperties] with type [String] and value 'amd64'
16:56:51.359 [Test worker] DEBUG org.springframework.core.env.PropertySourcesPropertyResolver - Searching for key 'USERDOMAIN_ROAMINGPROFILE' in [systemProperties]
16:56:51.359 [Test worker] DEBUG org.springframework.core.env.PropertySourcesPropertyResolver - Searching for key 'USERDOMAIN_ROAMINGPROFILE' in [systemEnvironment]
16:56:51.359 [Test worker] DEBUG org.springframework.core.env.PropertySourcesPropertyResolver - Found key 'USERDOMAIN_ROAMINGPROFILE' in [systemEnvironment] with type [String] and value 'BATMAN-PC'
16:56:51.359 [Test worker] DEBUG org.springframework.core.env.PropertySourcesPropertyResolver - Searching for key 'LOCALAPPDATA' in [systemProperties]
16:56:51.360 [Test worker] DEBUG org.springframework.core.env.PropertySourcesPropertyResolver - Searching for key 'LOCALAPPDATA' in [systemEnvironment]
16:56:51.360 [Test worker] DEBUG org.springframework.core.env.PropertySourcesPropertyResolver - Found key 'LOCALAPPDATA' in [systemEnvironment] with type [String] and value 'C:\Users\Batman\AppData\Local'
16:56:51.360 [Test worker] DEBUG org.springframework.core.env.PropertySourcesPropertyResolver - Searching for key 'PROCESSOR_LEVEL' in [systemProperties]
16:56:51.360 [Test worker] DEBUG org.springframework.core.env.PropertySourcesPropertyResolver - Searching for key 'PROCESSOR_LEVEL' in [systemEnvironment]
16:56:51.360 [Test worker] DEBUG org.springframework.core.env.PropertySourcesPropertyResolver - Found key 'PROCESSOR_LEVEL' in [systemEnvironment] with type [String] and value '6'
16:56:51.360 [Test worker] DEBUG org.springframework.core.env.PropertySourcesPropertyResolver - Searching for key 'FP_NO_HOST_CHECK' in [systemProperties]
16:56:51.360 [Test worker] DEBUG org.springframework.core.env.PropertySourcesPropertyResolver - Searching for key 'FP_NO_HOST_CHECK' in [systemEnvironment]
16:56:51.360 [Test worker] DEBUG org.springframework.core.env.PropertySourcesPropertyResolver - Found key 'FP_NO_HOST_CHECK' in [systemEnvironment] with type [String] and value 'NO'
16:56:51.360 [Test worker] DEBUG org.springframework.core.env.PropertySourcesPropertyResolver - Searching for key 'USERDOMAIN' in [systemProperties]
16:56:51.360 [Test worker] DEBUG org.springframework.core.env.PropertySourcesPropertyResolver - Searching for key 'USERDOMAIN' in [systemEnvironment]
16:56:51.360 [Test worker] DEBUG org.springframework.core.env.PropertySourcesPropertyResolver - Found key 'USERDOMAIN' in [systemEnvironment] with type [String] and value 'BATMAN-PC'
16:56:51.360 [Test worker] DEBUG org.springframework.core.env.PropertySourcesPropertyResolver - Searching for key 'LOGONSERVER' in [systemProperties]
16:56:51.360 [Test worker] DEBUG org.springframework.core.env.PropertySourcesPropertyResolver - Searching for key 'LOGONSERVER' in [systemEnvironment]
16:56:51.361 [Test worker] DEBUG org.springframework.core.env.PropertySourcesPropertyResolver - Found key 'LOGONSERVER' in [systemEnvironment] with type [String] and value '\\MicrosoftAccount'
16:56:51.361 [Test worker] DEBUG org.springframework.core.env.PropertySourcesPropertyResolver - Searching for key 'JAVA_HOME' in [systemProperties]
16:56:51.361 [Test worker] DEBUG org.springframework.core.env.PropertySourcesPropertyResolver - Searching for key 'JAVA_HOME' in [systemEnvironment]
16:56:51.361 [Test worker] DEBUG org.springframework.core.env.PropertySourcesPropertyResolver - Found key 'JAVA_HOME' in [systemEnvironment] with type [String] and value 'K:\JavaSW\JDK\1.8.0.92'
16:56:51.361 [Test worker] DEBUG org.springframework.core.env.PropertySourcesPropertyResolver - Searching for key 'SESSIONNAME' in [systemProperties]
16:56:51.361 [Test worker] DEBUG org.springframework.core.env.PropertySourcesPropertyResolver - Searching for key 'SESSIONNAME' in [systemEnvironment]
16:56:51.361 [Test worker] DEBUG org.springframework.core.env.PropertySourcesPropertyResolver - Found key 'SESSIONNAME' in [systemEnvironment] with type [String] and value 'Console'
16:56:51.362 [Test worker] DEBUG org.springframework.core.env.PropertySourcesPropertyResolver - Searching for key 'ALLUSERSPROFILE' in [systemProperties]
16:56:51.362 [Test worker] DEBUG org.springframework.core.env.PropertySourcesPropertyResolver - Searching for key 'ALLUSERSPROFILE' in [systemEnvironment]
16:56:51.362 [Test worker] DEBUG org.springframework.core.env.PropertySourcesPropertyResolver - Found key 'ALLUSERSPROFILE' in [systemEnvironment] with type [String] and value 'C:\ProgramData'
16:56:51.362 [Test worker] DEBUG org.springframework.core.env.PropertySourcesPropertyResolver - Searching for key 'PROCESSOR_ARCHITECTURE' in [systemProperties]
16:56:51.362 [Test worker] DEBUG org.springframework.core.env.PropertySourcesPropertyResolver - Searching for key 'PROCESSOR_ARCHITECTURE' in [systemEnvironment]
16:56:51.362 [Test worker] DEBUG org.springframework.core.env.PropertySourcesPropertyResolver - Found key 'PROCESSOR_ARCHITECTURE' in [systemEnvironment] with type [String] and value 'AMD64'
16:56:51.362 [Test worker] DEBUG org.springframework.core.env.PropertySourcesPropertyResolver - Searching for key 'GRADLE_HOME' in [systemProperties]
16:56:51.362 [Test worker] DEBUG org.springframework.core.env.PropertySourcesPropertyResolver - Searching for key 'GRADLE_HOME' in [systemEnvironment]
16:56:51.362 [Test worker] DEBUG org.springframework.core.env.PropertySourcesPropertyResolver - Found key 'GRADLE_HOME' in [systemEnvironment] with type [String] and value 'K:\JavaSW\Downloads\gradle-2.12-all\gradle-2.12'
16:56:51.362 [Test worker] DEBUG org.springframework.core.env.PropertySourcesPropertyResolver - Searching for key 'PSModulePath' in [systemProperties]
16:56:51.362 [Test worker] DEBUG org.springframework.core.env.PropertySourcesPropertyResolver - Searching for key 'PSModulePath' in [systemEnvironment]
16:56:51.363 [Test worker] DEBUG org.springframework.core.env.PropertySourcesPropertyResolver - Found key 'PSModulePath' in [systemEnvironment] with type [String] and value 'C:\WINDOWS\system32\WindowsPowerShell\v1.0\Modules\'
16:56:51.363 [Test worker] DEBUG org.springframework.core.env.PropertySourcesPropertyResolver - Searching for key 'SystemDrive' in [systemProperties]
16:56:51.363 [Test worker] DEBUG org.springframework.core.env.PropertySourcesPropertyResolver - Searching for key 'SystemDrive' in [systemEnvironment]
16:56:51.363 [Test worker] DEBUG org.springframework.core.env.PropertySourcesPropertyResolver - Found key 'SystemDrive' in [systemEnvironment] with type [String] and value 'C:'
16:56:51.363 [Test worker] DEBUG org.springframework.core.env.PropertySourcesPropertyResolver - Searching for key 'APPDATA' in [systemProperties]
16:56:51.363 [Test worker] DEBUG org.springframework.core.env.PropertySourcesPropertyResolver - Searching for key 'APPDATA' in [systemEnvironment]
16:56:51.363 [Test worker] DEBUG org.springframework.core.env.PropertySourcesPropertyResolver - Found key 'APPDATA' in [systemEnvironment] with type [String] and value 'C:\Users\Batman\AppData\Roaming'
16:56:51.363 [Test worker] DEBUG org.springframework.core.env.PropertySourcesPropertyResolver - Searching for key 'USERNAME' in [systemProperties]
16:56:51.363 [Test worker] DEBUG org.springframework.core.env.PropertySourcesPropertyResolver - Searching for key 'USERNAME' in [systemEnvironment]
16:56:51.363 [Test worker] DEBUG org.springframework.core.env.PropertySourcesPropertyResolver - Found key 'USERNAME' in [systemEnvironment] with type [String] and value 'Batman'
16:56:51.363 [Test worker] DEBUG org.springframework.core.env.PropertySourcesPropertyResolver - Searching for key 'windows_tracing_logfile' in [systemProperties]
16:56:51.364 [Test worker] DEBUG org.springframework.core.env.PropertySourcesPropertyResolver - Searching for key 'windows_tracing_logfile' in [systemEnvironment]
16:56:51.364 [Test worker] DEBUG org.springframework.core.env.PropertySourcesPropertyResolver - Found key 'windows_tracing_logfile' in [systemEnvironment] with type [String] and value 'C:\BVTBin\Tests\installpackage\csilogfile.log'
16:56:51.364 [Test worker] DEBUG org.springframework.core.env.PropertySourcesPropertyResolver - Searching for key 'ProgramFiles(x86)' in [systemProperties]
16:56:51.364 [Test worker] DEBUG org.springframework.core.env.PropertySourcesPropertyResolver - Searching for key 'ProgramFiles(x86)' in [systemEnvironment]
16:56:51.364 [Test worker] DEBUG org.springframework.core.env.PropertySourcesPropertyResolver - Found key 'ProgramFiles(x86)' in [systemEnvironment] with type [String] and value 'C:\Program Files (x86)'
16:56:51.364 [Test worker] DEBUG org.springframework.core.env.PropertySourcesPropertyResolver - Searching for key 'CommonProgramFiles' in [systemProperties]
16:56:51.364 [Test worker] DEBUG org.springframework.core.env.PropertySourcesPropertyResolver - Searching for key 'CommonProgramFiles' in [systemEnvironment]
16:56:51.364 [Test worker] DEBUG org.springframework.core.env.PropertySourcesPropertyResolver - Found key 'CommonProgramFiles' in [systemEnvironment] with type [String] and value 'C:\Program Files\Common Files'
16:56:51.364 [Test worker] DEBUG org.springframework.core.env.PropertySourcesPropertyResolver - Searching for key 'Path' in [systemProperties]
16:56:51.365 [Test worker] DEBUG org.springframework.core.env.PropertySourcesPropertyResolver - Searching for key 'Path' in [systemEnvironment]
16:56:51.365 [Test worker] DEBUG org.springframework.core.env.PropertySourcesPropertyResolver - Found key 'Path' in [systemEnvironment] with type [String] and value 'C:/Program Files/Java/jre1.8.0_92/bin/server;C:/Program Files/Java/jre1.8.0_92/bin;C:/Program Files/Java/jre1.8.0_92/lib/amd64;C:\ProgramData\Oracle\Java\javapath;C:\Program Files\Common Files\Microsoft Shared\Windows Live;C:\Program Files (x86)\Common Files\Microsoft Shared\Windows Live;c:\Program Files (x86)\Intel\iCLS Client\;c:\Program Files\Intel\iCLS Client\;C:\Program Files (x86)\NVIDIA Corporation\PhysX\Common;C:\WINDOWS\system32;C:\WINDOWS;C:\WINDOWS\System32\Wbem;C:\WINDOWS\System32\WindowsPowerShell\v1.0\;C:\Program Files\Intel\Intel(R) Management Engine Components\DAL;C:\Program Files\Intel\Intel(R) Management Engine Components\IPT;C:\Program Files (x86)\Intel\Intel(R) Management Engine Components\DAL;C:\Program Files (x86)\Intel\Intel(R) Management Engine Components\IPT;C:\Program Files (x86)\Windows Live\Shared;K:\JavaSW\JDK\1.8.0.92\bin;K:\JavaSW\Downloads\gradle-2.12-all\gradle-2.12\bin;C:\Program Files\Git\cmd;K:\JavaSW\Eclipse\eclipse;'
16:56:51.365 [Test worker] DEBUG org.springframework.core.env.PropertySourcesPropertyResolver - Searching for key 'PATHEXT' in [systemProperties]
16:56:51.365 [Test worker] DEBUG org.springframework.core.env.PropertySourcesPropertyResolver - Searching for key 'PATHEXT' in [systemEnvironment]
16:56:51.365 [Test worker] DEBUG org.springframework.core.env.PropertySourcesPropertyResolver - Found key 'PATHEXT' in [systemEnvironment] with type [String] and value '.COM;.EXE;.BAT;.CMD;.VBS;.VBE;.JS;.JSE;.WSF;.WSH;.MSC'
16:56:51.365 [Test worker] DEBUG org.springframework.core.env.PropertySourcesPropertyResolver - Searching for key 'OS' in [systemProperties]
16:56:51.366 [Test worker] DEBUG org.springframework.core.env.PropertySourcesPropertyResolver - Searching for key 'OS' in [systemEnvironment]
16:56:51.366 [Test worker] DEBUG org.springframework.core.env.PropertySourcesPropertyResolver - Found key 'OS' in [systemEnvironment] with type [String] and value 'Windows_NT'
16:56:51.366 [Test worker] DEBUG org.springframework.core.env.PropertySourcesPropertyResolver - Searching for key 'windows_tracing_flags' in [systemProperties]
16:56:51.366 [Test worker] DEBUG org.springframework.core.env.PropertySourcesPropertyResolver - Searching for key 'windows_tracing_flags' in [systemEnvironment]
16:56:51.366 [Test worker] DEBUG org.springframework.core.env.PropertySourcesPropertyResolver - Found key 'windows_tracing_flags' in [systemEnvironment] with type [String] and value '3'
16:56:51.366 [Test worker] DEBUG org.springframework.core.env.PropertySourcesPropertyResolver - Searching for key 'COMPUTERNAME' in [systemProperties]
16:56:51.366 [Test worker] DEBUG org.springframework.core.env.PropertySourcesPropertyResolver - Searching for key 'COMPUTERNAME' in [systemEnvironment]
16:56:51.366 [Test worker] DEBUG org.springframework.core.env.PropertySourcesPropertyResolver - Found key 'COMPUTERNAME' in [systemEnvironment] with type [String] and value 'BATMAN-PC'
16:56:51.366 [Test worker] DEBUG org.springframework.core.env.PropertySourcesPropertyResolver - Searching for key 'PROCESSOR_REVISION' in [systemProperties]
16:56:51.366 [Test worker] DEBUG org.springframework.core.env.PropertySourcesPropertyResolver - Searching for key 'PROCESSOR_REVISION' in [systemEnvironment]
16:56:51.366 [Test worker] DEBUG org.springframework.core.env.PropertySourcesPropertyResolver - Found key 'PROCESSOR_REVISION' in [systemEnvironment] with type [String] and value '3c03'
16:56:51.366 [Test worker] DEBUG org.springframework.core.env.PropertySourcesPropertyResolver - Searching for key 'CommonProgramW6432' in [systemProperties]
16:56:51.366 [Test worker] DEBUG org.springframework.core.env.PropertySourcesPropertyResolver - Searching for key 'CommonProgramW6432' in [systemEnvironment]
16:56:51.366 [Test worker] DEBUG org.springframework.core.env.PropertySourcesPropertyResolver - Found key 'CommonProgramW6432' in [systemEnvironment] with type [String] and value 'C:\Program Files\Common Files'
16:56:51.366 [Test worker] DEBUG org.springframework.core.env.PropertySourcesPropertyResolver - Searching for key 'ComSpec' in [systemProperties]
16:56:51.366 [Test worker] DEBUG org.springframework.core.env.PropertySourcesPropertyResolver - Searching for key 'ComSpec' in [systemEnvironment]
16:56:51.367 [Test worker] DEBUG org.springframework.core.env.PropertySourcesPropertyResolver - Found key 'ComSpec' in [systemEnvironment] with type [String] and value 'C:\WINDOWS\system32\cmd.exe'
16:56:51.367 [Test worker] DEBUG org.springframework.core.env.PropertySourcesPropertyResolver - Searching for key 'ProgramData' in [systemProperties]
16:56:51.367 [Test worker] DEBUG org.springframework.core.env.PropertySourcesPropertyResolver - Searching for key 'ProgramData' in [systemEnvironment]
16:56:51.367 [Test worker] DEBUG org.springframework.core.env.PropertySourcesPropertyResolver - Found key 'ProgramData' in [systemEnvironment] with type [String] and value 'C:\ProgramData'
16:56:51.367 [Test worker] DEBUG org.springframework.core.env.PropertySourcesPropertyResolver - Searching for key 'ProgramW6432' in [systemProperties]
16:56:51.367 [Test worker] DEBUG org.springframework.core.env.PropertySourcesPropertyResolver - Searching for key 'ProgramW6432' in [systemEnvironment]
16:56:51.367 [Test worker] DEBUG org.springframework.core.env.PropertySourcesPropertyResolver - Found key 'ProgramW6432' in [systemEnvironment] with type [String] and value 'C:\Program Files'
16:56:51.367 [Test worker] DEBUG org.springframework.core.env.PropertySourcesPropertyResolver - Searching for key 'HOMEPATH' in [systemProperties]
16:56:51.367 [Test worker] DEBUG org.springframework.core.env.PropertySourcesPropertyResolver - Searching for key 'HOMEPATH' in [systemEnvironment]
16:56:51.367 [Test worker] DEBUG org.springframework.core.env.PropertySourcesPropertyResolver - Found key 'HOMEPATH' in [systemEnvironment] with type [String] and value '\Users\Batman'
16:56:51.367 [Test worker] DEBUG org.springframework.core.env.PropertySourcesPropertyResolver - Searching for key 'SystemRoot' in [systemProperties]
16:56:51.367 [Test worker] DEBUG org.springframework.core.env.PropertySourcesPropertyResolver - Searching for key 'SystemRoot' in [systemEnvironment]
16:56:51.367 [Test worker] DEBUG org.springframework.core.env.PropertySourcesPropertyResolver - Found key 'SystemRoot' in [systemEnvironment] with type [String] and value 'C:\WINDOWS'
16:56:51.368 [Test worker] DEBUG org.springframework.core.env.PropertySourcesPropertyResolver - Searching for key 'TEMP' in [systemProperties]
16:56:51.368 [Test worker] DEBUG org.springframework.core.env.PropertySourcesPropertyResolver - Searching for key 'TEMP' in [systemEnvironment]
16:56:51.368 [Test worker] DEBUG org.springframework.core.env.PropertySourcesPropertyResolver - Found key 'TEMP' in [systemEnvironment] with type [String] and value 'C:\Users\Batman\AppData\Local\Temp'
16:56:51.368 [Test worker] DEBUG org.springframework.core.env.PropertySourcesPropertyResolver - Searching for key 'HOMEDRIVE' in [systemProperties]
16:56:51.368 [Test worker] DEBUG org.springframework.core.env.PropertySourcesPropertyResolver - Searching for key 'HOMEDRIVE' in [systemEnvironment]
16:56:51.368 [Test worker] DEBUG org.springframework.core.env.PropertySourcesPropertyResolver - Found key 'HOMEDRIVE' in [systemEnvironment] with type [String] and value 'C:'
16:56:51.368 [Test worker] DEBUG org.springframework.core.env.PropertySourcesPropertyResolver - Searching for key 'PROCESSOR_IDENTIFIER' in [systemProperties]
16:56:51.368 [Test worker] DEBUG org.springframework.core.env.PropertySourcesPropertyResolver - Searching for key 'PROCESSOR_IDENTIFIER' in [systemEnvironment]
16:56:51.368 [Test worker] DEBUG org.springframework.core.env.PropertySourcesPropertyResolver - Found key 'PROCESSOR_IDENTIFIER' in [systemEnvironment] with type [String] and value 'Intel64 Family 6 Model 60 Stepping 3, GenuineIntel'
16:56:51.369 [Test worker] DEBUG org.springframework.core.env.PropertySourcesPropertyResolver - Searching for key 'USERPROFILE' in [systemProperties]
16:56:51.369 [Test worker] DEBUG org.springframework.core.env.PropertySourcesPropertyResolver - Searching for key 'USERPROFILE' in [systemEnvironment]
16:56:51.369 [Test worker] DEBUG org.springframework.core.env.PropertySourcesPropertyResolver - Found key 'USERPROFILE' in [systemEnvironment] with type [String] and value 'C:\Users\Batman'
16:56:51.369 [Test worker] DEBUG org.springframework.core.env.PropertySourcesPropertyResolver - Searching for key 'TMP' in [systemProperties]
16:56:51.369 [Test worker] DEBUG org.springframework.core.env.PropertySourcesPropertyResolver - Searching for key 'TMP' in [systemEnvironment]
16:56:51.369 [Test worker] DEBUG org.springframework.core.env.PropertySourcesPropertyResolver - Found key 'TMP' in [systemEnvironment] with type [String] and value 'C:\Users\Batman\AppData\Local\Temp'
16:56:51.369 [Test worker] DEBUG org.springframework.core.env.PropertySourcesPropertyResolver - Searching for key 'CommonProgramFiles(x86)' in [systemProperties]
16:56:51.369 [Test worker] DEBUG org.springframework.core.env.PropertySourcesPropertyResolver - Searching for key 'CommonProgramFiles(x86)' in [systemEnvironment]
16:56:51.369 [Test worker] DEBUG org.springframework.core.env.PropertySourcesPropertyResolver - Found key 'CommonProgramFiles(x86)' in [systemEnvironment] with type [String] and value 'C:\Program Files (x86)\Common Files'
16:56:51.369 [Test worker] DEBUG org.springframework.core.env.PropertySourcesPropertyResolver - Searching for key 'ProgramFiles' in [systemProperties]
16:56:51.369 [Test worker] DEBUG org.springframework.core.env.PropertySourcesPropertyResolver - Searching for key 'ProgramFiles' in [systemEnvironment]
16:56:51.369 [Test worker] DEBUG org.springframework.core.env.PropertySourcesPropertyResolver - Found key 'ProgramFiles' in [systemEnvironment] with type [String] and value 'C:\Program Files'
16:56:51.370 [Test worker] DEBUG org.springframework.core.env.PropertySourcesPropertyResolver - Searching for key 'PUBLIC' in [systemProperties]
16:56:51.370 [Test worker] DEBUG org.springframework.core.env.PropertySourcesPropertyResolver - Searching for key 'PUBLIC' in [systemEnvironment]
16:56:51.370 [Test worker] DEBUG org.springframework.core.env.PropertySourcesPropertyResolver - Found key 'PUBLIC' in [systemEnvironment] with type [String] and value 'C:\Users\Public'
16:56:51.370 [Test worker] DEBUG org.springframework.core.env.PropertySourcesPropertyResolver - Searching for key 'NUMBER_OF_PROCESSORS' in [systemProperties]
16:56:51.370 [Test worker] DEBUG org.springframework.core.env.PropertySourcesPropertyResolver - Searching for key 'NUMBER_OF_PROCESSORS' in [systemEnvironment]
16:56:51.370 [Test worker] DEBUG org.springframework.core.env.PropertySourcesPropertyResolver - Found key 'NUMBER_OF_PROCESSORS' in [systemEnvironment] with type [String] and value '8'
16:56:51.370 [Test worker] DEBUG org.springframework.core.env.PropertySourcesPropertyResolver - Searching for key 'windir' in [systemProperties]
16:56:51.370 [Test worker] DEBUG org.springframework.core.env.PropertySourcesPropertyResolver - Searching for key 'windir' in [systemEnvironment]
16:56:51.370 [Test worker] DEBUG org.springframework.core.env.PropertySourcesPropertyResolver - Found key 'windir' in [systemEnvironment] with type [String] and value 'C:\WINDOWS'
16:56:51.370 [Test worker] DEBUG org.springframework.core.env.PropertySourcesPropertyResolver - Searching for key '=::' in [systemProperties]
16:56:51.370 [Test worker] DEBUG org.springframework.core.env.PropertySourcesPropertyResolver - Searching for key '=::' in [systemEnvironment]
16:56:51.370 [Test worker] DEBUG org.springframework.core.env.PropertySourcesPropertyResolver - Found key '=::' in [systemEnvironment] with type [String] and value '::\'
16:56:51.437 [Test worker] DEBUG org.springframework.core.type.classreading.AnnotationAttributesReadingVisitor - Failed to class-load type while reading annotation metadata. This is a non-fatal error, but certain annotation metadata may be unavailable.
java.lang.ClassNotFoundException: org.springframework.security.config.annotation.web.configuration.EnableWebSecurity
	at java.net.URLClassLoader.findClass(URLClassLoader.java:381)
	at java.lang.ClassLoader.loadClass(ClassLoader.java:424)
	at sun.misc.Launcher$AppClassLoader.loadClass(Launcher.java:331)
	at java.lang.ClassLoader.loadClass(ClassLoader.java:357)
	at org.springframework.core.type.classreading.RecursiveAnnotationAttributesVisitor.visitEnd(RecursiveAnnotationAttributesVisitor.java:47)
	at org.springframework.asm.ClassReader.readAnnotationValues(ClassReader.java:1802)
	at org.springframework.asm.ClassReader.accept(ClassReader.java:642)
	at org.springframework.asm.ClassReader.accept(ClassReader.java:508)
	at org.springframework.core.type.classreading.SimpleMetadataReader.<init>(SimpleMetadataReader.java:64)
	at org.springframework.core.type.classreading.SimpleMetadataReaderFactory.getMetadataReader(SimpleMetadataReaderFactory.java:98)
	at org.springframework.core.type.classreading.CachingMetadataReaderFactory.getMetadataReader(CachingMetadataReaderFactory.java:102)
	at org.springframework.core.type.classreading.SimpleMetadataReaderFactory.getMetadataReader(SimpleMetadataReaderFactory.java:93)
	at org.springframework.boot.autoconfigure.AutoConfigurationSorter$AutoConfigurationClasses.<init>(AutoConfigurationSorter.java:112)
	at org.springframework.boot.autoconfigure.AutoConfigurationSorter.getInPriorityOrder(AutoConfigurationSorter.java:56)
	at org.springframework.boot.autoconfigure.EnableAutoConfigurationImportSelector.sort(EnableAutoConfigurationImportSelector.java:173)
	at org.springframework.boot.autoconfigure.EnableAutoConfigurationImportSelector.selectImports(EnableAutoConfigurationImportSelector.java:82)
	at org.springframework.context.annotation.ConfigurationClassParser.processDeferredImportSelectors(ConfigurationClassParser.java:454)
	at org.springframework.context.annotation.ConfigurationClassParser.parse(ConfigurationClassParser.java:186)
	at org.springframework.context.annotation.ConfigurationClassPostProcessor.processConfigBeanDefinitions(ConfigurationClassPostProcessor.java:321)
	at org.springframework.context.annotation.ConfigurationClassPostProcessor.postProcessBeanDefinitionRegistry(ConfigurationClassPostProcessor.java:243)
	at org.springframework.context.support.PostProcessorRegistrationDelegate.invokeBeanDefinitionRegistryPostProcessors(PostProcessorRegistrationDelegate.java:273)
	at org.springframework.context.support.PostProcessorRegistrationDelegate.invokeBeanFactoryPostProcessors(PostProcessorRegistrationDelegate.java:98)
	at org.springframework.context.support.AbstractApplicationContext.invokeBeanFactoryPostProcessors(AbstractApplicationContext.java:678)
	at org.springframework.context.support.AbstractApplicationContext.refresh(AbstractApplicationContext.java:520)
	at org.springframework.test.context.support.AbstractGenericContextLoader.loadContext(AbstractGenericContextLoader.java:125)
	at org.springframework.test.context.support.AbstractGenericContextLoader.loadContext(AbstractGenericContextLoader.java:60)
	at org.springframework.test.context.support.AbstractDelegatingSmartContextLoader.delegateLoading(AbstractDelegatingSmartContextLoader.java:109)
	at org.springframework.test.context.support.AbstractDelegatingSmartContextLoader.loadContext(AbstractDelegatingSmartContextLoader.java:261)
	at org.springframework.test.context.cache.DefaultCacheAwareContextLoaderDelegate.loadContextInternal(DefaultCacheAwareContextLoaderDelegate.java:98)
	at org.springframework.test.context.cache.DefaultCacheAwareContextLoaderDelegate.loadContext(DefaultCacheAwareContextLoaderDelegate.java:116)
	at org.springframework.test.context.support.DefaultTestContext.getApplicationContext(DefaultTestContext.java:83)
	at org.springframework.test.context.support.DependencyInjectionTestExecutionListener.injectDependencies(DependencyInjectionTestExecutionListener.java:117)
	at org.springframework.test.context.support.DependencyInjectionTestExecutionListener.prepareTestInstance(DependencyInjectionTestExecutionListener.java:83)
	at org.springframework.test.context.TestContextManager.prepareTestInstance(TestContextManager.java:228)
	at org.springframework.test.context.junit4.SpringJUnit4ClassRunner.createTest(SpringJUnit4ClassRunner.java:230)
	at org.springframework.test.context.junit4.SpringJUnit4ClassRunner$1.runReflectiveCall(SpringJUnit4ClassRunner.java:289)
	at org.junit.internal.runners.model.ReflectiveCallable.run(ReflectiveCallable.java:12)
	at org.springframework.test.context.junit4.SpringJUnit4ClassRunner.methodBlock(SpringJUnit4ClassRunner.java:291)
	at org.springframework.test.context.junit4.SpringJUnit4ClassRunner.runChild(SpringJUnit4ClassRunner.java:249)
	at org.springframework.test.context.junit4.SpringJUnit4ClassRunner.runChild(SpringJUnit4ClassRunner.java:89)
	at org.junit.runners.ParentRunner$3.run(ParentRunner.java:290)
	at org.junit.runners.ParentRunner$1.schedule(ParentRunner.java:71)
	at org.junit.runners.ParentRunner.runChildren(ParentRunner.java:288)
	at org.junit.runners.ParentRunner.access$000(ParentRunner.java:58)
	at org.junit.runners.ParentRunner$2.evaluate(ParentRunner.java:268)
	at org.junit.internal.runners.statements.RunBefores.evaluate(RunBefores.java:26)
	at org.springframework.test.context.junit4.statements.RunBeforeTestClassCallbacks.evaluate(RunBeforeTestClassCallbacks.java:61)
	at org.junit.internal.runners.statements.RunAfters.evaluate(RunAfters.java:27)
	at org.springframework.test.context.junit4.statements.RunAfterTestClassCallbacks.evaluate(RunAfterTestClassCallbacks.java:70)
	at org.junit.runners.ParentRunner.run(ParentRunner.java:363)
	at org.springframework.test.context.junit4.SpringJUnit4ClassRunner.run(SpringJUnit4ClassRunner.java:193)
	at org.gradle.api.internal.tasks.testing.junit.JUnitTestClassExecuter.runTestClass(JUnitTestClassExecuter.java:112)
	at org.gradle.api.internal.tasks.testing.junit.JUnitTestClassExecuter.execute(JUnitTestClassExecuter.java:56)
	at org.gradle.api.internal.tasks.testing.junit.JUnitTestClassProcessor.processTestClass(JUnitTestClassProcessor.java:66)
	at org.gradle.api.internal.tasks.testing.SuiteTestClassProcessor.processTestClass(SuiteTestClassProcessor.java:51)
	at sun.reflect.NativeMethodAccessorImpl.invoke0(Native Method)
	at sun.reflect.NativeMethodAccessorImpl.invoke(NativeMethodAccessorImpl.java:62)
	at sun.reflect.DelegatingMethodAccessorImpl.invoke(DelegatingMethodAccessorImpl.java:43)
	at java.lang.reflect.Method.invoke(Method.java:498)
	at org.gradle.messaging.dispatch.ReflectionDispatch.dispatch(ReflectionDispatch.java:35)
	at org.gradle.messaging.dispatch.ReflectionDispatch.dispatch(ReflectionDispatch.java:24)
	at org.gradle.messaging.dispatch.ContextClassLoaderDispatch.dispatch(ContextClassLoaderDispatch.java:32)
	at org.gradle.messaging.dispatch.ProxyDispatchAdapter$DispatchingInvocationHandler.invoke(ProxyDispatchAdapter.java:93)
	at com.sun.proxy.$Proxy2.processTestClass(Unknown Source)
	at org.gradle.api.internal.tasks.testing.worker.TestWorker.processTestClass(TestWorker.java:109)
	at sun.reflect.NativeMethodAccessorImpl.invoke0(Native Method)
	at sun.reflect.NativeMethodAccessorImpl.invoke(NativeMethodAccessorImpl.java:62)
	at sun.reflect.DelegatingMethodAccessorImpl.invoke(DelegatingMethodAccessorImpl.java:43)
	at java.lang.reflect.Method.invoke(Method.java:498)
	at org.gradle.messaging.dispatch.ReflectionDispatch.dispatch(ReflectionDispatch.java:35)
	at org.gradle.messaging.dispatch.ReflectionDispatch.dispatch(ReflectionDispatch.java:24)
	at org.gradle.messaging.remote.internal.hub.MessageHub$Handler.run(MessageHub.java:360)
	at org.gradle.internal.concurrent.ExecutorPolicy$CatchAndRecordFailures.onExecute(ExecutorPolicy.java:54)
	at org.gradle.internal.concurrent.StoppableExecutorImpl$1.run(StoppableExecutorImpl.java:40)
	at java.util.concurrent.ThreadPoolExecutor.runWorker(ThreadPoolExecutor.java:1142)
	at java.util.concurrent.ThreadPoolExecutor$Worker.run(ThreadPoolExecutor.java:617)
	at java.lang.Thread.run(Thread.java:745)
16:56:51.518 [Test worker] DEBUG org.springframework.core.type.classreading.AnnotationAttributesReadingVisitor - Failed to class-load type while reading annotation metadata. This is a non-fatal error, but certain annotation metadata may be unavailable.
java.lang.ClassNotFoundException: org.springframework.security.config.annotation.web.configuration.EnableWebSecurity
	at java.net.URLClassLoader.findClass(URLClassLoader.java:381)
	at java.lang.ClassLoader.loadClass(ClassLoader.java:424)
	at sun.misc.Launcher$AppClassLoader.loadClass(Launcher.java:331)
	at java.lang.ClassLoader.loadClass(ClassLoader.java:357)
	at org.springframework.core.type.classreading.RecursiveAnnotationAttributesVisitor.visitEnd(RecursiveAnnotationAttributesVisitor.java:47)
	at org.springframework.asm.ClassReader.readAnnotationValues(ClassReader.java:1802)
	at org.springframework.asm.ClassReader.accept(ClassReader.java:642)
	at org.springframework.asm.ClassReader.accept(ClassReader.java:508)
	at org.springframework.core.type.classreading.SimpleMetadataReader.<init>(SimpleMetadataReader.java:64)
	at org.springframework.core.type.classreading.SimpleMetadataReaderFactory.getMetadataReader(SimpleMetadataReaderFactory.java:98)
	at org.springframework.core.type.classreading.CachingMetadataReaderFactory.getMetadataReader(CachingMetadataReaderFactory.java:102)
	at org.springframework.core.type.classreading.SimpleMetadataReaderFactory.getMetadataReader(SimpleMetadataReaderFactory.java:93)
	at org.springframework.context.annotation.ConfigurationClassParser.asSourceClass(ConfigurationClassParser.java:621)
	at org.springframework.context.annotation.ConfigurationClassParser.asSourceClasses(ConfigurationClassParser.java:603)
	at org.springframework.context.annotation.ConfigurationClassParser.processDeferredImportSelectors(ConfigurationClassParser.java:455)
	at org.springframework.context.annotation.ConfigurationClassParser.parse(ConfigurationClassParser.java:186)
	at org.springframework.context.annotation.ConfigurationClassPostProcessor.processConfigBeanDefinitions(ConfigurationClassPostProcessor.java:321)
	at org.springframework.context.annotation.ConfigurationClassPostProcessor.postProcessBeanDefinitionRegistry(ConfigurationClassPostProcessor.java:243)
	at org.springframework.context.support.PostProcessorRegistrationDelegate.invokeBeanDefinitionRegistryPostProcessors(PostProcessorRegistrationDelegate.java:273)
	at org.springframework.context.support.PostProcessorRegistrationDelegate.invokeBeanFactoryPostProcessors(PostProcessorRegistrationDelegate.java:98)
	at org.springframework.context.support.AbstractApplicationContext.invokeBeanFactoryPostProcessors(AbstractApplicationContext.java:678)
	at org.springframework.context.support.AbstractApplicationContext.refresh(AbstractApplicationContext.java:520)
	at org.springframework.test.context.support.AbstractGenericContextLoader.loadContext(AbstractGenericContextLoader.java:125)
	at org.springframework.test.context.support.AbstractGenericContextLoader.loadContext(AbstractGenericContextLoader.java:60)
	at org.springframework.test.context.support.AbstractDelegatingSmartContextLoader.delegateLoading(AbstractDelegatingSmartContextLoader.java:109)
	at org.springframework.test.context.support.AbstractDelegatingSmartContextLoader.loadContext(AbstractDelegatingSmartContextLoader.java:261)
	at org.springframework.test.context.cache.DefaultCacheAwareContextLoaderDelegate.loadContextInternal(DefaultCacheAwareContextLoaderDelegate.java:98)
	at org.springframework.test.context.cache.DefaultCacheAwareContextLoaderDelegate.loadContext(DefaultCacheAwareContextLoaderDelegate.java:116)
	at org.springframework.test.context.support.DefaultTestContext.getApplicationContext(DefaultTestContext.java:83)
	at org.springframework.test.context.support.DependencyInjectionTestExecutionListener.injectDependencies(DependencyInjectionTestExecutionListener.java:117)
	at org.springframework.test.context.support.DependencyInjectionTestExecutionListener.prepareTestInstance(DependencyInjectionTestExecutionListener.java:83)
	at org.springframework.test.context.TestContextManager.prepareTestInstance(TestContextManager.java:228)
	at org.springframework.test.context.junit4.SpringJUnit4ClassRunner.createTest(SpringJUnit4ClassRunner.java:230)
	at org.springframework.test.context.junit4.SpringJUnit4ClassRunner$1.runReflectiveCall(SpringJUnit4ClassRunner.java:289)
	at org.junit.internal.runners.model.ReflectiveCallable.run(ReflectiveCallable.java:12)
	at org.springframework.test.context.junit4.SpringJUnit4ClassRunner.methodBlock(SpringJUnit4ClassRunner.java:291)
	at org.springframework.test.context.junit4.SpringJUnit4ClassRunner.runChild(SpringJUnit4ClassRunner.java:249)
	at org.springframework.test.context.junit4.SpringJUnit4ClassRunner.runChild(SpringJUnit4ClassRunner.java:89)
	at org.junit.runners.ParentRunner$3.run(ParentRunner.java:290)
	at org.junit.runners.ParentRunner$1.schedule(ParentRunner.java:71)
	at org.junit.runners.ParentRunner.runChildren(ParentRunner.java:288)
	at org.junit.runners.ParentRunner.access$000(ParentRunner.java:58)
	at org.junit.runners.ParentRunner$2.evaluate(ParentRunner.java:268)
	at org.junit.internal.runners.statements.RunBefores.evaluate(RunBefores.java:26)
	at org.springframework.test.context.junit4.statements.RunBeforeTestClassCallbacks.evaluate(RunBeforeTestClassCallbacks.java:61)
	at org.junit.internal.runners.statements.RunAfters.evaluate(RunAfters.java:27)
	at org.springframework.test.context.junit4.statements.RunAfterTestClassCallbacks.evaluate(RunAfterTestClassCallbacks.java:70)
	at org.junit.runners.ParentRunner.run(ParentRunner.java:363)
	at org.springframework.test.context.junit4.SpringJUnit4ClassRunner.run(SpringJUnit4ClassRunner.java:193)
	at org.gradle.api.internal.tasks.testing.junit.JUnitTestClassExecuter.runTestClass(JUnitTestClassExecuter.java:112)
	at org.gradle.api.internal.tasks.testing.junit.JUnitTestClassExecuter.execute(JUnitTestClassExecuter.java:56)
	at org.gradle.api.internal.tasks.testing.junit.JUnitTestClassProcessor.processTestClass(JUnitTestClassProcessor.java:66)
	at org.gradle.api.internal.tasks.testing.SuiteTestClassProcessor.processTestClass(SuiteTestClassProcessor.java:51)
	at sun.reflect.NativeMethodAccessorImpl.invoke0(Native Method)
	at sun.reflect.NativeMethodAccessorImpl.invoke(NativeMethodAccessorImpl.java:62)
	at sun.reflect.DelegatingMethodAccessorImpl.invoke(DelegatingMethodAccessorImpl.java:43)
	at java.lang.reflect.Method.invoke(Method.java:498)
	at org.gradle.messaging.dispatch.ReflectionDispatch.dispatch(ReflectionDispatch.java:35)
	at org.gradle.messaging.dispatch.ReflectionDispatch.dispatch(ReflectionDispatch.java:24)
	at org.gradle.messaging.dispatch.ContextClassLoaderDispatch.dispatch(ContextClassLoaderDispatch.java:32)
	at org.gradle.messaging.dispatch.ProxyDispatchAdapter$DispatchingInvocationHandler.invoke(ProxyDispatchAdapter.java:93)
	at com.sun.proxy.$Proxy2.processTestClass(Unknown Source)
	at org.gradle.api.internal.tasks.testing.worker.TestWorker.processTestClass(TestWorker.java:109)
	at sun.reflect.NativeMethodAccessorImpl.invoke0(Native Method)
	at sun.reflect.NativeMethodAccessorImpl.invoke(NativeMethodAccessorImpl.java:62)
	at sun.reflect.DelegatingMethodAccessorImpl.invoke(DelegatingMethodAccessorImpl.java:43)
	at java.lang.reflect.Method.invoke(Method.java:498)
	at org.gradle.messaging.dispatch.ReflectionDispatch.dispatch(ReflectionDispatch.java:35)
	at org.gradle.messaging.dispatch.ReflectionDispatch.dispatch(ReflectionDispatch.java:24)
	at org.gradle.messaging.remote.internal.hub.MessageHub$Handler.run(MessageHub.java:360)
	at org.gradle.internal.concurrent.ExecutorPolicy$CatchAndRecordFailures.onExecute(ExecutorPolicy.java:54)
	at org.gradle.internal.concurrent.StoppableExecutorImpl$1.run(StoppableExecutorImpl.java:40)
	at java.util.concurrent.ThreadPoolExecutor.runWorker(ThreadPoolExecutor.java:1142)
	at java.util.concurrent.ThreadPoolExecutor$Worker.run(ThreadPoolExecutor.java:617)
	at java.lang.Thread.run(Thread.java:745)
16:56:51.528 [Test worker] DEBUG org.springframework.core.env.PropertySourcesPropertyResolver - Searching for key 'spring.messages.basename' in [systemProperties]
16:56:51.529 [Test worker] DEBUG org.springframework.core.env.PropertySourcesPropertyResolver - Searching for key 'spring.messages.basename' in [systemEnvironment]
16:56:51.529 [Test worker] DEBUG org.springframework.core.env.PropertySourcesPropertyResolver - Could not find key 'spring.messages.basename' in any property source. Returning [null]
16:56:51.529 [Test worker] DEBUG org.springframework.core.io.support.PathMatchingResourcePatternResolver - Resolved classpath location [messages.properties] to resources []
16:56:51.530 [Test worker] DEBUG org.springframework.beans.factory.support.DefaultListableBeanFactory - Returning cached instance of singleton bean 'autoConfigurationReport'
16:56:51.536 [Test worker] DEBUG org.springframework.beans.factory.support.DefaultListableBeanFactory - Returning cached instance of singleton bean 'autoConfigurationReport'
16:56:51.538 [Test worker] DEBUG org.springframework.beans.factory.support.DefaultListableBeanFactory - Returning cached instance of singleton bean 'autoConfigurationReport'
16:56:51.540 [Test worker] DEBUG org.springframework.beans.factory.support.DefaultListableBeanFactory - Returning cached instance of singleton bean 'autoConfigurationReport'
16:56:51.540 [Test worker] DEBUG org.springframework.beans.factory.support.DefaultListableBeanFactory - Returning cached instance of singleton bean 'autoConfigurationReport'
16:56:51.543 [Test worker] DEBUG org.springframework.beans.factory.support.DefaultListableBeanFactory - Returning cached instance of singleton bean 'autoConfigurationReport'
16:56:51.543 [Test worker] DEBUG org.springframework.beans.factory.support.DefaultListableBeanFactory - Returning cached instance of singleton bean 'autoConfigurationReport'
16:56:51.544 [Test worker] DEBUG org.springframework.beans.factory.support.DefaultListableBeanFactory - Returning cached instance of singleton bean 'autoConfigurationReport'
16:56:51.544 [Test worker] DEBUG org.springframework.beans.factory.support.DefaultListableBeanFactory - Returning cached instance of singleton bean 'autoConfigurationReport'
16:56:51.544 [Test worker] DEBUG org.springframework.beans.factory.support.DefaultListableBeanFactory - Returning cached instance of singleton bean 'autoConfigurationReport'
16:56:51.544 [Test worker] DEBUG org.springframework.beans.factory.support.DefaultListableBeanFactory - Returning cached instance of singleton bean 'autoConfigurationReport'
16:56:51.544 [Test worker] DEBUG org.springframework.beans.factory.support.DefaultListableBeanFactory - Returning cached instance of singleton bean 'autoConfigurationReport'
16:56:51.545 [Test worker] DEBUG org.springframework.beans.factory.support.DefaultListableBeanFactory - Returning cached instance of singleton bean 'autoConfigurationReport'
16:56:51.548 [Test worker] DEBUG org.springframework.beans.factory.support.DefaultListableBeanFactory - Returning cached instance of singleton bean 'autoConfigurationReport'
16:56:51.548 [Test worker] DEBUG org.springframework.beans.factory.support.DefaultListableBeanFactory - Returning cached instance of singleton bean 'autoConfigurationReport'
16:56:51.551 [Test worker] DEBUG org.springframework.beans.factory.support.DefaultListableBeanFactory - Returning cached instance of singleton bean 'autoConfigurationReport'
16:56:51.551 [Test worker] DEBUG org.springframework.beans.factory.support.DefaultListableBeanFactory - Returning cached instance of singleton bean 'autoConfigurationReport'
16:56:51.553 [Test worker] DEBUG org.springframework.beans.factory.support.DefaultListableBeanFactory - Returning cached instance of singleton bean 'autoConfigurationReport'
16:56:51.553 [Test worker] DEBUG org.springframework.beans.factory.support.DefaultListableBeanFactory - Returning cached instance of singleton bean 'autoConfigurationReport'
16:56:51.555 [Test worker] DEBUG org.springframework.beans.factory.support.DefaultListableBeanFactory - Returning cached instance of singleton bean 'autoConfigurationReport'
16:56:51.555 [Test worker] DEBUG org.springframework.beans.factory.support.DefaultListableBeanFactory - Returning cached instance of singleton bean 'autoConfigurationReport'
16:56:51.560 [Test worker] DEBUG org.springframework.beans.factory.support.DefaultListableBeanFactory - Returning cached instance of singleton bean 'autoConfigurationReport'
16:56:51.561 [Test worker] DEBUG org.springframework.beans.factory.support.DefaultListableBeanFactory - Returning cached instance of singleton bean 'autoConfigurationReport'
16:56:51.561 [Test worker] DEBUG org.springframework.beans.factory.support.DefaultListableBeanFactory - Returning cached instance of singleton bean 'autoConfigurationReport'
16:56:51.561 [Test worker] DEBUG org.springframework.beans.factory.support.DefaultListableBeanFactory - Returning cached instance of singleton bean 'autoConfigurationReport'
16:56:51.573 [Test worker] DEBUG org.springframework.beans.factory.support.DefaultListableBeanFactory - Returning cached instance of singleton bean 'autoConfigurationReport'
16:56:51.575 [Test worker] DEBUG org.springframework.beans.factory.support.DefaultListableBeanFactory - Returning cached instance of singleton bean 'autoConfigurationReport'
16:56:51.576 [Test worker] DEBUG org.springframework.beans.factory.support.DefaultListableBeanFactory - Returning cached instance of singleton bean 'autoConfigurationReport'
16:56:51.576 [Test worker] DEBUG org.springframework.beans.factory.support.DefaultListableBeanFactory - Returning cached instance of singleton bean 'autoConfigurationReport'
16:56:51.577 [Test worker] DEBUG org.springframework.beans.factory.support.DefaultListableBeanFactory - Returning cached instance of singleton bean 'autoConfigurationReport'
16:56:51.581 [Test worker] DEBUG org.springframework.beans.factory.support.DefaultListableBeanFactory - Returning cached instance of singleton bean 'autoConfigurationReport'
16:56:51.587 [Test worker] DEBUG org.springframework.beans.factory.support.DefaultListableBeanFactory - Returning cached instance of singleton bean 'autoConfigurationReport'
16:56:51.595 [Test worker] DEBUG org.springframework.beans.factory.support.DefaultListableBeanFactory - Returning cached instance of singleton bean 'autoConfigurationReport'
16:56:51.596 [Test worker] DEBUG org.springframework.beans.factory.support.DefaultListableBeanFactory - Returning cached instance of singleton bean 'autoConfigurationReport'
16:56:51.596 [Test worker] DEBUG org.springframework.beans.factory.support.DefaultListableBeanFactory - Returning cached instance of singleton bean 'autoConfigurationReport'
16:56:51.598 [Test worker] DEBUG org.springframework.beans.factory.support.DefaultListableBeanFactory - Returning cached instance of singleton bean 'autoConfigurationReport'
16:56:51.600 [Test worker] DEBUG org.springframework.beans.factory.support.DefaultListableBeanFactory - Returning cached instance of singleton bean 'autoConfigurationReport'
16:56:51.605 [Test worker] DEBUG org.springframework.beans.factory.support.DefaultListableBeanFactory - Returning cached instance of singleton bean 'autoConfigurationReport'
16:56:51.605 [Test worker] DEBUG org.springframework.beans.factory.support.DefaultListableBeanFactory - Returning cached instance of singleton bean 'autoConfigurationReport'
16:56:51.606 [Test worker] DEBUG org.springframework.beans.factory.support.DefaultListableBeanFactory - Returning cached instance of singleton bean 'autoConfigurationReport'
16:56:51.606 [Test worker] DEBUG org.springframework.beans.factory.support.DefaultListableBeanFactory - Returning cached instance of singleton bean 'autoConfigurationReport'
16:56:51.607 [Test worker] DEBUG org.springframework.beans.factory.support.DefaultListableBeanFactory - Returning cached instance of singleton bean 'autoConfigurationReport'
16:56:51.608 [Test worker] DEBUG org.springframework.beans.factory.support.DefaultListableBeanFactory - Returning cached instance of singleton bean 'autoConfigurationReport'
16:56:51.608 [Test worker] DEBUG org.springframework.beans.factory.support.DefaultListableBeanFactory - Returning cached instance of singleton bean 'autoConfigurationReport'
16:56:51.613 [Test worker] DEBUG org.springframework.beans.factory.support.DefaultListableBeanFactory - Returning cached instance of singleton bean 'autoConfigurationReport'
16:56:51.630 [Test worker] DEBUG org.springframework.beans.factory.support.DefaultListableBeanFactory - Returning cached instance of singleton bean 'autoConfigurationReport'
16:56:51.633 [Test worker] DEBUG org.springframework.beans.factory.support.DefaultListableBeanFactory - Returning cached instance of singleton bean 'autoConfigurationReport'
16:56:51.634 [Test worker] DEBUG org.springframework.beans.factory.support.DefaultListableBeanFactory - Returning cached instance of singleton bean 'autoConfigurationReport'
16:56:51.635 [Test worker] DEBUG org.springframework.beans.factory.support.DefaultListableBeanFactory - Returning cached instance of singleton bean 'autoConfigurationReport'
16:56:51.635 [Test worker] DEBUG org.springframework.beans.factory.support.DefaultListableBeanFactory - Returning cached instance of singleton bean 'autoConfigurationReport'
16:56:51.635 [Test worker] DEBUG org.springframework.beans.factory.support.DefaultListableBeanFactory - Returning cached instance of singleton bean 'autoConfigurationReport'
16:56:51.637 [Test worker] DEBUG org.springframework.beans.factory.support.DefaultListableBeanFactory - Returning cached instance of singleton bean 'autoConfigurationReport'
16:56:51.637 [Test worker] DEBUG org.springframework.beans.factory.support.DefaultListableBeanFactory - Returning cached instance of singleton bean 'autoConfigurationReport'
16:56:51.638 [Test worker] DEBUG org.springframework.beans.factory.support.DefaultListableBeanFactory - Returning cached instance of singleton bean 'autoConfigurationReport'
16:56:51.641 [Test worker] DEBUG org.springframework.beans.factory.support.DefaultListableBeanFactory - Returning cached instance of singleton bean 'autoConfigurationReport'
16:56:51.642 [Test worker] DEBUG org.springframework.beans.factory.support.DefaultListableBeanFactory - Returning cached instance of singleton bean 'autoConfigurationReport'
16:56:51.644 [Test worker] DEBUG org.springframework.beans.factory.support.DefaultListableBeanFactory - Returning cached instance of singleton bean 'autoConfigurationReport'
16:56:51.644 [Test worker] DEBUG org.springframework.beans.factory.support.DefaultListableBeanFactory - Returning cached instance of singleton bean 'autoConfigurationReport'
16:56:51.647 [Test worker] DEBUG org.springframework.beans.factory.support.DefaultListableBeanFactory - Returning cached instance of singleton bean 'autoConfigurationReport'
16:56:51.647 [Test worker] DEBUG org.springframework.beans.factory.support.DefaultListableBeanFactory - Returning cached instance of singleton bean 'autoConfigurationReport'
16:56:51.649 [Test worker] DEBUG org.springframework.beans.factory.support.DefaultListableBeanFactory - Returning cached instance of singleton bean 'autoConfigurationReport'
16:56:51.650 [Test worker] DEBUG org.springframework.beans.factory.support.DefaultListableBeanFactory - Returning cached instance of singleton bean 'autoConfigurationReport'
16:56:51.650 [Test worker] DEBUG org.springframework.beans.factory.support.DefaultListableBeanFactory - Returning cached instance of singleton bean 'autoConfigurationReport'
16:56:51.651 [Test worker] DEBUG org.springframework.beans.factory.support.DefaultListableBeanFactory - Returning cached instance of singleton bean 'autoConfigurationReport'
16:56:51.652 [Test worker] DEBUG org.springframework.beans.factory.support.DefaultListableBeanFactory - Returning cached instance of singleton bean 'autoConfigurationReport'
16:56:51.653 [Test worker] DEBUG org.springframework.beans.factory.support.DefaultListableBeanFactory - Returning cached instance of singleton bean 'autoConfigurationReport'
16:56:51.653 [Test worker] DEBUG org.springframework.beans.factory.support.DefaultListableBeanFactory - Returning cached instance of singleton bean 'autoConfigurationReport'
16:56:51.654 [Test worker] DEBUG org.springframework.beans.factory.support.DefaultListableBeanFactory - Returning cached instance of singleton bean 'autoConfigurationReport'
16:56:51.660 [Test worker] DEBUG org.springframework.beans.factory.support.DefaultListableBeanFactory - Returning cached instance of singleton bean 'autoConfigurationReport'
16:56:51.661 [Test worker] DEBUG org.springframework.beans.factory.support.DefaultListableBeanFactory - Returning cached instance of singleton bean 'autoConfigurationReport'
16:56:51.662 [Test worker] DEBUG org.springframework.beans.factory.support.DefaultListableBeanFactory - Returning cached instance of singleton bean 'autoConfigurationReport'
16:56:51.662 [Test worker] DEBUG org.springframework.beans.factory.support.DefaultListableBeanFactory - Returning cached instance of singleton bean 'autoConfigurationReport'
16:56:51.663 [Test worker] DEBUG org.springframework.beans.factory.support.DefaultListableBeanFactory - Returning cached instance of singleton bean 'autoConfigurationReport'
16:56:51.667 [Test worker] DEBUG org.springframework.beans.factory.support.DefaultListableBeanFactory - Returning cached instance of singleton bean 'autoConfigurationReport'
16:56:51.671 [Test worker] DEBUG org.springframework.beans.factory.support.DefaultListableBeanFactory - Returning cached instance of singleton bean 'autoConfigurationReport'
16:56:51.674 [Test worker] DEBUG org.springframework.beans.factory.support.DefaultListableBeanFactory - Returning cached instance of singleton bean 'autoConfigurationReport'
16:56:51.674 [Test worker] DEBUG org.springframework.beans.factory.support.DefaultListableBeanFactory - Returning cached instance of singleton bean 'autoConfigurationReport'
16:56:51.675 [Test worker] DEBUG org.springframework.beans.factory.support.DefaultListableBeanFactory - Returning cached instance of singleton bean 'autoConfigurationReport'
16:56:51.676 [Test worker] DEBUG org.springframework.beans.factory.support.DefaultListableBeanFactory - Returning cached instance of singleton bean 'autoConfigurationReport'
16:56:51.677 [Test worker] DEBUG org.springframework.beans.factory.support.DefaultListableBeanFactory - Returning cached instance of singleton bean 'autoConfigurationReport'
16:56:51.680 [Test worker] DEBUG org.springframework.beans.factory.support.DefaultListableBeanFactory - Returning cached instance of singleton bean 'autoConfigurationReport'
16:56:51.680 [Test worker] DEBUG org.springframework.beans.factory.support.DefaultListableBeanFactory - Returning cached instance of singleton bean 'autoConfigurationReport'
16:56:51.681 [Test worker] DEBUG org.springframework.beans.factory.support.DefaultListableBeanFactory - Returning cached instance of singleton bean 'autoConfigurationReport'
16:56:51.682 [Test worker] DEBUG org.springframework.beans.factory.support.DefaultListableBeanFactory - Returning cached instance of singleton bean 'autoConfigurationReport'
16:56:51.682 [Test worker] DEBUG org.springframework.beans.factory.support.DefaultListableBeanFactory - Returning cached instance of singleton bean 'autoConfigurationReport'
16:56:51.683 [Test worker] DEBUG org.springframework.beans.factory.support.DefaultListableBeanFactory - Returning cached instance of singleton bean 'autoConfigurationReport'
16:56:51.684 [Test worker] DEBUG org.springframework.beans.factory.support.DefaultListableBeanFactory - Returning cached instance of singleton bean 'autoConfigurationReport'
16:56:51.684 [Test worker] DEBUG org.springframework.beans.factory.support.DefaultListableBeanFactory - Returning cached instance of singleton bean 'autoConfigurationReport'
16:56:51.684 [Test worker] DEBUG org.springframework.beans.factory.support.DefaultListableBeanFactory - Returning cached instance of singleton bean 'autoConfigurationReport'
16:56:51.685 [Test worker] DEBUG org.springframework.beans.factory.support.DefaultListableBeanFactory - Returning cached instance of singleton bean 'autoConfigurationReport'
16:56:51.685 [Test worker] DEBUG org.springframework.beans.factory.support.DefaultListableBeanFactory - Returning cached instance of singleton bean 'autoConfigurationReport'
16:56:51.686 [Test worker] DEBUG org.springframework.beans.factory.support.DefaultListableBeanFactory - Returning cached instance of singleton bean 'autoConfigurationReport'
16:56:51.687 [Test worker] DEBUG org.springframework.beans.factory.support.DefaultListableBeanFactory - Returning cached instance of singleton bean 'autoConfigurationReport'
16:56:51.687 [Test worker] DEBUG org.springframework.beans.factory.support.DefaultListableBeanFactory - Returning cached instance of singleton bean 'autoConfigurationReport'
16:56:51.688 [Test worker] DEBUG org.springframework.beans.factory.support.DefaultListableBeanFactory - Returning cached instance of singleton bean 'autoConfigurationReport'
16:56:51.688 [Test worker] DEBUG org.springframework.beans.factory.support.DefaultListableBeanFactory - Returning cached instance of singleton bean 'autoConfigurationReport'
16:56:51.688 [Test worker] DEBUG org.springframework.beans.factory.support.DefaultListableBeanFactory - Returning cached instance of singleton bean 'autoConfigurationReport'
16:56:51.689 [Test worker] DEBUG org.springframework.beans.factory.support.DefaultListableBeanFactory - Returning cached instance of singleton bean 'autoConfigurationReport'
16:56:51.698 [Test worker] DEBUG org.springframework.beans.factory.support.DefaultListableBeanFactory - Returning cached instance of singleton bean 'autoConfigurationReport'
16:56:51.698 [Test worker] DEBUG org.springframework.beans.factory.support.DefaultListableBeanFactory - Returning cached instance of singleton bean 'autoConfigurationReport'
16:56:51.699 [Test worker] DEBUG org.springframework.beans.factory.support.DefaultListableBeanFactory - Returning cached instance of singleton bean 'autoConfigurationReport'
16:56:51.699 [Test worker] DEBUG org.springframework.beans.factory.support.DefaultListableBeanFactory - Returning cached instance of singleton bean 'autoConfigurationReport'
16:56:51.700 [Test worker] DEBUG org.springframework.beans.factory.support.DefaultListableBeanFactory - Returning cached instance of singleton bean 'autoConfigurationReport'
16:56:51.700 [Test worker] DEBUG org.springframework.beans.factory.support.DefaultListableBeanFactory - Returning cached instance of singleton bean 'autoConfigurationReport'
16:56:51.700 [Test worker] DEBUG org.springframework.beans.factory.support.DefaultListableBeanFactory - Returning cached instance of singleton bean 'autoConfigurationReport'
16:56:51.701 [Test worker] DEBUG org.springframework.beans.factory.support.DefaultListableBeanFactory - Returning cached instance of singleton bean 'autoConfigurationReport'
16:56:51.702 [Test worker] DEBUG org.springframework.beans.factory.support.DefaultListableBeanFactory - Returning cached instance of singleton bean 'autoConfigurationReport'
16:56:51.702 [Test worker] DEBUG org.springframework.beans.factory.support.DefaultListableBeanFactory - Returning cached instance of singleton bean 'autoConfigurationReport'
16:56:51.703 [Test worker] DEBUG org.springframework.beans.factory.support.DefaultListableBeanFactory - Returning cached instance of singleton bean 'autoConfigurationReport'
16:56:51.703 [Test worker] DEBUG org.springframework.beans.factory.support.DefaultListableBeanFactory - Returning cached instance of singleton bean 'autoConfigurationReport'
16:56:51.704 [Test worker] DEBUG org.springframework.beans.factory.support.DefaultListableBeanFactory - Returning cached instance of singleton bean 'autoConfigurationReport'
16:56:51.704 [Test worker] DEBUG org.springframework.beans.factory.support.DefaultListableBeanFactory - Returning cached instance of singleton bean 'autoConfigurationReport'
16:56:51.704 [Test worker] DEBUG org.springframework.beans.factory.support.DefaultListableBeanFactory - Returning cached instance of singleton bean 'autoConfigurationReport'
16:56:51.705 [Test worker] DEBUG org.springframework.beans.factory.support.DefaultListableBeanFactory - Returning cached instance of singleton bean 'autoConfigurationReport'
16:56:51.706 [Test worker] DEBUG org.springframework.beans.factory.support.DefaultListableBeanFactory - Returning cached instance of singleton bean 'autoConfigurationReport'
16:56:51.706 [Test worker] DEBUG org.springframework.beans.factory.support.DefaultListableBeanFactory - Returning cached instance of singleton bean 'autoConfigurationReport'
16:56:51.706 [Test worker] DEBUG org.springframework.beans.factory.support.DefaultListableBeanFactory - Returning cached instance of singleton bean 'autoConfigurationReport'
16:56:51.707 [Test worker] DEBUG org.springframework.beans.factory.support.DefaultListableBeanFactory - Returning cached instance of singleton bean 'autoConfigurationReport'
16:56:51.707 [Test worker] DEBUG org.springframework.beans.factory.support.DefaultListableBeanFactory - Returning cached instance of singleton bean 'autoConfigurationReport'
16:56:51.708 [Test worker] DEBUG org.springframework.beans.factory.support.DefaultListableBeanFactory - Returning cached instance of singleton bean 'autoConfigurationReport'
16:56:51.708 [Test worker] DEBUG org.springframework.beans.factory.support.DefaultListableBeanFactory - Returning cached instance of singleton bean 'autoConfigurationReport'
16:56:51.709 [Test worker] DEBUG org.springframework.beans.factory.support.DefaultListableBeanFactory - Returning cached instance of singleton bean 'autoConfigurationReport'
16:56:51.710 [Test worker] DEBUG org.springframework.beans.factory.support.DefaultListableBeanFactory - Returning cached instance of singleton bean 'autoConfigurationReport'
16:56:51.712 [Test worker] DEBUG org.springframework.beans.factory.support.DefaultListableBeanFactory - Returning cached instance of singleton bean 'autoConfigurationReport'
16:56:51.713 [Test worker] DEBUG org.springframework.beans.factory.support.DefaultListableBeanFactory - Returning cached instance of singleton bean 'autoConfigurationReport'
16:56:51.714 [Test worker] DEBUG org.springframework.beans.factory.support.DefaultListableBeanFactory - Returning cached instance of singleton bean 'autoConfigurationReport'
16:56:51.717 [Test worker] DEBUG org.springframework.beans.factory.support.DefaultListableBeanFactory - Returning cached instance of singleton bean 'autoConfigurationReport'
16:56:51.717 [Test worker] DEBUG org.springframework.beans.factory.support.DefaultListableBeanFactory - Returning cached instance of singleton bean 'autoConfigurationReport'
16:56:51.720 [Test worker] DEBUG org.springframework.beans.factory.support.DefaultListableBeanFactory - Returning cached instance of singleton bean 'autoConfigurationReport'
16:56:51.721 [Test worker] DEBUG org.springframework.beans.factory.support.DefaultListableBeanFactory - Returning cached instance of singleton bean 'autoConfigurationReport'
16:56:51.725 [Test worker] DEBUG org.springframework.core.env.StandardEnvironment - Adding [systemProperties] PropertySource with lowest search precedence
16:56:51.726 [Test worker] DEBUG org.springframework.core.env.StandardEnvironment - Adding [systemEnvironment] PropertySource with lowest search precedence
16:56:51.726 [Test worker] DEBUG org.springframework.core.env.StandardEnvironment - Initialized StandardEnvironment with PropertySources [systemProperties,systemEnvironment]
16:56:51.729 [Test worker] INFO org.springframework.beans.factory.xml.XmlBeanDefinitionReader - Loading XML bean definitions from class path resource [TestApplicationContext.xml]
16:56:51.746 [Test worker] DEBUG org.springframework.beans.factory.xml.DefaultDocumentLoader - Using JAXP provider [com.sun.org.apache.xerces.internal.jaxp.DocumentBuilderFactoryImpl]
16:56:51.768 [Test worker] DEBUG org.springframework.beans.factory.xml.PluggableSchemaResolver - Loading schema mappings from [META-INF/spring.schemas]
16:56:51.769 [Test worker] DEBUG org.springframework.beans.factory.xml.PluggableSchemaResolver - Loaded schema mappings: {http://www.springframework.org/schema/tx/spring-tx-2.5.xsd=org/springframework/transaction/config/spring-tx-2.5.xsd, http://www.springframework.org/schema/cache/spring-cache-4.2.xsd=org/springframework/cache/config/spring-cache-4.2.xsd, http://www.springframework.org/schema/aop/spring-aop-4.1.xsd=org/springframework/aop/config/spring-aop-4.1.xsd, http://www.springframework.org/schema/context/spring-context-3.1.xsd=org/springframework/context/config/spring-context-3.1.xsd, http://www.springframework.org/schema/data/repository/spring-repository-1.4.xsd=org/springframework/data/repository/config/spring-repository-1.4.xsd, http://www.springframework.org/schema/jdbc/spring-jdbc-4.1.xsd=org/springframework/jdbc/config/spring-jdbc-4.1.xsd, http://www.springframework.org/schema/util/spring-util-3.0.xsd=org/springframework/beans/factory/xml/spring-util-3.0.xsd, http://www.springframework.org/schema/mvc/spring-mvc-4.1.xsd=org/springframework/web/servlet/config/spring-mvc-4.1.xsd, http://www.springframework.org/schema/data/jpa/spring-jpa.xsd=org/springframework/data/jpa/repository/config/spring-jpa-1.8.xsd, http://www.springframework.org/schema/tool/spring-tool.xsd=org/springframework/beans/factory/xml/spring-tool-4.2.xsd, http://www.springframework.org/schema/aop/spring-aop-3.2.xsd=org/springframework/aop/config/spring-aop-3.2.xsd, http://www.springframework.org/schema/lang/spring-lang-4.1.xsd=org/springframework/scripting/config/spring-lang-4.1.xsd, http://www.springframework.org/schema/context/spring-context-4.0.xsd=org/springframework/context/config/spring-context-4.0.xsd, http://www.springframework.org/schema/mvc/spring-mvc-3.2.xsd=org/springframework/web/servlet/config/spring-mvc-3.2.xsd, http://www.springframework.org/schema/beans/spring-beans-4.2.xsd=org/springframework/beans/factory/xml/spring-beans-4.2.xsd, http://www.springframework.org/schema/tool/spring-tool-4.1.xsd=org/springframework/beans/factory/xml/spring-tool-4.1.xsd, http://www.springframework.org/schema/lang/spring-lang-3.2.xsd=org/springframework/scripting/config/spring-lang-3.2.xsd, http://www.springframework.org/schema/cache/spring-cache-3.2.xsd=org/springframework/cache/config/spring-cache-3.2.xsd, http://www.springframework.org/schema/jee/spring-jee-4.1.xsd=org/springframework/ejb/config/spring-jee-4.1.xsd, http://www.springframework.org/schema/jdbc/spring-jdbc-3.1.xsd=org/springframework/jdbc/config/spring-jdbc-3.1.xsd, http://www.springframework.org/schema/util/spring-util-2.0.xsd=org/springframework/beans/factory/xml/spring-util-2.0.xsd, http://www.springframework.org/schema/task/spring-task-4.2.xsd=org/springframework/scheduling/config/spring-task-4.2.xsd, http://www.springframework.org/schema/tool/spring-tool-3.2.xsd=org/springframework/beans/factory/xml/spring-tool-3.2.xsd, http://www.springframework.org/schema/context/spring-context.xsd=org/springframework/context/config/spring-context-4.2.xsd, http://www.springframework.org/schema/tx/spring-tx-4.2.xsd=org/springframework/transaction/config/spring-tx-4.2.xsd, http://www.springframework.org/schema/cache/spring-cache-4.1.xsd=org/springframework/cache/config/spring-cache-4.1.xsd, http://www.springframework.org/schema/aop/spring-aop-4.0.xsd=org/springframework/aop/config/spring-aop-4.0.xsd, http://www.springframework.org/schema/jee/spring-jee-3.2.xsd=org/springframework/ejb/config/spring-jee-3.2.xsd, http://www.springframework.org/schema/context/spring-context-3.0.xsd=org/springframework/context/config/spring-context-3.0.xsd, http://www.springframework.org/schema/jdbc/spring-jdbc-4.0.xsd=org/springframework/jdbc/config/spring-jdbc-4.0.xsd, http://www.springframework.org/schema/util/spring-util-2.5.xsd=org/springframework/beans/factory/xml/spring-util-2.5.xsd, http://www.springframework.org/schema/mvc/spring-mvc-4.0.xsd=org/springframework/web/servlet/config/spring-mvc-4.0.xsd, http://www.springframework.org/schema/beans/spring-beans-3.2.xsd=org/springframework/beans/factory/xml/spring-beans-3.2.xsd, http://www.springframework.org/schema/aop/spring-aop-3.1.xsd=org/springframework/aop/config/spring-aop-3.1.xsd, http://www.springframework.org/schema/lang/spring-lang-4.0.xsd=org/springframework/scripting/config/spring-lang-4.0.xsd, http://www.springframework.org/schema/data/repository/spring-repository-1.8.xsd=org/springframework/data/repository/config/spring-repository-1.8.xsd, http://www.springframework.org/schema/mvc/spring-mvc.xsd=org/springframework/web/servlet/config/spring-mvc-4.2.xsd, http://www.springframework.org/schema/mvc/spring-mvc-3.1.xsd=org/springframework/web/servlet/config/spring-mvc-3.1.xsd, http://www.springframework.org/schema/beans/spring-beans-4.1.xsd=org/springframework/beans/factory/xml/spring-beans-4.1.xsd, http://www.springframework.org/schema/tool/spring-tool-4.0.xsd=org/springframework/beans/factory/xml/spring-tool-4.0.xsd, http://www.springframework.org/schema/tx/spring-tx-3.2.xsd=org/springframework/transaction/config/spring-tx-3.2.xsd, http://www.springframework.org/schema/lang/spring-lang-3.1.xsd=org/springframework/scripting/config/spring-lang-3.1.xsd, http://www.springframework.org/schema/cache/spring-cache-3.1.xsd=org/springframework/cache/config/spring-cache-3.1.xsd, http://www.springframework.org/schema/jee/spring-jee-4.0.xsd=org/springframework/ejb/config/spring-jee-4.0.xsd, http://www.springframework.org/schema/jdbc/spring-jdbc-3.0.xsd=org/springframework/jdbc/config/spring-jdbc-3.0.xsd, http://www.springframework.org/schema/task/spring-task-4.1.xsd=org/springframework/scheduling/config/spring-task-4.1.xsd, http://www.springframework.org/schema/tool/spring-tool-3.1.xsd=org/springframework/beans/factory/xml/spring-tool-3.1.xsd, http://www.springframework.org/schema/jdbc/spring-jdbc.xsd=org/springframework/jdbc/config/spring-jdbc-4.2.xsd, http://www.springframework.org/schema/tx/spring-tx-4.1.xsd=org/springframework/transaction/config/spring-tx-4.1.xsd, http://www.springframework.org/schema/cache/spring-cache-4.0.xsd=org/springframework/cache/config/spring-cache-4.0.xsd, http://www.springframework.org/schema/jee/spring-jee-3.1.xsd=org/springframework/ejb/config/spring-jee-3.1.xsd, http://www.springframework.org/schema/util/spring-util-4.2.xsd=org/springframework/beans/factory/xml/spring-util-4.2.xsd, http://www.springframework.org/schema/task/spring-task-3.2.xsd=org/springframework/scheduling/config/spring-task-3.2.xsd, http://www.springframework.org/schema/beans/spring-beans-3.1.xsd=org/springframework/beans/factory/xml/spring-beans-3.1.xsd, http://www.springframework.org/schema/util/spring-util.xsd=org/springframework/beans/factory/xml/spring-util-4.2.xsd, http://www.springframework.org/schema/data/jpa/spring-jpa-1.3.xsd=org/springframework/data/jpa/repository/config/spring-jpa-1.3.xsd, http://www.springframework.org/schema/aop/spring-aop-3.0.xsd=org/springframework/aop/config/spring-aop-3.0.xsd, http://www.springframework.org/schema/data/repository/spring-repository.xsd=org/springframework/data/repository/config/spring-repository-1.11.xsd, http://www.springframework.org/schema/data/repository/spring-repository-1.7.xsd=org/springframework/data/repository/config/spring-repository-1.7.xsd, http://www.springframework.org/schema/mvc/spring-mvc-3.0.xsd=org/springframework/web/servlet/config/spring-mvc-3.0.xsd, http://www.springframework.org/schema/beans/spring-beans-4.0.xsd=org/springframework/beans/factory/xml/spring-beans-4.0.xsd, http://www.springframework.org/schema/beans/spring-beans.xsd=org/springframework/beans/factory/xml/spring-beans-4.2.xsd, http://www.springframework.org/schema/data/jpa/spring-jpa-1.8.xsd=org/springframework/data/jpa/repository/config/spring-jpa-1.8.xsd, http://www.springframework.org/schema/tx/spring-tx-3.1.xsd=org/springframework/transaction/config/spring-tx-3.1.xsd, http://www.springframework.org/schema/lang/spring-lang-3.0.xsd=org/springframework/scripting/config/spring-lang-3.0.xsd, http://www.springframework.org/schema/context/spring-context-2.5.xsd=org/springframework/context/config/spring-context-2.5.xsd, http://www.springframework.org/schema/task/spring-task-4.0.xsd=org/springframework/scheduling/config/spring-task-4.0.xsd, http://www.springframework.org/schema/tool/spring-tool-3.0.xsd=org/springframework/beans/factory/xml/spring-tool-3.0.xsd, http://www.springframework.org/schema/tx/spring-tx-4.0.xsd=org/springframework/transaction/config/spring-tx-4.0.xsd, http://www.springframework.org/schema/aop/spring-aop-2.0.xsd=org/springframework/aop/config/spring-aop-2.0.xsd, http://www.springframework.org/schema/jee/spring-jee-3.0.xsd=org/springframework/ejb/config/spring-jee-3.0.xsd, http://www.springframework.org/schema/util/spring-util-4.1.xsd=org/springframework/beans/factory/xml/spring-util-4.1.xsd, http://www.springframework.org/schema/task/spring-task-3.1.xsd=org/springframework/scheduling/config/spring-task-3.1.xsd, http://www.springframework.org/schema/beans/spring-beans-3.0.xsd=org/springframework/beans/factory/xml/spring-beans-3.0.xsd, http://www.springframework.org/schema/data/jpa/spring-jpa-1.2.xsd=org/springframework/data/jpa/repository/config/spring-jpa-1.2.xsd, http://www.springframework.org/schema/jee/spring-jee.xsd=org/springframework/ejb/config/spring-jee-4.2.xsd, http://www.springframework.org/schema/aop/spring-aop-2.5.xsd=org/springframework/aop/config/spring-aop-2.5.xsd, http://www.springframework.org/schema/lang/spring-lang-2.0.xsd=org/springframework/scripting/config/spring-lang-2.0.xsd, http://www.springframework.org/schema/data/repository/spring-repository-1.6.xsd=org/springframework/data/repository/config/spring-repository-1.6.xsd, http://www.springframework.org/schema/util/spring-util-3.2.xsd=org/springframework/beans/factory/xml/spring-util-3.2.xsd, http://www.springframework.org/schema/task/spring-task.xsd=org/springframework/scheduling/config/spring-task-4.2.xsd, http://www.springframework.org/schema/tool/spring-tool-2.0.xsd=org/springframework/beans/factory/xml/spring-tool-2.0.xsd, http://www.springframework.org/schema/tx/spring-tx-3.0.xsd=org/springframework/transaction/config/spring-tx-3.0.xsd, http://www.springframework.org/schema/lang/spring-lang-2.5.xsd=org/springframework/scripting/config/spring-lang-2.5.xsd, http://www.springframework.org/schema/context/spring-context-4.2.xsd=org/springframework/context/config/spring-context-4.2.xsd, http://www.springframework.org/schema/jee/spring-jee-2.0.xsd=org/springframework/ejb/config/spring-jee-2.0.xsd, http://www.springframework.org/schema/tool/spring-tool-2.5.xsd=org/springframework/beans/factory/xml/spring-tool-2.5.xsd, http://www.springframework.org/schema/jee/spring-jee-2.5.xsd=org/springframework/ejb/config/spring-jee-2.5.xsd, http://www.springframework.org/schema/data/repository/spring-repository-1.0.xsd=org/springframework/data/repository/config/spring-repository-1.0.xsd, http://www.springframework.org/schema/util/spring-util-4.0.xsd=org/springframework/beans/factory/xml/spring-util-4.0.xsd, http://www.springframework.org/schema/task/spring-task-3.0.xsd=org/springframework/scheduling/config/spring-task-3.0.xsd, http://www.springframework.org/schema/data/jpa/spring-jpa-1.1.xsd=org/springframework/data/jpa/repository/config/spring-jpa-1.1.xsd, http://www.springframework.org/schema/aop/spring-aop-4.2.xsd=org/springframework/aop/config/spring-aop-4.2.xsd, http://www.springframework.org/schema/lang/spring-lang.xsd=org/springframework/scripting/config/spring-lang-4.2.xsd, http://www.springframework.org/schema/context/spring-context-3.2.xsd=org/springframework/context/config/spring-context-3.2.xsd, http://www.springframework.org/schema/jdbc/spring-jdbc-4.2.xsd=org/springframework/jdbc/config/spring-jdbc-4.2.xsd, http://www.springframework.org/schema/data/repository/spring-repository-1.5.xsd=org/springframework/data/repository/config/spring-repository-1.5.xsd, http://www.springframework.org/schema/util/spring-util-3.1.xsd=org/springframework/beans/factory/xml/spring-util-3.1.xsd, http://www.springframework.org/schema/mvc/spring-mvc-4.2.xsd=org/springframework/web/servlet/config/spring-mvc-4.2.xsd, http://www.springframework.org/schema/beans/spring-beans-2.0.xsd=org/springframework/beans/factory/xml/spring-beans-2.0.xsd, http://www.springframework.org/schema/cache/spring-cache.xsd=org/springframework/cache/config/spring-cache-4.2.xsd, http://www.springframework.org/schema/tx/spring-tx.xsd=org/springframework/transaction/config/spring-tx-4.2.xsd, http://www.springframework.org/schema/lang/spring-lang-4.2.xsd=org/springframework/scripting/config/spring-lang-4.2.xsd, http://www.springframework.org/schema/context/spring-context-4.1.xsd=org/springframework/context/config/spring-context-4.1.xsd, http://www.springframework.org/schema/beans/spring-beans-2.5.xsd=org/springframework/beans/factory/xml/spring-beans-2.5.xsd, http://www.springframework.org/schema/tool/spring-tool-4.2.xsd=org/springframework/beans/factory/xml/spring-tool-4.2.xsd, http://www.springframework.org/schema/tx/spring-tx-2.0.xsd=org/springframework/transaction/config/spring-tx-2.0.xsd, http://www.springframework.org/schema/data/repository/spring-repository-1.11.xsd=org/springframework/data/repository/config/spring-repository-1.11.xsd, http://www.springframework.org/schema/jee/spring-jee-4.2.xsd=org/springframework/ejb/config/spring-jee-4.2.xsd, http://www.springframework.org/schema/jdbc/spring-jdbc-3.2.xsd=org/springframework/jdbc/config/spring-jdbc-3.2.xsd, http://www.springframework.org/schema/aop/spring-aop.xsd=org/springframework/aop/config/spring-aop-4.2.xsd, http://www.springframework.org/schema/data/jpa/spring-jpa-1.0.xsd=org/springframework/data/jpa/repository/config/spring-jpa-1.0.xsd}
16:56:51.770 [Test worker] DEBUG org.springframework.beans.factory.xml.PluggableSchemaResolver - Found XML schema [http://www.springframework.org/schema/beans/spring-beans-3.0.xsd] in classpath: org/springframework/beans/factory/xml/spring-beans-3.0.xsd
16:56:51.796 [Test worker] DEBUG org.springframework.beans.factory.xml.PluggableSchemaResolver - Found XML schema [http://www.springframework.org/schema/tx/spring-tx.xsd] in classpath: org/springframework/transaction/config/spring-tx-4.2.xsd
16:56:51.799 [Test worker] DEBUG org.springframework.beans.factory.xml.PluggableSchemaResolver - Found XML schema [http://www.springframework.org/schema/tool/spring-tool-4.2.xsd] in classpath: org/springframework/beans/factory/xml/spring-tool-4.2.xsd
16:56:51.802 [Test worker] DEBUG org.springframework.beans.factory.xml.PluggableSchemaResolver - Found XML schema [http://www.springframework.org/schema/context/spring-context-3.0.xsd] in classpath: org/springframework/context/config/spring-context-3.0.xsd
16:56:51.809 [Test worker] DEBUG org.springframework.beans.factory.xml.DefaultBeanDefinitionDocumentReader - Loading bean definitions
16:56:51.820 [Test worker] DEBUG org.springframework.beans.factory.xml.DefaultNamespaceHandlerResolver - Loaded NamespaceHandler mappings: {http://www.springframework.org/schema/p=org.springframework.beans.factory.xml.SimplePropertyNamespaceHandler, http://www.springframework.org/schema/mvc=org.springframework.web.servlet.config.MvcNamespaceHandler, http://www.springframework.org/schema/util=org.springframework.beans.factory.xml.UtilNamespaceHandler, http://www.springframework.org/schema/jee=org.springframework.ejb.config.JeeNamespaceHandler, http://www.springframework.org/schema/aop=org.springframework.aop.config.AopNamespaceHandler, http://www.springframework.org/schema/jdbc=org.springframework.jdbc.config.JdbcNamespaceHandler, http://www.springframework.org/schema/data/repository=org.springframework.data.repository.config.RepositoryNameSpaceHandler, http://www.springframework.org/schema/data/jpa=org.springframework.data.jpa.repository.config.JpaRepositoryNameSpaceHandler, http://www.springframework.org/schema/cache=org.springframework.cache.config.CacheNamespaceHandler, http://www.springframework.org/schema/c=org.springframework.beans.factory.xml.SimpleConstructorNamespaceHandler, http://www.springframework.org/schema/tx=org.springframework.transaction.config.TxNamespaceHandler, http://www.springframework.org/schema/task=org.springframework.scheduling.config.TaskNamespaceHandler, http://www.springframework.org/schema/lang=org.springframework.scripting.config.LangNamespaceHandler, http://www.springframework.org/schema/data/keyvalue=org.springframework.data.keyvalue.repository.config.KeyValueRepositoryNameSpaceHandler, http://www.springframework.org/schema/context=org.springframework.context.config.ContextNamespaceHandler}
16:56:51.828 [Test worker] DEBUG org.springframework.beans.factory.xml.BeanDefinitionParserDelegate - No XML 'id' specified - using 'transactionManager' as bean name and [] as aliases
16:56:51.832 [Test worker] DEBUG org.springframework.beans.factory.xml.XmlBeanDefinitionReader - Loaded 8 bean definitions from location pattern [classpath:TestApplicationContext.xml]
16:56:51.836 [Test worker] DEBUG org.springframework.core.env.StandardEnvironment - Adding [systemProperties] PropertySource with lowest search precedence
16:56:51.836 [Test worker] DEBUG org.springframework.core.env.StandardEnvironment - Adding [systemEnvironment] PropertySource with lowest search precedence
16:56:51.836 [Test worker] DEBUG org.springframework.core.env.StandardEnvironment - Initialized StandardEnvironment with PropertySources [systemProperties,systemEnvironment]
16:56:51.837 [Test worker] DEBUG org.springframework.core.io.support.PathMatchingResourcePatternResolver - Resolved classpath location [org/springframework/data/] to resources [URL [jar:file:/K:/JavaSW/Downloads/gradle-2.12-all/gradle-2.12/caches/modules-2/files-2.1/org.springframework.data/spring-data-jpa/1.9.4.RELEASE/80b83510e67aa085b7d91d2d096d90133ec995de/spring-data-jpa-1.9.4.RELEASE.jar!/org/springframework/data/], URL [jar:file:/K:/JavaSW/Downloads/gradle-2.12-all/gradle-2.12/caches/modules-2/files-2.1/org.springframework.data/spring-data-commons/1.11.4.RELEASE/c2b1fd4dbf7dff772d6124bb35892759e8bf088e/spring-data-commons-1.11.4.RELEASE.jar!/org/springframework/data/]]
16:56:51.837 [Test worker] DEBUG org.springframework.core.io.support.PathMatchingResourcePatternResolver - Looking for matching resources in jar file [file:/K:/JavaSW/Downloads/gradle-2.12-all/gradle-2.12/caches/modules-2/files-2.1/org.springframework.data/spring-data-jpa/1.9.4.RELEASE/80b83510e67aa085b7d91d2d096d90133ec995de/spring-data-jpa-1.9.4.RELEASE.jar]
16:56:51.840 [Test worker] DEBUG org.springframework.core.io.support.PathMatchingResourcePatternResolver - Looking for matching resources in jar file [file:/K:/JavaSW/Downloads/gradle-2.12-all/gradle-2.12/caches/modules-2/files-2.1/org.springframework.data/spring-data-commons/1.11.4.RELEASE/c2b1fd4dbf7dff772d6124bb35892759e8bf088e/spring-data-commons-1.11.4.RELEASE.jar]
16:56:51.843 [Test worker] DEBUG org.springframework.core.io.support.PathMatchingResourcePatternResolver - Resolved location pattern [classpath*:org/springframework/data/**/repository/support/**/*.class] to resources [URL [jar:file:/K:/JavaSW/Downloads/gradle-2.12-all/gradle-2.12/caches/modules-2/files-2.1/org.springframework.data/spring-data-jpa/1.9.4.RELEASE/80b83510e67aa085b7d91d2d096d90133ec995de/spring-data-jpa-1.9.4.RELEASE.jar!/org/springframework/data/jpa/repository/support/Querydsl$1.class], URL [jar:file:/K:/JavaSW/Downloads/gradle-2.12-all/gradle-2.12/caches/modules-2/files-2.1/org.springframework.data/spring-data-jpa/1.9.4.RELEASE/80b83510e67aa085b7d91d2d096d90133ec995de/spring-data-jpa-1.9.4.RELEASE.jar!/org/springframework/data/jpa/repository/support/CrudMethodMetadataPostProcessor$ThreadBoundTargetSource.class], URL [jar:file:/K:/JavaSW/Downloads/gradle-2.12-all/gradle-2.12/caches/modules-2/files-2.1/org.springframework.data/spring-data-jpa/1.9.4.RELEASE/80b83510e67aa085b7d91d2d096d90133ec995de/spring-data-jpa-1.9.4.RELEASE.jar!/org/springframework/data/jpa/repository/support/JpaPersistableEntityInformation.class], URL [jar:file:/K:/JavaSW/Downloads/gradle-2.12-all/gradle-2.12/caches/modules-2/files-2.1/org.springframework.data/spring-data-jpa/1.9.4.RELEASE/80b83510e67aa085b7d91d2d096d90133ec995de/spring-data-jpa-1.9.4.RELEASE.jar!/org/springframework/data/jpa/repository/support/CrudMethodMetadataPostProcessor.class], URL [jar:file:/K:/JavaSW/Downloads/gradle-2.12-all/gradle-2.12/caches/modules-2/files-2.1/org.springframework.data/spring-data-jpa/1.9.4.RELEASE/80b83510e67aa085b7d91d2d096d90133ec995de/spring-data-jpa-1.9.4.RELEASE.jar!/org/springframework/data/jpa/repository/support/CrudMethodMetadataPostProcessor$1.class], URL [jar:file:/K:/JavaSW/Downloads/gradle-2.12-all/gradle-2.12/caches/modules-2/files-2.1/org.springframework.data/spring-data-jpa/1.9.4.RELEASE/80b83510e67aa085b7d91d2d096d90133ec995de/spring-data-jpa-1.9.4.RELEASE.jar!/org/springframework/data/jpa/repository/support/JpaEntityInformation.class], URL [jar:file:/K:/JavaSW/Downloads/gradle-2.12-all/gradle-2.12/caches/modules-2/files-2.1/org.springframework.data/spring-data-jpa/1.9.4.RELEASE/80b83510e67aa085b7d91d2d096d90133ec995de/spring-data-jpa-1.9.4.RELEASE.jar!/org/springframework/data/jpa/repository/support/JpaMetamodelEntityInformation.class], URL [jar:file:/K:/JavaSW/Downloads/gradle-2.12-all/gradle-2.12/caches/modules-2/files-2.1/org.springframework.data/spring-data-jpa/1.9.4.RELEASE/80b83510e67aa085b7d91d2d096d90133ec995de/spring-data-jpa-1.9.4.RELEASE.jar!/org/springframework/data/jpa/repository/support/JpaMetamodelEntityInformation$IdMetadata.class], URL [jar:file:/K:/JavaSW/Downloads/gradle-2.12-all/gradle-2.12/caches/modules-2/files-2.1/org.springframework.data/spring-data-jpa/1.9.4.RELEASE/80b83510e67aa085b7d91d2d096d90133ec995de/spring-data-jpa-1.9.4.RELEASE.jar!/org/springframework/data/jpa/repository/support/JpaEntityInformationSupport.class], URL [jar:file:/K:/JavaSW/Downloads/gradle-2.12-all/gradle-2.12/caches/modules-2/files-2.1/org.springframework.data/spring-data-jpa/1.9.4.RELEASE/80b83510e67aa085b7d91d2d096d90133ec995de/spring-data-jpa-1.9.4.RELEASE.jar!/org/springframework/data/jpa/repository/support/QueryDslRepositorySupport.class], URL [jar:file:/K:/JavaSW/Downloads/gradle-2.12-all/gradle-2.12/caches/modules-2/files-2.1/org.springframework.data/spring-data-jpa/1.9.4.RELEASE/80b83510e67aa085b7d91d2d096d90133ec995de/spring-data-jpa-1.9.4.RELEASE.jar!/org/springframework/data/jpa/repository/support/JpaRepositoryFactory.class], URL [jar:file:/K:/JavaSW/Downloads/gradle-2.12-all/gradle-2.12/caches/modules-2/files-2.1/org.springframework.data/spring-data-jpa/1.9.4.RELEASE/80b83510e67aa085b7d91d2d096d90133ec995de/spring-data-jpa-1.9.4.RELEASE.jar!/org/springframework/data/jpa/repository/support/CrudMethodMetadataPostProcessor$DefaultCrudMethodMetadata.class], URL [jar:file:/K:/JavaSW/Downloads/gradle-2.12-all/gradle-2.12/caches/modules-2/files-2.1/org.springframework.data/spring-data-jpa/1.9.4.RELEASE/80b83510e67aa085b7d91d2d096d90133ec995de/spring-data-jpa-1.9.4.RELEASE.jar!/org/springframework/data/jpa/repository/support/SimpleJpaRepository.class], URL [jar:file:/K:/JavaSW/Downloads/gradle-2.12-all/gradle-2.12/caches/modules-2/files-2.1/org.springframework.data/spring-data-jpa/1.9.4.RELEASE/80b83510e67aa085b7d91d2d096d90133ec995de/spring-data-jpa-1.9.4.RELEASE.jar!/org/springframework/data/jpa/repository/support/Querydsl.class], URL [jar:file:/K:/JavaSW/Downloads/gradle-2.12-all/gradle-2.12/caches/modules-2/files-2.1/org.springframework.data/spring-data-jpa/1.9.4.RELEASE/80b83510e67aa085b7d91d2d096d90133ec995de/spring-data-jpa-1.9.4.RELEASE.jar!/org/springframework/data/jpa/repository/support/CrudMethodMetadata.class], URL [jar:file:/K:/JavaSW/Downloads/gradle-2.12-all/gradle-2.12/caches/modules-2/files-2.1/org.springframework.data/spring-data-jpa/1.9.4.RELEASE/80b83510e67aa085b7d91d2d096d90133ec995de/spring-data-jpa-1.9.4.RELEASE.jar!/org/springframework/data/jpa/repository/support/CrudMethodMetadataPostProcessor$CrudMethodMetadataPopulatingMethodInterceptor.class], URL [jar:file:/K:/JavaSW/Downloads/gradle-2.12-all/gradle-2.12/caches/modules-2/files-2.1/org.springframework.data/spring-data-jpa/1.9.4.RELEASE/80b83510e67aa085b7d91d2d096d90133ec995de/spring-data-jpa-1.9.4.RELEASE.jar!/org/springframework/data/jpa/repository/support/EntityManagerBeanDefinitionRegistrarPostProcessor.class], URL [jar:file:/K:/JavaSW/Downloads/gradle-2.12-all/gradle-2.12/caches/modules-2/files-2.1/org.springframework.data/spring-data-jpa/1.9.4.RELEASE/80b83510e67aa085b7d91d2d096d90133ec995de/spring-data-jpa-1.9.4.RELEASE.jar!/org/springframework/data/jpa/repository/support/JpaMetamodelEntityInformation$IdentifierDerivingDirectFieldAccessFallbackBeanWrapper.class], URL [jar:file:/K:/JavaSW/Downloads/gradle-2.12-all/gradle-2.12/caches/modules-2/files-2.1/org.springframework.data/spring-data-jpa/1.9.4.RELEASE/80b83510e67aa085b7d91d2d096d90133ec995de/spring-data-jpa-1.9.4.RELEASE.jar!/org/springframework/data/jpa/repository/support/QueryDslJpaRepository.class], URL [jar:file:/K:/JavaSW/Downloads/gradle-2.12-all/gradle-2.12/caches/modules-2/files-2.1/org.springframework.data/spring-data-jpa/1.9.4.RELEASE/80b83510e67aa085b7d91d2d096d90133ec995de/spring-data-jpa-1.9.4.RELEASE.jar!/org/springframework/data/jpa/repository/support/JpaRepositoryFactoryBean.class], URL [jar:file:/K:/JavaSW/Downloads/gradle-2.12-all/gradle-2.12/caches/modules-2/files-2.1/org.springframework.data/spring-data-jpa/1.9.4.RELEASE/80b83510e67aa085b7d91d2d096d90133ec995de/spring-data-jpa-1.9.4.RELEASE.jar!/org/springframework/data/jpa/repository/support/DefaultJpaContext.class], URL [jar:file:/K:/JavaSW/Downloads/gradle-2.12-all/gradle-2.12/caches/modules-2/files-2.1/org.springframework.data/spring-data-jpa/1.9.4.RELEASE/80b83510e67aa085b7d91d2d096d90133ec995de/spring-data-jpa-1.9.4.RELEASE.jar!/org/springframework/data/jpa/repository/support/SimpleJpaRepository$ByIdsSpecification.class], URL [jar:file:/K:/JavaSW/Downloads/gradle-2.12-all/gradle-2.12/caches/modules-2/files-2.1/org.springframework.data/spring-data-commons/1.11.4.RELEASE/c2b1fd4dbf7dff772d6124bb35892759e8bf088e/spring-data-commons-1.11.4.RELEASE.jar!/org/springframework/data/repository/support/DomainClassConverter$ConversionMatchAbbreviationException.class], URL [jar:file:/K:/JavaSW/Downloads/gradle-2.12-all/gradle-2.12/caches/modules-2/files-2.1/org.springframework.data/spring-data-commons/1.11.4.RELEASE/c2b1fd4dbf7dff772d6124bb35892759e8bf088e/spring-data-commons-1.11.4.RELEASE.jar!/org/springframework/data/repository/support/DomainClassConverter$ToIdConverter.class], URL [jar:file:/K:/JavaSW/Downloads/gradle-2.12-all/gradle-2.12/caches/modules-2/files-2.1/org.springframework.data/spring-data-commons/1.11.4.RELEASE/c2b1fd4dbf7dff772d6124bb35892759e8bf088e/spring-data-commons-1.11.4.RELEASE.jar!/org/springframework/data/repository/support/Repositories$EmptyRepositoryFactoryInformation.class], URL [jar:file:/K:/JavaSW/Downloads/gradle-2.12-all/gradle-2.12/caches/modules-2/files-2.1/org.springframework.data/spring-data-commons/1.11.4.RELEASE/c2b1fd4dbf7dff772d6124bb35892759e8bf088e/spring-data-commons-1.11.4.RELEASE.jar!/org/springframework/data/repository/support/PagingAndSortingRepositoryInvoker.class], URL [jar:file:/K:/JavaSW/Downloads/gradle-2.12-all/gradle-2.12/caches/modules-2/files-2.1/org.springframework.data/spring-data-commons/1.11.4.RELEASE/c2b1fd4dbf7dff772d6124bb35892759e8bf088e/spring-data-commons-1.11.4.RELEASE.jar!/org/springframework/data/repository/support/QueryMethodParameterConversionException.class], URL [jar:file:/K:/JavaSW/Downloads/gradle-2.12-all/gradle-2.12/caches/modules-2/files-2.1/org.springframework.data/spring-data-commons/1.11.4.RELEASE/c2b1fd4dbf7dff772d6124bb35892759e8bf088e/spring-data-commons-1.11.4.RELEASE.jar!/org/springframework/data/repository/support/MethodParameters.class], URL [jar:file:/K:/JavaSW/Downloads/gradle-2.12-all/gradle-2.12/caches/modules-2/files-2.1/org.springframework.data/spring-data-commons/1.11.4.RELEASE/c2b1fd4dbf7dff772d6124bb35892759e8bf088e/spring-data-commons-1.11.4.RELEASE.jar!/org/springframework/data/repository/support/RepositoryInvoker.class], URL [jar:file:/K:/JavaSW/Downloads/gradle-2.12-all/gradle-2.12/caches/modules-2/files-2.1/org.springframework.data/spring-data-commons/1.11.4.RELEASE/c2b1fd4dbf7dff772d6124bb35892759e8bf088e/spring-data-commons-1.11.4.RELEASE.jar!/org/springframework/data/repository/support/RepositoryInvokerFactory.class], URL [jar:file:/K:/JavaSW/Downloads/gradle-2.12-all/gradle-2.12/caches/modules-2/files-2.1/org.springframework.data/spring-data-commons/1.11.4.RELEASE/c2b1fd4dbf7dff772d6124bb35892759e8bf088e/spring-data-commons-1.11.4.RELEASE.jar!/org/springframework/data/repository/support/DomainClassPropertyEditorRegistrar.class], URL [jar:file:/K:/JavaSW/Downloads/gradle-2.12-all/gradle-2.12/caches/modules-2/files-2.1/org.springframework.data/spring-data-commons/1.11.4.RELEASE/c2b1fd4dbf7dff772d6124bb35892759e8bf088e/spring-data-commons-1.11.4.RELEASE.jar!/org/springframework/data/repository/support/AnnotationAttribute.class], URL [jar:file:/K:/JavaSW/Downloads/gradle-2.12-all/gradle-2.12/caches/modules-2/files-2.1/org.springframework.data/spring-data-commons/1.11.4.RELEASE/c2b1fd4dbf7dff772d6124bb35892759e8bf088e/spring-data-commons-1.11.4.RELEASE.jar!/org/springframework/data/repository/support/DefaultRepositoryInvokerFactory.class], URL [jar:file:/K:/JavaSW/Downloads/gradle-2.12-all/gradle-2.12/caches/modules-2/files-2.1/org.springframework.data/spring-data-commons/1.11.4.RELEASE/c2b1fd4dbf7dff772d6124bb35892759e8bf088e/spring-data-commons-1.11.4.RELEASE.jar!/org/springframework/data/repository/support/MethodParameters$AnnotationNamingMethodParameter.class], URL [jar:file:/K:/JavaSW/Downloads/gradle-2.12-all/gradle-2.12/caches/modules-2/files-2.1/org.springframework.data/spring-data-commons/1.11.4.RELEASE/c2b1fd4dbf7dff772d6124bb35892759e8bf088e/spring-data-commons-1.11.4.RELEASE.jar!/org/springframework/data/repository/support/CrudRepositoryInvoker.class], URL [jar:file:/K:/JavaSW/Downloads/gradle-2.12-all/gradle-2.12/caches/modules-2/files-2.1/org.springframework.data/spring-data-commons/1.11.4.RELEASE/c2b1fd4dbf7dff772d6124bb35892759e8bf088e/spring-data-commons-1.11.4.RELEASE.jar!/org/springframework/data/repository/support/Repositories.class], URL [jar:file:/K:/JavaSW/Downloads/gradle-2.12-all/gradle-2.12/caches/modules-2/files-2.1/org.springframework.data/spring-data-commons/1.11.4.RELEASE/c2b1fd4dbf7dff772d6124bb35892759e8bf088e/spring-data-commons-1.11.4.RELEASE.jar!/org/springframework/data/repository/support/DomainClassConverter$ToEntityConverter.class], URL [jar:file:/K:/JavaSW/Downloads/gradle-2.12-all/gradle-2.12/caches/modules-2/files-2.1/org.springframework.data/spring-data-commons/1.11.4.RELEASE/c2b1fd4dbf7dff772d6124bb35892759e8bf088e/spring-data-commons-1.11.4.RELEASE.jar!/org/springframework/data/repository/support/ReflectionRepositoryInvoker.class], URL [jar:file:/K:/JavaSW/Downloads/gradle-2.12-all/gradle-2.12/caches/modules-2/files-2.1/org.springframework.data/spring-data-commons/1.11.4.RELEASE/c2b1fd4dbf7dff772d6124bb35892759e8bf088e/spring-data-commons-1.11.4.RELEASE.jar!/org/springframework/data/repository/support/DomainClassPropertyEditor.class], URL [jar:file:/K:/JavaSW/Downloads/gradle-2.12-all/gradle-2.12/caches/modules-2/files-2.1/org.springframework.data/spring-data-commons/1.11.4.RELEASE/c2b1fd4dbf7dff772d6124bb35892759e8bf088e/spring-data-commons-1.11.4.RELEASE.jar!/org/springframework/data/repository/support/DomainClassConverter.class], URL [jar:file:/K:/JavaSW/Downloads/gradle-2.12-all/gradle-2.12/caches/modules-2/files-2.1/org.springframework.data/spring-data-commons/1.11.4.RELEASE/c2b1fd4dbf7dff772d6124bb35892759e8bf088e/spring-data-commons-1.11.4.RELEASE.jar!/org/springframework/data/repository/support/DomainClassConverter$1.class], URL [jar:file:/K:/JavaSW/Downloads/gradle-2.12-all/gradle-2.12/caches/modules-2/files-2.1/org.springframework.data/spring-data-commons/1.11.4.RELEASE/c2b1fd4dbf7dff772d6124bb35892759e8bf088e/spring-data-commons-1.11.4.RELEASE.jar!/org/springframework/data/repository/support/RepositoryInvocationInformation.class]]
16:56:51.854 [Test worker] DEBUG org.springframework.context.annotation.ClassPathScanningCandidateComponentProvider - Identified candidate component class: URL [jar:file:/K:/JavaSW/Downloads/gradle-2.12-all/gradle-2.12/caches/modules-2/files-2.1/org.springframework.data/spring-data-jpa/1.9.4.RELEASE/80b83510e67aa085b7d91d2d096d90133ec995de/spring-data-jpa-1.9.4.RELEASE.jar!/org/springframework/data/jpa/repository/support/JpaRepositoryFactory.class]
16:56:51.882 [Test worker] DEBUG org.springframework.core.env.StandardEnvironment - Adding [systemProperties] PropertySource with lowest search precedence
16:56:51.882 [Test worker] DEBUG org.springframework.core.env.StandardEnvironment - Adding [systemEnvironment] PropertySource with lowest search precedence
16:56:51.882 [Test worker] DEBUG org.springframework.core.env.StandardEnvironment - Initialized StandardEnvironment with PropertySources [systemProperties,systemEnvironment]
16:56:51.884 [Test worker] DEBUG org.springframework.core.io.support.PathMatchingResourcePatternResolver - Resolved classpath location [com/mycompany/dbRepository/] to resources [URL [file:/K:/JavaWorkSpace/ws1/MobPatternFinder/Core/build/classes/test/com/mycompany/dbRepository/], URL [file:/K:/JavaWorkSpace/ws1/MobPatternFinder/Core/build/classes/main/com/mycompany/dbRepository/]]
16:56:51.884 [Test worker] DEBUG org.springframework.core.io.support.PathMatchingResourcePatternResolver - Looking for matching resources in directory tree [K:\JavaWorkSpace\ws1\MobPatternFinder\Core\build\classes\test\com\mycompany\dbRepository]
16:56:51.884 [Test worker] DEBUG org.springframework.core.io.support.PathMatchingResourcePatternResolver - Searching directory [K:\JavaWorkSpace\ws1\MobPatternFinder\Core\build\classes\test\com\mycompany\dbRepository] for files matching pattern [K:/JavaWorkSpace/ws1/MobPatternFinder/Core/build/classes/test/com/mycompany/dbRepository/**/*.class]
16:56:51.884 [Test worker] DEBUG org.springframework.core.io.support.PathMatchingResourcePatternResolver - Looking for matching resources in directory tree [K:\JavaWorkSpace\ws1\MobPatternFinder\Core\build\classes\main\com\mycompany\dbRepository]
16:56:51.884 [Test worker] DEBUG org.springframework.core.io.support.PathMatchingResourcePatternResolver - Searching directory [K:\JavaWorkSpace\ws1\MobPatternFinder\Core\build\classes\main\com\mycompany\dbRepository] for files matching pattern [K:/JavaWorkSpace/ws1/MobPatternFinder/Core/build/classes/main/com/mycompany/dbRepository/**/*.class]
16:56:51.885 [Test worker] DEBUG org.springframework.core.io.support.PathMatchingResourcePatternResolver - Resolved location pattern [classpath*:com/mycompany/dbRepository/**/*.class] to resources [file [K:\JavaWorkSpace\ws1\MobPatternFinder\Core\build\classes\test\com\mycompany\dbRepository\CallLogRepositoryTest.class], file [K:\JavaWorkSpace\ws1\MobPatternFinder\Core\build\classes\main\com\mycompany\dbRepository\CallLogRepository.class], file [K:\JavaWorkSpace\ws1\MobPatternFinder\Core\build\classes\main\com\mycompany\dbRepository\CallLogRepositoryCustom.class], file [K:\JavaWorkSpace\ws1\MobPatternFinder\Core\build\classes\main\com\mycompany\dbRepository\CallLogRepositoryImpl.class], file [K:\JavaWorkSpace\ws1\MobPatternFinder\Core\build\classes\main\com\mycompany\dbRepository\CallSummaryVO.class], file [K:\JavaWorkSpace\ws1\MobPatternFinder\Core\build\classes\main\com\mycompany\dbRepository\PersonRepository.class]]
16:56:51.888 [Test worker] DEBUG org.springframework.data.repository.config.RepositoryComponentProvider - Identified candidate component class: file [K:\JavaWorkSpace\ws1\MobPatternFinder\Core\build\classes\main\com\mycompany\dbRepository\CallLogRepository.class]
16:56:51.891 [Test worker] DEBUG org.springframework.data.repository.config.RepositoryComponentProvider - Identified candidate component class: file [K:\JavaWorkSpace\ws1\MobPatternFinder\Core\build\classes\main\com\mycompany\dbRepository\PersonRepository.class]
16:56:51.894 [Test worker] DEBUG org.springframework.core.env.StandardEnvironment - Adding [systemProperties] PropertySource with lowest search precedence
16:56:51.895 [Test worker] DEBUG org.springframework.core.env.StandardEnvironment - Adding [systemEnvironment] PropertySource with lowest search precedence
16:56:51.895 [Test worker] DEBUG org.springframework.core.env.StandardEnvironment - Initialized StandardEnvironment with PropertySources [systemProperties,systemEnvironment]
16:56:51.895 [Test worker] DEBUG org.springframework.core.io.support.PathMatchingResourcePatternResolver - Resolved classpath location [com/mycompany/dbRepository/] to resources [URL [file:/K:/JavaWorkSpace/ws1/MobPatternFinder/Core/build/classes/test/com/mycompany/dbRepository/], URL [file:/K:/JavaWorkSpace/ws1/MobPatternFinder/Core/build/classes/main/com/mycompany/dbRepository/]]
16:56:51.896 [Test worker] DEBUG org.springframework.core.io.support.PathMatchingResourcePatternResolver - Looking for matching resources in directory tree [K:\JavaWorkSpace\ws1\MobPatternFinder\Core\build\classes\test\com\mycompany\dbRepository]
16:56:51.896 [Test worker] DEBUG org.springframework.core.io.support.PathMatchingResourcePatternResolver - Searching directory [K:\JavaWorkSpace\ws1\MobPatternFinder\Core\build\classes\test\com\mycompany\dbRepository] for files matching pattern [K:/JavaWorkSpace/ws1/MobPatternFinder/Core/build/classes/test/com/mycompany/dbRepository/**/*PersonRepositoryImpl.class]
16:56:51.896 [Test worker] DEBUG org.springframework.core.io.support.PathMatchingResourcePatternResolver - Looking for matching resources in directory tree [K:\JavaWorkSpace\ws1\MobPatternFinder\Core\build\classes\main\com\mycompany\dbRepository]
16:56:51.896 [Test worker] DEBUG org.springframework.core.io.support.PathMatchingResourcePatternResolver - Searching directory [K:\JavaWorkSpace\ws1\MobPatternFinder\Core\build\classes\main\com\mycompany\dbRepository] for files matching pattern [K:/JavaWorkSpace/ws1/MobPatternFinder/Core/build/classes/main/com/mycompany/dbRepository/**/*PersonRepositoryImpl.class]
16:56:51.896 [Test worker] DEBUG org.springframework.core.io.support.PathMatchingResourcePatternResolver - Resolved location pattern [classpath*:com/mycompany/dbRepository/**/*PersonRepositoryImpl.class] to resources []
16:56:51.898 [Test worker] DEBUG org.springframework.data.repository.config.RepositoryConfigurationDelegate - Spring Data JPA - Registering repository: personRepository - Interface: com.mycompany.dbRepository.PersonRepository - Factory: org.springframework.data.jpa.repository.support.JpaRepositoryFactoryBean
16:56:51.899 [Test worker] DEBUG org.springframework.core.env.StandardEnvironment - Adding [systemProperties] PropertySource with lowest search precedence
16:56:51.899 [Test worker] DEBUG org.springframework.core.env.StandardEnvironment - Adding [systemEnvironment] PropertySource with lowest search precedence
16:56:51.899 [Test worker] DEBUG org.springframework.core.env.StandardEnvironment - Initialized StandardEnvironment with PropertySources [systemProperties,systemEnvironment]
16:56:51.900 [Test worker] DEBUG org.springframework.core.io.support.PathMatchingResourcePatternResolver - Resolved classpath location [com/mycompany/dbRepository/] to resources [URL [file:/K:/JavaWorkSpace/ws1/MobPatternFinder/Core/build/classes/test/com/mycompany/dbRepository/], URL [file:/K:/JavaWorkSpace/ws1/MobPatternFinder/Core/build/classes/main/com/mycompany/dbRepository/]]
16:56:51.900 [Test worker] DEBUG org.springframework.core.io.support.PathMatchingResourcePatternResolver - Looking for matching resources in directory tree [K:\JavaWorkSpace\ws1\MobPatternFinder\Core\build\classes\test\com\mycompany\dbRepository]
16:56:51.900 [Test worker] DEBUG org.springframework.core.io.support.PathMatchingResourcePatternResolver - Searching directory [K:\JavaWorkSpace\ws1\MobPatternFinder\Core\build\classes\test\com\mycompany\dbRepository] for files matching pattern [K:/JavaWorkSpace/ws1/MobPatternFinder/Core/build/classes/test/com/mycompany/dbRepository/**/*CallLogRepositoryImpl.class]
16:56:51.900 [Test worker] DEBUG org.springframework.core.io.support.PathMatchingResourcePatternResolver - Looking for matching resources in directory tree [K:\JavaWorkSpace\ws1\MobPatternFinder\Core\build\classes\main\com\mycompany\dbRepository]
16:56:51.900 [Test worker] DEBUG org.springframework.core.io.support.PathMatchingResourcePatternResolver - Searching directory [K:\JavaWorkSpace\ws1\MobPatternFinder\Core\build\classes\main\com\mycompany\dbRepository] for files matching pattern [K:/JavaWorkSpace/ws1/MobPatternFinder/Core/build/classes/main/com/mycompany/dbRepository/**/*CallLogRepositoryImpl.class]
16:56:51.900 [Test worker] DEBUG org.springframework.core.io.support.PathMatchingResourcePatternResolver - Resolved location pattern [classpath*:com/mycompany/dbRepository/**/*CallLogRepositoryImpl.class] to resources [file [K:\JavaWorkSpace\ws1\MobPatternFinder\Core\build\classes\main\com\mycompany\dbRepository\CallLogRepositoryImpl.class]]
16:56:51.901 [Test worker] DEBUG org.springframework.context.annotation.ClassPathScanningCandidateComponentProvider - Identified candidate component class: file [K:\JavaWorkSpace\ws1\MobPatternFinder\Core\build\classes\main\com\mycompany\dbRepository\CallLogRepositoryImpl.class]
16:56:51.901 [Test worker] DEBUG org.springframework.data.repository.config.RepositoryBeanDefinitionBuilder - Registering custom repository implementation: callLogRepositoryImpl com.mycompany.dbRepository.CallLogRepositoryImpl
16:56:51.901 [Test worker] DEBUG org.springframework.data.repository.config.RepositoryConfigurationDelegate - Spring Data JPA - Registering repository: callLogRepository - Interface: com.mycompany.dbRepository.CallLogRepository - Factory: org.springframework.data.jpa.repository.support.JpaRepositoryFactoryBean
16:56:51.902 [Test worker] DEBUG org.springframework.context.annotation.ConfigurationClassBeanDefinitionReader - Registered bean definition for imported class 'org.springframework.boot.autoconfigure.PropertyPlaceholderAutoConfiguration'
16:56:51.905 [Test worker] DEBUG org.springframework.beans.factory.support.DefaultListableBeanFactory - Creating shared instance of singleton bean 'org.springframework.boot.autoconfigure.condition.BeanTypeRegistry'
16:56:51.905 [Test worker] DEBUG org.springframework.beans.factory.support.DefaultListableBeanFactory - Creating instance of bean 'org.springframework.boot.autoconfigure.condition.BeanTypeRegistry'
16:56:51.912 [Test worker] DEBUG org.springframework.beans.factory.support.DefaultListableBeanFactory - Eagerly caching bean 'org.springframework.boot.autoconfigure.condition.BeanTypeRegistry' to allow for resolving potential circular references
16:56:51.912 [Test worker] DEBUG org.springframework.beans.factory.support.DefaultListableBeanFactory - Finished creating instance of bean 'org.springframework.boot.autoconfigure.condition.BeanTypeRegistry'
16:56:51.937 [Test worker] DEBUG org.springframework.beans.factory.support.DefaultListableBeanFactory - Returning cached instance of singleton bean 'autoConfigurationReport'
16:56:51.939 [Test worker] DEBUG org.springframework.context.annotation.ConfigurationClassBeanDefinitionReader - Registering bean definition for @Bean method org.springframework.boot.autoconfigure.PropertyPlaceholderAutoConfiguration.propertySourcesPlaceholderConfigurer()
16:56:51.939 [Test worker] DEBUG org.springframework.beans.factory.support.DefaultListableBeanFactory - Returning cached instance of singleton bean 'autoConfigurationReport'
16:56:51.940 [Test worker] DEBUG org.springframework.beans.factory.support.DefaultListableBeanFactory - Returning cached instance of singleton bean 'autoConfigurationReport'
16:56:51.940 [Test worker] DEBUG org.springframework.context.annotation.ConfigurationClassBeanDefinitionReader - Registered bean definition for imported class 'org.springframework.boot.autoconfigure.jmx.JmxAutoConfiguration'
16:56:51.940 [Test worker] DEBUG org.springframework.beans.factory.support.DefaultListableBeanFactory - Returning cached instance of singleton bean 'org.springframework.boot.autoconfigure.condition.BeanTypeRegistry'
16:56:51.942 [Test worker] DEBUG org.springframework.beans.factory.support.DefaultListableBeanFactory - Returning cached instance of singleton bean 'autoConfigurationReport'
16:56:51.942 [Test worker] DEBUG org.springframework.context.annotation.ConfigurationClassBeanDefinitionReader - Registering bean definition for @Bean method org.springframework.boot.autoconfigure.jmx.JmxAutoConfiguration.mbeanExporter()
16:56:51.943 [Test worker] DEBUG org.springframework.beans.factory.support.DefaultListableBeanFactory - Returning cached instance of singleton bean 'org.springframework.boot.autoconfigure.condition.BeanTypeRegistry'
16:56:51.945 [Test worker] DEBUG org.springframework.beans.factory.support.DefaultListableBeanFactory - Returning cached instance of singleton bean 'autoConfigurationReport'
16:56:51.945 [Test worker] DEBUG org.springframework.context.annotation.ConfigurationClassBeanDefinitionReader - Registering bean definition for @Bean method org.springframework.boot.autoconfigure.jmx.JmxAutoConfiguration.objectNamingStrategy()
16:56:51.945 [Test worker] DEBUG org.springframework.beans.factory.support.DefaultListableBeanFactory - Returning cached instance of singleton bean 'org.springframework.boot.autoconfigure.condition.BeanTypeRegistry'
16:56:51.945 [Test worker] DEBUG org.springframework.beans.factory.support.DefaultListableBeanFactory - Returning cached instance of singleton bean 'autoConfigurationReport'
16:56:51.945 [Test worker] DEBUG org.springframework.context.annotation.ConfigurationClassBeanDefinitionReader - Registering bean definition for @Bean method org.springframework.boot.autoconfigure.jmx.JmxAutoConfiguration.mbeanServer()
16:56:51.946 [Test worker] DEBUG org.springframework.beans.factory.support.DefaultListableBeanFactory - Returning cached instance of singleton bean 'autoConfigurationReport'
16:56:51.946 [Test worker] DEBUG org.springframework.beans.factory.support.DefaultListableBeanFactory - Returning cached instance of singleton bean 'autoConfigurationReport'
16:56:51.946 [Test worker] DEBUG org.springframework.beans.factory.support.DefaultListableBeanFactory - Returning cached instance of singleton bean 'autoConfigurationReport'
16:56:51.946 [Test worker] DEBUG org.springframework.context.annotation.ConfigurationClassBeanDefinitionReader - Registered bean definition for imported class 'org.springframework.boot.autoconfigure.aop.AopAutoConfiguration$JdkDynamicAutoProxyConfiguration'
16:56:51.946 [Test worker] DEBUG org.springframework.context.annotation.ConfigurationClassBeanDefinitionReader - Registered bean definition for imported class 'org.springframework.boot.autoconfigure.aop.AopAutoConfiguration'
16:56:51.946 [Test worker] DEBUG org.springframework.beans.factory.support.DefaultListableBeanFactory - Returning cached instance of singleton bean 'autoConfigurationReport'
16:56:51.947 [Test worker] DEBUG org.springframework.beans.factory.support.DefaultListableBeanFactory - Returning cached instance of singleton bean 'autoConfigurationReport'
16:56:51.949 [Test worker] DEBUG org.springframework.context.annotation.ConfigurationClassBeanDefinitionReader - Registered bean definition for imported class 'org.springframework.boot.autoconfigure.transaction.jta.JtaAutoConfiguration'
16:56:51.950 [Test worker] DEBUG org.springframework.beans.factory.support.DefaultListableBeanFactory - Returning cached instance of singleton bean 'autoConfigurationReport'
16:56:51.951 [Test worker] DEBUG org.springframework.beans.factory.support.DefaultListableBeanFactory - Returning cached instance of singleton bean 'org.springframework.boot.autoconfigure.condition.BeanTypeRegistry'
16:56:51.952 [Test worker] DEBUG org.springframework.beans.factory.support.DefaultListableBeanFactory - Returning cached instance of singleton bean 'autoConfigurationReport'
16:56:51.952 [Test worker] DEBUG org.springframework.beans.factory.support.DefaultListableBeanFactory - Returning cached instance of singleton bean 'autoConfigurationReport'
16:56:51.952 [Test worker] DEBUG org.springframework.beans.factory.support.DefaultListableBeanFactory - Returning cached instance of singleton bean 'autoConfigurationReport'
16:56:51.952 [Test worker] DEBUG org.springframework.context.annotation.ConfigurationClassBeanDefinitionReader - Registered bean definition for imported class 'org.springframework.boot.autoconfigure.jdbc.DataSourceAutoConfiguration$JdbcTemplateConfiguration'
16:56:51.952 [Test worker] DEBUG org.springframework.beans.factory.support.DefaultListableBeanFactory - Returning cached instance of singleton bean 'org.springframework.boot.autoconfigure.condition.BeanTypeRegistry'
16:56:51.953 [Test worker] DEBUG org.springframework.beans.factory.support.DefaultListableBeanFactory - Returning cached instance of singleton bean 'autoConfigurationReport'
16:56:51.953 [Test worker] DEBUG org.springframework.context.annotation.ConfigurationClassBeanDefinitionReader - Registering bean definition for @Bean method org.springframework.boot.autoconfigure.jdbc.DataSourceAutoConfiguration$JdbcTemplateConfiguration.jdbcTemplate()
16:56:51.954 [Test worker] DEBUG org.springframework.beans.factory.support.DefaultListableBeanFactory - Returning cached instance of singleton bean 'org.springframework.boot.autoconfigure.condition.BeanTypeRegistry'
16:56:51.954 [Test worker] DEBUG org.springframework.beans.factory.support.DefaultListableBeanFactory - Returning cached instance of singleton bean 'autoConfigurationReport'
16:56:51.954 [Test worker] DEBUG org.springframework.context.annotation.ConfigurationClassBeanDefinitionReader - Registering bean definition for @Bean method org.springframework.boot.autoconfigure.jdbc.DataSourceAutoConfiguration$JdbcTemplateConfiguration.namedParameterJdbcTemplate()
16:56:51.955 [Test worker] DEBUG org.springframework.beans.factory.support.DefaultListableBeanFactory - Returning cached instance of singleton bean 'autoConfigurationReport'
16:56:51.955 [Test worker] DEBUG org.springframework.beans.factory.support.DefaultListableBeanFactory - Returning cached instance of singleton bean 'org.springframework.boot.autoconfigure.condition.BeanTypeRegistry'
16:56:51.955 [Test worker] DEBUG org.springframework.beans.factory.support.DefaultListableBeanFactory - Returning cached instance of singleton bean 'org.springframework.boot.autoconfigure.condition.BeanTypeRegistry'
16:56:51.955 [Test worker] DEBUG org.springframework.beans.factory.support.DefaultListableBeanFactory - Returning cached instance of singleton bean 'autoConfigurationReport'
16:56:51.955 [Test worker] DEBUG org.springframework.beans.factory.support.DefaultListableBeanFactory - Returning cached instance of singleton bean 'org.springframework.boot.autoconfigure.condition.BeanTypeRegistry'
16:56:51.955 [Test worker] DEBUG org.springframework.beans.factory.support.DefaultListableBeanFactory - Returning cached instance of singleton bean 'autoConfigurationReport'
16:56:51.955 [Test worker] DEBUG org.springframework.context.annotation.ConfigurationClassBeanDefinitionReader - Registered bean definition for imported class 'org.springframework.boot.autoconfigure.jdbc.DataSourceAutoConfiguration$DataSourceInitializerConfiguration'
16:56:51.956 [Test worker] DEBUG org.springframework.context.annotation.ConfigurationClassBeanDefinitionReader - Registering bean definition for @Bean method org.springframework.boot.autoconfigure.jdbc.DataSourceAutoConfiguration$DataSourceInitializerConfiguration.dataSourceInitializer()
16:56:51.956 [Test worker] DEBUG org.springframework.beans.factory.support.DefaultListableBeanFactory - Returning cached instance of singleton bean 'autoConfigurationReport'
16:56:51.956 [Test worker] DEBUG org.springframework.context.annotation.ConfigurationClassBeanDefinitionReader - Registered bean definition for imported class 'org.springframework.boot.autoconfigure.jdbc.metadata.DataSourcePoolMetadataProvidersConfiguration$TomcatDataSourcePoolMetadataProviderConfiguration'
16:56:51.956 [Test worker] DEBUG org.springframework.context.annotation.ConfigurationClassBeanDefinitionReader - Registering bean definition for @Bean method org.springframework.boot.autoconfigure.jdbc.metadata.DataSourcePoolMetadataProvidersConfiguration$TomcatDataSourcePoolMetadataProviderConfiguration.tomcatPoolDataSourceMetadataProvider()
16:56:51.956 [Test worker] DEBUG org.springframework.context.annotation.ConfigurationClassBeanDefinitionReader - Registered bean definition for imported class 'org.springframework.boot.autoconfigure.jdbc.metadata.DataSourcePoolMetadataProvidersConfiguration'
16:56:51.956 [Test worker] DEBUG org.springframework.context.annotation.ConfigurationClassBeanDefinitionReader - Registered bean definition for imported class 'org.springframework.boot.autoconfigure.jdbc.DataSourceAutoConfiguration'
16:56:51.957 [Test worker] DEBUG org.springframework.beans.factory.support.DefaultListableBeanFactory - Returning cached instance of singleton bean 'autoConfigurationReport'
16:56:51.958 [Test worker] DEBUG org.springframework.beans.factory.support.DefaultListableBeanFactory - Returning cached instance of singleton bean 'org.springframework.boot.autoconfigure.condition.BeanTypeRegistry'
16:56:51.959 [Test worker] DEBUG org.springframework.beans.factory.support.DefaultListableBeanFactory - Returning cached instance of singleton bean 'autoConfigurationReport'
16:56:51.959 [Test worker] DEBUG org.springframework.beans.factory.support.DefaultListableBeanFactory - Returning cached instance of singleton bean 'autoConfigurationReport'
16:56:51.959 [Test worker] DEBUG org.springframework.beans.factory.support.DefaultListableBeanFactory - Returning cached instance of singleton bean 'autoConfigurationReport'
16:56:51.959 [Test worker] DEBUG org.springframework.context.annotation.ConfigurationClassBeanDefinitionReader - Registered bean definition for imported class 'org.springframework.boot.autoconfigure.orm.jpa.HibernateJpaAutoConfiguration'
16:56:51.960 [Test worker] DEBUG org.springframework.beans.factory.support.DefaultListableBeanFactory - Returning cached instance of singleton bean 'org.springframework.boot.autoconfigure.condition.BeanTypeRegistry'
16:56:51.960 [Test worker] DEBUG org.springframework.beans.factory.support.DefaultListableBeanFactory - Returning cached instance of singleton bean 'autoConfigurationReport'
16:56:51.961 [Test worker] DEBUG org.springframework.beans.factory.support.DefaultListableBeanFactory - Returning cached instance of singleton bean 'org.springframework.boot.autoconfigure.condition.BeanTypeRegistry'
16:56:51.961 [Test worker] DEBUG org.springframework.beans.factory.support.DefaultListableBeanFactory - Returning cached instance of singleton bean 'autoConfigurationReport'
16:56:51.961 [Test worker] DEBUG org.springframework.context.annotation.ConfigurationClassBeanDefinitionReader - Registering bean definition for @Bean method org.springframework.boot.autoconfigure.orm.jpa.HibernateJpaAutoConfiguration.jpaVendorAdapter()
16:56:51.961 [Test worker] DEBUG org.springframework.beans.factory.support.DefaultListableBeanFactory - Returning cached instance of singleton bean 'org.springframework.boot.autoconfigure.condition.BeanTypeRegistry'
16:56:51.962 [Test worker] DEBUG org.springframework.beans.factory.support.DefaultListableBeanFactory - Returning cached instance of singleton bean 'autoConfigurationReport'
16:56:51.962 [Test worker] DEBUG org.springframework.context.annotation.ConfigurationClassBeanDefinitionReader - Registering bean definition for @Bean method org.springframework.boot.autoconfigure.orm.jpa.HibernateJpaAutoConfiguration.entityManagerFactoryBuilder()
16:56:51.962 [Test worker] DEBUG org.springframework.beans.factory.support.DefaultListableBeanFactory - Returning cached instance of singleton bean 'org.springframework.boot.autoconfigure.condition.BeanTypeRegistry'
16:56:51.962 [Test worker] DEBUG org.springframework.beans.factory.support.DefaultListableBeanFactory - Returning cached instance of singleton bean 'org.springframework.boot.autoconfigure.condition.BeanTypeRegistry'
16:56:51.962 [Test worker] DEBUG org.springframework.beans.factory.support.DefaultListableBeanFactory - Returning cached instance of singleton bean 'autoConfigurationReport'
16:56:51.962 [Test worker] DEBUG org.springframework.context.annotation.ConfigurationClassBeanDefinitionReader - Registering bean definition for @Bean method org.springframework.boot.autoconfigure.orm.jpa.HibernateJpaAutoConfiguration.entityManagerFactory()
16:56:51.963 [Test worker] DEBUG org.springframework.context.annotation.ConfigurationClassBeanDefinitionReader - Registered bean definition for imported class 'org.springframework.boot.autoconfigure.context.ConfigurationPropertiesAutoConfiguration'
16:56:51.963 [Test worker] DEBUG org.springframework.beans.factory.support.DefaultListableBeanFactory - Returning cached instance of singleton bean 'autoConfigurationReport'
16:56:51.963 [Test worker] DEBUG org.springframework.context.annotation.ConfigurationClassBeanDefinitionReader - Registered bean definition for imported class 'org.springframework.boot.autoconfigure.dao.PersistenceExceptionTranslationAutoConfiguration'
16:56:51.963 [Test worker] DEBUG org.springframework.beans.factory.support.DefaultListableBeanFactory - Returning cached instance of singleton bean 'org.springframework.boot.autoconfigure.condition.BeanTypeRegistry'
16:56:51.964 [Test worker] DEBUG org.springframework.beans.factory.support.DefaultListableBeanFactory - Returning cached instance of singleton bean 'autoConfigurationReport'
16:56:51.964 [Test worker] DEBUG org.springframework.beans.factory.support.DefaultListableBeanFactory - Returning cached instance of singleton bean 'autoConfigurationReport'
16:56:51.964 [Test worker] DEBUG org.springframework.context.annotation.ConfigurationClassBeanDefinitionReader - Registering bean definition for @Bean method org.springframework.boot.autoconfigure.dao.PersistenceExceptionTranslationAutoConfiguration.persistenceExceptionTranslationPostProcessor()
16:56:51.965 [Test worker] DEBUG org.springframework.beans.factory.support.DefaultListableBeanFactory - Returning cached instance of singleton bean 'autoConfigurationReport'
16:56:51.965 [Test worker] DEBUG org.springframework.beans.factory.support.DefaultListableBeanFactory - Returning cached instance of singleton bean 'org.springframework.boot.autoconfigure.condition.BeanTypeRegistry'
16:56:51.965 [Test worker] DEBUG org.springframework.beans.factory.support.DefaultListableBeanFactory - Returning cached instance of singleton bean 'org.springframework.boot.autoconfigure.condition.BeanTypeRegistry'
16:56:51.965 [Test worker] DEBUG org.springframework.beans.factory.support.DefaultListableBeanFactory - Returning cached instance of singleton bean 'org.springframework.boot.autoconfigure.condition.BeanTypeRegistry'
16:56:51.965 [Test worker] DEBUG org.springframework.beans.factory.support.DefaultListableBeanFactory - Returning cached instance of singleton bean 'autoConfigurationReport'
16:56:51.965 [Test worker] DEBUG org.springframework.beans.factory.support.DefaultListableBeanFactory - Returning cached instance of singleton bean 'autoConfigurationReport'
16:56:51.965 [Test worker] DEBUG org.springframework.beans.factory.support.DefaultListableBeanFactory - Returning cached instance of singleton bean 'autoConfigurationReport'
16:56:51.965 [Test worker] DEBUG org.springframework.context.annotation.ConfigurationClassBeanDefinitionReader - Registered bean definition for imported class 'org.springframework.boot.autoconfigure.jackson.JacksonAutoConfiguration$JacksonObjectMapperBuilderConfiguration'
16:56:51.965 [Test worker] DEBUG org.springframework.beans.factory.support.DefaultListableBeanFactory - Returning cached instance of singleton bean 'org.springframework.boot.autoconfigure.condition.BeanTypeRegistry'
16:56:51.966 [Test worker] DEBUG org.springframework.beans.factory.support.DefaultListableBeanFactory - Returning cached instance of singleton bean 'autoConfigurationReport'
16:56:51.966 [Test worker] DEBUG org.springframework.context.annotation.ConfigurationClassBeanDefinitionReader - Registering bean definition for @Bean method org.springframework.boot.autoconfigure.jackson.JacksonAutoConfiguration$JacksonObjectMapperBuilderConfiguration.jacksonObjectMapperBuilder()
16:56:51.966 [Test worker] DEBUG org.springframework.beans.factory.support.DefaultListableBeanFactory - Returning cached instance of singleton bean 'autoConfigurationReport'
16:56:51.967 [Test worker] DEBUG org.springframework.context.annotation.ConfigurationClassBeanDefinitionReader - Registered bean definition for imported class 'org.springframework.boot.autoconfigure.jackson.JacksonAutoConfiguration$JacksonObjectMapperConfiguration'
16:56:51.967 [Test worker] DEBUG org.springframework.beans.factory.support.DefaultListableBeanFactory - Returning cached instance of singleton bean 'org.springframework.boot.autoconfigure.condition.BeanTypeRegistry'
16:56:51.967 [Test worker] DEBUG org.springframework.beans.factory.support.DefaultListableBeanFactory - Returning cached instance of singleton bean 'autoConfigurationReport'
16:56:51.968 [Test worker] DEBUG org.springframework.context.annotation.ConfigurationClassBeanDefinitionReader - Registering bean definition for @Bean method org.springframework.boot.autoconfigure.jackson.JacksonAutoConfiguration$JacksonObjectMapperConfiguration.jacksonObjectMapper()
16:56:51.968 [Test worker] DEBUG org.springframework.context.annotation.ConfigurationClassBeanDefinitionReader - Registered bean definition for imported class 'org.springframework.boot.autoconfigure.jackson.JacksonAutoConfiguration'
16:56:51.968 [Test worker] DEBUG org.springframework.beans.factory.support.DefaultListableBeanFactory - Returning cached instance of singleton bean 'autoConfigurationReport'
16:56:51.968 [Test worker] DEBUG org.springframework.beans.factory.support.DefaultListableBeanFactory - Returning cached instance of singleton bean 'autoConfigurationReport'
16:56:51.968 [Test worker] DEBUG org.springframework.context.annotation.ConfigurationClassBeanDefinitionReader - Registered bean definition for imported class 'org.springframework.boot.autoconfigure.web.HttpMessageConvertersAutoConfiguration$StringHttpMessageConverterConfiguration'
16:56:51.968 [Test worker] DEBUG org.springframework.beans.factory.support.DefaultListableBeanFactory - Returning cached instance of singleton bean 'org.springframework.boot.autoconfigure.condition.BeanTypeRegistry'
16:56:51.969 [Test worker] DEBUG org.springframework.beans.factory.support.DefaultListableBeanFactory - Returning cached instance of singleton bean 'autoConfigurationReport'
16:56:51.969 [Test worker] DEBUG org.springframework.context.annotation.ConfigurationClassBeanDefinitionReader - Registering bean definition for @Bean method org.springframework.boot.autoconfigure.web.HttpMessageConvertersAutoConfiguration$StringHttpMessageConverterConfiguration.stringHttpMessageConverter()
16:56:51.969 [Test worker] DEBUG org.springframework.beans.factory.support.DefaultListableBeanFactory - Returning cached instance of singleton bean 'autoConfigurationReport'
16:56:51.969 [Test worker] DEBUG org.springframework.beans.factory.support.DefaultListableBeanFactory - Returning cached instance of singleton bean 'org.springframework.boot.autoconfigure.condition.BeanTypeRegistry'
16:56:51.969 [Test worker] DEBUG org.springframework.beans.factory.support.DefaultListableBeanFactory - Returning cached instance of singleton bean 'autoConfigurationReport'
16:56:51.969 [Test worker] DEBUG org.springframework.beans.factory.support.DefaultListableBeanFactory - Returning cached instance of singleton bean 'autoConfigurationReport'
16:56:51.969 [Test worker] DEBUG org.springframework.context.annotation.ConfigurationClassBeanDefinitionReader - Registered bean definition for imported class 'org.springframework.boot.autoconfigure.web.JacksonHttpMessageConvertersConfiguration$MappingJackson2HttpMessageConverterConfiguration'
16:56:51.971 [Test worker] DEBUG org.springframework.beans.factory.support.DefaultListableBeanFactory - Returning cached instance of singleton bean 'org.springframework.boot.autoconfigure.condition.BeanTypeRegistry'
16:56:51.972 [Test worker] DEBUG org.springframework.beans.factory.support.DefaultListableBeanFactory - Returning cached instance of singleton bean 'autoConfigurationReport'
16:56:51.972 [Test worker] DEBUG org.springframework.context.annotation.ConfigurationClassBeanDefinitionReader - Registering bean definition for @Bean method org.springframework.boot.autoconfigure.web.JacksonHttpMessageConvertersConfiguration$MappingJackson2HttpMessageConverterConfiguration.mappingJackson2HttpMessageConverter()
16:56:51.972 [Test worker] DEBUG org.springframework.context.annotation.ConfigurationClassBeanDefinitionReader - Registered bean definition for imported class 'org.springframework.boot.autoconfigure.web.JacksonHttpMessageConvertersConfiguration'
16:56:51.973 [Test worker] DEBUG org.springframework.context.annotation.ConfigurationClassBeanDefinitionReader - Registered bean definition for imported class 'org.springframework.boot.autoconfigure.web.HttpMessageConvertersAutoConfiguration'
16:56:51.974 [Test worker] DEBUG org.springframework.beans.factory.support.DefaultListableBeanFactory - Returning cached instance of singleton bean 'org.springframework.boot.autoconfigure.condition.BeanTypeRegistry'
16:56:51.974 [Test worker] DEBUG org.springframework.beans.factory.support.DefaultListableBeanFactory - Returning cached instance of singleton bean 'autoConfigurationReport'
16:56:51.974 [Test worker] DEBUG org.springframework.context.annotation.ConfigurationClassBeanDefinitionReader - Registering bean definition for @Bean method org.springframework.boot.autoconfigure.web.HttpMessageConvertersAutoConfiguration.messageConverters()
16:56:51.974 [Test worker] DEBUG org.springframework.beans.factory.support.DefaultListableBeanFactory - Returning cached instance of singleton bean 'autoConfigurationReport'
16:56:51.975 [Test worker] DEBUG org.springframework.beans.factory.support.DefaultListableBeanFactory - Returning cached instance of singleton bean 'org.springframework.boot.autoconfigure.condition.BeanTypeRegistry'
16:56:51.975 [Test worker] DEBUG org.springframework.beans.factory.support.DefaultListableBeanFactory - Returning cached instance of singleton bean 'autoConfigurationReport'
16:56:51.975 [Test worker] DEBUG org.springframework.context.annotation.ConfigurationClassBeanDefinitionReader - Registered bean definition for imported class 'org.springframework.transaction.annotation.ProxyTransactionManagementConfiguration'
16:56:51.975 [Test worker] DEBUG org.springframework.context.annotation.ConfigurationClassBeanDefinitionReader - Registering bean definition for @Bean method org.springframework.transaction.annotation.ProxyTransactionManagementConfiguration.org.springframework.transaction.config.internalTransactionAdvisor()
16:56:51.975 [Test worker] INFO org.springframework.beans.factory.support.DefaultListableBeanFactory - Overriding bean definition for bean 'org.springframework.transaction.config.internalTransactionAdvisor' with a different definition: replacing [Root bean: class [org.springframework.transaction.interceptor.BeanFactoryTransactionAttributeSourceAdvisor]; scope=; abstract=false; lazyInit=false; autowireMode=0; dependencyCheck=0; autowireCandidate=true; primary=false; factoryBeanName=null; factoryMethodName=null; initMethodName=null; destroyMethodName=null] with [Root bean: class [null]; scope=; abstract=false; lazyInit=false; autowireMode=3; dependencyCheck=0; autowireCandidate=true; primary=false; factoryBeanName=org.springframework.transaction.annotation.ProxyTransactionManagementConfiguration; factoryMethodName=transactionAdvisor; initMethodName=null; destroyMethodName=(inferred); defined in class path resource [org/springframework/transaction/annotation/ProxyTransactionManagementConfiguration.class]]
16:56:51.975 [Test worker] DEBUG org.springframework.context.annotation.ConfigurationClassBeanDefinitionReader - Registering bean definition for @Bean method org.springframework.transaction.annotation.ProxyTransactionManagementConfiguration.transactionAttributeSource()
16:56:51.975 [Test worker] DEBUG org.springframework.context.annotation.ConfigurationClassBeanDefinitionReader - Registering bean definition for @Bean method org.springframework.transaction.annotation.ProxyTransactionManagementConfiguration.transactionInterceptor()
16:56:51.975 [Test worker] INFO org.springframework.context.annotation.ConfigurationClassBeanDefinitionReader - Skipping bean definition for [BeanMethod:name=transactionalEventListenerFactory,declaringClass=org.springframework.transaction.annotation.AbstractTransactionManagementConfiguration]: a definition for bean 'org.springframework.transaction.config.internalTransactionalEventListenerFactory' already exists. This top-level bean definition is considered as an override.
16:56:51.976 [Test worker] DEBUG org.springframework.context.annotation.ConfigurationClassBeanDefinitionReader - Registered bean definition for imported class 'org.springframework.boot.autoconfigure.jdbc.DataSourceTransactionManagerAutoConfiguration$TransactionManagementConfiguration'
16:56:51.976 [Test worker] DEBUG org.springframework.context.annotation.ConfigurationClassBeanDefinitionReader - Registered bean definition for imported class 'org.springframework.boot.autoconfigure.jdbc.DataSourceTransactionManagerAutoConfiguration'
16:56:51.976 [Test worker] DEBUG org.springframework.beans.factory.support.DefaultListableBeanFactory - Returning cached instance of singleton bean 'org.springframework.boot.autoconfigure.condition.BeanTypeRegistry'
16:56:51.977 [Test worker] DEBUG org.springframework.beans.factory.support.DefaultListableBeanFactory - Returning cached instance of singleton bean 'org.springframework.boot.autoconfigure.condition.BeanTypeRegistry'
16:56:51.977 [Test worker] DEBUG org.springframework.beans.factory.support.DefaultListableBeanFactory - Returning cached instance of singleton bean 'autoConfigurationReport'
16:56:51.977 [Test worker] DEBUG org.springframework.beans.factory.support.DefaultListableBeanFactory - Returning cached instance of singleton bean 'autoConfigurationReport'
16:56:51.977 [Test worker] DEBUG org.springframework.beans.factory.support.DefaultListableBeanFactory - Returning cached instance of singleton bean 'org.springframework.boot.autoconfigure.condition.BeanTypeRegistry'
16:56:51.977 [Test worker] DEBUG org.springframework.beans.factory.support.DefaultListableBeanFactory - Returning cached instance of singleton bean 'autoConfigurationReport'
16:56:51.977 [Test worker] DEBUG org.springframework.context.annotation.ConfigurationClassBeanDefinitionReader - Registered bean definition for imported class 'org.springframework.boot.autoconfigure.transaction.TransactionAutoConfiguration'
16:56:51.978 [Test worker] DEBUG org.springframework.beans.factory.support.DefaultListableBeanFactory - Returning cached instance of singleton bean 'org.springframework.boot.autoconfigure.condition.BeanTypeRegistry'
16:56:51.978 [Test worker] DEBUG org.springframework.beans.factory.support.DefaultListableBeanFactory - Returning cached instance of singleton bean 'autoConfigurationReport'
16:56:51.978 [Test worker] DEBUG org.springframework.context.annotation.ConfigurationClassBeanDefinitionReader - Registering bean definition for @Bean method org.springframework.boot.autoconfigure.transaction.TransactionAutoConfiguration.transactionTemplate()
16:56:51.978 [Test worker] DEBUG org.springframework.beans.factory.support.DefaultListableBeanFactory - Returning cached instance of singleton bean 'autoConfigurationReport'
16:56:51.978 [Test worker] DEBUG org.springframework.beans.factory.support.DefaultListableBeanFactory - Returning cached instance of singleton bean 'autoConfigurationReport'
16:56:51.978 [Test worker] DEBUG org.springframework.context.annotation.ConfigurationClassBeanDefinitionReader - Registered bean definition for imported class 'org.springframework.boot.autoconfigure.web.HttpEncodingAutoConfiguration'
16:56:51.978 [Test worker] DEBUG org.springframework.beans.factory.support.DefaultListableBeanFactory - Returning cached instance of singleton bean 'org.springframework.boot.autoconfigure.condition.BeanTypeRegistry'
16:56:51.979 [Test worker] DEBUG org.springframework.beans.factory.support.DefaultListableBeanFactory - Returning cached instance of singleton bean 'autoConfigurationReport'
16:56:51.979 [Test worker] DEBUG org.springframework.context.annotation.ConfigurationClassBeanDefinitionReader - Registering bean definition for @Bean method org.springframework.boot.autoconfigure.web.HttpEncodingAutoConfiguration.characterEncodingFilter()
16:56:51.979 [Test worker] DEBUG org.springframework.beans.factory.support.DefaultListableBeanFactory - Returning cached instance of singleton bean 'autoConfigurationReport'
16:56:51.979 [Test worker] DEBUG org.springframework.beans.factory.support.DefaultListableBeanFactory - Returning cached instance of singleton bean 'autoConfigurationReport'
16:56:51.979 [Test worker] DEBUG org.springframework.context.annotation.ConfigurationClassBeanDefinitionReader - Registered bean definition for imported class 'org.springframework.boot.autoconfigure.web.MultipartAutoConfiguration'
16:56:51.980 [Test worker] DEBUG org.springframework.beans.factory.support.DefaultListableBeanFactory - Returning cached instance of singleton bean 'org.springframework.boot.autoconfigure.condition.BeanTypeRegistry'
16:56:51.980 [Test worker] DEBUG org.springframework.beans.factory.support.DefaultListableBeanFactory - Returning cached instance of singleton bean 'autoConfigurationReport'
16:56:51.980 [Test worker] DEBUG org.springframework.context.annotation.ConfigurationClassBeanDefinitionReader - Registering bean definition for @Bean method org.springframework.boot.autoconfigure.web.MultipartAutoConfiguration.multipartConfigElement()
16:56:51.981 [Test worker] DEBUG org.springframework.beans.factory.support.DefaultListableBeanFactory - Returning cached instance of singleton bean 'org.springframework.boot.autoconfigure.condition.BeanTypeRegistry'
16:56:51.981 [Test worker] DEBUG org.springframework.beans.factory.support.DefaultListableBeanFactory - Returning cached instance of singleton bean 'autoConfigurationReport'
16:56:51.981 [Test worker] DEBUG org.springframework.context.annotation.ConfigurationClassBeanDefinitionReader - Registering bean definition for @Bean method org.springframework.boot.autoconfigure.web.MultipartAutoConfiguration.multipartResolver()
16:56:52.036 [Test worker] DEBUG org.springframework.context.annotation.ConfigurationClassEnhancer - Successfully enhanced com.mycompany.config.SpringTestCfg; enhanced class name is: com.mycompany.config.SpringTestCfg$$EnhancerBySpringCGLIB$$5f5ba2a1
16:56:52.036 [Test worker] DEBUG org.springframework.context.annotation.ConfigurationClassPostProcessor - Replacing bean definition 'springTestCfg' existing class 'com.mycompany.config.SpringTestCfg' with enhanced class 'com.mycompany.config.SpringTestCfg$$EnhancerBySpringCGLIB$$5f5ba2a1'
16:56:52.037 [Test worker] DEBUG org.springframework.context.annotation.ConfigurationClassEnhancer - Successfully enhanced org.springframework.boot.autoconfigure.PropertyPlaceholderAutoConfiguration; enhanced class name is: org.springframework.boot.autoconfigure.PropertyPlaceholderAutoConfiguration$$EnhancerBySpringCGLIB$$2571b5f3
16:56:52.037 [Test worker] DEBUG org.springframework.context.annotation.ConfigurationClassPostProcessor - Replacing bean definition 'org.springframework.boot.autoconfigure.PropertyPlaceholderAutoConfiguration' existing class 'org.springframework.boot.autoconfigure.PropertyPlaceholderAutoConfiguration' with enhanced class 'org.springframework.boot.autoconfigure.PropertyPlaceholderAutoConfiguration$$EnhancerBySpringCGLIB$$2571b5f3'
16:56:52.038 [Test worker] DEBUG org.springframework.context.annotation.ConfigurationClassEnhancer - Successfully enhanced org.springframework.boot.autoconfigure.PropertyPlaceholderAutoConfiguration; enhanced class name is: org.springframework.boot.autoconfigure.PropertyPlaceholderAutoConfiguration$$EnhancerBySpringCGLIB$$2571b5f3
16:56:52.038 [Test worker] DEBUG org.springframework.context.annotation.ConfigurationClassPostProcessor - Replacing bean definition 'propertySourcesPlaceholderConfigurer' existing class 'org.springframework.boot.autoconfigure.PropertyPlaceholderAutoConfiguration' with enhanced class 'org.springframework.boot.autoconfigure.PropertyPlaceholderAutoConfiguration$$EnhancerBySpringCGLIB$$2571b5f3'
16:56:52.042 [Test worker] DEBUG org.springframework.context.annotation.ConfigurationClassEnhancer - Successfully enhanced org.springframework.boot.autoconfigure.jmx.JmxAutoConfiguration; enhanced class name is: org.springframework.boot.autoconfigure.jmx.JmxAutoConfiguration$$EnhancerBySpringCGLIB$$ed007c95
16:56:52.042 [Test worker] DEBUG org.springframework.context.annotation.ConfigurationClassPostProcessor - Replacing bean definition 'org.springframework.boot.autoconfigure.jmx.JmxAutoConfiguration' existing class 'org.springframework.boot.autoconfigure.jmx.JmxAutoConfiguration' with enhanced class 'org.springframework.boot.autoconfigure.jmx.JmxAutoConfiguration$$EnhancerBySpringCGLIB$$ed007c95'
16:56:52.043 [Test worker] DEBUG org.springframework.context.annotation.ConfigurationClassEnhancer - Successfully enhanced org.springframework.boot.autoconfigure.aop.AopAutoConfiguration$JdkDynamicAutoProxyConfiguration; enhanced class name is: org.springframework.boot.autoconfigure.aop.AopAutoConfiguration$JdkDynamicAutoProxyConfiguration$$EnhancerBySpringCGLIB$$fd0654ea
16:56:52.043 [Test worker] DEBUG org.springframework.context.annotation.ConfigurationClassPostProcessor - Replacing bean definition 'org.springframework.boot.autoconfigure.aop.AopAutoConfiguration$JdkDynamicAutoProxyConfiguration' existing class 'org.springframework.boot.autoconfigure.aop.AopAutoConfiguration$JdkDynamicAutoProxyConfiguration' with enhanced class 'org.springframework.boot.autoconfigure.aop.AopAutoConfiguration$JdkDynamicAutoProxyConfiguration$$EnhancerBySpringCGLIB$$fd0654ea'
16:56:52.044 [Test worker] DEBUG org.springframework.context.annotation.ConfigurationClassEnhancer - Successfully enhanced org.springframework.boot.autoconfigure.aop.AopAutoConfiguration; enhanced class name is: org.springframework.boot.autoconfigure.aop.AopAutoConfiguration$$EnhancerBySpringCGLIB$$b8eb8c3b
16:56:52.044 [Test worker] DEBUG org.springframework.context.annotation.ConfigurationClassPostProcessor - Replacing bean definition 'org.springframework.boot.autoconfigure.aop.AopAutoConfiguration' existing class 'org.springframework.boot.autoconfigure.aop.AopAutoConfiguration' with enhanced class 'org.springframework.boot.autoconfigure.aop.AopAutoConfiguration$$EnhancerBySpringCGLIB$$b8eb8c3b'
16:56:52.046 [Test worker] DEBUG org.springframework.context.annotation.ConfigurationClassEnhancer - Successfully enhanced org.springframework.boot.autoconfigure.jdbc.DataSourceAutoConfiguration$JdbcTemplateConfiguration; enhanced class name is: org.springframework.boot.autoconfigure.jdbc.DataSourceAutoConfiguration$JdbcTemplateConfiguration$$EnhancerBySpringCGLIB$$ac197e56
16:56:52.046 [Test worker] DEBUG org.springframework.context.annotation.ConfigurationClassPostProcessor - Replacing bean definition 'org.springframework.boot.autoconfigure.jdbc.DataSourceAutoConfiguration$JdbcTemplateConfiguration' existing class 'org.springframework.boot.autoconfigure.jdbc.DataSourceAutoConfiguration$JdbcTemplateConfiguration' with enhanced class 'org.springframework.boot.autoconfigure.jdbc.DataSourceAutoConfiguration$JdbcTemplateConfiguration$$EnhancerBySpringCGLIB$$ac197e56'
16:56:52.048 [Test worker] DEBUG org.springframework.context.annotation.ConfigurationClassEnhancer - Successfully enhanced org.springframework.boot.autoconfigure.jdbc.DataSourceAutoConfiguration$DataSourceInitializerConfiguration; enhanced class name is: org.springframework.boot.autoconfigure.jdbc.DataSourceAutoConfiguration$DataSourceInitializerConfiguration$$EnhancerBySpringCGLIB$$214b57a0
16:56:52.048 [Test worker] DEBUG org.springframework.context.annotation.ConfigurationClassPostProcessor - Replacing bean definition 'org.springframework.boot.autoconfigure.jdbc.DataSourceAutoConfiguration$DataSourceInitializerConfiguration' existing class 'org.springframework.boot.autoconfigure.jdbc.DataSourceAutoConfiguration$DataSourceInitializerConfiguration' with enhanced class 'org.springframework.boot.autoconfigure.jdbc.DataSourceAutoConfiguration$DataSourceInitializerConfiguration$$EnhancerBySpringCGLIB$$214b57a0'
16:56:52.049 [Test worker] DEBUG org.springframework.context.annotation.ConfigurationClassEnhancer - Successfully enhanced org.springframework.boot.autoconfigure.jdbc.metadata.DataSourcePoolMetadataProvidersConfiguration$TomcatDataSourcePoolMetadataProviderConfiguration; enhanced class name is: org.springframework.boot.autoconfigure.jdbc.metadata.DataSourcePoolMetadataProvidersConfiguration$TomcatDataSourcePoolMetadataProviderConfiguration$$EnhancerBySpringCGLIB$$ccfafba7
16:56:52.049 [Test worker] DEBUG org.springframework.context.annotation.ConfigurationClassPostProcessor - Replacing bean definition 'org.springframework.boot.autoconfigure.jdbc.metadata.DataSourcePoolMetadataProvidersConfiguration$TomcatDataSourcePoolMetadataProviderConfiguration' existing class 'org.springframework.boot.autoconfigure.jdbc.metadata.DataSourcePoolMetadataProvidersConfiguration$TomcatDataSourcePoolMetadataProviderConfiguration' with enhanced class 'org.springframework.boot.autoconfigure.jdbc.metadata.DataSourcePoolMetadataProvidersConfiguration$TomcatDataSourcePoolMetadataProviderConfiguration$$EnhancerBySpringCGLIB$$ccfafba7'
16:56:52.050 [Test worker] DEBUG org.springframework.context.annotation.ConfigurationClassEnhancer - Successfully enhanced org.springframework.boot.autoconfigure.jdbc.metadata.DataSourcePoolMetadataProvidersConfiguration; enhanced class name is: org.springframework.boot.autoconfigure.jdbc.metadata.DataSourcePoolMetadataProvidersConfiguration$$EnhancerBySpringCGLIB$$4a85f5ba
16:56:52.050 [Test worker] DEBUG org.springframework.context.annotation.ConfigurationClassPostProcessor - Replacing bean definition 'org.springframework.boot.autoconfigure.jdbc.metadata.DataSourcePoolMetadataProvidersConfiguration' existing class 'org.springframework.boot.autoconfigure.jdbc.metadata.DataSourcePoolMetadataProvidersConfiguration' with enhanced class 'org.springframework.boot.autoconfigure.jdbc.metadata.DataSourcePoolMetadataProvidersConfiguration$$EnhancerBySpringCGLIB$$4a85f5ba'
16:56:52.051 [Test worker] DEBUG org.springframework.context.annotation.ConfigurationClassEnhancer - Successfully enhanced org.springframework.boot.autoconfigure.jdbc.DataSourceAutoConfiguration; enhanced class name is: org.springframework.boot.autoconfigure.jdbc.DataSourceAutoConfiguration$$EnhancerBySpringCGLIB$$4f88b0d9
16:56:52.051 [Test worker] DEBUG org.springframework.context.annotation.ConfigurationClassPostProcessor - Replacing bean definition 'org.springframework.boot.autoconfigure.jdbc.DataSourceAutoConfiguration' existing class 'org.springframework.boot.autoconfigure.jdbc.DataSourceAutoConfiguration' with enhanced class 'org.springframework.boot.autoconfigure.jdbc.DataSourceAutoConfiguration$$EnhancerBySpringCGLIB$$4f88b0d9'
16:56:52.053 [Test worker] DEBUG org.springframework.context.annotation.ConfigurationClassEnhancer - Successfully enhanced org.springframework.boot.autoconfigure.orm.jpa.HibernateJpaAutoConfiguration; enhanced class name is: org.springframework.boot.autoconfigure.orm.jpa.HibernateJpaAutoConfiguration$$EnhancerBySpringCGLIB$$d71b7199
16:56:52.053 [Test worker] DEBUG org.springframework.context.annotation.ConfigurationClassPostProcessor - Replacing bean definition 'org.springframework.boot.autoconfigure.orm.jpa.HibernateJpaAutoConfiguration' existing class 'org.springframework.boot.autoconfigure.orm.jpa.HibernateJpaAutoConfiguration' with enhanced class 'org.springframework.boot.autoconfigure.orm.jpa.HibernateJpaAutoConfiguration$$EnhancerBySpringCGLIB$$d71b7199'
16:56:52.054 [Test worker] DEBUG org.springframework.context.annotation.ConfigurationClassEnhancer - Successfully enhanced org.springframework.boot.autoconfigure.context.ConfigurationPropertiesAutoConfiguration; enhanced class name is: org.springframework.boot.autoconfigure.context.ConfigurationPropertiesAutoConfiguration$$EnhancerBySpringCGLIB$$5d1e98c7
16:56:52.054 [Test worker] DEBUG org.springframework.context.annotation.ConfigurationClassPostProcessor - Replacing bean definition 'org.springframework.boot.autoconfigure.context.ConfigurationPropertiesAutoConfiguration' existing class 'org.springframework.boot.autoconfigure.context.ConfigurationPropertiesAutoConfiguration' with enhanced class 'org.springframework.boot.autoconfigure.context.ConfigurationPropertiesAutoConfiguration$$EnhancerBySpringCGLIB$$5d1e98c7'
16:56:52.056 [Test worker] DEBUG org.springframework.context.annotation.ConfigurationClassEnhancer - Successfully enhanced org.springframework.boot.autoconfigure.jackson.JacksonAutoConfiguration$JacksonObjectMapperBuilderConfiguration; enhanced class name is: org.springframework.boot.autoconfigure.jackson.JacksonAutoConfiguration$JacksonObjectMapperBuilderConfiguration$$EnhancerBySpringCGLIB$$7b754f23
16:56:52.056 [Test worker] DEBUG org.springframework.context.annotation.ConfigurationClassPostProcessor - Replacing bean definition 'org.springframework.boot.autoconfigure.jackson.JacksonAutoConfiguration$JacksonObjectMapperBuilderConfiguration' existing class 'org.springframework.boot.autoconfigure.jackson.JacksonAutoConfiguration$JacksonObjectMapperBuilderConfiguration' with enhanced class 'org.springframework.boot.autoconfigure.jackson.JacksonAutoConfiguration$JacksonObjectMapperBuilderConfiguration$$EnhancerBySpringCGLIB$$7b754f23'
16:56:52.057 [Test worker] DEBUG org.springframework.context.annotation.ConfigurationClassEnhancer - Successfully enhanced org.springframework.boot.autoconfigure.jackson.JacksonAutoConfiguration$JacksonObjectMapperConfiguration; enhanced class name is: org.springframework.boot.autoconfigure.jackson.JacksonAutoConfiguration$JacksonObjectMapperConfiguration$$EnhancerBySpringCGLIB$$c9288d0a
16:56:52.057 [Test worker] DEBUG org.springframework.context.annotation.ConfigurationClassPostProcessor - Replacing bean definition 'org.springframework.boot.autoconfigure.jackson.JacksonAutoConfiguration$JacksonObjectMapperConfiguration' existing class 'org.springframework.boot.autoconfigure.jackson.JacksonAutoConfiguration$JacksonObjectMapperConfiguration' with enhanced class 'org.springframework.boot.autoconfigure.jackson.JacksonAutoConfiguration$JacksonObjectMapperConfiguration$$EnhancerBySpringCGLIB$$c9288d0a'
16:56:52.058 [Test worker] DEBUG org.springframework.context.annotation.ConfigurationClassEnhancer - Successfully enhanced org.springframework.boot.autoconfigure.jackson.JacksonAutoConfiguration; enhanced class name is: org.springframework.boot.autoconfigure.jackson.JacksonAutoConfiguration$$EnhancerBySpringCGLIB$$ab342a99
16:56:52.058 [Test worker] DEBUG org.springframework.context.annotation.ConfigurationClassPostProcessor - Replacing bean definition 'org.springframework.boot.autoconfigure.jackson.JacksonAutoConfiguration' existing class 'org.springframework.boot.autoconfigure.jackson.JacksonAutoConfiguration' with enhanced class 'org.springframework.boot.autoconfigure.jackson.JacksonAutoConfiguration$$EnhancerBySpringCGLIB$$ab342a99'
16:56:52.059 [Test worker] DEBUG org.springframework.context.annotation.ConfigurationClassEnhancer - Successfully enhanced org.springframework.boot.autoconfigure.web.HttpMessageConvertersAutoConfiguration$StringHttpMessageConverterConfiguration; enhanced class name is: org.springframework.boot.autoconfigure.web.HttpMessageConvertersAutoConfiguration$StringHttpMessageConverterConfiguration$$EnhancerBySpringCGLIB$$bac33679
16:56:52.059 [Test worker] DEBUG org.springframework.context.annotation.ConfigurationClassPostProcessor - Replacing bean definition 'org.springframework.boot.autoconfigure.web.HttpMessageConvertersAutoConfiguration$StringHttpMessageConverterConfiguration' existing class 'org.springframework.boot.autoconfigure.web.HttpMessageConvertersAutoConfiguration$StringHttpMessageConverterConfiguration' with enhanced class 'org.springframework.boot.autoconfigure.web.HttpMessageConvertersAutoConfiguration$StringHttpMessageConverterConfiguration$$EnhancerBySpringCGLIB$$bac33679'
16:56:52.060 [Test worker] DEBUG org.springframework.context.annotation.ConfigurationClassEnhancer - Successfully enhanced org.springframework.boot.autoconfigure.web.JacksonHttpMessageConvertersConfiguration$MappingJackson2HttpMessageConverterConfiguration; enhanced class name is: org.springframework.boot.autoconfigure.web.JacksonHttpMessageConvertersConfiguration$MappingJackson2HttpMessageConverterConfiguration$$EnhancerBySpringCGLIB$$48d16079
16:56:52.060 [Test worker] DEBUG org.springframework.context.annotation.ConfigurationClassPostProcessor - Replacing bean definition 'org.springframework.boot.autoconfigure.web.JacksonHttpMessageConvertersConfiguration$MappingJackson2HttpMessageConverterConfiguration' existing class 'org.springframework.boot.autoconfigure.web.JacksonHttpMessageConvertersConfiguration$MappingJackson2HttpMessageConverterConfiguration' with enhanced class 'org.springframework.boot.autoconfigure.web.JacksonHttpMessageConvertersConfiguration$MappingJackson2HttpMessageConverterConfiguration$$EnhancerBySpringCGLIB$$48d16079'
16:56:52.061 [Test worker] DEBUG org.springframework.context.annotation.ConfigurationClassEnhancer - Successfully enhanced org.springframework.boot.autoconfigure.web.JacksonHttpMessageConvertersConfiguration; enhanced class name is: org.springframework.boot.autoconfigure.web.JacksonHttpMessageConvertersConfiguration$$EnhancerBySpringCGLIB$$dbbef8ef
16:56:52.061 [Test worker] DEBUG org.springframework.context.annotation.ConfigurationClassPostProcessor - Replacing bean definition 'org.springframework.boot.autoconfigure.web.JacksonHttpMessageConvertersConfiguration' existing class 'org.springframework.boot.autoconfigure.web.JacksonHttpMessageConvertersConfiguration' with enhanced class 'org.springframework.boot.autoconfigure.web.JacksonHttpMessageConvertersConfiguration$$EnhancerBySpringCGLIB$$dbbef8ef'
16:56:52.062 [Test worker] DEBUG org.springframework.context.annotation.ConfigurationClassEnhancer - Successfully enhanced org.springframework.boot.autoconfigure.web.HttpMessageConvertersAutoConfiguration; enhanced class name is: org.springframework.boot.autoconfigure.web.HttpMessageConvertersAutoConfiguration$$EnhancerBySpringCGLIB$$fe4d2bd9
16:56:52.062 [Test worker] DEBUG org.springframework.context.annotation.ConfigurationClassPostProcessor - Replacing bean definition 'org.springframework.boot.autoconfigure.web.HttpMessageConvertersAutoConfiguration' existing class 'org.springframework.boot.autoconfigure.web.HttpMessageConvertersAutoConfiguration' with enhanced class 'org.springframework.boot.autoconfigure.web.HttpMessageConvertersAutoConfiguration$$EnhancerBySpringCGLIB$$fe4d2bd9'
16:56:52.065 [Test worker] DEBUG org.springframework.context.annotation.ConfigurationClassEnhancer - Successfully enhanced org.springframework.transaction.annotation.ProxyTransactionManagementConfiguration; enhanced class name is: org.springframework.transaction.annotation.ProxyTransactionManagementConfiguration$$EnhancerBySpringCGLIB$$6d950d79
16:56:52.065 [Test worker] DEBUG org.springframework.context.annotation.ConfigurationClassPostProcessor - Replacing bean definition 'org.springframework.transaction.annotation.ProxyTransactionManagementConfiguration' existing class 'org.springframework.transaction.annotation.ProxyTransactionManagementConfiguration' with enhanced class 'org.springframework.transaction.annotation.ProxyTransactionManagementConfiguration$$EnhancerBySpringCGLIB$$6d950d79'
16:56:52.066 [Test worker] DEBUG org.springframework.context.annotation.ConfigurationClassEnhancer - Successfully enhanced org.springframework.boot.autoconfigure.jdbc.DataSourceTransactionManagerAutoConfiguration$TransactionManagementConfiguration; enhanced class name is: org.springframework.boot.autoconfigure.jdbc.DataSourceTransactionManagerAutoConfiguration$TransactionManagementConfiguration$$EnhancerBySpringCGLIB$$e36cce8b
16:56:52.066 [Test worker] DEBUG org.springframework.context.annotation.ConfigurationClassPostProcessor - Replacing bean definition 'org.springframework.boot.autoconfigure.jdbc.DataSourceTransactionManagerAutoConfiguration$TransactionManagementConfiguration' existing class 'org.springframework.boot.autoconfigure.jdbc.DataSourceTransactionManagerAutoConfiguration$TransactionManagementConfiguration' with enhanced class 'org.springframework.boot.autoconfigure.jdbc.DataSourceTransactionManagerAutoConfiguration$TransactionManagementConfiguration$$EnhancerBySpringCGLIB$$e36cce8b'
16:56:52.068 [Test worker] DEBUG org.springframework.context.annotation.ConfigurationClassEnhancer - Successfully enhanced org.springframework.boot.autoconfigure.jdbc.DataSourceTransactionManagerAutoConfiguration; enhanced class name is: org.springframework.boot.autoconfigure.jdbc.DataSourceTransactionManagerAutoConfiguration$$EnhancerBySpringCGLIB$$7e6bfdca
16:56:52.068 [Test worker] DEBUG org.springframework.context.annotation.ConfigurationClassPostProcessor - Replacing bean definition 'org.springframework.boot.autoconfigure.jdbc.DataSourceTransactionManagerAutoConfiguration' existing class 'org.springframework.boot.autoconfigure.jdbc.DataSourceTransactionManagerAutoConfiguration' with enhanced class 'org.springframework.boot.autoconfigure.jdbc.DataSourceTransactionManagerAutoConfiguration$$EnhancerBySpringCGLIB$$7e6bfdca'
16:56:52.069 [Test worker] DEBUG org.springframework.context.annotation.ConfigurationClassEnhancer - Successfully enhanced org.springframework.boot.autoconfigure.transaction.TransactionAutoConfiguration; enhanced class name is: org.springframework.boot.autoconfigure.transaction.TransactionAutoConfiguration$$EnhancerBySpringCGLIB$$2090883
16:56:52.069 [Test worker] DEBUG org.springframework.context.annotation.ConfigurationClassPostProcessor - Replacing bean definition 'org.springframework.boot.autoconfigure.transaction.TransactionAutoConfiguration' existing class 'org.springframework.boot.autoconfigure.transaction.TransactionAutoConfiguration' with enhanced class 'org.springframework.boot.autoconfigure.transaction.TransactionAutoConfiguration$$EnhancerBySpringCGLIB$$2090883'
16:56:52.070 [Test worker] DEBUG org.springframework.context.annotation.ConfigurationClassEnhancer - Successfully enhanced org.springframework.boot.autoconfigure.web.HttpEncodingAutoConfiguration; enhanced class name is: org.springframework.boot.autoconfigure.web.HttpEncodingAutoConfiguration$$EnhancerBySpringCGLIB$$44817424
16:56:52.070 [Test worker] DEBUG org.springframework.context.annotation.ConfigurationClassPostProcessor - Replacing bean definition 'org.springframework.boot.autoconfigure.web.HttpEncodingAutoConfiguration' existing class 'org.springframework.boot.autoconfigure.web.HttpEncodingAutoConfiguration' with enhanced class 'org.springframework.boot.autoconfigure.web.HttpEncodingAutoConfiguration$$EnhancerBySpringCGLIB$$44817424'
16:56:52.072 [Test worker] DEBUG org.springframework.context.annotation.ConfigurationClassEnhancer - Successfully enhanced org.springframework.boot.autoconfigure.web.MultipartAutoConfiguration; enhanced class name is: org.springframework.boot.autoconfigure.web.MultipartAutoConfiguration$$EnhancerBySpringCGLIB$$2842c0bf
16:56:52.072 [Test worker] DEBUG org.springframework.context.annotation.ConfigurationClassPostProcessor - Replacing bean definition 'org.springframework.boot.autoconfigure.web.MultipartAutoConfiguration' existing class 'org.springframework.boot.autoconfigure.web.MultipartAutoConfiguration' with enhanced class 'org.springframework.boot.autoconfigure.web.MultipartAutoConfiguration$$EnhancerBySpringCGLIB$$2842c0bf'
16:56:52.072 [Test worker] DEBUG org.springframework.beans.factory.support.DefaultListableBeanFactory - Creating shared instance of singleton bean 'propertySourcesPlaceholderConfigurer'
16:56:52.072 [Test worker] DEBUG org.springframework.beans.factory.support.DefaultListableBeanFactory - Creating instance of bean 'propertySourcesPlaceholderConfigurer'
16:56:52.074 [Test worker] DEBUG org.springframework.beans.factory.support.DefaultListableBeanFactory - Eagerly caching bean 'propertySourcesPlaceholderConfigurer' to allow for resolving potential circular references
16:56:52.075 [Test worker] DEBUG org.springframework.beans.factory.support.DefaultListableBeanFactory - Finished creating instance of bean 'propertySourcesPlaceholderConfigurer'
16:56:52.075 [Test worker] DEBUG org.springframework.core.env.MutablePropertySources - Adding [environmentProperties] PropertySource with lowest search precedence
16:56:52.075 [Test worker] DEBUG org.springframework.core.env.MutablePropertySources - Adding [localProperties] PropertySource with lowest search precedence
16:56:52.077 [Test worker] DEBUG org.springframework.beans.factory.support.DefaultListableBeanFactory - Creating shared instance of singleton bean 'emBeanDefinitionRegistrarPostProcessor'
16:56:52.077 [Test worker] DEBUG org.springframework.beans.factory.support.DefaultListableBeanFactory - Creating instance of bean 'emBeanDefinitionRegistrarPostProcessor'
16:56:52.077 [Test worker] DEBUG org.springframework.beans.factory.support.DefaultListableBeanFactory - Eagerly caching bean 'emBeanDefinitionRegistrarPostProcessor' to allow for resolving potential circular references
16:56:52.077 [Test worker] DEBUG org.springframework.beans.factory.support.DefaultListableBeanFactory - Finished creating instance of bean 'emBeanDefinitionRegistrarPostProcessor'
16:56:52.078 [Test worker] DEBUG org.springframework.beans.factory.support.DefaultListableBeanFactory - Creating shared instance of singleton bean 'org.springframework.boot.context.properties.ConfigurationPropertiesBindingPostProcessor.store'
16:56:52.078 [Test worker] DEBUG org.springframework.beans.factory.support.DefaultListableBeanFactory - Creating instance of bean 'org.springframework.boot.context.properties.ConfigurationPropertiesBindingPostProcessor.store'
16:56:52.078 [Test worker] DEBUG org.springframework.beans.factory.support.DefaultListableBeanFactory - Eagerly caching bean 'org.springframework.boot.context.properties.ConfigurationPropertiesBindingPostProcessor.store' to allow for resolving potential circular references
16:56:52.078 [Test worker] DEBUG org.springframework.beans.factory.support.DefaultListableBeanFactory - Finished creating instance of bean 'org.springframework.boot.context.properties.ConfigurationPropertiesBindingPostProcessor.store'
16:56:52.082 [Test worker] DEBUG org.springframework.beans.factory.support.DefaultListableBeanFactory - Creating shared instance of singleton bean 'org.springframework.context.annotation.internalAutowiredAnnotationProcessor'
16:56:52.082 [Test worker] DEBUG org.springframework.beans.factory.support.DefaultListableBeanFactory - Creating instance of bean 'org.springframework.context.annotation.internalAutowiredAnnotationProcessor'
16:56:52.083 [Test worker] DEBUG org.springframework.beans.factory.support.DefaultListableBeanFactory - Eagerly caching bean 'org.springframework.context.annotation.internalAutowiredAnnotationProcessor' to allow for resolving potential circular references
16:56:52.083 [Test worker] DEBUG org.springframework.beans.factory.support.DefaultListableBeanFactory - Finished creating instance of bean 'org.springframework.context.annotation.internalAutowiredAnnotationProcessor'
16:56:52.083 [Test worker] DEBUG org.springframework.beans.factory.support.DefaultListableBeanFactory - Creating shared instance of singleton bean 'org.springframework.context.annotation.internalRequiredAnnotationProcessor'
16:56:52.083 [Test worker] DEBUG org.springframework.beans.factory.support.DefaultListableBeanFactory - Creating instance of bean 'org.springframework.context.annotation.internalRequiredAnnotationProcessor'
16:56:52.083 [Test worker] DEBUG org.springframework.beans.factory.support.DefaultListableBeanFactory - Eagerly caching bean 'org.springframework.context.annotation.internalRequiredAnnotationProcessor' to allow for resolving potential circular references
16:56:52.083 [Test worker] DEBUG org.springframework.beans.factory.support.DefaultListableBeanFactory - Finished creating instance of bean 'org.springframework.context.annotation.internalRequiredAnnotationProcessor'
16:56:52.083 [Test worker] DEBUG org.springframework.beans.factory.support.DefaultListableBeanFactory - Creating shared instance of singleton bean 'org.springframework.context.annotation.internalCommonAnnotationProcessor'
16:56:52.083 [Test worker] DEBUG org.springframework.beans.factory.support.DefaultListableBeanFactory - Creating instance of bean 'org.springframework.context.annotation.internalCommonAnnotationProcessor'
16:56:52.086 [Test worker] DEBUG org.springframework.beans.factory.support.DefaultListableBeanFactory - Eagerly caching bean 'org.springframework.context.annotation.internalCommonAnnotationProcessor' to allow for resolving potential circular references
16:56:52.086 [Test worker] DEBUG org.springframework.beans.factory.support.DefaultListableBeanFactory - Finished creating instance of bean 'org.springframework.context.annotation.internalCommonAnnotationProcessor'
16:56:52.086 [Test worker] DEBUG org.springframework.beans.factory.support.DefaultListableBeanFactory - Creating shared instance of singleton bean 'org.springframework.context.annotation.internalPersistenceAnnotationProcessor'
16:56:52.086 [Test worker] DEBUG org.springframework.beans.factory.support.DefaultListableBeanFactory - Creating instance of bean 'org.springframework.context.annotation.internalPersistenceAnnotationProcessor'
16:56:52.086 [Test worker] DEBUG org.springframework.beans.factory.support.DefaultListableBeanFactory - Eagerly caching bean 'org.springframework.context.annotation.internalPersistenceAnnotationProcessor' to allow for resolving potential circular references
16:56:52.086 [Test worker] DEBUG org.springframework.beans.factory.support.DefaultListableBeanFactory - Finished creating instance of bean 'org.springframework.context.annotation.internalPersistenceAnnotationProcessor'
16:56:52.087 [Test worker] DEBUG org.springframework.beans.factory.support.DefaultListableBeanFactory - Creating shared instance of singleton bean 'org.springframework.context.annotation.ConfigurationClassPostProcessor.importAwareProcessor'
16:56:52.087 [Test worker] DEBUG org.springframework.beans.factory.support.DefaultListableBeanFactory - Creating instance of bean 'org.springframework.context.annotation.ConfigurationClassPostProcessor.importAwareProcessor'
16:56:52.087 [Test worker] DEBUG org.springframework.beans.factory.support.DefaultListableBeanFactory - Eagerly caching bean 'org.springframework.context.annotation.ConfigurationClassPostProcessor.importAwareProcessor' to allow for resolving potential circular references
16:56:52.087 [Test worker] DEBUG org.springframework.beans.factory.support.DefaultListableBeanFactory - Finished creating instance of bean 'org.springframework.context.annotation.ConfigurationClassPostProcessor.importAwareProcessor'
16:56:52.087 [Test worker] DEBUG org.springframework.beans.factory.support.DefaultListableBeanFactory - Creating shared instance of singleton bean 'org.springframework.context.annotation.ConfigurationClassPostProcessor.enhancedConfigurationProcessor'
16:56:52.087 [Test worker] DEBUG org.springframework.beans.factory.support.DefaultListableBeanFactory - Creating instance of bean 'org.springframework.context.annotation.ConfigurationClassPostProcessor.enhancedConfigurationProcessor'
16:56:52.087 [Test worker] DEBUG org.springframework.beans.factory.support.DefaultListableBeanFactory - Eagerly caching bean 'org.springframework.context.annotation.ConfigurationClassPostProcessor.enhancedConfigurationProcessor' to allow for resolving potential circular references
16:56:52.087 [Test worker] DEBUG org.springframework.beans.factory.support.DefaultListableBeanFactory - Finished creating instance of bean 'org.springframework.context.annotation.ConfigurationClassPostProcessor.enhancedConfigurationProcessor'
16:56:52.087 [Test worker] DEBUG org.springframework.beans.factory.support.DefaultListableBeanFactory - Creating shared instance of singleton bean 'org.springframework.data.repository.core.support.RepositoryInterfaceAwareBeanPostProcessor'
16:56:52.087 [Test worker] DEBUG org.springframework.beans.factory.support.DefaultListableBeanFactory - Creating instance of bean 'org.springframework.data.repository.core.support.RepositoryInterfaceAwareBeanPostProcessor'
16:56:52.087 [Test worker] DEBUG org.springframework.beans.factory.support.DefaultListableBeanFactory - Eagerly caching bean 'org.springframework.data.repository.core.support.RepositoryInterfaceAwareBeanPostProcessor' to allow for resolving potential circular references
16:56:52.087 [Test worker] DEBUG org.springframework.beans.factory.support.DefaultListableBeanFactory - Finished creating instance of bean 'org.springframework.data.repository.core.support.RepositoryInterfaceAwareBeanPostProcessor'
16:56:52.087 [Test worker] DEBUG org.springframework.beans.factory.support.DefaultListableBeanFactory - Creating shared instance of singleton bean 'org.springframework.boot.context.properties.ConfigurationPropertiesBindingPostProcessor'
16:56:52.087 [Test worker] DEBUG org.springframework.beans.factory.support.DefaultListableBeanFactory - Creating instance of bean 'org.springframework.boot.context.properties.ConfigurationPropertiesBindingPostProcessor'
16:56:52.088 [Test worker] DEBUG org.springframework.core.env.StandardEnvironment - Adding [systemProperties] PropertySource with lowest search precedence
16:56:52.088 [Test worker] DEBUG org.springframework.core.env.StandardEnvironment - Adding [systemEnvironment] PropertySource with lowest search precedence
16:56:52.088 [Test worker] DEBUG org.springframework.core.env.StandardEnvironment - Initialized StandardEnvironment with PropertySources [systemProperties,systemEnvironment]
16:56:52.088 [Test worker] DEBUG org.springframework.beans.factory.support.DefaultListableBeanFactory - Eagerly caching bean 'org.springframework.boot.context.properties.ConfigurationPropertiesBindingPostProcessor' to allow for resolving potential circular references
16:56:52.088 [Test worker] DEBUG org.springframework.beans.factory.support.DefaultListableBeanFactory - Returning cached instance of singleton bean 'org.springframework.boot.context.properties.ConfigurationPropertiesBindingPostProcessor.store'
16:56:52.099 [Test worker] DEBUG org.springframework.beans.factory.support.DefaultListableBeanFactory - Invoking afterPropertiesSet() on bean with name 'org.springframework.boot.context.properties.ConfigurationPropertiesBindingPostProcessor'
16:56:52.100 [Test worker] DEBUG org.springframework.beans.factory.support.DefaultListableBeanFactory - Returning cached instance of singleton bean 'propertySourcesPlaceholderConfigurer'
16:56:52.100 [Test worker] DEBUG org.springframework.beans.factory.support.DefaultListableBeanFactory - Finished creating instance of bean 'org.springframework.boot.context.properties.ConfigurationPropertiesBindingPostProcessor'
16:56:52.101 [Test worker] DEBUG org.springframework.beans.factory.support.DefaultListableBeanFactory - Creating shared instance of singleton bean 'org.springframework.aop.config.internalAutoProxyCreator'
16:56:52.101 [Test worker] DEBUG org.springframework.beans.factory.support.DefaultListableBeanFactory - Creating instance of bean 'org.springframework.aop.config.internalAutoProxyCreator'
16:56:52.117 [Test worker] DEBUG org.springframework.beans.factory.support.DefaultListableBeanFactory - Eagerly caching bean 'org.springframework.aop.config.internalAutoProxyCreator' to allow for resolving potential circular references
16:56:52.125 [Test worker] DEBUG org.springframework.beans.factory.support.DefaultListableBeanFactory - Finished creating instance of bean 'org.springframework.aop.config.internalAutoProxyCreator'
16:56:52.125 [Test worker] DEBUG org.springframework.beans.factory.support.DefaultListableBeanFactory - Creating shared instance of singleton bean 'entityScanBeanPostProcessor'
16:56:52.125 [Test worker] DEBUG org.springframework.beans.factory.support.DefaultListableBeanFactory - Creating instance of bean 'entityScanBeanPostProcessor'
16:56:52.125 [Test worker] DEBUG org.springframework.beans.factory.support.DefaultListableBeanFactory - Eagerly caching bean 'entityScanBeanPostProcessor' to allow for resolving potential circular references
16:56:52.126 [Test worker] DEBUG org.springframework.beans.factory.support.DefaultListableBeanFactory - Finished creating instance of bean 'entityScanBeanPostProcessor'
16:56:52.127 [Test worker] DEBUG org.springframework.beans.factory.support.DefaultListableBeanFactory - Creating shared instance of singleton bean 'dataSourceInitializerPostProcessor'
16:56:52.127 [Test worker] DEBUG org.springframework.beans.factory.support.DefaultListableBeanFactory - Creating instance of bean 'dataSourceInitializerPostProcessor'
16:56:52.128 [Test worker] DEBUG org.springframework.beans.factory.annotation.InjectionMetadata - Registered injected element on class [org.springframework.boot.autoconfigure.jdbc.DataSourceInitializerPostProcessor]: AutowiredFieldElement for private org.springframework.beans.factory.BeanFactory org.springframework.boot.autoconfigure.jdbc.DataSourceInitializerPostProcessor.beanFactory
16:56:52.128 [Test worker] DEBUG org.springframework.beans.factory.support.DefaultListableBeanFactory - Eagerly caching bean 'dataSourceInitializerPostProcessor' to allow for resolving potential circular references
16:56:52.129 [Test worker] DEBUG org.springframework.beans.factory.annotation.InjectionMetadata - Processing injected element of bean 'dataSourceInitializerPostProcessor': AutowiredFieldElement for private org.springframework.beans.factory.BeanFactory org.springframework.boot.autoconfigure.jdbc.DataSourceInitializerPostProcessor.beanFactory
16:56:52.134 [Test worker] DEBUG org.springframework.beans.factory.annotation.AutowiredAnnotationBeanPostProcessor - Autowiring by type from bean name 'dataSourceInitializerPostProcessor' to bean named 'org.springframework.beans.factory.support.DefaultListableBeanFactory@41cc4428'
16:56:52.135 [Test worker] DEBUG org.springframework.beans.factory.support.DefaultListableBeanFactory - Finished creating instance of bean 'dataSourceInitializerPostProcessor'
16:56:52.135 [Test worker] DEBUG org.springframework.beans.factory.support.DefaultListableBeanFactory - Creating shared instance of singleton bean 'persistenceExceptionTranslationPostProcessor'
16:56:52.135 [Test worker] DEBUG org.springframework.beans.factory.support.DefaultListableBeanFactory - Creating instance of bean 'persistenceExceptionTranslationPostProcessor'
16:56:52.136 [Test worker] DEBUG org.springframework.beans.factory.support.DefaultListableBeanFactory - Eagerly caching bean 'persistenceExceptionTranslationPostProcessor' to allow for resolving potential circular references
16:56:52.141 [Test worker] DEBUG org.springframework.beans.factory.support.DefaultListableBeanFactory - Finished creating instance of bean 'persistenceExceptionTranslationPostProcessor'
16:56:52.142 [Test worker] DEBUG org.springframework.beans.factory.support.DefaultListableBeanFactory - Creating shared instance of singleton bean 'dataSourceInitializedPublisher'
16:56:52.142 [Test worker] DEBUG org.springframework.beans.factory.support.DefaultListableBeanFactory - Creating instance of bean 'dataSourceInitializedPublisher'
16:56:52.142 [Test worker] DEBUG org.springframework.beans.factory.annotation.InjectionMetadata - Registered injected element on class [org.springframework.boot.autoconfigure.orm.jpa.DataSourceInitializedPublisher]: AutowiredFieldElement for private org.springframework.context.ApplicationContext org.springframework.boot.autoconfigure.orm.jpa.DataSourceInitializedPublisher.applicationContext
16:56:52.142 [Test worker] DEBUG org.springframework.beans.factory.support.DefaultListableBeanFactory - Eagerly caching bean 'dataSourceInitializedPublisher' to allow for resolving potential circular references
16:56:52.143 [Test worker] DEBUG org.springframework.beans.factory.annotation.InjectionMetadata - Processing injected element of bean 'dataSourceInitializedPublisher': AutowiredFieldElement for private org.springframework.context.ApplicationContext org.springframework.boot.autoconfigure.orm.jpa.DataSourceInitializedPublisher.applicationContext
16:56:52.144 [Test worker] DEBUG org.springframework.beans.factory.annotation.AutowiredAnnotationBeanPostProcessor - Autowiring by type from bean name 'dataSourceInitializedPublisher' to bean named 'org.springframework.context.support.GenericApplicationContext@1f1758a3'
16:56:52.144 [Test worker] DEBUG org.springframework.beans.factory.support.DefaultListableBeanFactory - Finished creating instance of bean 'dataSourceInitializedPublisher'
16:56:52.146 [Test worker] DEBUG org.springframework.context.support.GenericApplicationContext - Unable to locate MessageSource with name 'messageSource': using default [org.springframework.context.support.DelegatingMessageSource@268dea1d]
16:56:52.147 [Test worker] DEBUG org.springframework.context.support.GenericApplicationContext - Unable to locate ApplicationEventMulticaster with name 'applicationEventMulticaster': using default [org.springframework.context.event.SimpleApplicationEventMulticaster@6f40ccf2]
16:56:52.148 [Test worker] DEBUG org.springframework.beans.factory.support.DefaultListableBeanFactory - Creating shared instance of singleton bean 'entityManagerFactory'
16:56:52.148 [Test worker] DEBUG org.springframework.beans.factory.support.DefaultListableBeanFactory - Creating instance of bean 'entityManagerFactory'
16:56:52.149 [Test worker] DEBUG org.springframework.beans.factory.support.DefaultListableBeanFactory - Creating shared instance of singleton bean 'org.springframework.transaction.config.internalTransactionAdvisor'
16:56:52.149 [Test worker] DEBUG org.springframework.beans.factory.support.DefaultListableBeanFactory - Creating instance of bean 'org.springframework.transaction.config.internalTransactionAdvisor'
16:56:52.149 [Test worker] DEBUG org.springframework.beans.factory.support.DefaultListableBeanFactory - Creating shared instance of singleton bean 'org.springframework.transaction.annotation.ProxyTransactionManagementConfiguration'
16:56:52.149 [Test worker] DEBUG org.springframework.beans.factory.support.DefaultListableBeanFactory - Creating instance of bean 'org.springframework.transaction.annotation.ProxyTransactionManagementConfiguration'
16:56:52.150 [Test worker] DEBUG org.springframework.aop.framework.autoproxy.BeanFactoryAdvisorRetrievalHelper - Skipping currently created advisor 'org.springframework.transaction.config.internalTransactionAdvisor'
16:56:52.162 [Test worker] DEBUG org.springframework.beans.factory.annotation.InjectionMetadata - Registered injected element on class [org.springframework.transaction.annotation.ProxyTransactionManagementConfiguration$$EnhancerBySpringCGLIB$$6d950d79]: AutowiredMethodElement for void org.springframework.transaction.annotation.AbstractTransactionManagementConfiguration.setConfigurers(java.util.Collection)
16:56:52.162 [Test worker] DEBUG org.springframework.beans.factory.support.DefaultListableBeanFactory - Eagerly caching bean 'org.springframework.transaction.annotation.ProxyTransactionManagementConfiguration' to allow for resolving potential circular references
16:56:52.162 [Test worker] DEBUG org.springframework.beans.factory.annotation.InjectionMetadata - Processing injected element of bean 'org.springframework.transaction.annotation.ProxyTransactionManagementConfiguration': AutowiredMethodElement for void org.springframework.transaction.annotation.AbstractTransactionManagementConfiguration.setConfigurers(java.util.Collection)
16:56:52.163 [Test worker] DEBUG org.springframework.beans.factory.support.DefaultListableBeanFactory - Returning cached instance of singleton bean 'org.springframework.context.annotation.ConfigurationClassPostProcessor.importRegistry'
16:56:52.164 [Test worker] DEBUG org.springframework.aop.framework.autoproxy.BeanFactoryAdvisorRetrievalHelper - Skipping currently created advisor 'org.springframework.transaction.config.internalTransactionAdvisor'
16:56:52.164 [Test worker] DEBUG org.springframework.aop.framework.autoproxy.BeanFactoryAdvisorRetrievalHelper - Skipping currently created advisor 'org.springframework.transaction.config.internalTransactionAdvisor'
16:56:52.165 [Test worker] DEBUG org.springframework.beans.factory.support.DefaultListableBeanFactory - Finished creating instance of bean 'org.springframework.transaction.annotation.ProxyTransactionManagementConfiguration'
16:56:52.174 [Test worker] DEBUG org.springframework.beans.factory.support.DefaultListableBeanFactory - Creating shared instance of singleton bean 'transactionAttributeSource'
16:56:52.174 [Test worker] DEBUG org.springframework.beans.factory.support.DefaultListableBeanFactory - Creating instance of bean 'transactionAttributeSource'
16:56:52.174 [Test worker] DEBUG org.springframework.aop.framework.autoproxy.BeanFactoryAdvisorRetrievalHelper - Skipping currently created advisor 'org.springframework.transaction.config.internalTransactionAdvisor'
16:56:52.174 [Test worker] DEBUG org.springframework.beans.factory.support.DefaultListableBeanFactory - Returning cached instance of singleton bean 'org.springframework.transaction.annotation.ProxyTransactionManagementConfiguration'
16:56:52.174 [Test worker] DEBUG org.springframework.beans.factory.support.DefaultListableBeanFactory - Eagerly caching bean 'transactionAttributeSource' to allow for resolving potential circular references
16:56:52.176 [Test worker] DEBUG org.springframework.aop.framework.autoproxy.BeanFactoryAdvisorRetrievalHelper - Skipping currently created advisor 'org.springframework.transaction.config.internalTransactionAdvisor'
16:56:52.176 [Test worker] DEBUG org.springframework.aop.framework.autoproxy.BeanFactoryAdvisorRetrievalHelper - Skipping currently created advisor 'org.springframework.transaction.config.internalTransactionAdvisor'
16:56:52.176 [Test worker] DEBUG org.springframework.beans.factory.support.DefaultListableBeanFactory - Finished creating instance of bean 'transactionAttributeSource'
16:56:52.177 [Test worker] DEBUG org.springframework.beans.factory.support.DefaultListableBeanFactory - Creating shared instance of singleton bean 'transactionInterceptor'
16:56:52.177 [Test worker] DEBUG org.springframework.beans.factory.support.DefaultListableBeanFactory - Creating instance of bean 'transactionInterceptor'
16:56:52.177 [Test worker] DEBUG org.springframework.beans.factory.support.DefaultListableBeanFactory - Returning cached instance of singleton bean 'org.springframework.transaction.annotation.ProxyTransactionManagementConfiguration'
16:56:52.177 [Test worker] DEBUG org.springframework.beans.factory.support.DefaultListableBeanFactory - Returning cached instance of singleton bean 'transactionAttributeSource'
16:56:52.178 [Test worker] DEBUG org.springframework.beans.factory.support.DefaultListableBeanFactory - Eagerly caching bean 'transactionInterceptor' to allow for resolving potential circular references
16:56:52.180 [Test worker] DEBUG org.springframework.beans.factory.support.DefaultListableBeanFactory - Invoking afterPropertiesSet() on bean with name 'transactionInterceptor'
16:56:52.180 [Test worker] DEBUG org.springframework.beans.factory.support.DefaultListableBeanFactory - Finished creating instance of bean 'transactionInterceptor'
16:56:52.180 [Test worker] DEBUG org.springframework.beans.factory.support.DefaultListableBeanFactory - Eagerly caching bean 'org.springframework.transaction.config.internalTransactionAdvisor' to allow for resolving potential circular references
16:56:52.183 [Test worker] DEBUG org.springframework.beans.factory.support.DefaultListableBeanFactory - Finished creating instance of bean 'org.springframework.transaction.config.internalTransactionAdvisor'
16:56:52.184 [Test worker] DEBUG org.springframework.beans.factory.support.DefaultListableBeanFactory - Creating shared instance of singleton bean 'org.springframework.boot.autoconfigure.orm.jpa.HibernateJpaAutoConfiguration'
16:56:52.184 [Test worker] DEBUG org.springframework.beans.factory.support.DefaultListableBeanFactory - Creating instance of bean 'org.springframework.boot.autoconfigure.orm.jpa.HibernateJpaAutoConfiguration'
16:56:52.184 [Test worker] DEBUG org.springframework.beans.factory.support.DefaultListableBeanFactory - Returning cached instance of singleton bean 'org.springframework.transaction.config.internalTransactionAdvisor'
16:56:52.185 [Test worker] DEBUG org.springframework.beans.factory.annotation.InjectionMetadata - Registered injected element on class [org.springframework.boot.autoconfigure.orm.jpa.HibernateJpaAutoConfiguration$$EnhancerBySpringCGLIB$$d71b7199]: AutowiredFieldElement for private javax.sql.DataSource org.springframework.boot.autoconfigure.orm.jpa.JpaBaseConfiguration.dataSource
16:56:52.185 [Test worker] DEBUG org.springframework.beans.factory.annotation.InjectionMetadata - Registered injected element on class [org.springframework.boot.autoconfigure.orm.jpa.HibernateJpaAutoConfiguration$$EnhancerBySpringCGLIB$$d71b7199]: AutowiredFieldElement for private org.springframework.orm.jpa.persistenceunit.PersistenceUnitManager org.springframework.boot.autoconfigure.orm.jpa.JpaBaseConfiguration.persistenceUnitManager
16:56:52.185 [Test worker] DEBUG org.springframework.beans.factory.annotation.InjectionMetadata - Registered injected element on class [org.springframework.boot.autoconfigure.orm.jpa.HibernateJpaAutoConfiguration$$EnhancerBySpringCGLIB$$d71b7199]: AutowiredFieldElement for private org.springframework.boot.autoconfigure.orm.jpa.JpaProperties org.springframework.boot.autoconfigure.orm.jpa.JpaBaseConfiguration.jpaProperties
16:56:52.185 [Test worker] DEBUG org.springframework.beans.factory.annotation.InjectionMetadata - Registered injected element on class [org.springframework.boot.autoconfigure.orm.jpa.HibernateJpaAutoConfiguration$$EnhancerBySpringCGLIB$$d71b7199]: AutowiredFieldElement for private org.springframework.transaction.jta.JtaTransactionManager org.springframework.boot.autoconfigure.orm.jpa.JpaBaseConfiguration.jtaTransactionManager
16:56:52.185 [Test worker] DEBUG org.springframework.beans.factory.annotation.InjectionMetadata - Registered injected element on class [org.springframework.boot.autoconfigure.orm.jpa.HibernateJpaAutoConfiguration$$EnhancerBySpringCGLIB$$d71b7199]: AutowiredFieldElement for private org.springframework.boot.autoconfigure.orm.jpa.JpaProperties org.springframework.boot.autoconfigure.orm.jpa.HibernateJpaAutoConfiguration.properties
16:56:52.185 [Test worker] DEBUG org.springframework.beans.factory.annotation.InjectionMetadata - Registered injected element on class [org.springframework.boot.autoconfigure.orm.jpa.HibernateJpaAutoConfiguration$$EnhancerBySpringCGLIB$$d71b7199]: AutowiredFieldElement for private javax.sql.DataSource org.springframework.boot.autoconfigure.orm.jpa.HibernateJpaAutoConfiguration.dataSource
16:56:52.185 [Test worker] DEBUG org.springframework.beans.factory.support.DefaultListableBeanFactory - Eagerly caching bean 'org.springframework.boot.autoconfigure.orm.jpa.HibernateJpaAutoConfiguration' to allow for resolving potential circular references
16:56:52.190 [Test worker] DEBUG org.springframework.beans.factory.annotation.InjectionMetadata - Processing injected element of bean 'org.springframework.boot.autoconfigure.orm.jpa.HibernateJpaAutoConfiguration': AutowiredFieldElement for private javax.sql.DataSource org.springframework.boot.autoconfigure.orm.jpa.JpaBaseConfiguration.dataSource
16:56:52.192 [Test worker] DEBUG org.springframework.beans.factory.support.DefaultListableBeanFactory - Creating shared instance of singleton bean 'dataSource'
16:56:52.192 [Test worker] DEBUG org.springframework.beans.factory.support.DefaultListableBeanFactory - Creating instance of bean 'dataSource'
16:56:52.192 [Test worker] DEBUG org.springframework.beans.factory.support.DefaultListableBeanFactory - Returning cached instance of singleton bean 'org.springframework.transaction.config.internalTransactionAdvisor'
16:56:52.238 [Test worker] INFO com.mchange.v2.log.MLog - MLog clients using log4j logging.
16:56:52.347 [Test worker] INFO com.mchange.v2.c3p0.C3P0Registry - Initializing c3p0-0.9.1.2 [built 21-May-2007 15:04:56; debug? true; trace: 10]
16:56:52.367 [Test worker] DEBUG com.mchange.v2.c3p0.management.DynamicPooledDataSourceManagerMBean - MBean: com.mchange.v2.c3p0:type=PooledDataSource[1hge0yt9h1045nby5i4inz|44de241] registered.
16:56:52.375 [Test worker] DEBUG org.springframework.beans.factory.support.DefaultListableBeanFactory - Eagerly caching bean 'dataSource' to allow for resolving potential circular references
16:56:52.391 [Test worker] DEBUG org.springframework.beans.factory.support.DefaultListableBeanFactory - Returning cached instance of singleton bean 'org.springframework.transaction.config.internalTransactionAdvisor'
16:56:52.391 [Test worker] DEBUG org.springframework.beans.factory.support.DefaultListableBeanFactory - Returning cached instance of singleton bean 'org.springframework.transaction.config.internalTransactionAdvisor'
16:56:52.393 [Test worker] DEBUG org.springframework.beans.factory.support.DefaultListableBeanFactory - Creating shared instance of singleton bean 'dataSourceInitializer'
16:56:52.393 [Test worker] DEBUG org.springframework.beans.factory.support.DefaultListableBeanFactory - Creating instance of bean 'dataSourceInitializer'
16:56:52.394 [Test worker] DEBUG org.springframework.beans.factory.support.DefaultListableBeanFactory - Returning cached instance of singleton bean 'org.springframework.transaction.config.internalTransactionAdvisor'
16:56:52.394 [Test worker] DEBUG org.springframework.beans.factory.support.DefaultListableBeanFactory - Creating shared instance of singleton bean 'org.springframework.boot.autoconfigure.jdbc.DataSourceAutoConfiguration$DataSourceInitializerConfiguration'
16:56:52.394 [Test worker] DEBUG org.springframework.beans.factory.support.DefaultListableBeanFactory - Creating instance of bean 'org.springframework.boot.autoconfigure.jdbc.DataSourceAutoConfiguration$DataSourceInitializerConfiguration'
16:56:52.394 [Test worker] DEBUG org.springframework.beans.factory.support.DefaultListableBeanFactory - Returning cached instance of singleton bean 'org.springframework.transaction.config.internalTransactionAdvisor'
16:56:52.395 [Test worker] DEBUG org.springframework.beans.factory.support.DefaultListableBeanFactory - Eagerly caching bean 'org.springframework.boot.autoconfigure.jdbc.DataSourceAutoConfiguration$DataSourceInitializerConfiguration' to allow for resolving potential circular references
16:56:52.397 [Test worker] DEBUG org.springframework.beans.factory.support.DefaultListableBeanFactory - Returning cached instance of singleton bean 'org.springframework.transaction.config.internalTransactionAdvisor'
16:56:52.397 [Test worker] DEBUG org.springframework.beans.factory.support.DefaultListableBeanFactory - Returning cached instance of singleton bean 'org.springframework.transaction.config.internalTransactionAdvisor'
16:56:52.398 [Test worker] DEBUG org.springframework.beans.factory.support.DefaultListableBeanFactory - Finished creating instance of bean 'org.springframework.boot.autoconfigure.jdbc.DataSourceAutoConfiguration$DataSourceInitializerConfiguration'
16:56:52.403 [Test worker] DEBUG org.springframework.context.annotation.CommonAnnotationBeanPostProcessor - Found init method on class [org.springframework.boot.autoconfigure.jdbc.DataSourceInitializer]: public void org.springframework.boot.autoconfigure.jdbc.DataSourceInitializer.init()
16:56:52.403 [Test worker] DEBUG org.springframework.context.annotation.CommonAnnotationBeanPostProcessor - Registered init method on class [org.springframework.boot.autoconfigure.jdbc.DataSourceInitializer]: org.springframework.beans.factory.annotation.InitDestroyAnnotationBeanPostProcessor$LifecycleElement@316510
16:56:52.403 [Test worker] DEBUG org.springframework.beans.factory.annotation.InjectionMetadata - Registered injected element on class [org.springframework.boot.autoconfigure.jdbc.DataSourceInitializer]: AutowiredFieldElement for private org.springframework.context.ConfigurableApplicationContext org.springframework.boot.autoconfigure.jdbc.DataSourceInitializer.applicationContext
16:56:52.403 [Test worker] DEBUG org.springframework.beans.factory.annotation.InjectionMetadata - Registered injected element on class [org.springframework.boot.autoconfigure.jdbc.DataSourceInitializer]: AutowiredFieldElement for private org.springframework.boot.autoconfigure.jdbc.DataSourceProperties org.springframework.boot.autoconfigure.jdbc.DataSourceInitializer.properties
16:56:52.403 [Test worker] DEBUG org.springframework.beans.factory.support.DefaultListableBeanFactory - Eagerly caching bean 'dataSourceInitializer' to allow for resolving potential circular references
16:56:52.405 [Test worker] DEBUG org.springframework.beans.factory.annotation.InjectionMetadata - Processing injected element of bean 'dataSourceInitializer': AutowiredFieldElement for private org.springframework.context.ConfigurableApplicationContext org.springframework.boot.autoconfigure.jdbc.DataSourceInitializer.applicationContext
16:56:52.405 [Test worker] DEBUG org.springframework.beans.factory.annotation.AutowiredAnnotationBeanPostProcessor - Autowiring by type from bean name 'dataSourceInitializer' to bean named 'org.springframework.context.support.GenericApplicationContext@1f1758a3'
16:56:52.405 [Test worker] DEBUG org.springframework.beans.factory.annotation.InjectionMetadata - Processing injected element of bean 'dataSourceInitializer': AutowiredFieldElement for private org.springframework.boot.autoconfigure.jdbc.DataSourceProperties org.springframework.boot.autoconfigure.jdbc.DataSourceInitializer.properties
16:56:52.406 [Test worker] DEBUG org.springframework.beans.factory.support.DefaultListableBeanFactory - Creating shared instance of singleton bean 'spring.datasource.CONFIGURATION_PROPERTIES'
16:56:52.406 [Test worker] DEBUG org.springframework.beans.factory.support.DefaultListableBeanFactory - Creating instance of bean 'spring.datasource.CONFIGURATION_PROPERTIES'
16:56:52.406 [Test worker] DEBUG org.springframework.beans.factory.support.DefaultListableBeanFactory - Returning cached instance of singleton bean 'org.springframework.transaction.config.internalTransactionAdvisor'
16:56:52.408 [Test worker] DEBUG org.springframework.beans.factory.support.DefaultListableBeanFactory - Eagerly caching bean 'spring.datasource.CONFIGURATION_PROPERTIES' to allow for resolving potential circular references
16:56:52.435 [Test worker] DEBUG org.jboss.logging - Logging Provider: org.jboss.logging.Slf4jLoggerProvider
16:56:52.435 [Test worker] INFO org.hibernate.validator.internal.util.Version - HV000001: Hibernate Validator 5.2.4.Final
16:56:52.456 [Test worker] DEBUG org.hibernate.validator.internal.engine.resolver.DefaultTraversableResolver - Found javax.persistence.Persistence on classpath containing 'getPersistenceUtil'. Assuming JPA 2 environment. Trying to instantiate JPA aware TraversableResolver
16:56:52.458 [Test worker] DEBUG org.hibernate.validator.internal.engine.resolver.DefaultTraversableResolver - Instantiated JPA aware TraversableResolver of type org.hibernate.validator.internal.engine.resolver.JPATraversableResolver.
16:56:52.467 [Test worker] DEBUG org.hibernate.validator.internal.engine.ConfigurationImpl - Setting custom MessageInterpolator of type org.springframework.validation.beanvalidation.LocaleContextMessageInterpolator
16:56:52.467 [Test worker] DEBUG org.hibernate.validator.internal.engine.ConfigurationImpl - Setting custom ConstraintValidatorFactory of type org.springframework.validation.beanvalidation.SpringConstraintValidatorFactory
16:56:52.468 [Test worker] DEBUG org.hibernate.validator.internal.engine.ConfigurationImpl - Setting custom ParameterNameProvider of type com.sun.proxy.$Proxy66
16:56:52.469 [Test worker] DEBUG org.hibernate.validator.internal.xml.ValidationXmlParser - Trying to load META-INF/validation.xml for XML based Validator configuration.
16:56:52.469 [Test worker] DEBUG org.hibernate.validator.internal.xml.ResourceLoaderHelper - Trying to load META-INF/validation.xml via user class loader
16:56:52.470 [Test worker] DEBUG org.hibernate.validator.internal.xml.ResourceLoaderHelper - Trying to load META-INF/validation.xml via TCCL
16:56:52.470 [Test worker] DEBUG org.hibernate.validator.internal.xml.ResourceLoaderHelper - Trying to load META-INF/validation.xml via Hibernate Validator's class loader
16:56:52.470 [Test worker] DEBUG org.hibernate.validator.internal.xml.ValidationXmlParser - No META-INF/validation.xml found. Using annotation based configuration only.
16:56:52.503 [Test worker] DEBUG org.springframework.beans.factory.annotation.InjectionMetadata - Processing injected element of bean 'org.springframework.boot.context.properties.ConfigurationPropertiesBindingPostProcessor': AutowiredMethodElement for public void org.springframework.boot.context.properties.ConfigurationPropertiesBindingPostProcessor.setGenericConverters(java.util.List)
16:56:52.504 [Test worker] DEBUG org.springframework.beans.factory.annotation.InjectionMetadata - Processing injected element of bean 'org.springframework.boot.context.properties.ConfigurationPropertiesBindingPostProcessor': AutowiredMethodElement for public void org.springframework.boot.context.properties.ConfigurationPropertiesBindingPostProcessor.setConverters(java.util.List)
16:56:52.506 [Test worker] DEBUG org.springframework.core.env.MutablePropertySources - Adding [systemProperties] PropertySource with lowest search precedence
16:56:52.506 [Test worker] DEBUG org.springframework.core.env.MutablePropertySources - Adding [systemEnvironment] PropertySource with lowest search precedence
16:56:52.506 [Test worker] DEBUG org.springframework.core.env.MutablePropertySources - Adding [localProperties] PropertySource with lowest search precedence
16:56:52.559 [Test worker] DEBUG org.springframework.beans.factory.support.DefaultListableBeanFactory - Invoking afterPropertiesSet() on bean with name 'spring.datasource.CONFIGURATION_PROPERTIES'
16:56:52.559 [Test worker] DEBUG org.springframework.beans.factory.support.DefaultListableBeanFactory - Returning cached instance of singleton bean 'org.springframework.transaction.config.internalTransactionAdvisor'
16:56:52.559 [Test worker] DEBUG org.springframework.beans.factory.support.DefaultListableBeanFactory - Returning cached instance of singleton bean 'org.springframework.transaction.config.internalTransactionAdvisor'
16:56:52.560 [Test worker] DEBUG org.springframework.beans.factory.support.DefaultListableBeanFactory - Finished creating instance of bean 'spring.datasource.CONFIGURATION_PROPERTIES'
16:56:52.560 [Test worker] DEBUG org.springframework.beans.factory.annotation.AutowiredAnnotationBeanPostProcessor - Autowiring by type from bean name 'dataSourceInitializer' to bean named 'spring.datasource.CONFIGURATION_PROPERTIES'
16:56:52.560 [Test worker] DEBUG org.springframework.context.annotation.CommonAnnotationBeanPostProcessor - Invoking init method on bean 'dataSourceInitializer': public void org.springframework.boot.autoconfigure.jdbc.DataSourceInitializer.init()
16:56:52.561 [Test worker] DEBUG org.springframework.beans.factory.support.DefaultListableBeanFactory - Returning eagerly cached instance of singleton bean 'dataSource' that is not fully initialized yet - a consequence of a circular reference
16:56:52.561 [Test worker] DEBUG org.springframework.core.io.support.PathMatchingResourcePatternResolver - Resolved classpath location [schema-all.sql] to resources []
16:56:52.562 [Test worker] DEBUG org.springframework.core.io.support.PathMatchingResourcePatternResolver - Resolved classpath location [schema.sql] to resources []
16:56:52.562 [Test worker] DEBUG org.springframework.beans.factory.support.DefaultListableBeanFactory - Returning cached instance of singleton bean 'org.springframework.transaction.config.internalTransactionAdvisor'
16:56:52.562 [Test worker] DEBUG org.springframework.beans.factory.support.DefaultListableBeanFactory - Returning cached instance of singleton bean 'org.springframework.transaction.config.internalTransactionAdvisor'
16:56:52.562 [Test worker] DEBUG org.springframework.beans.factory.support.DefaultListableBeanFactory - Finished creating instance of bean 'dataSourceInitializer'
16:56:52.562 [Test worker] DEBUG org.springframework.beans.factory.support.DefaultListableBeanFactory - Finished creating instance of bean 'dataSource'
16:56:52.562 [Test worker] DEBUG org.springframework.beans.factory.annotation.AutowiredAnnotationBeanPostProcessor - Autowiring by type from bean name 'org.springframework.boot.autoconfigure.orm.jpa.HibernateJpaAutoConfiguration' to bean named 'dataSource'
16:56:52.562 [Test worker] DEBUG org.springframework.beans.factory.annotation.InjectionMetadata - Processing injected element of bean 'org.springframework.boot.autoconfigure.orm.jpa.HibernateJpaAutoConfiguration': AutowiredFieldElement for private org.springframework.orm.jpa.persistenceunit.PersistenceUnitManager org.springframework.boot.autoconfigure.orm.jpa.JpaBaseConfiguration.persistenceUnitManager
16:56:52.563 [Test worker] DEBUG org.springframework.beans.factory.annotation.InjectionMetadata - Processing injected element of bean 'org.springframework.boot.autoconfigure.orm.jpa.HibernateJpaAutoConfiguration': AutowiredFieldElement for private org.springframework.boot.autoconfigure.orm.jpa.JpaProperties org.springframework.boot.autoconfigure.orm.jpa.JpaBaseConfiguration.jpaProperties
16:56:52.563 [Test worker] DEBUG org.springframework.beans.factory.support.DefaultListableBeanFactory - Creating shared instance of singleton bean 'spring.jpa.CONFIGURATION_PROPERTIES'
16:56:52.563 [Test worker] DEBUG org.springframework.beans.factory.support.DefaultListableBeanFactory - Creating instance of bean 'spring.jpa.CONFIGURATION_PROPERTIES'
16:56:52.563 [Test worker] DEBUG org.springframework.beans.factory.support.DefaultListableBeanFactory - Returning cached instance of singleton bean 'org.springframework.transaction.config.internalTransactionAdvisor'
16:56:52.564 [Test worker] DEBUG org.springframework.beans.factory.support.DefaultListableBeanFactory - Eagerly caching bean 'spring.jpa.CONFIGURATION_PROPERTIES' to allow for resolving potential circular references
16:56:52.566 [Test worker] DEBUG org.springframework.core.env.MutablePropertySources - Adding [systemProperties] PropertySource with lowest search precedence
16:56:52.566 [Test worker] DEBUG org.springframework.core.env.MutablePropertySources - Adding [systemEnvironment] PropertySource with lowest search precedence
16:56:52.566 [Test worker] DEBUG org.springframework.core.env.MutablePropertySources - Adding [localProperties] PropertySource with lowest search precedence
16:56:52.573 [Test worker] DEBUG org.springframework.beans.factory.support.DefaultListableBeanFactory - Returning cached instance of singleton bean 'org.springframework.transaction.config.internalTransactionAdvisor'
16:56:52.573 [Test worker] DEBUG org.springframework.beans.factory.support.DefaultListableBeanFactory - Returning cached instance of singleton bean 'org.springframework.transaction.config.internalTransactionAdvisor'
16:56:52.574 [Test worker] DEBUG org.springframework.beans.factory.support.DefaultListableBeanFactory - Finished creating instance of bean 'spring.jpa.CONFIGURATION_PROPERTIES'
16:56:52.574 [Test worker] DEBUG org.springframework.beans.factory.annotation.AutowiredAnnotationBeanPostProcessor - Autowiring by type from bean name 'org.springframework.boot.autoconfigure.orm.jpa.HibernateJpaAutoConfiguration' to bean named 'spring.jpa.CONFIGURATION_PROPERTIES'
16:56:52.574 [Test worker] DEBUG org.springframework.beans.factory.annotation.InjectionMetadata - Processing injected element of bean 'org.springframework.boot.autoconfigure.orm.jpa.HibernateJpaAutoConfiguration': AutowiredFieldElement for private org.springframework.transaction.jta.JtaTransactionManager org.springframework.boot.autoconfigure.orm.jpa.JpaBaseConfiguration.jtaTransactionManager
16:56:52.574 [Test worker] DEBUG org.springframework.beans.factory.annotation.InjectionMetadata - Processing injected element of bean 'org.springframework.boot.autoconfigure.orm.jpa.HibernateJpaAutoConfiguration': AutowiredFieldElement for private org.springframework.boot.autoconfigure.orm.jpa.JpaProperties org.springframework.boot.autoconfigure.orm.jpa.HibernateJpaAutoConfiguration.properties
16:56:52.575 [Test worker] DEBUG org.springframework.beans.factory.support.DefaultListableBeanFactory - Returning cached instance of singleton bean 'spring.jpa.CONFIGURATION_PROPERTIES'
16:56:52.575 [Test worker] DEBUG org.springframework.beans.factory.annotation.AutowiredAnnotationBeanPostProcessor - Autowiring by type from bean name 'org.springframework.boot.autoconfigure.orm.jpa.HibernateJpaAutoConfiguration' to bean named 'spring.jpa.CONFIGURATION_PROPERTIES'
16:56:52.575 [Test worker] DEBUG org.springframework.beans.factory.annotation.InjectionMetadata - Processing injected element of bean 'org.springframework.boot.autoconfigure.orm.jpa.HibernateJpaAutoConfiguration': AutowiredFieldElement for private javax.sql.DataSource org.springframework.boot.autoconfigure.orm.jpa.HibernateJpaAutoConfiguration.dataSource
16:56:52.576 [Test worker] DEBUG org.springframework.beans.factory.support.DefaultListableBeanFactory - Returning cached instance of singleton bean 'dataSource'
16:56:52.576 [Test worker] DEBUG org.springframework.beans.factory.annotation.AutowiredAnnotationBeanPostProcessor - Autowiring by type from bean name 'org.springframework.boot.autoconfigure.orm.jpa.HibernateJpaAutoConfiguration' to bean named 'dataSource'
16:56:52.576 [Test worker] DEBUG org.springframework.beans.factory.support.DefaultListableBeanFactory - Returning cached instance of singleton bean 'org.springframework.transaction.config.internalTransactionAdvisor'
16:56:52.576 [Test worker] DEBUG org.springframework.beans.factory.support.DefaultListableBeanFactory - Returning cached instance of singleton bean 'org.springframework.transaction.config.internalTransactionAdvisor'
16:56:52.577 [Test worker] DEBUG org.springframework.beans.factory.support.DefaultListableBeanFactory - Finished creating instance of bean 'org.springframework.boot.autoconfigure.orm.jpa.HibernateJpaAutoConfiguration'
16:56:52.578 [Test worker] DEBUG org.springframework.beans.factory.support.DefaultListableBeanFactory - Creating shared instance of singleton bean 'entityManagerFactoryBuilder'
16:56:52.578 [Test worker] DEBUG org.springframework.beans.factory.support.DefaultListableBeanFactory - Creating instance of bean 'entityManagerFactoryBuilder'
16:56:52.578 [Test worker] DEBUG org.springframework.beans.factory.support.DefaultListableBeanFactory - Returning cached instance of singleton bean 'org.springframework.transaction.config.internalTransactionAdvisor'
16:56:52.578 [Test worker] DEBUG org.springframework.beans.factory.support.DefaultListableBeanFactory - Returning cached instance of singleton bean 'org.springframework.boot.autoconfigure.orm.jpa.HibernateJpaAutoConfiguration'
16:56:52.579 [Test worker] DEBUG org.springframework.beans.factory.support.DefaultListableBeanFactory - Creating shared instance of singleton bean 'jpaVendorAdapter'
16:56:52.579 [Test worker] DEBUG org.springframework.beans.factory.support.DefaultListableBeanFactory - Creating instance of bean 'jpaVendorAdapter'
16:56:52.579 [Test worker] DEBUG org.springframework.beans.factory.support.DefaultListableBeanFactory - Returning cached instance of singleton bean 'org.springframework.transaction.config.internalTransactionAdvisor'
16:56:52.579 [Test worker] DEBUG org.springframework.beans.factory.support.DefaultListableBeanFactory - Returning cached instance of singleton bean 'org.springframework.boot.autoconfigure.orm.jpa.HibernateJpaAutoConfiguration'
16:56:52.595 [Test worker] DEBUG org.springframework.beans.factory.support.DefaultListableBeanFactory - Eagerly caching bean 'jpaVendorAdapter' to allow for resolving potential circular references
16:56:52.597 [Test worker] DEBUG org.springframework.beans.factory.support.DefaultListableBeanFactory - Returning cached instance of singleton bean 'org.springframework.transaction.config.internalTransactionAdvisor'
16:56:52.597 [Test worker] DEBUG org.springframework.beans.factory.support.DefaultListableBeanFactory - Returning cached instance of singleton bean 'org.springframework.transaction.config.internalTransactionAdvisor'
16:56:52.597 [Test worker] DEBUG org.springframework.beans.factory.support.DefaultListableBeanFactory - Finished creating instance of bean 'jpaVendorAdapter'
16:56:52.598 [Test worker] DEBUG org.springframework.beans.factory.support.DefaultListableBeanFactory - Autowiring by type from bean name 'entityManagerFactoryBuilder' via factory method to bean named 'jpaVendorAdapter'
16:56:52.598 [Test worker] DEBUG org.springframework.beans.factory.support.DefaultListableBeanFactory - Eagerly caching bean 'entityManagerFactoryBuilder' to allow for resolving potential circular references
16:56:52.599 [Test worker] DEBUG org.springframework.beans.factory.support.DefaultListableBeanFactory - Returning cached instance of singleton bean 'org.springframework.transaction.config.internalTransactionAdvisor'
16:56:52.599 [Test worker] DEBUG org.springframework.beans.factory.support.DefaultListableBeanFactory - Returning cached instance of singleton bean 'org.springframework.transaction.config.internalTransactionAdvisor'
16:56:52.599 [Test worker] DEBUG org.springframework.beans.factory.support.DefaultListableBeanFactory - Finished creating instance of bean 'entityManagerFactoryBuilder'
16:56:52.599 [Test worker] DEBUG org.springframework.beans.factory.support.DefaultListableBeanFactory - Autowiring by type from bean name 'entityManagerFactory' via factory method to bean named 'entityManagerFactoryBuilder'
16:56:52.607 [Test worker] DEBUG org.springframework.jdbc.datasource.DataSourceUtils - Fetching JDBC Connection from DataSource
16:56:52.639 [Test worker] DEBUG com.mchange.v2.resourcepool.BasicResourcePool - incremented pending_acquires: 1
16:56:52.639 [Test worker] DEBUG com.mchange.v2.resourcepool.BasicResourcePool - incremented pending_acquires: 2
16:56:52.639 [Test worker] DEBUG com.mchange.v2.resourcepool.BasicResourcePool - incremented pending_acquires: 3
16:56:52.639 [Test worker] DEBUG com.mchange.v2.resourcepool.BasicResourcePool - com.mchange.v2.resourcepool.BasicResourcePool@14f30e94 config: [start -> 3; min -> 1; max -> 20; inc -> 3; num_acq_attempts -> 30; acq_attempt_delay -> 1000; check_idle_resources_delay -> 0; mox_resource_age -> 3600000; max_idle_time -> 600000; excess_max_idle_time -> 0; destroy_unreturned_resc_time -> 0; expiration_enforcement_delay -> 150000; break_on_acquisition_failure -> false; debug_store_checkout_exceptions -> false]
16:56:52.640 [Test worker] INFO com.mchange.v2.c3p0.impl.AbstractPoolBackedDataSource - Initializing c3p0 pool... com.mchange.v2.c3p0.ComboPooledDataSource [ acquireIncrement -> 3, acquireRetryAttempts -> 30, acquireRetryDelay -> 1000, autoCommitOnClose -> false, automaticTestTable -> null, breakAfterAcquireFailure -> false, checkoutTimeout -> 240000, connectionCustomizerClassName -> null, connectionTesterClassName -> com.mchange.v2.c3p0.impl.DefaultConnectionTester, dataSourceName -> 1hge0yt9h1045nby5i4inz|44de241, debugUnreturnedConnectionStackTraces -> false, description -> null, driverClass -> org.h2.Driver, factoryClassLocation -> null, forceIgnoreUnresolvedTransactions -> false, identityToken -> 1hge0yt9h1045nby5i4inz|44de241, idleConnectionTestPeriod -> 0, initialPoolSize -> 3, jdbcUrl -> jdbc:h2:~/testing-2/h2;DATABASE_TO_UPPER=false;DB_CLOSE_ON_EXIT=FALSE, maxAdministrativeTaskTime -> 0, maxConnectionAge -> 3600, maxIdleTime -> 600, maxIdleTimeExcessConnections -> 0, maxPoolSize -> 20, maxStatements -> 0, maxStatementsPerConnection -> 0, minPoolSize -> 1, numHelperThreads -> 3, numThreadsAwaitingCheckoutDefaultUser -> 0, preferredTestQuery -> null, properties -> {user=******, password=******}, propertyCycle -> 0, testConnectionOnCheckin -> false, testConnectionOnCheckout -> false, unreturnedConnectionTimeout -> 0, usesTraditionalReflectiveProxies -> false ]
16:56:52.640 [Test worker] DEBUG com.mchange.v2.resourcepool.BasicResourcePool - acquire test -- pool size: 0; target_pool_size: 3; desired target? 1
16:56:52.640 [Test worker] DEBUG com.mchange.v2.resourcepool.BasicResourcePool - awaitAvailable(): [unknown]
16:56:52.640 [Test worker] DEBUG com.mchange.v2.resourcepool.BasicResourcePool - trace com.mchange.v2.resourcepool.BasicResourcePool@14f30e94 [managed: 0, unused: 0, excluded: 0]
16:56:52.787 [com.mchange.v2.async.ThreadPoolAsynchronousRunner$PoolThread-#1] DEBUG com.mchange.v2.c3p0.impl.C3P0PooledConnectionPool - com.mchange.v2.c3p0.impl.C3P0PooledConnectionPool$1PooledConnectionResourcePoolManager@1a177dd5.acquireResource() returning. 
16:56:52.787 [com.mchange.v2.async.ThreadPoolAsynchronousRunner$PoolThread-#2] DEBUG com.mchange.v2.c3p0.impl.C3P0PooledConnectionPool - com.mchange.v2.c3p0.impl.C3P0PooledConnectionPool$1PooledConnectionResourcePoolManager@1a177dd5.acquireResource() returning. 
16:56:52.787 [com.mchange.v2.async.ThreadPoolAsynchronousRunner$PoolThread-#0] DEBUG com.mchange.v2.c3p0.impl.C3P0PooledConnectionPool - com.mchange.v2.c3p0.impl.C3P0PooledConnectionPool$1PooledConnectionResourcePoolManager@1a177dd5.acquireResource() returning. 
16:56:52.787 [com.mchange.v2.async.ThreadPoolAsynchronousRunner$PoolThread-#1] DEBUG com.mchange.v2.resourcepool.BasicResourcePool - trace com.mchange.v2.resourcepool.BasicResourcePool@14f30e94 [managed: 1, unused: 1, excluded: 0]
16:56:52.787 [com.mchange.v2.async.ThreadPoolAsynchronousRunner$PoolThread-#0] DEBUG com.mchange.v2.resourcepool.BasicResourcePool - trace com.mchange.v2.resourcepool.BasicResourcePool@14f30e94 [managed: 2, unused: 1, excluded: 0] (e.g. com.mchange.v2.c3p0.impl.NewPooledConnection@7fe529bb)
16:56:52.787 [com.mchange.v2.async.ThreadPoolAsynchronousRunner$PoolThread-#2] DEBUG com.mchange.v2.resourcepool.BasicResourcePool - trace com.mchange.v2.resourcepool.BasicResourcePool@14f30e94 [managed: 3, unused: 2, excluded: 0] (e.g. com.mchange.v2.c3p0.impl.NewPooledConnection@7fe529bb)
16:56:52.787 [com.mchange.v2.async.ThreadPoolAsynchronousRunner$PoolThread-#0] DEBUG com.mchange.v2.resourcepool.BasicResourcePool - decremented pending_acquires: 2
16:56:52.787 [com.mchange.v2.async.ThreadPoolAsynchronousRunner$PoolThread-#2] DEBUG com.mchange.v2.resourcepool.BasicResourcePool - decremented pending_acquires: 1
16:56:52.787 [Test worker] DEBUG com.mchange.v2.resourcepool.BasicResourcePool - trace com.mchange.v2.resourcepool.BasicResourcePool@14f30e94 [managed: 3, unused: 2, excluded: 0] (e.g. com.mchange.v2.c3p0.impl.NewPooledConnection@7fe529bb)
16:56:52.787 [com.mchange.v2.async.ThreadPoolAsynchronousRunner$PoolThread-#1] DEBUG com.mchange.v2.resourcepool.BasicResourcePool - decremented pending_acquires: 0
16:56:52.796 [Test worker] DEBUG org.springframework.jdbc.datasource.DataSourceUtils - Returning JDBC Connection to DataSource
16:56:52.797 [Test worker] DEBUG com.mchange.v2.resourcepool.BasicResourcePool - trace com.mchange.v2.resourcepool.BasicResourcePool@14f30e94 [managed: 3, unused: 2, excluded: 0] (e.g. com.mchange.v2.c3p0.impl.NewPooledConnection@7fe529bb)
16:56:52.798 [Test worker] DEBUG org.springframework.beans.factory.support.DefaultListableBeanFactory - Creating shared instance of singleton bean 'org.springframework.boot.autoconfigure.AutoConfigurationPackages'
16:56:52.798 [Test worker] DEBUG org.springframework.beans.factory.support.DefaultListableBeanFactory - Creating instance of bean 'org.springframework.boot.autoconfigure.AutoConfigurationPackages'
16:56:52.798 [Test worker] DEBUG org.springframework.beans.factory.support.DefaultListableBeanFactory - Returning cached instance of singleton bean 'org.springframework.transaction.config.internalTransactionAdvisor'
16:56:52.799 [Test worker] DEBUG org.springframework.beans.factory.support.DefaultListableBeanFactory - Eagerly caching bean 'org.springframework.boot.autoconfigure.AutoConfigurationPackages' to allow for resolving potential circular references
16:56:52.801 [Test worker] DEBUG org.springframework.beans.factory.support.DefaultListableBeanFactory - Returning cached instance of singleton bean 'org.springframework.transaction.config.internalTransactionAdvisor'
16:56:52.801 [Test worker] DEBUG org.springframework.beans.factory.support.DefaultListableBeanFactory - Returning cached instance of singleton bean 'org.springframework.transaction.config.internalTransactionAdvisor'
16:56:52.801 [Test worker] DEBUG org.springframework.beans.factory.support.DefaultListableBeanFactory - Finished creating instance of bean 'org.springframework.boot.autoconfigure.AutoConfigurationPackages'
16:56:52.801 [Test worker] DEBUG org.springframework.boot.autoconfigure.AutoConfigurationPackages - @EnableAutoConfiguration was declared on a class in the package 'com.mycompany.config'. Automatic @Repository and @Entity scanning is enabled.
16:56:52.801 [Test worker] DEBUG org.springframework.beans.factory.support.DefaultListableBeanFactory - Returning cached instance of singleton bean 'org.springframework.boot.autoconfigure.AutoConfigurationPackages'
16:56:52.808 [Test worker] DEBUG org.springframework.beans.factory.support.DefaultListableBeanFactory - Eagerly caching bean 'entityManagerFactory' to allow for resolving potential circular references
16:56:52.813 [Test worker] DEBUG org.springframework.beans.factory.support.DefaultListableBeanFactory - Invoking afterPropertiesSet() on bean with name 'entityManagerFactory'
16:56:52.817 [Test worker] DEBUG org.springframework.core.io.support.PathMatchingResourcePatternResolver - Resolved classpath location [META-INF/persistence.xml] to resources []
16:56:52.817 [Test worker] DEBUG org.springframework.core.io.support.PathMatchingResourcePatternResolver - Resolved classpath location [com/mycompany/dbEntity/] to resources [URL [file:/K:/JavaWorkSpace/ws1/MobPatternFinder/Core/build/classes/main/com/mycompany/dbEntity/]]
16:56:52.817 [Test worker] DEBUG org.springframework.core.io.support.PathMatchingResourcePatternResolver - Looking for matching resources in directory tree [K:\JavaWorkSpace\ws1\MobPatternFinder\Core\build\classes\main\com\mycompany\dbEntity]
16:56:52.817 [Test worker] DEBUG org.springframework.core.io.support.PathMatchingResourcePatternResolver - Searching directory [K:\JavaWorkSpace\ws1\MobPatternFinder\Core\build\classes\main\com\mycompany\dbEntity] for files matching pattern [K:/JavaWorkSpace/ws1/MobPatternFinder/Core/build/classes/main/com/mycompany/dbEntity/**/*.class]
16:56:52.818 [Test worker] DEBUG org.springframework.core.io.support.PathMatchingResourcePatternResolver - Resolved location pattern [classpath*:com/mycompany/dbEntity/**/*.class] to resources [file [K:\JavaWorkSpace\ws1\MobPatternFinder\Core\build\classes\main\com\mycompany\dbEntity\CallLogInfo.class], file [K:\JavaWorkSpace\ws1\MobPatternFinder\Core\build\classes\main\com\mycompany\dbEntity\PersonInfo.class]]
16:56:52.820 [Test worker] INFO org.springframework.orm.jpa.LocalContainerEntityManagerFactoryBean - Building JPA container EntityManagerFactory for persistence unit 'default'
16:56:52.843 [Test worker] DEBUG org.hibernate.jpa.internal.util.LogHelper - PersistenceUnitInfo [
	name: default
	persistence provider classname: null
	classloader: sun.misc.Launcher$AppClassLoader@4e25154f
	excludeUnlistedClasses: true
	JTA datasource: null
	Non JTA datasource: com.mchange.v2.c3p0.ComboPooledDataSource [ acquireIncrement -> 3, acquireRetryAttempts -> 30, acquireRetryDelay -> 1000, autoCommitOnClose -> false, automaticTestTable -> null, breakAfterAcquireFailure -> false, checkoutTimeout -> 240000, connectionCustomizerClassName -> null, connectionTesterClassName -> com.mchange.v2.c3p0.impl.DefaultConnectionTester, dataSourceName -> 1hge0yt9h1045nby5i4inz|44de241, debugUnreturnedConnectionStackTraces -> false, description -> null, driverClass -> org.h2.Driver, factoryClassLocation -> null, forceIgnoreUnresolvedTransactions -> false, identityToken -> 1hge0yt9h1045nby5i4inz|44de241, idleConnectionTestPeriod -> 0, initialPoolSize -> 3, jdbcUrl -> jdbc:h2:~/testing-2/h2;DATABASE_TO_UPPER=false;DB_CLOSE_ON_EXIT=FALSE, maxAdministrativeTaskTime -> 0, maxConnectionAge -> 3600, maxIdleTime -> 600, maxIdleTimeExcessConnections -> 0, maxPoolSize -> 20, maxStatements -> 0, maxStatementsPerConnection -> 0, minPoolSize -> 1, numHelperThreads -> 3, numThreadsAwaitingCheckoutDefaultUser -> 0, preferredTestQuery -> null, properties -> {user=******, password=******}, propertyCycle -> 0, testConnectionOnCheckin -> false, testConnectionOnCheckout -> false, unreturnedConnectionTimeout -> 0, usesTraditionalReflectiveProxies -> false ]
	Transaction type: RESOURCE_LOCAL
	PU root URL: file:/K:/JavaWorkSpace/ws1/MobPatternFinder/Core/build/classes/test/
	Shared Cache Mode: UNSPECIFIED
	Validation Mode: AUTO
	Jar files URLs []
	Managed classes names [
		com.mycompany.dbEntity.CallLogInfo
		com.mycompany.dbEntity.PersonInfo]
	Mapping files names []
	Properties []
16:56:52.856 [Test worker] DEBUG org.hibernate.integrator.internal.IntegratorServiceImpl - Adding Integrator [org.hibernate.cfg.beanvalidation.BeanValidationIntegrator].
16:56:52.858 [Test worker] DEBUG org.hibernate.integrator.internal.IntegratorServiceImpl - Adding Integrator [org.hibernate.secure.spi.JaccIntegrator].
16:56:52.859 [Test worker] DEBUG org.hibernate.integrator.internal.IntegratorServiceImpl - Adding Integrator [org.hibernate.cache.internal.CollectionCacheInvalidator].
16:56:52.859 [Test worker] DEBUG org.hibernate.integrator.internal.IntegratorServiceImpl - Adding Integrator [org.hibernate.jpa.event.spi.JpaIntegrator].
16:56:52.869 [Test worker] DEBUG org.hibernate.boot.registry.selector.internal.StrategySelectorImpl - Registering named strategy selector [org.hibernate.dialect.Dialect] : [MySQL5] -> [org.hibernate.dialect.MySQL5Dialect] (replacing [org.hibernate.dialect.MySQL5Dialect])
16:56:52.869 [Test worker] DEBUG org.hibernate.boot.registry.selector.internal.StrategySelectorImpl - Registering named strategy selector [org.hibernate.dialect.Dialect] : [MySQL5InnoDB] -> [org.hibernate.dialect.MySQL5InnoDBDialect] (replacing [org.hibernate.dialect.MySQL5InnoDBDialect])
16:56:52.903 [Test worker] INFO org.hibernate.Version - HHH000412: Hibernate Core {4.3.11.Final}
16:56:52.904 [Test worker] INFO org.hibernate.cfg.Environment - HHH000206: hibernate.properties not found
16:56:52.905 [Test worker] INFO org.hibernate.cfg.Environment - HHH000021: Bytecode provider name : javassist
16:56:52.965 [Test worker] DEBUG org.hibernate.service.spi.ServiceBinding - Overriding existing service binding [org.hibernate.secure.spi.JaccService]
16:56:52.983 [Test worker] DEBUG org.hibernate.type.BasicTypeRegistry - Adding type registration boolean -> org.hibernate.type.BooleanType@3317b1e5
16:56:52.983 [Test worker] DEBUG org.hibernate.type.BasicTypeRegistry - Adding type registration boolean -> org.hibernate.type.BooleanType@3317b1e5
16:56:52.983 [Test worker] DEBUG org.hibernate.type.BasicTypeRegistry - Adding type registration java.lang.Boolean -> org.hibernate.type.BooleanType@3317b1e5
16:56:52.984 [Test worker] DEBUG org.hibernate.type.BasicTypeRegistry - Adding type registration numeric_boolean -> org.hibernate.type.NumericBooleanType@328fdc7c
16:56:52.985 [Test worker] DEBUG org.hibernate.type.BasicTypeRegistry - Adding type registration true_false -> org.hibernate.type.TrueFalseType@4dae78ba
16:56:52.985 [Test worker] DEBUG org.hibernate.type.BasicTypeRegistry - Adding type registration yes_no -> org.hibernate.type.YesNoType@694f337d
16:56:52.987 [Test worker] DEBUG org.hibernate.type.BasicTypeRegistry - Adding type registration byte -> org.hibernate.type.ByteType@351b0789
16:56:52.987 [Test worker] DEBUG org.hibernate.type.BasicTypeRegistry - Adding type registration byte -> org.hibernate.type.ByteType@351b0789
16:56:52.987 [Test worker] DEBUG org.hibernate.type.BasicTypeRegistry - Adding type registration java.lang.Byte -> org.hibernate.type.ByteType@351b0789
16:56:52.988 [Test worker] DEBUG org.hibernate.type.BasicTypeRegistry - Adding type registration character -> org.hibernate.type.CharacterType@5c20518e
16:56:52.988 [Test worker] DEBUG org.hibernate.type.BasicTypeRegistry - Adding type registration char -> org.hibernate.type.CharacterType@5c20518e
16:56:52.988 [Test worker] DEBUG org.hibernate.type.BasicTypeRegistry - Adding type registration java.lang.Character -> org.hibernate.type.CharacterType@5c20518e
16:56:52.989 [Test worker] DEBUG org.hibernate.type.BasicTypeRegistry - Adding type registration short -> org.hibernate.type.ShortType@4707cb6c
16:56:52.989 [Test worker] DEBUG org.hibernate.type.BasicTypeRegistry - Adding type registration short -> org.hibernate.type.ShortType@4707cb6c
16:56:52.989 [Test worker] DEBUG org.hibernate.type.BasicTypeRegistry - Adding type registration java.lang.Short -> org.hibernate.type.ShortType@4707cb6c
16:56:52.990 [Test worker] DEBUG org.hibernate.type.BasicTypeRegistry - Adding type registration integer -> org.hibernate.type.IntegerType@371c16b1
16:56:52.990 [Test worker] DEBUG org.hibernate.type.BasicTypeRegistry - Adding type registration int -> org.hibernate.type.IntegerType@371c16b1
16:56:52.990 [Test worker] DEBUG org.hibernate.type.BasicTypeRegistry - Adding type registration java.lang.Integer -> org.hibernate.type.IntegerType@371c16b1
16:56:52.991 [Test worker] DEBUG org.hibernate.type.BasicTypeRegistry - Adding type registration long -> org.hibernate.type.LongType@2f0e884
16:56:52.991 [Test worker] DEBUG org.hibernate.type.BasicTypeRegistry - Adding type registration long -> org.hibernate.type.LongType@2f0e884
16:56:52.991 [Test worker] DEBUG org.hibernate.type.BasicTypeRegistry - Adding type registration java.lang.Long -> org.hibernate.type.LongType@2f0e884
16:56:52.992 [Test worker] DEBUG org.hibernate.type.BasicTypeRegistry - Adding type registration float -> org.hibernate.type.FloatType@5588cade
16:56:52.992 [Test worker] DEBUG org.hibernate.type.BasicTypeRegistry - Adding type registration float -> org.hibernate.type.FloatType@5588cade
16:56:52.993 [Test worker] DEBUG org.hibernate.type.BasicTypeRegistry - Adding type registration java.lang.Float -> org.hibernate.type.FloatType@5588cade
16:56:52.994 [Test worker] DEBUG org.hibernate.type.BasicTypeRegistry - Adding type registration double -> org.hibernate.type.DoubleType@76ed24
16:56:52.994 [Test worker] DEBUG org.hibernate.type.BasicTypeRegistry - Adding type registration double -> org.hibernate.type.DoubleType@76ed24
16:56:52.994 [Test worker] DEBUG org.hibernate.type.BasicTypeRegistry - Adding type registration java.lang.Double -> org.hibernate.type.DoubleType@76ed24
16:56:52.995 [Test worker] DEBUG org.hibernate.type.BasicTypeRegistry - Adding type registration big_decimal -> org.hibernate.type.BigDecimalType@4d5daa1c
16:56:52.995 [Test worker] DEBUG org.hibernate.type.BasicTypeRegistry - Adding type registration java.math.BigDecimal -> org.hibernate.type.BigDecimalType@4d5daa1c
16:56:52.996 [Test worker] DEBUG org.hibernate.type.BasicTypeRegistry - Adding type registration big_integer -> org.hibernate.type.BigIntegerType@7dff092d
16:56:52.996 [Test worker] DEBUG org.hibernate.type.BasicTypeRegistry - Adding type registration java.math.BigInteger -> org.hibernate.type.BigIntegerType@7dff092d
16:56:52.997 [Test worker] DEBUG org.hibernate.type.BasicTypeRegistry - Adding type registration string -> org.hibernate.type.StringType@7c7b3cd2
16:56:52.997 [Test worker] DEBUG org.hibernate.type.BasicTypeRegistry - Adding type registration java.lang.String -> org.hibernate.type.StringType@7c7b3cd2
16:56:52.998 [Test worker] DEBUG org.hibernate.type.BasicTypeRegistry - Adding type registration nstring -> org.hibernate.type.StringNVarcharType@68a8b45a
16:56:52.999 [Test worker] DEBUG org.hibernate.type.BasicTypeRegistry - Adding type registration ncharacter -> org.hibernate.type.CharacterNCharType@57b68ff7
16:56:53.000 [Test worker] DEBUG org.hibernate.type.BasicTypeRegistry - Adding type registration url -> org.hibernate.type.UrlType@65567db2
16:56:53.000 [Test worker] DEBUG org.hibernate.type.BasicTypeRegistry - Adding type registration java.net.URL -> org.hibernate.type.UrlType@65567db2
16:56:53.001 [Test worker] DEBUG org.hibernate.type.BasicTypeRegistry - Adding type registration date -> org.hibernate.type.DateType@5f7997af
16:56:53.001 [Test worker] DEBUG org.hibernate.type.BasicTypeRegistry - Adding type registration java.sql.Date -> org.hibernate.type.DateType@5f7997af
16:56:53.003 [Test worker] DEBUG org.hibernate.type.BasicTypeRegistry - Adding type registration time -> org.hibernate.type.TimeType@41567142
16:56:53.003 [Test worker] DEBUG org.hibernate.type.BasicTypeRegistry - Adding type registration java.sql.Time -> org.hibernate.type.TimeType@41567142
16:56:53.004 [Test worker] DEBUG org.hibernate.type.BasicTypeRegistry - Adding type registration timestamp -> org.hibernate.type.TimestampType@3e9de32d
16:56:53.004 [Test worker] DEBUG org.hibernate.type.BasicTypeRegistry - Adding type registration java.sql.Timestamp -> org.hibernate.type.TimestampType@3e9de32d
16:56:53.004 [Test worker] DEBUG org.hibernate.type.BasicTypeRegistry - Adding type registration java.util.Date -> org.hibernate.type.TimestampType@3e9de32d
16:56:53.005 [Test worker] DEBUG org.hibernate.type.BasicTypeRegistry - Adding type registration dbtimestamp -> org.hibernate.type.DbTimestampType@1a1b2f5c
16:56:53.006 [Test worker] DEBUG org.hibernate.type.BasicTypeRegistry - Adding type registration calendar -> org.hibernate.type.CalendarType@15133226
16:56:53.006 [Test worker] DEBUG org.hibernate.type.BasicTypeRegistry - Adding type registration java.util.Calendar -> org.hibernate.type.CalendarType@15133226
16:56:53.006 [Test worker] DEBUG org.hibernate.type.BasicTypeRegistry - Adding type registration java.util.GregorianCalendar -> org.hibernate.type.CalendarType@15133226
16:56:53.007 [Test worker] DEBUG org.hibernate.type.BasicTypeRegistry - Adding type registration calendar_date -> org.hibernate.type.CalendarDateType@360db65c
16:56:53.008 [Test worker] DEBUG org.hibernate.type.BasicTypeRegistry - Adding type registration locale -> org.hibernate.type.LocaleType@67d74d02
16:56:53.008 [Test worker] DEBUG org.hibernate.type.BasicTypeRegistry - Adding type registration java.util.Locale -> org.hibernate.type.LocaleType@67d74d02
16:56:53.008 [Test worker] DEBUG org.hibernate.type.BasicTypeRegistry - Adding type registration currency -> org.hibernate.type.CurrencyType@3f8a8a
16:56:53.009 [Test worker] DEBUG org.hibernate.type.BasicTypeRegistry - Adding type registration java.util.Currency -> org.hibernate.type.CurrencyType@3f8a8a
16:56:53.009 [Test worker] DEBUG org.hibernate.type.BasicTypeRegistry - Adding type registration timezone -> org.hibernate.type.TimeZoneType@4f7b3ce4
16:56:53.009 [Test worker] DEBUG org.hibernate.type.BasicTypeRegistry - Adding type registration java.util.TimeZone -> org.hibernate.type.TimeZoneType@4f7b3ce4
16:56:53.010 [Test worker] DEBUG org.hibernate.type.BasicTypeRegistry - Adding type registration class -> org.hibernate.type.ClassType@5981b100
16:56:53.010 [Test worker] DEBUG org.hibernate.type.BasicTypeRegistry - Adding type registration java.lang.Class -> org.hibernate.type.ClassType@5981b100
16:56:53.012 [Test worker] DEBUG org.hibernate.type.BasicTypeRegistry - Adding type registration uuid-binary -> org.hibernate.type.UUIDBinaryType@63ca517c
16:56:53.012 [Test worker] DEBUG org.hibernate.type.BasicTypeRegistry - Adding type registration java.util.UUID -> org.hibernate.type.UUIDBinaryType@63ca517c
16:56:53.012 [Test worker] DEBUG org.hibernate.type.BasicTypeRegistry - Adding type registration uuid-char -> org.hibernate.type.UUIDCharType@18bde354
16:56:53.013 [Test worker] DEBUG org.hibernate.type.BasicTypeRegistry - Adding type registration pg-uuid -> org.hibernate.type.PostgresUUIDType@b7e739c
16:56:53.014 [Test worker] DEBUG org.hibernate.type.BasicTypeRegistry - Adding type registration binary -> org.hibernate.type.BinaryType@33880fa1
16:56:53.014 [Test worker] DEBUG org.hibernate.type.BasicTypeRegistry - Adding type registration byte[] -> org.hibernate.type.BinaryType@33880fa1
16:56:53.014 [Test worker] DEBUG org.hibernate.type.BasicTypeRegistry - Adding type registration [B -> org.hibernate.type.BinaryType@33880fa1
16:56:53.014 [Test worker] DEBUG org.hibernate.type.BasicTypeRegistry - Adding type registration wrapper-binary -> org.hibernate.type.WrapperBinaryType@1aee6ff3
16:56:53.014 [Test worker] DEBUG org.hibernate.type.BasicTypeRegistry - Adding type registration Byte[] -> org.hibernate.type.WrapperBinaryType@1aee6ff3
16:56:53.014 [Test worker] DEBUG org.hibernate.type.BasicTypeRegistry - Adding type registration [Ljava.lang.Byte; -> org.hibernate.type.WrapperBinaryType@1aee6ff3
16:56:53.015 [Test worker] DEBUG org.hibernate.type.BasicTypeRegistry - Adding type registration image -> org.hibernate.type.ImageType@5fdc46c4
16:56:53.016 [Test worker] DEBUG org.hibernate.type.BasicTypeRegistry - Adding type registration characters -> org.hibernate.type.CharArrayType@464f0c93
16:56:53.016 [Test worker] DEBUG org.hibernate.type.BasicTypeRegistry - Adding type registration char[] -> org.hibernate.type.CharArrayType@464f0c93
16:56:53.016 [Test worker] DEBUG org.hibernate.type.BasicTypeRegistry - Adding type registration [C -> org.hibernate.type.CharArrayType@464f0c93
16:56:53.017 [Test worker] DEBUG org.hibernate.type.BasicTypeRegistry - Adding type registration wrapper-characters -> org.hibernate.type.CharacterArrayType@60b1b187
16:56:53.017 [Test worker] DEBUG org.hibernate.type.BasicTypeRegistry - Adding type registration [Ljava.lang.Character; -> org.hibernate.type.CharacterArrayType@60b1b187
16:56:53.017 [Test worker] DEBUG org.hibernate.type.BasicTypeRegistry - Adding type registration Character[] -> org.hibernate.type.CharacterArrayType@60b1b187
16:56:53.017 [Test worker] DEBUG org.hibernate.type.BasicTypeRegistry - Adding type registration text -> org.hibernate.type.TextType@1ac14385
16:56:53.018 [Test worker] DEBUG org.hibernate.type.BasicTypeRegistry - Adding type registration ntext -> org.hibernate.type.NTextType@657feb81
16:56:53.021 [Test worker] DEBUG org.hibernate.type.BasicTypeRegistry - Adding type registration blob -> org.hibernate.type.BlobType@4f6f186a
16:56:53.021 [Test worker] DEBUG org.hibernate.type.BasicTypeRegistry - Adding type registration java.sql.Blob -> org.hibernate.type.BlobType@4f6f186a
16:56:53.021 [Test worker] DEBUG org.hibernate.type.BasicTypeRegistry - Adding type registration materialized_blob -> org.hibernate.type.MaterializedBlobType@233b47c9
16:56:53.024 [Test worker] DEBUG org.hibernate.type.BasicTypeRegistry - Adding type registration clob -> org.hibernate.type.ClobType@20458bf4
16:56:53.024 [Test worker] DEBUG org.hibernate.type.BasicTypeRegistry - Adding type registration java.sql.Clob -> org.hibernate.type.ClobType@20458bf4
16:56:53.026 [Test worker] DEBUG org.hibernate.type.BasicTypeRegistry - Adding type registration nclob -> org.hibernate.type.NClobType@152a9c
16:56:53.026 [Test worker] DEBUG org.hibernate.type.BasicTypeRegistry - Adding type registration java.sql.NClob -> org.hibernate.type.NClobType@152a9c
16:56:53.027 [Test worker] DEBUG org.hibernate.type.BasicTypeRegistry - Adding type registration materialized_clob -> org.hibernate.type.MaterializedClobType@38643a7
16:56:53.027 [Test worker] DEBUG org.hibernate.type.BasicTypeRegistry - Adding type registration materialized_nclob -> org.hibernate.type.MaterializedNClobType@508bae6a
16:56:53.028 [Test worker] DEBUG org.hibernate.type.BasicTypeRegistry - Adding type registration serializable -> org.hibernate.type.SerializableType@3d89b6be
16:56:53.030 [Test worker] DEBUG org.hibernate.type.BasicTypeRegistry - Adding type registration object -> org.hibernate.type.ObjectType@9fcb090
16:56:53.030 [Test worker] DEBUG org.hibernate.type.BasicTypeRegistry - Adding type registration java.lang.Object -> org.hibernate.type.ObjectType@9fcb090
16:56:53.030 [Test worker] DEBUG org.hibernate.type.BasicTypeRegistry - Adding type registration imm_date -> org.hibernate.type.AdaptedImmutableType@7c094e62
16:56:53.030 [Test worker] DEBUG org.hibernate.type.BasicTypeRegistry - Adding type registration imm_time -> org.hibernate.type.AdaptedImmutableType@109d0943
16:56:53.030 [Test worker] DEBUG org.hibernate.type.BasicTypeRegistry - Adding type registration imm_timestamp -> org.hibernate.type.AdaptedImmutableType@15ecfd54
16:56:53.030 [Test worker] DEBUG org.hibernate.type.BasicTypeRegistry - Adding type registration imm_dbtimestamp -> org.hibernate.type.AdaptedImmutableType@42bb6e78
16:56:53.030 [Test worker] DEBUG org.hibernate.type.BasicTypeRegistry - Adding type registration imm_calendar -> org.hibernate.type.AdaptedImmutableType@74f74213
16:56:53.031 [Test worker] DEBUG org.hibernate.type.BasicTypeRegistry - Adding type registration imm_calendar_date -> org.hibernate.type.AdaptedImmutableType@c588adf
16:56:53.031 [Test worker] DEBUG org.hibernate.type.BasicTypeRegistry - Adding type registration imm_binary -> org.hibernate.type.AdaptedImmutableType@7e2cd05d
16:56:53.031 [Test worker] DEBUG org.hibernate.type.BasicTypeRegistry - Adding type registration imm_serializable -> org.hibernate.type.AdaptedImmutableType@677db94e
16:56:53.046 [Test worker] INFO org.hibernate.annotations.common.Version - HCANN000001: Hibernate Commons Annotations {4.0.5.Final}
16:56:53.055 [Test worker] DEBUG org.hibernate.id.factory.internal.DefaultIdentifierGeneratorFactory - Registering IdentifierGenerator strategy [uuid2] -> [org.hibernate.id.UUIDGenerator]
16:56:53.056 [Test worker] DEBUG org.hibernate.id.factory.internal.DefaultIdentifierGeneratorFactory - Registering IdentifierGenerator strategy [guid] -> [org.hibernate.id.GUIDGenerator]
16:56:53.056 [Test worker] DEBUG org.hibernate.id.factory.internal.DefaultIdentifierGeneratorFactory - Registering IdentifierGenerator strategy [uuid] -> [org.hibernate.id.UUIDHexGenerator]
16:56:53.056 [Test worker] DEBUG org.hibernate.id.factory.internal.DefaultIdentifierGeneratorFactory - Registering IdentifierGenerator strategy [uuid.hex] -> [org.hibernate.id.UUIDHexGenerator]
16:56:53.058 [Test worker] DEBUG org.hibernate.id.factory.internal.DefaultIdentifierGeneratorFactory - Registering IdentifierGenerator strategy [hilo] -> [org.hibernate.id.TableHiLoGenerator]
16:56:53.058 [Test worker] DEBUG org.hibernate.id.factory.internal.DefaultIdentifierGeneratorFactory - Registering IdentifierGenerator strategy [assigned] -> [org.hibernate.id.Assigned]
16:56:53.059 [Test worker] DEBUG org.hibernate.id.factory.internal.DefaultIdentifierGeneratorFactory - Registering IdentifierGenerator strategy [identity] -> [org.hibernate.id.IdentityGenerator]
16:56:53.060 [Test worker] DEBUG org.hibernate.id.factory.internal.DefaultIdentifierGeneratorFactory - Registering IdentifierGenerator strategy [select] -> [org.hibernate.id.SelectGenerator]
16:56:53.060 [Test worker] DEBUG org.hibernate.id.factory.internal.DefaultIdentifierGeneratorFactory - Registering IdentifierGenerator strategy [sequence] -> [org.hibernate.id.SequenceGenerator]
16:56:53.061 [Test worker] DEBUG org.hibernate.id.factory.internal.DefaultIdentifierGeneratorFactory - Registering IdentifierGenerator strategy [seqhilo] -> [org.hibernate.id.SequenceHiLoGenerator]
16:56:53.061 [Test worker] DEBUG org.hibernate.id.factory.internal.DefaultIdentifierGeneratorFactory - Registering IdentifierGenerator strategy [increment] -> [org.hibernate.id.IncrementGenerator]
16:56:53.062 [Test worker] DEBUG org.hibernate.id.factory.internal.DefaultIdentifierGeneratorFactory - Registering IdentifierGenerator strategy [foreign] -> [org.hibernate.id.ForeignGenerator]
16:56:53.062 [Test worker] DEBUG org.hibernate.id.factory.internal.DefaultIdentifierGeneratorFactory - Registering IdentifierGenerator strategy [sequence-identity] -> [org.hibernate.id.SequenceIdentityGenerator]
16:56:53.063 [Test worker] DEBUG org.hibernate.id.factory.internal.DefaultIdentifierGeneratorFactory - Registering IdentifierGenerator strategy [enhanced-sequence] -> [org.hibernate.id.enhanced.SequenceStyleGenerator]
16:56:53.064 [Test worker] DEBUG org.hibernate.id.factory.internal.DefaultIdentifierGeneratorFactory - Registering IdentifierGenerator strategy [enhanced-table] -> [org.hibernate.id.enhanced.TableGenerator]
16:56:53.071 [Test worker] DEBUG org.hibernate.cfg.Configuration - Preparing to build session factory with filters : {}
16:56:53.082 [Test worker] DEBUG com.mchange.v2.resourcepool.BasicResourcePool - trace com.mchange.v2.resourcepool.BasicResourcePool@14f30e94 [managed: 3, unused: 2, excluded: 0] (e.g. com.mchange.v2.c3p0.impl.NewPooledConnection@7fe529bb)
16:56:53.082 [Test worker] DEBUG org.hibernate.engine.jdbc.internal.JdbcServicesImpl - Database ->
       name : H2
    version : 1.4.192 (2016-05-26)
      major : 1
      minor : 4
16:56:53.082 [Test worker] DEBUG org.hibernate.engine.jdbc.internal.JdbcServicesImpl - Driver ->
       name : H2 JDBC Driver
    version : 1.4.192 (2016-05-26)
      major : 1
      minor : 4
16:56:53.082 [Test worker] DEBUG org.hibernate.engine.jdbc.internal.JdbcServicesImpl - JDBC version : 4.0
16:56:53.084 [Test worker] DEBUG org.hibernate.engine.jdbc.cursor.internal.StandardRefCursorSupport - Unexpected error trying to gauge level of JDBC REF_CURSOR support : null
16:56:53.116 [Test worker] INFO org.hibernate.dialect.Dialect - HHH000400: Using dialect: org.hibernate.dialect.H2Dialect
16:56:53.124 [Test worker] INFO org.hibernate.engine.jdbc.internal.LobCreatorBuilder - HHH000424: Disabling contextual LOB creation as createClob() method threw error : java.lang.reflect.InvocationTargetException
16:56:53.124 [Test worker] DEBUG com.mchange.v2.resourcepool.BasicResourcePool - trace com.mchange.v2.resourcepool.BasicResourcePool@14f30e94 [managed: 3, unused: 2, excluded: 0] (e.g. com.mchange.v2.c3p0.impl.NewPooledConnection@7fe529bb)
16:56:53.124 [Test worker] DEBUG com.mchange.v2.c3p0.impl.NewProxyConnection - com.mchange.v2.c3p0.impl.NewProxyConnection@3e1eb0af: close() called more than once.
16:56:53.144 [Test worker] DEBUG org.hibernate.cfg.Configuration - Processing hbm.xml files
16:56:53.144 [Test worker] DEBUG org.hibernate.cfg.Configuration - Process annotated classes
16:56:53.147 [Test worker] DEBUG org.hibernate.cfg.AnnotationBinder - Binding entity from annotated class: com.mycompany.dbEntity.PersonInfo
16:56:53.161 [Test worker] DEBUG org.hibernate.cfg.Ejb3Column - Binding column: Ejb3DiscriminatorColumn{logicalColumnName'DTYPE', discriminatorTypeName='string'}
16:56:53.164 [Test worker] DEBUG org.hibernate.cfg.annotations.EntityBinder - Import with entity name PersonInfo
16:56:53.166 [Test worker] DEBUG org.hibernate.cfg.annotations.EntityBinder - Bind entity com.mycompany.dbEntity.PersonInfo on table person
16:56:53.177 [Test worker] DEBUG org.hibernate.cfg.Ejb3Column - Binding column: Ejb3Column{table=org.hibernate.mapping.Table(person), mappingColumn=id, insertable=true, updatable=true, unique=false}
16:56:53.179 [Test worker] DEBUG org.hibernate.cfg.annotations.PropertyBinder - MetadataSourceProcessor property id with lazy=false
16:56:53.180 [Test worker] DEBUG org.hibernate.cfg.AbstractPropertyHolder - Attempting to locate auto-apply AttributeConverter for property [com.mycompany.dbEntity.PersonInfo:id]
16:56:53.181 [Test worker] DEBUG org.hibernate.cfg.annotations.SimpleValueBinder - building SimpleValue for id
16:56:53.181 [Test worker] DEBUG org.hibernate.cfg.annotations.PropertyBinder - Building property id
16:56:53.184 [Test worker] DEBUG org.hibernate.cfg.Ejb3Column - Binding column: Ejb3Column{table=org.hibernate.mapping.Table(person), mappingColumn=address, insertable=true, updatable=true, unique=false}
16:56:53.184 [Test worker] DEBUG org.hibernate.cfg.annotations.PropertyBinder - MetadataSourceProcessor property address with lazy=false
16:56:53.184 [Test worker] DEBUG org.hibernate.cfg.AbstractPropertyHolder - Attempting to locate auto-apply AttributeConverter for property [com.mycompany.dbEntity.PersonInfo:address]
16:56:53.184 [Test worker] DEBUG org.hibernate.cfg.annotations.SimpleValueBinder - building SimpleValue for address
16:56:53.184 [Test worker] DEBUG org.hibernate.cfg.annotations.PropertyBinder - Building property address
16:56:53.184 [Test worker] DEBUG org.hibernate.cfg.Ejb3Column - Binding column: Ejb3Column{table=org.hibernate.mapping.Table(person), mappingColumn=name, insertable=true, updatable=true, unique=false}
16:56:53.184 [Test worker] DEBUG org.hibernate.cfg.annotations.PropertyBinder - MetadataSourceProcessor property name with lazy=false
16:56:53.184 [Test worker] DEBUG org.hibernate.cfg.AbstractPropertyHolder - Attempting to locate auto-apply AttributeConverter for property [com.mycompany.dbEntity.PersonInfo:name]
16:56:53.185 [Test worker] DEBUG org.hibernate.cfg.annotations.SimpleValueBinder - building SimpleValue for name
16:56:53.185 [Test worker] DEBUG org.hibernate.cfg.annotations.PropertyBinder - Building property name
16:56:53.185 [Test worker] DEBUG org.hibernate.cfg.Ejb3Column - Binding column: Ejb3Column{table=org.hibernate.mapping.Table(person), mappingColumn=phone_no, insertable=true, updatable=true, unique=false}
16:56:53.185 [Test worker] DEBUG org.hibernate.cfg.annotations.PropertyBinder - MetadataSourceProcessor property phoneNumber with lazy=false
16:56:53.185 [Test worker] DEBUG org.hibernate.cfg.AbstractPropertyHolder - Attempting to locate auto-apply AttributeConverter for property [com.mycompany.dbEntity.PersonInfo:phoneNumber]
16:56:53.185 [Test worker] DEBUG org.hibernate.cfg.annotations.SimpleValueBinder - building SimpleValue for phoneNumber
16:56:53.185 [Test worker] DEBUG org.hibernate.cfg.annotations.PropertyBinder - Building property phoneNumber
16:56:53.186 [Test worker] DEBUG org.hibernate.cfg.AnnotationBinder - Binding entity from annotated class: com.mycompany.dbEntity.CallLogInfo
16:56:53.187 [Test worker] DEBUG org.hibernate.cfg.Ejb3Column - Binding column: Ejb3DiscriminatorColumn{logicalColumnName'DTYPE', discriminatorTypeName='string'}
16:56:53.187 [Test worker] DEBUG org.hibernate.cfg.annotations.EntityBinder - Import with entity name CallLogInfo
16:56:53.187 [Test worker] DEBUG org.hibernate.cfg.annotations.EntityBinder - Bind entity com.mycompany.dbEntity.CallLogInfo on table call_log
16:56:53.192 [Test worker] DEBUG org.hibernate.cfg.Ejb3Column - Binding column: Ejb3Column{table=org.hibernate.mapping.Table(call_log), mappingColumn=call_log_id, insertable=true, updatable=true, unique=false}
16:56:53.193 [Test worker] DEBUG org.hibernate.cfg.annotations.PropertyBinder - MetadataSourceProcessor property callLogId with lazy=false
16:56:53.193 [Test worker] DEBUG org.hibernate.cfg.AbstractPropertyHolder - Attempting to locate auto-apply AttributeConverter for property [com.mycompany.dbEntity.CallLogInfo:callLogId]
16:56:53.193 [Test worker] DEBUG org.hibernate.cfg.annotations.SimpleValueBinder - building SimpleValue for callLogId
16:56:53.193 [Test worker] DEBUG org.hibernate.cfg.annotations.PropertyBinder - Building property callLogId
16:56:53.193 [Test worker] DEBUG org.hibernate.cfg.Ejb3Column - Binding column: Ejb3Column{table=org.hibernate.mapping.Table(call_log), mappingColumn=end_time, insertable=true, updatable=true, unique=false}
16:56:53.193 [Test worker] DEBUG org.hibernate.cfg.annotations.PropertyBinder - MetadataSourceProcessor property callEndDateTime with lazy=false
16:56:53.193 [Test worker] DEBUG org.hibernate.cfg.AbstractPropertyHolder - Attempting to locate auto-apply AttributeConverter for property [com.mycompany.dbEntity.CallLogInfo:callEndDateTime]
16:56:53.193 [Test worker] DEBUG org.hibernate.cfg.annotations.SimpleValueBinder - building SimpleValue for callEndDateTime
16:56:53.193 [Test worker] DEBUG org.hibernate.cfg.annotations.PropertyBinder - Building property callEndDateTime
16:56:53.194 [Test worker] DEBUG org.hibernate.cfg.Ejb3Column - Binding column: Ejb3Column{table=org.hibernate.mapping.Table(call_log), mappingColumn=start_time, insertable=true, updatable=true, unique=false}
16:56:53.194 [Test worker] DEBUG org.hibernate.cfg.annotations.PropertyBinder - MetadataSourceProcessor property callStartDateTime with lazy=false
16:56:53.194 [Test worker] DEBUG org.hibernate.cfg.AbstractPropertyHolder - Attempting to locate auto-apply AttributeConverter for property [com.mycompany.dbEntity.CallLogInfo:callStartDateTime]
16:56:53.194 [Test worker] DEBUG org.hibernate.cfg.annotations.SimpleValueBinder - building SimpleValue for callStartDateTime
16:56:53.194 [Test worker] DEBUG org.hibernate.cfg.annotations.PropertyBinder - Building property callStartDateTime
16:56:53.194 [Test worker] DEBUG org.hibernate.cfg.Ejb3Column - Binding column: Ejb3Column{table=org.hibernate.mapping.Table(call_log), mappingColumn=call_type, insertable=true, updatable=true, unique=false}
16:56:53.194 [Test worker] DEBUG org.hibernate.cfg.annotations.PropertyBinder - MetadataSourceProcessor property callType with lazy=false
16:56:53.194 [Test worker] DEBUG org.hibernate.cfg.AbstractPropertyHolder - Attempting to locate auto-apply AttributeConverter for property [com.mycompany.dbEntity.CallLogInfo:callType]
16:56:53.196 [Test worker] DEBUG org.hibernate.cfg.annotations.SimpleValueBinder - building SimpleValue for callType
16:56:53.197 [Test worker] DEBUG org.hibernate.cfg.annotations.PropertyBinder - Building property callType
16:56:53.197 [Test worker] DEBUG org.hibernate.cfg.Ejb3Column - Binding column: Ejb3Column{table=org.hibernate.mapping.Table(call_log), mappingColumn=location, insertable=true, updatable=true, unique=false}
16:56:53.197 [Test worker] DEBUG org.hibernate.cfg.annotations.PropertyBinder - MetadataSourceProcessor property location with lazy=false
16:56:53.197 [Test worker] DEBUG org.hibernate.cfg.AbstractPropertyHolder - Attempting to locate auto-apply AttributeConverter for property [com.mycompany.dbEntity.CallLogInfo:location]
16:56:53.197 [Test worker] DEBUG org.hibernate.cfg.annotations.SimpleValueBinder - building SimpleValue for location
16:56:53.197 [Test worker] DEBUG org.hibernate.cfg.annotations.PropertyBinder - Building property location
16:56:53.197 [Test worker] DEBUG org.hibernate.cfg.Ejb3Column - Binding column: Ejb3Column{table=org.hibernate.mapping.Table(call_log), mappingColumn=party_phone_no, insertable=true, updatable=true, unique=false}
16:56:53.197 [Test worker] DEBUG org.hibernate.cfg.annotations.PropertyBinder - MetadataSourceProcessor property partyPhoneNumber with lazy=false
16:56:53.197 [Test worker] DEBUG org.hibernate.cfg.AbstractPropertyHolder - Attempting to locate auto-apply AttributeConverter for property [com.mycompany.dbEntity.CallLogInfo:partyPhoneNumber]
16:56:53.197 [Test worker] DEBUG org.hibernate.cfg.annotations.SimpleValueBinder - building SimpleValue for partyPhoneNumber
16:56:53.198 [Test worker] DEBUG org.hibernate.cfg.annotations.PropertyBinder - Building property partyPhoneNumber
16:56:53.198 [Test worker] DEBUG org.hibernate.cfg.Ejb3Column - Binding column: Ejb3JoinColumn{logicalColumnName='id', referencedColumn='', mappedBy=''}
16:56:53.199 [Test worker] DEBUG org.hibernate.cfg.Ejb3Column - Binding column: Ejb3Column{table=org.hibernate.mapping.Table(call_log), mappingColumn=person_info, insertable=true, updatable=true, unique=false}
16:56:53.203 [Test worker] DEBUG org.hibernate.cfg.annotations.PropertyBinder - Building property personInfo
16:56:53.203 [Test worker] DEBUG org.hibernate.cfg.annotations.SimpleValueBinder - Starting fillSimpleValue for id
16:56:53.203 [Test worker] DEBUG org.hibernate.cfg.annotations.SimpleValueBinder - Starting fillSimpleValue for address
16:56:53.203 [Test worker] DEBUG org.hibernate.cfg.annotations.SimpleValueBinder - Starting fillSimpleValue for name
16:56:53.203 [Test worker] DEBUG org.hibernate.cfg.annotations.SimpleValueBinder - Starting fillSimpleValue for phoneNumber
16:56:53.203 [Test worker] DEBUG org.hibernate.cfg.annotations.SimpleValueBinder - Starting fillSimpleValue for callLogId
16:56:53.203 [Test worker] DEBUG org.hibernate.cfg.annotations.SimpleValueBinder - Starting fillSimpleValue for callEndDateTime
16:56:53.203 [Test worker] DEBUG org.hibernate.cfg.annotations.SimpleValueBinder - Starting fillSimpleValue for callStartDateTime
16:56:53.203 [Test worker] DEBUG org.hibernate.cfg.annotations.SimpleValueBinder - Starting fillSimpleValue for callType
16:56:53.204 [Test worker] DEBUG org.hibernate.cfg.annotations.SimpleValueBinder - Starting fillSimpleValue for location
16:56:53.204 [Test worker] DEBUG org.hibernate.cfg.annotations.SimpleValueBinder - Starting fillSimpleValue for partyPhoneNumber
16:56:53.204 [Test worker] DEBUG org.hibernate.cfg.Configuration - Processing fk mappings (*ToOne and JoinedSubclass)
16:56:53.211 [Test worker] DEBUG org.hibernate.cfg.Configuration - Processing extends queue
16:56:53.211 [Test worker] DEBUG org.hibernate.cfg.Configuration - Processing extends queue
16:56:53.212 [Test worker] DEBUG org.hibernate.cfg.Configuration - Processing collection mappings
16:56:53.212 [Test worker] DEBUG org.hibernate.cfg.Configuration - Processing native query and ResultSetMapping mappings
16:56:53.212 [Test worker] DEBUG org.hibernate.cfg.annotations.ResultsetMappingSecondPass - Binding result set mapping: CallSummaryResultMapping
16:56:53.213 [Test worker] DEBUG org.hibernate.cfg.Configuration - Processing association property references
16:56:53.213 [Test worker] DEBUG org.hibernate.cfg.Configuration - Creating tables' unique integer identifiers
16:56:53.213 [Test worker] DEBUG org.hibernate.cfg.Configuration - Processing foreign key constraints
16:56:53.213 [Test worker] DEBUG org.hibernate.cfg.Configuration - Resolving reference to class: com.mycompany.dbEntity.PersonInfo
16:56:53.219 [Test worker] DEBUG org.hibernate.cfg.SettingsFactory - Automatic flush during beforeCompletion(): disabled
16:56:53.220 [Test worker] DEBUG org.hibernate.cfg.SettingsFactory - Automatic session close at end of transaction: disabled
16:56:53.220 [Test worker] DEBUG org.hibernate.cfg.SettingsFactory - JDBC batch size: 15
16:56:53.220 [Test worker] DEBUG org.hibernate.cfg.SettingsFactory - JDBC batch updates for versioned data: disabled
16:56:53.220 [Test worker] DEBUG org.hibernate.cfg.SettingsFactory - Scrollable result sets: enabled
16:56:53.220 [Test worker] DEBUG org.hibernate.cfg.SettingsFactory - Wrap result sets: disabled
16:56:53.220 [Test worker] DEBUG org.hibernate.cfg.SettingsFactory - JDBC3 getGeneratedKeys(): enabled
16:56:53.220 [Test worker] DEBUG org.hibernate.cfg.SettingsFactory - multi-tenancy strategy : NONE
16:56:53.220 [Test worker] DEBUG org.hibernate.cfg.SettingsFactory - Connection release mode: auto
16:56:53.224 [Test worker] DEBUG org.hibernate.cfg.SettingsFactory - Using BatchFetchStyle : LEGACY
16:56:53.224 [Test worker] DEBUG org.hibernate.cfg.SettingsFactory - Default batch fetch size: 1
16:56:53.224 [Test worker] DEBUG org.hibernate.cfg.SettingsFactory - Generate SQL with comments: disabled
16:56:53.224 [Test worker] DEBUG org.hibernate.cfg.SettingsFactory - Order SQL updates by primary key: disabled
16:56:53.225 [Test worker] DEBUG org.hibernate.cfg.SettingsFactory - Order SQL inserts for batching: disabled
16:56:53.225 [Test worker] DEBUG org.hibernate.cfg.SettingsFactory - Default null ordering: none
16:56:53.225 [Test worker] DEBUG org.hibernate.cfg.SettingsFactory - Query translator: org.hibernate.hql.internal.ast.ASTQueryTranslatorFactory
16:56:53.227 [Test worker] INFO org.hibernate.hql.internal.ast.ASTQueryTranslatorFactory - HHH000397: Using ASTQueryTranslatorFactory
16:56:53.227 [Test worker] DEBUG org.hibernate.cfg.SettingsFactory - Query language substitutions: {}
16:56:53.227 [Test worker] DEBUG org.hibernate.cfg.SettingsFactory - JPA-QL strict compliance: disabled
16:56:53.227 [Test worker] DEBUG org.hibernate.cfg.SettingsFactory - Second-level cache: enabled
16:56:53.227 [Test worker] DEBUG org.hibernate.cfg.SettingsFactory - Query cache: disabled
16:56:53.228 [Test worker] DEBUG org.hibernate.cache.internal.RegionFactoryInitiator - Cache region factory : org.hibernate.cache.internal.NoCachingRegionFactory
16:56:53.229 [Test worker] DEBUG org.hibernate.cfg.SettingsFactory - Optimize cache for minimal puts: disabled
16:56:53.229 [Test worker] DEBUG org.hibernate.cfg.SettingsFactory - Structured second-level cache entries: disabled
16:56:53.229 [Test worker] DEBUG org.hibernate.cfg.SettingsFactory - Second-level cache direct-reference entries: disabled
16:56:53.230 [Test worker] DEBUG org.hibernate.cfg.SettingsFactory - Automatic eviction of collection cache: disabled
16:56:53.230 [Test worker] DEBUG org.hibernate.cfg.SettingsFactory - Statistics: disabled
16:56:53.230 [Test worker] DEBUG org.hibernate.cfg.SettingsFactory - Deleted entity synthetic identifier rollback: disabled
16:56:53.230 [Test worker] DEBUG org.hibernate.cfg.SettingsFactory - Default entity-mode: pojo
16:56:53.230 [Test worker] DEBUG org.hibernate.cfg.SettingsFactory - Named query checking : enabled
16:56:53.230 [Test worker] DEBUG org.hibernate.cfg.SettingsFactory - Check Nullability in Core (should be disabled when Bean Validation is on): enabled
16:56:53.230 [Test worker] DEBUG org.hibernate.cfg.SettingsFactory - Allow initialization of lazy state outside session : : disabled
16:56:53.230 [Test worker] DEBUG org.hibernate.cfg.SettingsFactory - JTA Track by Thread: enabled
16:56:53.235 [Test worker] DEBUG org.hibernate.internal.SessionFactoryImpl - Building session factory
16:56:53.241 [Test worker] DEBUG org.hibernate.internal.SessionFactoryImpl - Session factory constructed with filter configurations : {}
16:56:53.252 [Test worker] DEBUG org.hibernate.internal.SessionFactoryImpl - Instantiating session factory with properties: {java.runtime.name=Java(TM) SE Runtime Environment, sun.boot.library.path=K:\JavaSW\JDK\1.8.0.92\jre\bin, java.vm.version=25.92-b14, java.vm.vendor=Oracle Corporation, java.vendor.url=http://java.oracle.com/, path.separator=;, java.vm.name=Java HotSpot(TM) 64-Bit Server VM, file.encoding.pkg=sun.io, user.script=, user.country=US, sun.java.launcher=SUN_STANDARD, sun.os.patch.level=, hibernate.ejb.naming_strategy=org.springframework.boot.orm.jpa.hibernate.SpringNamingStrategy, java.vm.specification.name=Java Virtual Machine Specification, user.dir=K:\JavaWorkSpace\ws1\MobPatternFinder\Core, javax.persistence.sharedCache.mode=UNSPECIFIED, java.runtime.version=1.8.0_92-b14, java.awt.graphicsenv=sun.awt.Win32GraphicsEnvironment, java.endorsed.dirs=K:\JavaSW\JDK\1.8.0.92\jre\lib\endorsed, os.arch=amd64, java.io.tmpdir=C:\Users\Batman\AppData\Local\Temp\, line.separator=
, java.vm.specification.vendor=Oracle Corporation, user.variant=, os.name=Windows 10, sun.jnu.encoding=Cp1252, java.library.path=K:\JavaSW\JDK\1.8.0.92\bin;C:\WINDOWS\Sun\Java\bin;C:\WINDOWS\system32;C:\WINDOWS;C:/Program Files/Java/jre1.8.0_92/bin/server;C:/Program Files/Java/jre1.8.0_92/bin;C:/Program Files/Java/jre1.8.0_92/lib/amd64;C:\ProgramData\Oracle\Java\javapath;C:\Program Files\Common Files\Microsoft Shared\Windows Live;C:\Program Files (x86)\Common Files\Microsoft Shared\Windows Live;c:\Program Files (x86)\Intel\iCLS Client\;c:\Program Files\Intel\iCLS Client\;C:\Program Files (x86)\NVIDIA Corporation\PhysX\Common;C:\WINDOWS\system32;C:\WINDOWS;C:\WINDOWS\System32\Wbem;C:\WINDOWS\System32\WindowsPowerShell\v1.0\;C:\Program Files\Intel\Intel(R) Management Engine Components\DAL;C:\Program Files\Intel\Intel(R) Management Engine Components\IPT;C:\Program Files (x86)\Intel\Intel(R) Management Engine Components\DAL;C:\Program Files (x86)\Intel\Intel(R) Management Engine Components\IPT;C:\Program Files (x86)\Windows Live\Shared;K:\JavaSW\JDK\1.8.0.92\bin;K:\JavaSW\Downloads\gradle-2.12-all\gradle-2.12\bin;C:\Program Files\Git\cmd;K:\JavaSW\Eclipse\eclipse;;., hibernate.ejb.persistenceUnitName=default, java.specification.name=Java Platform API Specification, java.class.version=52.0, hibernate.transaction.jta.platform=org.hibernate.engine.transaction.jta.platform.internal.NoJtaPlatform@4aa906c6, sun.management.compiler=HotSpot 64-Bit Tiered Compilers, os.version=10.0, user.home=C:\Users\Batman, user.timezone=Asia/Calcutta, java.awt.printerjob=sun.awt.windows.WPrinterJob, java.specification.version=1.8, file.encoding=windows-1252, javax.persistence.nonJtaDataSource=com.mchange.v2.c3p0.ComboPooledDataSource [ acquireIncrement -> 3, acquireRetryAttempts -> 30, acquireRetryDelay -> 1000, autoCommitOnClose -> false, automaticTestTable -> null, breakAfterAcquireFailure -> false, checkoutTimeout -> 240000, connectionCustomizerClassName -> null, connectionTesterClassName -> com.mchange.v2.c3p0.impl.DefaultConnectionTester, dataSourceName -> 1hge0yt9h1045nby5i4inz|44de241, debugUnreturnedConnectionStackTraces -> false, description -> null, driverClass -> org.h2.Driver, factoryClassLocation -> null, forceIgnoreUnresolvedTransactions -> false, identityToken -> 1hge0yt9h1045nby5i4inz|44de241, idleConnectionTestPeriod -> 0, initialPoolSize -> 3, jdbcUrl -> jdbc:h2:~/testing-2/h2;DATABASE_TO_UPPER=false;DB_CLOSE_ON_EXIT=FALSE, maxAdministrativeTaskTime -> 0, maxConnectionAge -> 3600, maxIdleTime -> 600, maxIdleTimeExcessConnections -> 0, maxPoolSize -> 20, maxStatements -> 0, maxStatementsPerConnection -> 0, minPoolSize -> 1, numHelperThreads -> 3, numThreadsAwaitingCheckoutDefaultUser -> 0, preferredTestQuery -> null, properties -> {user=******, password=******}, propertyCycle -> 0, testConnectionOnCheckin -> false, testConnectionOnCheckout -> false, unreturnedConnectionTimeout -> 0, usesTraditionalReflectiveProxies -> false ], user.name=Batman, java.class.path=K:\JavaWorkSpace\ws1\MobPatternFinder\Core\build\classes\test;K:\JavaWorkSpace\ws1\MobPatternFinder\Core\build\resources\test;K:\JavaWorkSpace\ws1\MobPatternFinder\Core\build\classes\main;K:\JavaWorkSpace\ws1\MobPatternFinder\Core\build\resources\main;K:\JavaSW\JDK\1.8.0.92\lib\tools.jar;K:\JavaSW\Downloads\gradle-2.12-all\gradle-2.12\caches\modules-2\files-2.1\org.springframework.boot\spring-boot-starter-data-jpa\1.3.5.RELEASE\32f4449a9de903ec4e4acd9c8f6af7c6a1309571\spring-boot-starter-data-jpa-1.3.5.RELEASE.jar;K:\JavaSW\Downloads\gradle-2.12-all\gradle-2.12\caches\modules-2\files-2.1\org.springframework.boot\spring-boot-starter-web\1.3.5.RELEASE\1ad40f8edd1b502fb82bfae3a6feb8be3a2b44fa\spring-boot-starter-web-1.3.5.RELEASE.jar;K:\JavaSW\Downloads\gradle-2.12-all\gradle-2.12\caches\modules-2\files-2.1\com.h2database\h2\1.4.192\1106492605db135523d2817881cdf029d9292afa\h2-1.4.192.jar;K:\JavaSW\Downloads\gradle-2.12-all\gradle-2.12\caches\modules-2\files-2.1\c3p0\c3p0\0.9.1.2\4ea71601f844c4b90d22195bbdb58979281bb8b6\c3p0-0.9.1.2.jar;K:\JavaSW\Downloads\gradle-2.12-all\gradle-2.12\caches\modules-2\files-2.1\com.mchange\mchange-commons-java\0.2.12\f5d967e436cab9b27b60a2962a74074fe71823d0\mchange-commons-java-0.2.12.jar;K:\JavaSW\Downloads\gradle-2.12-all\gradle-2.12\caches\modules-2\files-2.1\postgresql\postgresql\9.1-901-1.jdbc4\9bfabe48876ec38f6cbaa6931bad05c64a9ea942\postgresql-9.1-901-1.jdbc4.jar;K:\JavaWorkSpace\ws1\MobPatternFinder\Common\build\libs\Common-1.0.jar;K:\JavaSW\Downloads\gradle-2.12-all\gradle-2.12\caches\modules-2\files-2.1\junit\junit\4.12\2973d150c0dc1fefe998f834810d68f278ea58ec\junit-4.12.jar;K:\JavaSW\Downloads\gradle-2.12-all\gradle-2.12\caches\modules-2\files-2.1\org.springframework\spring-test\4.2.6.RELEASE\1f869333b3d64f17009a613368165978af575d8c\spring-test-4.2.6.RELEASE.jar;K:\JavaSW\Downloads\gradle-2.12-all\gradle-2.12\caches\modules-2\files-2.1\org.springframework.boot\spring-boot-starter\1.3.5.RELEASE\188c658fabbce0d1ccc1ae18a1cf58f566208c78\spring-boot-starter-1.3.5.RELEASE.jar;K:\JavaSW\Downloads\gradle-2.12-all\gradle-2.12\caches\modules-2\files-2.1\org.springframework.boot\spring-boot-starter-aop\1.3.5.RELEASE\478a50b44faab2ada75583637b9f6e789809d069\spring-boot-starter-aop-1.3.5.RELEASE.jar;K:\JavaSW\Downloads\gradle-2.12-all\gradle-2.12\caches\modules-2\files-2.1\org.springframework.boot\spring-boot-starter-jdbc\1.3.5.RELEASE\b427aa14a4f3a2fba114bcbb60eae6f83ee86706\spring-boot-starter-jdbc-1.3.5.RELEASE.jar;K:\JavaSW\Downloads\gradle-2.12-all\gradle-2.12\caches\modules-2\files-2.1\org.hibernate\hibernate-entitymanager\4.3.11.Final\27a119fcc2b91c50e5285dd11158fac2c38c9d1b\hibernate-entitymanager-4.3.11.Final.jar;K:\JavaSW\Downloads\gradle-2.12-all\gradle-2.12\caches\modules-2\files-2.1\javax.transaction\javax.transaction-api\1.2\d81aff979d603edd90dcd8db2abc1f4ce6479e3e\javax.transaction-api-1.2.jar;K:\JavaSW\Downloads\gradle-2.12-all\gradle-2.12\caches\modules-2\files-2.1\org.springframework.data\spring-data-jpa\1.9.4.RELEASE\80b83510e67aa085b7d91d2d096d90133ec995de\spring-data-jpa-1.9.4.RELEASE.jar;K:\JavaSW\Downloads\gradle-2.12-all\gradle-2.12\caches\modules-2\files-2.1\org.springframework\spring-aspects\4.2.6.RELEASE\7ed7b15e95eedd551ac979bd8c295256d96cf2ff\spring-aspects-4.2.6.RELEASE.jar;K:\JavaSW\Downloads\gradle-2.12-all\gradle-2.12\caches\modules-2\files-2.1\org.springframework.boot\spring-boot-starter-tomcat\1.3.5.RELEASE\b4c6277ccec38c51716659886efec073c4b386ea\spring-boot-starter-tomcat-1.3.5.RELEASE.jar;K:\JavaSW\Downloads\gradle-2.12-all\gradle-2.12\caches\modules-2\files-2.1\org.springframework.boot\spring-boot-starter-validation\1.3.5.RELEASE\c83a6cc60a95faace7e03c524d60fc9de1329f57\spring-boot-starter-validation-1.3.5.RELEASE.jar;K:\JavaSW\Downloads\gradle-2.12-all\gradle-2.12\caches\modules-2\files-2.1\com.fasterxml.jackson.core\jackson-databind\2.6.6\5108dde6049374ba980b360e1ecff49847baba4a\jackson-databind-2.6.6.jar;K:\JavaSW\Downloads\gradle-2.12-all\gradle-2.12\caches\modules-2\files-2.1\org.springframework\spring-web\4.2.6.RELEASE\d5ce949da3f3266f118ed899a153413613b503ad\spring-web-4.2.6.RELEASE.jar;K:\JavaSW\Downloads\gradle-2.12-all\gradle-2.12\caches\modules-2\files-2.1\org.springframework\spring-webmvc\4.2.6.RELEASE\7c7ea475d33287e0e3a92e98ccbe0ad6a0dbb9ca\spring-webmvc-4.2.6.RELEASE.jar;K:\JavaSW\Downloads\gradle-2.12-all\gradle-2.12\caches\modules-2\files-2.1\commons-collections\commons-collections\3.2.2\8ad72fe39fa8c91eaaf12aadb21e0c3661fe26d5\commons-collections-3.2.2.jar;K:\JavaSW\Downloads\gradle-2.12-all\gradle-2.12\caches\modules-2\files-2.1\com.fasterxml.jackson.core\jackson-annotations\2.6.6\7ef6440e71531604aa44a5eb62d4b466ffbf7e8f\jackson-annotations-2.6.6.jar;K:\JavaSW\Downloads\gradle-2.12-all\gradle-2.12\caches\modules-2\files-2.1\org.hamcrest\hamcrest-core\1.3\42a25dc3219429f0e5d060061f71acb49bf010a0\hamcrest-core-1.3.jar;K:\JavaSW\Downloads\gradle-2.12-all\gradle-2.12\caches\modules-2\files-2.1\org.springframework\spring-core\4.2.6.RELEASE\a1c6ef01f18888f51fc5054c65ef4787b7cf0a1e\spring-core-4.2.6.RELEASE.jar;K:\JavaSW\Downloads\gradle-2.12-all\gradle-2.12\caches\modules-2\files-2.1\org.springframework.boot\spring-boot\1.3.5.RELEASE\b218ba5f3bd01e657fbde9b085722da1fafa4f8a\spring-boot-1.3.5.RELEASE.jar;K:\JavaSW\Downloads\gradle-2.12-all\gradle-2.12\caches\modules-2\files-2.1\org.springframework.boot\spring-boot-autoconfigure\1.3.5.RELEASE\2bcfa86bb3afd95eff5252db6d78f2693b706997\spring-boot-autoconfigure-1.3.5.RELEASE.jar;K:\JavaSW\Downloads\gradle-2.12-all\gradle-2.12\caches\modules-2\files-2.1\org.springframework.boot\spring-boot-starter-logging\1.3.5.RELEASE\a71e1d7fff512b1eadd3426ea1ce5b4cc703c429\spring-boot-starter-logging-1.3.5.RELEASE.jar;K:\JavaSW\Downloads\gradle-2.12-all\gradle-2.12\caches\modules-2\files-2.1\org.yaml\snakeyaml\1.16\d64fb662c9e42789149f5078a62a22edda786c6a\snakeyaml-1.16.jar;K:\JavaSW\Downloads\gradle-2.12-all\gradle-2.12\caches\modules-2\files-2.1\org.springframework\spring-aop\4.2.6.RELEASE\5efbfccb19efda2956b8977561bf4da6b15b0d0e\spring-aop-4.2.6.RELEASE.jar;K:\JavaSW\Downloads\gradle-2.12-all\gradle-2.12\caches\modules-2\files-2.1\org.aspectj\aspectjweaver\1.8.9\db28774f477f07220eac18d5ec9c4e01f48589d7\aspectjweaver-1.8.9.jar;K:\JavaSW\Downloads\gradle-2.12-all\gradle-2.12\caches\modules-2\files-2.1\org.apache.tomcat\tomcat-jdbc\8.0.33\7f1b6d609f9c2e045e8d7759e96605841fffdf82\tomcat-jdbc-8.0.33.jar;K:\JavaSW\Downloads\gradle-2.12-all\gradle-2.12\caches\modules-2\files-2.1\org.springframework\spring-jdbc\4.2.6.RELEASE\16075bfb0901a5b89c5be975365ff09b2df04abb\spring-jdbc-4.2.6.RELEASE.jar;K:\JavaSW\Downloads\gradle-2.12-all\gradle-2.12\caches\modules-2\files-2.1\org.jboss.logging\jboss-logging\3.3.0.Final\3616bb87707910296e2c195dc016287080bba5af\jboss-logging-3.3.0.Final.jar;K:\JavaSW\Downloads\gradle-2.12-all\gradle-2.12\caches\modules-2\files-2.1\org.jboss.logging\jboss-logging-annotations\1.2.0.Beta1\2f437f37bb265d9f8f1392823dbca12d2bec06d6\jboss-logging-annotations-1.2.0.Beta1.jar;K:\JavaSW\Downloads\gradle-2.12-all\gradle-2.12\caches\modules-2\files-2.1\org.hibernate\hibernate-core\4.3.11.Final\536ac0021240d97db99c7d2983067cef1a6f3af5\hibernate-core-4.3.11.Final.jar;K:\JavaSW\Downloads\gradle-2.12-all\gradle-2.12\caches\modules-2\files-2.1\dom4j\dom4j\1.6.1\5d3ccc056b6f056dbf0dddfdf43894b9065a8f94\dom4j-1.6.1.jar;K:\JavaSW\Downloads\gradle-2.12-all\gradle-2.12\caches\modules-2\files-2.1\org.hibernate.common\hibernate-commons-annotations\4.0.5.Final\2a581b9edb8168e45060d8bad8b7f46712d2c52c\hibernate-commons-annotations-4.0.5.Final.jar;K:\JavaSW\Downloads\gradle-2.12-all\gradle-2.12\caches\modules-2\files-2.1\org.hibernate.javax.persistence\hibernate-jpa-2.1-api\1.0.0.Final\5e731d961297e5a07290bfaf3db1fbc8bbbf405a\hibernate-jpa-2.1-api-1.0.0.Final.jar;K:\JavaSW\Downloads\gradle-2.12-all\gradle-2.12\caches\modules-2\files-2.1\org.javassist\javassist\3.18.1-GA\d9a09f7732226af26bf99f19e2cffe0ae219db5b\javassist-3.18.1-GA.jar;K:\JavaSW\Downloads\gradle-2.12-all\gradle-2.12\caches\modules-2\files-2.1\org.springframework.data\spring-data-commons\1.11.4.RELEASE\c2b1fd4dbf7dff772d6124bb35892759e8bf088e\spring-data-commons-1.11.4.RELEASE.jar;K:\JavaSW\Downloads\gradle-2.12-all\gradle-2.12\caches\modules-2\files-2.1\org.springframework\spring-orm\4.2.6.RELEASE\2ef30e836028ebe4dbba0d8355929625a758ed8d\spring-orm-4.2.6.RELEASE.jar;K:\JavaSW\Downloads\gradle-2.12-all\gradle-2.12\caches\modules-2\files-2.1\org.springframework\spring-context\4.2.6.RELEASE\bbf3c8526fe37bb341507f28db17882d4348dbca\spring-context-4.2.6.RELEASE.jar;K:\JavaSW\Downloads\gradle-2.12-all\gradle-2.12\caches\modules-2\files-2.1\org.springframework\spring-tx\4.2.6.RELEASE\ba7502c0644414748b1eeb65b4193b05d335a110\spring-tx-4.2.6.RELEASE.jar;K:\JavaSW\Downloads\gradle-2.12-all\gradle-2.12\caches\modules-2\files-2.1\org.springframework\spring-beans\4.2.6.RELEASE\d4a319fb4d949fb6313f45c929947b9b4e26283e\spring-beans-4.2.6.RELEASE.jar;K:\JavaSW\Downloads\gradle-2.12-all\gradle-2.12\caches\modules-2\files-2.1\org.slf4j\slf4j-api\1.7.21\139535a69a4239db087de9bab0bee568bf8e0b70\slf4j-api-1.7.21.jar;K:\JavaSW\Downloads\gradle-2.12-all\gradle-2.12\caches\modules-2\files-2.1\org.slf4j\jcl-over-slf4j\1.7.21\331b564a3a42f002a0004b039c1c430da89062cd\jcl-over-slf4j-1.7.21.jar;K:\JavaSW\Downloads\gradle-2.12-all\gradle-2.12\caches\modules-2\files-2.1\org.apache.tomcat.embed\tomcat-embed-core\8.0.33\4e7f547fbb2c364cb5e02a58790c5fb89e31efed\tomcat-embed-core-8.0.33.jar;K:\JavaSW\Downloads\gradle-2.12-all\gradle-2.12\caches\modules-2\files-2.1\org.apache.tomcat.embed\tomcat-embed-el\8.0.33\31423f2d493cf1f7cf5f0082c9f94640e93b8c1b\tomcat-embed-el-8.0.33.jar;K:\JavaSW\Downloads\gradle-2.12-all\gradle-2.12\caches\modules-2\files-2.1\org.apache.tomcat.embed\tomcat-embed-logging-juli\8.0.33\66bc309e0227c1ba2cf4417182d0b1583003d24b\tomcat-embed-logging-juli-8.0.33.jar;K:\JavaSW\Downloads\gradle-2.12-all\gradle-2.12\caches\modules-2\files-2.1\org.apache.tomcat.embed\tomcat-embed-websocket\8.0.33\be1f95e5d9ae00f9bc6138441d29cfe5c7c60256\tomcat-embed-websocket-8.0.33.jar;K:\JavaSW\Downloads\gradle-2.12-all\gradle-2.12\caches\modules-2\files-2.1\org.hibernate\hibernate-validator\5.2.4.Final\fb18766b576aa6632bcfe9a20a023cbd52bf9769\hibernate-validator-5.2.4.Final.jar;K:\JavaSW\Downloads\gradle-2.12-all\gradle-2.12\caches\modules-2\files-2.1\com.fasterxml.jackson.core\jackson-core\2.6.6\2eb801df67aacaf5b1deb4ac626e1964508e47b\jackson-core-2.6.6.jar;K:\JavaSW\Downloads\gradle-2.12-all\gradle-2.12\caches\modules-2\files-2.1\org.springframework\spring-expression\4.2.6.RELEASE\c0182d73f348ab11d51d45cbe29f3820c32d0ccc\spring-expression-4.2.6.RELEASE.jar;K:\JavaSW\Downloads\gradle-2.12-all\gradle-2.12\caches\modules-2\files-2.1\ch.qos.logback\logback-classic\1.1.7\9865cf6994f9ff13fce0bf93f2054ef6c65bb462\logback-classic-1.1.7.jar;K:\JavaSW\Downloads\gradle-2.12-all\gradle-2.12\caches\modules-2\files-2.1\org.slf4j\jul-to-slf4j\1.7.21\2f22c882ffa479d1e9ff4eb0e8e2c29f2a0871ed\jul-to-slf4j-1.7.21.jar;K:\JavaSW\Downloads\gradle-2.12-all\gradle-2.12\caches\modules-2\files-2.1\org.slf4j\log4j-over-slf4j\1.7.21\b3700d97464d99bdcd42c0177d6e7951c94d75ff\log4j-over-slf4j-1.7.21.jar;K:\JavaSW\Downloads\gradle-2.12-all\gradle-2.12\caches\modules-2\files-2.1\aopalliance\aopalliance\1.0\235ba8b489512805ac13a8f9ea77a1ca5ebe3e8\aopalliance-1.0.jar;K:\JavaSW\Downloads\gradle-2.12-all\gradle-2.12\caches\modules-2\files-2.1\org.apache.tomcat\tomcat-juli\8.0.33\330aecfa895156cea91c576cb6609537152761f9\tomcat-juli-8.0.33.jar;K:\JavaSW\Downloads\gradle-2.12-all\gradle-2.12\caches\modules-2\files-2.1\antlr\antlr\2.7.7\83cd2cd674a217ade95a4bb83a8a14f351f48bd0\antlr-2.7.7.jar;K:\JavaSW\Downloads\gradle-2.12-all\gradle-2.12\caches\modules-2\files-2.1\org.jboss\jandex\1.1.0.Final\e84a2122e76f0b6503be78094ddf2108057ac15f\jandex-1.1.0.Final.jar;K:\JavaSW\Downloads\gradle-2.12-all\gradle-2.12\caches\modules-2\files-2.1\xml-apis\xml-apis\1.0.b2\3136ca936f64c9d68529f048c2618bd356bf85c9\xml-apis-1.0.b2.jar;K:\JavaSW\Downloads\gradle-2.12-all\gradle-2.12\caches\modules-2\files-2.1\javax.validation\validation-api\1.1.0.Final\8613ae82954779d518631e05daa73a6a954817d5\validation-api-1.1.0.Final.jar;K:\JavaSW\Downloads\gradle-2.12-all\gradle-2.12\caches\modules-2\files-2.1\com.fasterxml\classmate\1.1.0\dbbd699a1486ad0f2ed6f5af6cfed66acacb9056\classmate-1.1.0.jar;K:\JavaSW\Downloads\gradle-2.12-all\gradle-2.12\caches\modules-2\files-2.1\ch.qos.logback\logback-core\1.1.7\7873092d39ef741575ca91378a6a21c388363ac8\logback-core-1.1.7.jar, hibernate.bytecode.use_reflection_optimizer=false, javax.persistence.validation.mode=AUTO, java.vm.specification.version=1.8, sun.arch.data.model=64, java.home=K:\JavaSW\JDK\1.8.0.92\jre, sun.java.command=jarjar.org.gradle.process.internal.launcher.GradleWorkerMain 'Gradle Test Executor 1', java.specification.vendor=Oracle Corporation, user.language=en, awt.toolkit=sun.awt.windows.WToolkit, java.vm.info=mixed mode, java.version=1.8.0_92, java.ext.dirs=K:\JavaSW\JDK\1.8.0.92\jre\lib\ext;C:\WINDOWS\Sun\Java\lib\ext, sun.boot.class.path=K:\JavaSW\JDK\1.8.0.92\jre\lib\resources.jar;K:\JavaSW\JDK\1.8.0.92\jre\lib\rt.jar;K:\JavaSW\JDK\1.8.0.92\jre\lib\sunrsasign.jar;K:\JavaSW\JDK\1.8.0.92\jre\lib\jsse.jar;K:\JavaSW\JDK\1.8.0.92\jre\lib\jce.jar;K:\JavaSW\JDK\1.8.0.92\jre\lib\charsets.jar;K:\JavaSW\JDK\1.8.0.92\jre\lib\jfr.jar;K:\JavaSW\JDK\1.8.0.92\jre\classes, java.vendor=Oracle Corporation, org.gradle.test.worker=1, file.separator=\, java.vendor.url.bug=http://bugreport.sun.com/bugreport/, hibernate.hbm2ddl.auto=create-drop, sun.cpu.endian=little, sun.io.unicode.encoding=UnicodeLittle, sun.desktop=windows, sun.cpu.isalist=amd64}
16:56:53.267 [Test worker] DEBUG org.hibernate.validator.internal.engine.resolver.DefaultTraversableResolver - Found javax.persistence.Persistence on classpath containing 'getPersistenceUtil'. Assuming JPA 2 environment. Trying to instantiate JPA aware TraversableResolver
16:56:53.267 [Test worker] DEBUG org.hibernate.validator.internal.engine.resolver.DefaultTraversableResolver - Instantiated JPA aware TraversableResolver of type org.hibernate.validator.internal.engine.resolver.JPATraversableResolver.
16:56:53.267 [Test worker] DEBUG org.hibernate.validator.internal.xml.ValidationXmlParser - Trying to load META-INF/validation.xml for XML based Validator configuration.
16:56:53.267 [Test worker] DEBUG org.hibernate.validator.internal.xml.ResourceLoaderHelper - Trying to load META-INF/validation.xml via TCCL
16:56:53.267 [Test worker] DEBUG org.hibernate.validator.internal.xml.ResourceLoaderHelper - Trying to load META-INF/validation.xml via Hibernate Validator's class loader
16:56:53.267 [Test worker] DEBUG org.hibernate.validator.internal.xml.ValidationXmlParser - No META-INF/validation.xml found. Using annotation based configuration only.
16:56:53.310 [Test worker] DEBUG org.hibernate.secure.spi.JaccIntegrator - Skipping JACC integration as it was not enabled
16:56:53.312 [Test worker] DEBUG org.hibernate.engine.spi.CascadeStyles - External cascade style regsitration [persist : STYLE_PERSIST_SKIPLAZY] overrode base registration [STYLE_PERSIST]
16:56:53.319 [Test worker] DEBUG org.hibernate.id.factory.internal.DefaultIdentifierGeneratorFactory - Setting dialect [org.hibernate.dialect.H2Dialect]
16:56:53.320 [Test worker] DEBUG org.hibernate.id.factory.internal.DefaultIdentifierGeneratorFactory - Setting dialect [org.hibernate.dialect.H2Dialect]
16:56:53.404 [Test worker] DEBUG org.hibernate.persister.entity.AbstractEntityPersister - Static SQL for entity: com.mycompany.dbEntity.PersonInfo
16:56:53.404 [Test worker] DEBUG org.hibernate.persister.entity.AbstractEntityPersister -  Version select: select id from person where id =?
16:56:53.404 [Test worker] DEBUG org.hibernate.persister.entity.AbstractEntityPersister -  Snapshot select: select personinfo_.id, personinfo_.address as address2_1_, personinfo_.name as name3_1_, personinfo_.phone_no as phone_no4_1_ from person personinfo_ where personinfo_.id=?
16:56:53.404 [Test worker] DEBUG org.hibernate.persister.entity.AbstractEntityPersister -  Insert 0: insert into person (address, name, phone_no, id) values (?, ?, ?, ?)
16:56:53.404 [Test worker] DEBUG org.hibernate.persister.entity.AbstractEntityPersister -  Update 0: update person set address=?, name=?, phone_no=? where id=?
16:56:53.404 [Test worker] DEBUG org.hibernate.persister.entity.AbstractEntityPersister -  Delete 0: delete from person where id=?
16:56:53.419 [Test worker] DEBUG org.hibernate.loader.plan.build.internal.spaces.QuerySpacesImpl - Adding QuerySpace : uid = <gen:0> -> org.hibernate.loader.plan.build.internal.spaces.EntityQuerySpaceImpl@1be586ab]
16:56:53.420 [Test worker] DEBUG org.hibernate.persister.walking.spi.MetamodelGraphWalker - Visiting attribute path : address
16:56:53.420 [Test worker] DEBUG org.hibernate.persister.walking.spi.MetamodelGraphWalker - Visiting attribute path : name
16:56:53.420 [Test worker] DEBUG org.hibernate.persister.walking.spi.MetamodelGraphWalker - Visiting attribute path : phoneNumber
16:56:53.420 [Test worker] DEBUG org.hibernate.loader.plan.build.internal.FetchStyleLoadPlanBuildingAssociationVisitationStrategy - Building LoadPlan...
16:56:53.429 [Test worker] DEBUG org.hibernate.loader.plan.exec.internal.LoadQueryJoinAndFetchProcessor - processing queryspace <gen:0>
16:56:53.431 [Test worker] DEBUG org.hibernate.loader.plan.build.spi.LoadPlanTreePrinter - LoadPlan(entity=com.mycompany.dbEntity.PersonInfo)
    - Returns
       - EntityReturnImpl(entity=com.mycompany.dbEntity.PersonInfo, querySpaceUid=<gen:0>, path=com.mycompany.dbEntity.PersonInfo)
    - QuerySpaces
       - EntityQuerySpaceImpl(uid=<gen:0>, entity=com.mycompany.dbEntity.PersonInfo)
          - SQL table alias mapping - personinfo0_
          - alias suffix - 0_
          - suffixed key columns - {id1_1_0_}

16:56:53.432 [Test worker] DEBUG org.hibernate.loader.entity.plan.EntityLoader - Static select for entity com.mycompany.dbEntity.PersonInfo [NONE]: select personinfo0_.id as id1_1_0_, personinfo0_.address as address2_1_0_, personinfo0_.name as name3_1_0_, personinfo0_.phone_no as phone_no4_1_0_ from person personinfo0_ where personinfo0_.id=?
16:56:53.433 [Test worker] DEBUG org.hibernate.loader.plan.build.internal.spaces.QuerySpacesImpl - Adding QuerySpace : uid = <gen:0> -> org.hibernate.loader.plan.build.internal.spaces.EntityQuerySpaceImpl@56b0b426]
16:56:53.433 [Test worker] DEBUG org.hibernate.persister.walking.spi.MetamodelGraphWalker - Visiting attribute path : address
16:56:53.433 [Test worker] DEBUG org.hibernate.persister.walking.spi.MetamodelGraphWalker - Visiting attribute path : name
16:56:53.433 [Test worker] DEBUG org.hibernate.persister.walking.spi.MetamodelGraphWalker - Visiting attribute path : phoneNumber
16:56:53.433 [Test worker] DEBUG org.hibernate.loader.plan.build.internal.FetchStyleLoadPlanBuildingAssociationVisitationStrategy - Building LoadPlan...
16:56:53.433 [Test worker] DEBUG org.hibernate.loader.plan.exec.internal.LoadQueryJoinAndFetchProcessor - processing queryspace <gen:0>
16:56:53.433 [Test worker] DEBUG org.hibernate.loader.plan.build.spi.LoadPlanTreePrinter - LoadPlan(entity=com.mycompany.dbEntity.PersonInfo)
    - Returns
       - EntityReturnImpl(entity=com.mycompany.dbEntity.PersonInfo, querySpaceUid=<gen:0>, path=com.mycompany.dbEntity.PersonInfo)
    - QuerySpaces
       - EntityQuerySpaceImpl(uid=<gen:0>, entity=com.mycompany.dbEntity.PersonInfo)
          - SQL table alias mapping - personinfo0_
          - alias suffix - 0_
          - suffixed key columns - {id1_1_0_}

16:56:53.433 [Test worker] DEBUG org.hibernate.loader.entity.plan.EntityLoader - Static select for entity com.mycompany.dbEntity.PersonInfo [READ]: select personinfo0_.id as id1_1_0_, personinfo0_.address as address2_1_0_, personinfo0_.name as name3_1_0_, personinfo0_.phone_no as phone_no4_1_0_ from person personinfo0_ where personinfo0_.id=?
16:56:53.433 [Test worker] DEBUG org.hibernate.loader.plan.build.internal.spaces.QuerySpacesImpl - Adding QuerySpace : uid = <gen:0> -> org.hibernate.loader.plan.build.internal.spaces.EntityQuerySpaceImpl@2615fa06]
16:56:53.433 [Test worker] DEBUG org.hibernate.persister.walking.spi.MetamodelGraphWalker - Visiting attribute path : address
16:56:53.433 [Test worker] DEBUG org.hibernate.persister.walking.spi.MetamodelGraphWalker - Visiting attribute path : name
16:56:53.433 [Test worker] DEBUG org.hibernate.persister.walking.spi.MetamodelGraphWalker - Visiting attribute path : phoneNumber
16:56:53.433 [Test worker] DEBUG org.hibernate.loader.plan.build.internal.FetchStyleLoadPlanBuildingAssociationVisitationStrategy - Building LoadPlan...
16:56:53.433 [Test worker] DEBUG org.hibernate.loader.plan.exec.internal.LoadQueryJoinAndFetchProcessor - processing queryspace <gen:0>
16:56:53.434 [Test worker] DEBUG org.hibernate.loader.plan.build.spi.LoadPlanTreePrinter - LoadPlan(entity=com.mycompany.dbEntity.PersonInfo)
    - Returns
       - EntityReturnImpl(entity=com.mycompany.dbEntity.PersonInfo, querySpaceUid=<gen:0>, path=com.mycompany.dbEntity.PersonInfo)
    - QuerySpaces
       - EntityQuerySpaceImpl(uid=<gen:0>, entity=com.mycompany.dbEntity.PersonInfo)
          - SQL table alias mapping - personinfo0_
          - alias suffix - 0_
          - suffixed key columns - {id1_1_0_}

16:56:53.434 [Test worker] DEBUG org.hibernate.loader.entity.plan.EntityLoader - Static select for entity com.mycompany.dbEntity.PersonInfo [UPGRADE]: select personinfo0_.id as id1_1_0_, personinfo0_.address as address2_1_0_, personinfo0_.name as name3_1_0_, personinfo0_.phone_no as phone_no4_1_0_ from person personinfo0_ where personinfo0_.id=? for update
16:56:53.434 [Test worker] DEBUG org.hibernate.loader.plan.build.internal.spaces.QuerySpacesImpl - Adding QuerySpace : uid = <gen:0> -> org.hibernate.loader.plan.build.internal.spaces.EntityQuerySpaceImpl@5fe70675]
16:56:53.434 [Test worker] DEBUG org.hibernate.persister.walking.spi.MetamodelGraphWalker - Visiting attribute path : address
16:56:53.434 [Test worker] DEBUG org.hibernate.persister.walking.spi.MetamodelGraphWalker - Visiting attribute path : name
16:56:53.434 [Test worker] DEBUG org.hibernate.persister.walking.spi.MetamodelGraphWalker - Visiting attribute path : phoneNumber
16:56:53.434 [Test worker] DEBUG org.hibernate.loader.plan.build.internal.FetchStyleLoadPlanBuildingAssociationVisitationStrategy - Building LoadPlan...
16:56:53.434 [Test worker] DEBUG org.hibernate.loader.plan.exec.internal.LoadQueryJoinAndFetchProcessor - processing queryspace <gen:0>
16:56:53.434 [Test worker] DEBUG org.hibernate.loader.plan.build.spi.LoadPlanTreePrinter - LoadPlan(entity=com.mycompany.dbEntity.PersonInfo)
    - Returns
       - EntityReturnImpl(entity=com.mycompany.dbEntity.PersonInfo, querySpaceUid=<gen:0>, path=com.mycompany.dbEntity.PersonInfo)
    - QuerySpaces
       - EntityQuerySpaceImpl(uid=<gen:0>, entity=com.mycompany.dbEntity.PersonInfo)
          - SQL table alias mapping - personinfo0_
          - alias suffix - 0_
          - suffixed key columns - {id1_1_0_}

16:56:53.434 [Test worker] DEBUG org.hibernate.loader.entity.plan.EntityLoader - Static select for entity com.mycompany.dbEntity.PersonInfo [UPGRADE_NOWAIT]: select personinfo0_.id as id1_1_0_, personinfo0_.address as address2_1_0_, personinfo0_.name as name3_1_0_, personinfo0_.phone_no as phone_no4_1_0_ from person personinfo0_ where personinfo0_.id=? for update
16:56:53.434 [Test worker] DEBUG org.hibernate.loader.plan.build.internal.spaces.QuerySpacesImpl - Adding QuerySpace : uid = <gen:0> -> org.hibernate.loader.plan.build.internal.spaces.EntityQuerySpaceImpl@6267f7be]
16:56:53.434 [Test worker] DEBUG org.hibernate.persister.walking.spi.MetamodelGraphWalker - Visiting attribute path : address
16:56:53.434 [Test worker] DEBUG org.hibernate.persister.walking.spi.MetamodelGraphWalker - Visiting attribute path : name
16:56:53.434 [Test worker] DEBUG org.hibernate.persister.walking.spi.MetamodelGraphWalker - Visiting attribute path : phoneNumber
16:56:53.435 [Test worker] DEBUG org.hibernate.loader.plan.build.internal.FetchStyleLoadPlanBuildingAssociationVisitationStrategy - Building LoadPlan...
16:56:53.435 [Test worker] DEBUG org.hibernate.loader.plan.exec.internal.LoadQueryJoinAndFetchProcessor - processing queryspace <gen:0>
16:56:53.435 [Test worker] DEBUG org.hibernate.loader.plan.build.spi.LoadPlanTreePrinter - LoadPlan(entity=com.mycompany.dbEntity.PersonInfo)
    - Returns
       - EntityReturnImpl(entity=com.mycompany.dbEntity.PersonInfo, querySpaceUid=<gen:0>, path=com.mycompany.dbEntity.PersonInfo)
    - QuerySpaces
       - EntityQuerySpaceImpl(uid=<gen:0>, entity=com.mycompany.dbEntity.PersonInfo)
          - SQL table alias mapping - personinfo0_
          - alias suffix - 0_
          - suffixed key columns - {id1_1_0_}

16:56:53.435 [Test worker] DEBUG org.hibernate.loader.entity.plan.EntityLoader - Static select for entity com.mycompany.dbEntity.PersonInfo [UPGRADE_SKIPLOCKED]: select personinfo0_.id as id1_1_0_, personinfo0_.address as address2_1_0_, personinfo0_.name as name3_1_0_, personinfo0_.phone_no as phone_no4_1_0_ from person personinfo0_ where personinfo0_.id=? for update
16:56:53.435 [Test worker] DEBUG org.hibernate.loader.plan.build.internal.spaces.QuerySpacesImpl - Adding QuerySpace : uid = <gen:0> -> org.hibernate.loader.plan.build.internal.spaces.EntityQuerySpaceImpl@25c334ae]
16:56:53.435 [Test worker] DEBUG org.hibernate.persister.walking.spi.MetamodelGraphWalker - Visiting attribute path : address
16:56:53.435 [Test worker] DEBUG org.hibernate.persister.walking.spi.MetamodelGraphWalker - Visiting attribute path : name
16:56:53.435 [Test worker] DEBUG org.hibernate.persister.walking.spi.MetamodelGraphWalker - Visiting attribute path : phoneNumber
16:56:53.435 [Test worker] DEBUG org.hibernate.loader.plan.build.internal.FetchStyleLoadPlanBuildingAssociationVisitationStrategy - Building LoadPlan...
16:56:53.435 [Test worker] DEBUG org.hibernate.loader.plan.exec.internal.LoadQueryJoinAndFetchProcessor - processing queryspace <gen:0>
16:56:53.435 [Test worker] DEBUG org.hibernate.loader.plan.build.spi.LoadPlanTreePrinter - LoadPlan(entity=com.mycompany.dbEntity.PersonInfo)
    - Returns
       - EntityReturnImpl(entity=com.mycompany.dbEntity.PersonInfo, querySpaceUid=<gen:0>, path=com.mycompany.dbEntity.PersonInfo)
    - QuerySpaces
       - EntityQuerySpaceImpl(uid=<gen:0>, entity=com.mycompany.dbEntity.PersonInfo)
          - SQL table alias mapping - personinfo0_
          - alias suffix - 0_
          - suffixed key columns - {id1_1_0_}

16:56:53.435 [Test worker] DEBUG org.hibernate.loader.entity.plan.EntityLoader - Static select for entity com.mycompany.dbEntity.PersonInfo [FORCE]: select personinfo0_.id as id1_1_0_, personinfo0_.address as address2_1_0_, personinfo0_.name as name3_1_0_, personinfo0_.phone_no as phone_no4_1_0_ from person personinfo0_ where personinfo0_.id=? for update
16:56:53.435 [Test worker] DEBUG org.hibernate.loader.plan.build.internal.spaces.QuerySpacesImpl - Adding QuerySpace : uid = <gen:0> -> org.hibernate.loader.plan.build.internal.spaces.EntityQuerySpaceImpl@4cf3a1cb]
16:56:53.435 [Test worker] DEBUG org.hibernate.persister.walking.spi.MetamodelGraphWalker - Visiting attribute path : address
16:56:53.435 [Test worker] DEBUG org.hibernate.persister.walking.spi.MetamodelGraphWalker - Visiting attribute path : name
16:56:53.436 [Test worker] DEBUG org.hibernate.persister.walking.spi.MetamodelGraphWalker - Visiting attribute path : phoneNumber
16:56:53.436 [Test worker] DEBUG org.hibernate.loader.plan.build.internal.FetchStyleLoadPlanBuildingAssociationVisitationStrategy - Building LoadPlan...
16:56:53.436 [Test worker] DEBUG org.hibernate.loader.plan.exec.internal.LoadQueryJoinAndFetchProcessor - processing queryspace <gen:0>
16:56:53.436 [Test worker] DEBUG org.hibernate.loader.plan.build.spi.LoadPlanTreePrinter - LoadPlan(entity=com.mycompany.dbEntity.PersonInfo)
    - Returns
       - EntityReturnImpl(entity=com.mycompany.dbEntity.PersonInfo, querySpaceUid=<gen:0>, path=com.mycompany.dbEntity.PersonInfo)
    - QuerySpaces
       - EntityQuerySpaceImpl(uid=<gen:0>, entity=com.mycompany.dbEntity.PersonInfo)
          - SQL table alias mapping - personinfo0_
          - alias suffix - 0_
          - suffixed key columns - {id1_1_0_}

16:56:53.436 [Test worker] DEBUG org.hibernate.loader.entity.plan.EntityLoader - Static select for entity com.mycompany.dbEntity.PersonInfo [PESSIMISTIC_READ]: select personinfo0_.id as id1_1_0_, personinfo0_.address as address2_1_0_, personinfo0_.name as name3_1_0_, personinfo0_.phone_no as phone_no4_1_0_ from person personinfo0_ where personinfo0_.id=? for update
16:56:53.436 [Test worker] DEBUG org.hibernate.loader.plan.build.internal.spaces.QuerySpacesImpl - Adding QuerySpace : uid = <gen:0> -> org.hibernate.loader.plan.build.internal.spaces.EntityQuerySpaceImpl@30284494]
16:56:53.436 [Test worker] DEBUG org.hibernate.persister.walking.spi.MetamodelGraphWalker - Visiting attribute path : address
16:56:53.436 [Test worker] DEBUG org.hibernate.persister.walking.spi.MetamodelGraphWalker - Visiting attribute path : name
16:56:53.436 [Test worker] DEBUG org.hibernate.persister.walking.spi.MetamodelGraphWalker - Visiting attribute path : phoneNumber
16:56:53.436 [Test worker] DEBUG org.hibernate.loader.plan.build.internal.FetchStyleLoadPlanBuildingAssociationVisitationStrategy - Building LoadPlan...
16:56:53.436 [Test worker] DEBUG org.hibernate.loader.plan.exec.internal.LoadQueryJoinAndFetchProcessor - processing queryspace <gen:0>
16:56:53.436 [Test worker] DEBUG org.hibernate.loader.plan.build.spi.LoadPlanTreePrinter - LoadPlan(entity=com.mycompany.dbEntity.PersonInfo)
    - Returns
       - EntityReturnImpl(entity=com.mycompany.dbEntity.PersonInfo, querySpaceUid=<gen:0>, path=com.mycompany.dbEntity.PersonInfo)
    - QuerySpaces
       - EntityQuerySpaceImpl(uid=<gen:0>, entity=com.mycompany.dbEntity.PersonInfo)
          - SQL table alias mapping - personinfo0_
          - alias suffix - 0_
          - suffixed key columns - {id1_1_0_}

16:56:53.436 [Test worker] DEBUG org.hibernate.loader.entity.plan.EntityLoader - Static select for entity com.mycompany.dbEntity.PersonInfo [PESSIMISTIC_WRITE]: select personinfo0_.id as id1_1_0_, personinfo0_.address as address2_1_0_, personinfo0_.name as name3_1_0_, personinfo0_.phone_no as phone_no4_1_0_ from person personinfo0_ where personinfo0_.id=? for update
16:56:53.436 [Test worker] DEBUG org.hibernate.loader.plan.build.internal.spaces.QuerySpacesImpl - Adding QuerySpace : uid = <gen:0> -> org.hibernate.loader.plan.build.internal.spaces.EntityQuerySpaceImpl@53b0ce32]
16:56:53.436 [Test worker] DEBUG org.hibernate.persister.walking.spi.MetamodelGraphWalker - Visiting attribute path : address
16:56:53.436 [Test worker] DEBUG org.hibernate.persister.walking.spi.MetamodelGraphWalker - Visiting attribute path : name
16:56:53.436 [Test worker] DEBUG org.hibernate.persister.walking.spi.MetamodelGraphWalker - Visiting attribute path : phoneNumber
16:56:53.437 [Test worker] DEBUG org.hibernate.loader.plan.build.internal.FetchStyleLoadPlanBuildingAssociationVisitationStrategy - Building LoadPlan...
16:56:53.437 [Test worker] DEBUG org.hibernate.loader.plan.exec.internal.LoadQueryJoinAndFetchProcessor - processing queryspace <gen:0>
16:56:53.437 [Test worker] DEBUG org.hibernate.loader.plan.build.spi.LoadPlanTreePrinter - LoadPlan(entity=com.mycompany.dbEntity.PersonInfo)
    - Returns
       - EntityReturnImpl(entity=com.mycompany.dbEntity.PersonInfo, querySpaceUid=<gen:0>, path=com.mycompany.dbEntity.PersonInfo)
    - QuerySpaces
       - EntityQuerySpaceImpl(uid=<gen:0>, entity=com.mycompany.dbEntity.PersonInfo)
          - SQL table alias mapping - personinfo0_
          - alias suffix - 0_
          - suffixed key columns - {id1_1_0_}

16:56:53.437 [Test worker] DEBUG org.hibernate.loader.entity.plan.EntityLoader - Static select for entity com.mycompany.dbEntity.PersonInfo [PESSIMISTIC_FORCE_INCREMENT]: select personinfo0_.id as id1_1_0_, personinfo0_.address as address2_1_0_, personinfo0_.name as name3_1_0_, personinfo0_.phone_no as phone_no4_1_0_ from person personinfo0_ where personinfo0_.id=? for update
16:56:53.437 [Test worker] DEBUG org.hibernate.loader.plan.build.internal.spaces.QuerySpacesImpl - Adding QuerySpace : uid = <gen:0> -> org.hibernate.loader.plan.build.internal.spaces.EntityQuerySpaceImpl@3e1c9faf]
16:56:53.437 [Test worker] DEBUG org.hibernate.persister.walking.spi.MetamodelGraphWalker - Visiting attribute path : address
16:56:53.437 [Test worker] DEBUG org.hibernate.persister.walking.spi.MetamodelGraphWalker - Visiting attribute path : name
16:56:53.437 [Test worker] DEBUG org.hibernate.persister.walking.spi.MetamodelGraphWalker - Visiting attribute path : phoneNumber
16:56:53.437 [Test worker] DEBUG org.hibernate.loader.plan.build.internal.FetchStyleLoadPlanBuildingAssociationVisitationStrategy - Building LoadPlan...
16:56:53.437 [Test worker] DEBUG org.hibernate.loader.plan.exec.internal.LoadQueryJoinAndFetchProcessor - processing queryspace <gen:0>
16:56:53.437 [Test worker] DEBUG org.hibernate.loader.plan.build.spi.LoadPlanTreePrinter - LoadPlan(entity=com.mycompany.dbEntity.PersonInfo)
    - Returns
       - EntityReturnImpl(entity=com.mycompany.dbEntity.PersonInfo, querySpaceUid=<gen:0>, path=com.mycompany.dbEntity.PersonInfo)
    - QuerySpaces
       - EntityQuerySpaceImpl(uid=<gen:0>, entity=com.mycompany.dbEntity.PersonInfo)
          - SQL table alias mapping - personinfo0_
          - alias suffix - 0_
          - suffixed key columns - {id1_1_0_}

16:56:53.437 [Test worker] DEBUG org.hibernate.loader.entity.plan.EntityLoader - Static select for entity com.mycompany.dbEntity.PersonInfo [OPTIMISTIC]: select personinfo0_.id as id1_1_0_, personinfo0_.address as address2_1_0_, personinfo0_.name as name3_1_0_, personinfo0_.phone_no as phone_no4_1_0_ from person personinfo0_ where personinfo0_.id=?
16:56:53.437 [Test worker] DEBUG org.hibernate.loader.plan.build.internal.spaces.QuerySpacesImpl - Adding QuerySpace : uid = <gen:0> -> org.hibernate.loader.plan.build.internal.spaces.EntityQuerySpaceImpl@fa280c7]
16:56:53.437 [Test worker] DEBUG org.hibernate.persister.walking.spi.MetamodelGraphWalker - Visiting attribute path : address
16:56:53.438 [Test worker] DEBUG org.hibernate.persister.walking.spi.MetamodelGraphWalker - Visiting attribute path : name
16:56:53.438 [Test worker] DEBUG org.hibernate.persister.walking.spi.MetamodelGraphWalker - Visiting attribute path : phoneNumber
16:56:53.438 [Test worker] DEBUG org.hibernate.loader.plan.build.internal.FetchStyleLoadPlanBuildingAssociationVisitationStrategy - Building LoadPlan...
16:56:53.438 [Test worker] DEBUG org.hibernate.loader.plan.exec.internal.LoadQueryJoinAndFetchProcessor - processing queryspace <gen:0>
16:56:53.438 [Test worker] DEBUG org.hibernate.loader.plan.build.spi.LoadPlanTreePrinter - LoadPlan(entity=com.mycompany.dbEntity.PersonInfo)
    - Returns
       - EntityReturnImpl(entity=com.mycompany.dbEntity.PersonInfo, querySpaceUid=<gen:0>, path=com.mycompany.dbEntity.PersonInfo)
    - QuerySpaces
       - EntityQuerySpaceImpl(uid=<gen:0>, entity=com.mycompany.dbEntity.PersonInfo)
          - SQL table alias mapping - personinfo0_
          - alias suffix - 0_
          - suffixed key columns - {id1_1_0_}

16:56:53.438 [Test worker] DEBUG org.hibernate.loader.entity.plan.EntityLoader - Static select for entity com.mycompany.dbEntity.PersonInfo [OPTIMISTIC_FORCE_INCREMENT]: select personinfo0_.id as id1_1_0_, personinfo0_.address as address2_1_0_, personinfo0_.name as name3_1_0_, personinfo0_.phone_no as phone_no4_1_0_ from person personinfo0_ where personinfo0_.id=?
16:56:53.448 [Test worker] DEBUG org.hibernate.loader.Loader - Static select for action ACTION_MERGE on entity com.mycompany.dbEntity.PersonInfo: select personinfo0_.id as id1_1_0_, personinfo0_.address as address2_1_0_, personinfo0_.name as name3_1_0_, personinfo0_.phone_no as phone_no4_1_0_ from person personinfo0_ where personinfo0_.id=?
16:56:53.448 [Test worker] DEBUG org.hibernate.loader.Loader - Static select for action ACTION_REFRESH on entity com.mycompany.dbEntity.PersonInfo: select personinfo0_.id as id1_1_0_, personinfo0_.address as address2_1_0_, personinfo0_.name as name3_1_0_, personinfo0_.phone_no as phone_no4_1_0_ from person personinfo0_ where personinfo0_.id=?
16:56:53.449 [Test worker] DEBUG org.hibernate.persister.entity.AbstractEntityPersister - Static SQL for entity: com.mycompany.dbEntity.CallLogInfo
16:56:53.449 [Test worker] DEBUG org.hibernate.persister.entity.AbstractEntityPersister -  Version select: select call_log_id from call_log where call_log_id =?
16:56:53.449 [Test worker] DEBUG org.hibernate.persister.entity.AbstractEntityPersister -  Snapshot select: select callloginf_.call_log_id, callloginf_.end_time as end_time2_0_, callloginf_.start_time as start_ti3_0_, callloginf_.call_type as call_typ4_0_, callloginf_.location as location5_0_, callloginf_.party_phone_no as party_ph6_0_, callloginf_.id as id7_0_ from call_log callloginf_ where callloginf_.call_log_id=?
16:56:53.449 [Test worker] DEBUG org.hibernate.persister.entity.AbstractEntityPersister -  Insert 0: insert into call_log (end_time, start_time, call_type, location, party_phone_no, id, call_log_id) values (?, ?, ?, ?, ?, ?, ?)
16:56:53.449 [Test worker] DEBUG org.hibernate.persister.entity.AbstractEntityPersister -  Update 0: update call_log set end_time=?, start_time=?, call_type=?, location=?, party_phone_no=?, id=? where call_log_id=?
16:56:53.449 [Test worker] DEBUG org.hibernate.persister.entity.AbstractEntityPersister -  Delete 0: delete from call_log where call_log_id=?
16:56:53.449 [Test worker] DEBUG org.hibernate.loader.plan.build.internal.spaces.QuerySpacesImpl - Adding QuerySpace : uid = <gen:0> -> org.hibernate.loader.plan.build.internal.spaces.EntityQuerySpaceImpl@37f4f9db]
16:56:53.449 [Test worker] DEBUG org.hibernate.persister.walking.spi.MetamodelGraphWalker - Visiting attribute path : callEndDateTime
16:56:53.449 [Test worker] DEBUG org.hibernate.persister.walking.spi.MetamodelGraphWalker - Visiting attribute path : callStartDateTime
16:56:53.449 [Test worker] DEBUG org.hibernate.persister.walking.spi.MetamodelGraphWalker - Visiting attribute path : callType
16:56:53.449 [Test worker] DEBUG org.hibernate.persister.walking.spi.MetamodelGraphWalker - Visiting attribute path : location
16:56:53.449 [Test worker] DEBUG org.hibernate.persister.walking.spi.MetamodelGraphWalker - Visiting attribute path : partyPhoneNumber
16:56:53.449 [Test worker] DEBUG org.hibernate.persister.walking.spi.MetamodelGraphWalker - Visiting attribute path : personInfo
16:56:53.451 [Test worker] DEBUG org.hibernate.loader.plan.build.internal.FetchStyleLoadPlanBuildingAssociationVisitationStrategy - Building LoadPlan...
16:56:53.451 [Test worker] DEBUG org.hibernate.loader.plan.exec.internal.LoadQueryJoinAndFetchProcessor - processing queryspace <gen:0>
16:56:53.451 [Test worker] DEBUG org.hibernate.loader.plan.build.spi.LoadPlanTreePrinter - LoadPlan(entity=com.mycompany.dbEntity.CallLogInfo)
    - Returns
       - EntityReturnImpl(entity=com.mycompany.dbEntity.CallLogInfo, querySpaceUid=<gen:0>, path=com.mycompany.dbEntity.CallLogInfo)
    - QuerySpaces
       - EntityQuerySpaceImpl(uid=<gen:0>, entity=com.mycompany.dbEntity.CallLogInfo)
          - SQL table alias mapping - callloginf0_
          - alias suffix - 0_
          - suffixed key columns - {call_log1_0_0_}

16:56:53.451 [Test worker] DEBUG org.hibernate.loader.entity.plan.EntityLoader - Static select for entity com.mycompany.dbEntity.CallLogInfo [NONE]: select callloginf0_.call_log_id as call_log1_0_0_, callloginf0_.end_time as end_time2_0_0_, callloginf0_.start_time as start_ti3_0_0_, callloginf0_.call_type as call_typ4_0_0_, callloginf0_.location as location5_0_0_, callloginf0_.party_phone_no as party_ph6_0_0_, callloginf0_.id as id7_0_0_ from call_log callloginf0_ where callloginf0_.call_log_id=?
16:56:53.451 [Test worker] DEBUG org.hibernate.loader.plan.build.internal.spaces.QuerySpacesImpl - Adding QuerySpace : uid = <gen:0> -> org.hibernate.loader.plan.build.internal.spaces.EntityQuerySpaceImpl@64f3ae71]
16:56:53.451 [Test worker] DEBUG org.hibernate.persister.walking.spi.MetamodelGraphWalker - Visiting attribute path : callEndDateTime
16:56:53.451 [Test worker] DEBUG org.hibernate.persister.walking.spi.MetamodelGraphWalker - Visiting attribute path : callStartDateTime
16:56:53.451 [Test worker] DEBUG org.hibernate.persister.walking.spi.MetamodelGraphWalker - Visiting attribute path : callType
16:56:53.451 [Test worker] DEBUG org.hibernate.persister.walking.spi.MetamodelGraphWalker - Visiting attribute path : location
16:56:53.451 [Test worker] DEBUG org.hibernate.persister.walking.spi.MetamodelGraphWalker - Visiting attribute path : partyPhoneNumber
16:56:53.451 [Test worker] DEBUG org.hibernate.persister.walking.spi.MetamodelGraphWalker - Visiting attribute path : personInfo
16:56:53.452 [Test worker] DEBUG org.hibernate.loader.plan.build.internal.FetchStyleLoadPlanBuildingAssociationVisitationStrategy - Building LoadPlan...
16:56:53.452 [Test worker] DEBUG org.hibernate.loader.plan.exec.internal.LoadQueryJoinAndFetchProcessor - processing queryspace <gen:0>
16:56:53.452 [Test worker] DEBUG org.hibernate.loader.plan.build.spi.LoadPlanTreePrinter - LoadPlan(entity=com.mycompany.dbEntity.CallLogInfo)
    - Returns
       - EntityReturnImpl(entity=com.mycompany.dbEntity.CallLogInfo, querySpaceUid=<gen:0>, path=com.mycompany.dbEntity.CallLogInfo)
    - QuerySpaces
       - EntityQuerySpaceImpl(uid=<gen:0>, entity=com.mycompany.dbEntity.CallLogInfo)
          - SQL table alias mapping - callloginf0_
          - alias suffix - 0_
          - suffixed key columns - {call_log1_0_0_}

16:56:53.452 [Test worker] DEBUG org.hibernate.loader.entity.plan.EntityLoader - Static select for entity com.mycompany.dbEntity.CallLogInfo [READ]: select callloginf0_.call_log_id as call_log1_0_0_, callloginf0_.end_time as end_time2_0_0_, callloginf0_.start_time as start_ti3_0_0_, callloginf0_.call_type as call_typ4_0_0_, callloginf0_.location as location5_0_0_, callloginf0_.party_phone_no as party_ph6_0_0_, callloginf0_.id as id7_0_0_ from call_log callloginf0_ where callloginf0_.call_log_id=?
16:56:53.452 [Test worker] DEBUG org.hibernate.loader.plan.build.internal.spaces.QuerySpacesImpl - Adding QuerySpace : uid = <gen:0> -> org.hibernate.loader.plan.build.internal.spaces.EntityQuerySpaceImpl@7c2b477]
16:56:53.452 [Test worker] DEBUG org.hibernate.persister.walking.spi.MetamodelGraphWalker - Visiting attribute path : callEndDateTime
16:56:53.452 [Test worker] DEBUG org.hibernate.persister.walking.spi.MetamodelGraphWalker - Visiting attribute path : callStartDateTime
16:56:53.452 [Test worker] DEBUG org.hibernate.persister.walking.spi.MetamodelGraphWalker - Visiting attribute path : callType
16:56:53.452 [Test worker] DEBUG org.hibernate.persister.walking.spi.MetamodelGraphWalker - Visiting attribute path : location
16:56:53.452 [Test worker] DEBUG org.hibernate.persister.walking.spi.MetamodelGraphWalker - Visiting attribute path : partyPhoneNumber
16:56:53.452 [Test worker] DEBUG org.hibernate.persister.walking.spi.MetamodelGraphWalker - Visiting attribute path : personInfo
16:56:53.452 [Test worker] DEBUG org.hibernate.loader.plan.build.internal.FetchStyleLoadPlanBuildingAssociationVisitationStrategy - Building LoadPlan...
16:56:53.452 [Test worker] DEBUG org.hibernate.loader.plan.exec.internal.LoadQueryJoinAndFetchProcessor - processing queryspace <gen:0>
16:56:53.452 [Test worker] DEBUG org.hibernate.loader.plan.build.spi.LoadPlanTreePrinter - LoadPlan(entity=com.mycompany.dbEntity.CallLogInfo)
    - Returns
       - EntityReturnImpl(entity=com.mycompany.dbEntity.CallLogInfo, querySpaceUid=<gen:0>, path=com.mycompany.dbEntity.CallLogInfo)
    - QuerySpaces
       - EntityQuerySpaceImpl(uid=<gen:0>, entity=com.mycompany.dbEntity.CallLogInfo)
          - SQL table alias mapping - callloginf0_
          - alias suffix - 0_
          - suffixed key columns - {call_log1_0_0_}

16:56:53.452 [Test worker] DEBUG org.hibernate.loader.entity.plan.EntityLoader - Static select for entity com.mycompany.dbEntity.CallLogInfo [UPGRADE]: select callloginf0_.call_log_id as call_log1_0_0_, callloginf0_.end_time as end_time2_0_0_, callloginf0_.start_time as start_ti3_0_0_, callloginf0_.call_type as call_typ4_0_0_, callloginf0_.location as location5_0_0_, callloginf0_.party_phone_no as party_ph6_0_0_, callloginf0_.id as id7_0_0_ from call_log callloginf0_ where callloginf0_.call_log_id=? for update
16:56:53.452 [Test worker] DEBUG org.hibernate.loader.plan.build.internal.spaces.QuerySpacesImpl - Adding QuerySpace : uid = <gen:0> -> org.hibernate.loader.plan.build.internal.spaces.EntityQuerySpaceImpl@555fb13a]
16:56:53.452 [Test worker] DEBUG org.hibernate.persister.walking.spi.MetamodelGraphWalker - Visiting attribute path : callEndDateTime
16:56:53.452 [Test worker] DEBUG org.hibernate.persister.walking.spi.MetamodelGraphWalker - Visiting attribute path : callStartDateTime
16:56:53.452 [Test worker] DEBUG org.hibernate.persister.walking.spi.MetamodelGraphWalker - Visiting attribute path : callType
16:56:53.452 [Test worker] DEBUG org.hibernate.persister.walking.spi.MetamodelGraphWalker - Visiting attribute path : location
16:56:53.452 [Test worker] DEBUG org.hibernate.persister.walking.spi.MetamodelGraphWalker - Visiting attribute path : partyPhoneNumber
16:56:53.452 [Test worker] DEBUG org.hibernate.persister.walking.spi.MetamodelGraphWalker - Visiting attribute path : personInfo
16:56:53.452 [Test worker] DEBUG org.hibernate.loader.plan.build.internal.FetchStyleLoadPlanBuildingAssociationVisitationStrategy - Building LoadPlan...
16:56:53.453 [Test worker] DEBUG org.hibernate.loader.plan.exec.internal.LoadQueryJoinAndFetchProcessor - processing queryspace <gen:0>
16:56:53.453 [Test worker] DEBUG org.hibernate.loader.plan.build.spi.LoadPlanTreePrinter - LoadPlan(entity=com.mycompany.dbEntity.CallLogInfo)
    - Returns
       - EntityReturnImpl(entity=com.mycompany.dbEntity.CallLogInfo, querySpaceUid=<gen:0>, path=com.mycompany.dbEntity.CallLogInfo)
    - QuerySpaces
       - EntityQuerySpaceImpl(uid=<gen:0>, entity=com.mycompany.dbEntity.CallLogInfo)
          - SQL table alias mapping - callloginf0_
          - alias suffix - 0_
          - suffixed key columns - {call_log1_0_0_}

16:56:53.453 [Test worker] DEBUG org.hibernate.loader.entity.plan.EntityLoader - Static select for entity com.mycompany.dbEntity.CallLogInfo [UPGRADE_NOWAIT]: select callloginf0_.call_log_id as call_log1_0_0_, callloginf0_.end_time as end_time2_0_0_, callloginf0_.start_time as start_ti3_0_0_, callloginf0_.call_type as call_typ4_0_0_, callloginf0_.location as location5_0_0_, callloginf0_.party_phone_no as party_ph6_0_0_, callloginf0_.id as id7_0_0_ from call_log callloginf0_ where callloginf0_.call_log_id=? for update
16:56:53.453 [Test worker] DEBUG org.hibernate.loader.plan.build.internal.spaces.QuerySpacesImpl - Adding QuerySpace : uid = <gen:0> -> org.hibernate.loader.plan.build.internal.spaces.EntityQuerySpaceImpl@65bd547c]
16:56:53.453 [Test worker] DEBUG org.hibernate.persister.walking.spi.MetamodelGraphWalker - Visiting attribute path : callEndDateTime
16:56:53.453 [Test worker] DEBUG org.hibernate.persister.walking.spi.MetamodelGraphWalker - Visiting attribute path : callStartDateTime
16:56:53.453 [Test worker] DEBUG org.hibernate.persister.walking.spi.MetamodelGraphWalker - Visiting attribute path : callType
16:56:53.453 [Test worker] DEBUG org.hibernate.persister.walking.spi.MetamodelGraphWalker - Visiting attribute path : location
16:56:53.453 [Test worker] DEBUG org.hibernate.persister.walking.spi.MetamodelGraphWalker - Visiting attribute path : partyPhoneNumber
16:56:53.453 [Test worker] DEBUG org.hibernate.persister.walking.spi.MetamodelGraphWalker - Visiting attribute path : personInfo
16:56:53.453 [Test worker] DEBUG org.hibernate.loader.plan.build.internal.FetchStyleLoadPlanBuildingAssociationVisitationStrategy - Building LoadPlan...
16:56:53.453 [Test worker] DEBUG org.hibernate.loader.plan.exec.internal.LoadQueryJoinAndFetchProcessor - processing queryspace <gen:0>
16:56:53.453 [Test worker] DEBUG org.hibernate.loader.plan.build.spi.LoadPlanTreePrinter - LoadPlan(entity=com.mycompany.dbEntity.CallLogInfo)
    - Returns
       - EntityReturnImpl(entity=com.mycompany.dbEntity.CallLogInfo, querySpaceUid=<gen:0>, path=com.mycompany.dbEntity.CallLogInfo)
    - QuerySpaces
       - EntityQuerySpaceImpl(uid=<gen:0>, entity=com.mycompany.dbEntity.CallLogInfo)
          - SQL table alias mapping - callloginf0_
          - alias suffix - 0_
          - suffixed key columns - {call_log1_0_0_}

16:56:53.453 [Test worker] DEBUG org.hibernate.loader.entity.plan.EntityLoader - Static select for entity com.mycompany.dbEntity.CallLogInfo [UPGRADE_SKIPLOCKED]: select callloginf0_.call_log_id as call_log1_0_0_, callloginf0_.end_time as end_time2_0_0_, callloginf0_.start_time as start_ti3_0_0_, callloginf0_.call_type as call_typ4_0_0_, callloginf0_.location as location5_0_0_, callloginf0_.party_phone_no as party_ph6_0_0_, callloginf0_.id as id7_0_0_ from call_log callloginf0_ where callloginf0_.call_log_id=? for update
16:56:53.453 [Test worker] DEBUG org.hibernate.loader.plan.build.internal.spaces.QuerySpacesImpl - Adding QuerySpace : uid = <gen:0> -> org.hibernate.loader.plan.build.internal.spaces.EntityQuerySpaceImpl@51ee0b81]
16:56:53.453 [Test worker] DEBUG org.hibernate.persister.walking.spi.MetamodelGraphWalker - Visiting attribute path : callEndDateTime
16:56:53.453 [Test worker] DEBUG org.hibernate.persister.walking.spi.MetamodelGraphWalker - Visiting attribute path : callStartDateTime
16:56:53.453 [Test worker] DEBUG org.hibernate.persister.walking.spi.MetamodelGraphWalker - Visiting attribute path : callType
16:56:53.453 [Test worker] DEBUG org.hibernate.persister.walking.spi.MetamodelGraphWalker - Visiting attribute path : location
16:56:53.453 [Test worker] DEBUG org.hibernate.persister.walking.spi.MetamodelGraphWalker - Visiting attribute path : partyPhoneNumber
16:56:53.453 [Test worker] DEBUG org.hibernate.persister.walking.spi.MetamodelGraphWalker - Visiting attribute path : personInfo
16:56:53.453 [Test worker] DEBUG org.hibernate.loader.plan.build.internal.FetchStyleLoadPlanBuildingAssociationVisitationStrategy - Building LoadPlan...
16:56:53.454 [Test worker] DEBUG org.hibernate.loader.plan.exec.internal.LoadQueryJoinAndFetchProcessor - processing queryspace <gen:0>
16:56:53.454 [Test worker] DEBUG org.hibernate.loader.plan.build.spi.LoadPlanTreePrinter - LoadPlan(entity=com.mycompany.dbEntity.CallLogInfo)
    - Returns
       - EntityReturnImpl(entity=com.mycompany.dbEntity.CallLogInfo, querySpaceUid=<gen:0>, path=com.mycompany.dbEntity.CallLogInfo)
    - QuerySpaces
       - EntityQuerySpaceImpl(uid=<gen:0>, entity=com.mycompany.dbEntity.CallLogInfo)
          - SQL table alias mapping - callloginf0_
          - alias suffix - 0_
          - suffixed key columns - {call_log1_0_0_}

16:56:53.454 [Test worker] DEBUG org.hibernate.loader.entity.plan.EntityLoader - Static select for entity com.mycompany.dbEntity.CallLogInfo [FORCE]: select callloginf0_.call_log_id as call_log1_0_0_, callloginf0_.end_time as end_time2_0_0_, callloginf0_.start_time as start_ti3_0_0_, callloginf0_.call_type as call_typ4_0_0_, callloginf0_.location as location5_0_0_, callloginf0_.party_phone_no as party_ph6_0_0_, callloginf0_.id as id7_0_0_ from call_log callloginf0_ where callloginf0_.call_log_id=? for update
16:56:53.454 [Test worker] DEBUG org.hibernate.loader.plan.build.internal.spaces.QuerySpacesImpl - Adding QuerySpace : uid = <gen:0> -> org.hibernate.loader.plan.build.internal.spaces.EntityQuerySpaceImpl@5808173e]
16:56:53.454 [Test worker] DEBUG org.hibernate.persister.walking.spi.MetamodelGraphWalker - Visiting attribute path : callEndDateTime
16:56:53.454 [Test worker] DEBUG org.hibernate.persister.walking.spi.MetamodelGraphWalker - Visiting attribute path : callStartDateTime
16:56:53.454 [Test worker] DEBUG org.hibernate.persister.walking.spi.MetamodelGraphWalker - Visiting attribute path : callType
16:56:53.454 [Test worker] DEBUG org.hibernate.persister.walking.spi.MetamodelGraphWalker - Visiting attribute path : location
16:56:53.454 [Test worker] DEBUG org.hibernate.persister.walking.spi.MetamodelGraphWalker - Visiting attribute path : partyPhoneNumber
16:56:53.454 [Test worker] DEBUG org.hibernate.persister.walking.spi.MetamodelGraphWalker - Visiting attribute path : personInfo
16:56:53.454 [Test worker] DEBUG org.hibernate.loader.plan.build.internal.FetchStyleLoadPlanBuildingAssociationVisitationStrategy - Building LoadPlan...
16:56:53.454 [Test worker] DEBUG org.hibernate.loader.plan.exec.internal.LoadQueryJoinAndFetchProcessor - processing queryspace <gen:0>
16:56:53.454 [Test worker] DEBUG org.hibernate.loader.plan.build.spi.LoadPlanTreePrinter - LoadPlan(entity=com.mycompany.dbEntity.CallLogInfo)
    - Returns
       - EntityReturnImpl(entity=com.mycompany.dbEntity.CallLogInfo, querySpaceUid=<gen:0>, path=com.mycompany.dbEntity.CallLogInfo)
    - QuerySpaces
       - EntityQuerySpaceImpl(uid=<gen:0>, entity=com.mycompany.dbEntity.CallLogInfo)
          - SQL table alias mapping - callloginf0_
          - alias suffix - 0_
          - suffixed key columns - {call_log1_0_0_}

16:56:53.454 [Test worker] DEBUG org.hibernate.loader.entity.plan.EntityLoader - Static select for entity com.mycompany.dbEntity.CallLogInfo [PESSIMISTIC_READ]: select callloginf0_.call_log_id as call_log1_0_0_, callloginf0_.end_time as end_time2_0_0_, callloginf0_.start_time as start_ti3_0_0_, callloginf0_.call_type as call_typ4_0_0_, callloginf0_.location as location5_0_0_, callloginf0_.party_phone_no as party_ph6_0_0_, callloginf0_.id as id7_0_0_ from call_log callloginf0_ where callloginf0_.call_log_id=? for update
16:56:53.454 [Test worker] DEBUG org.hibernate.loader.plan.build.internal.spaces.QuerySpacesImpl - Adding QuerySpace : uid = <gen:0> -> org.hibernate.loader.plan.build.internal.spaces.EntityQuerySpaceImpl@568c529]
16:56:53.454 [Test worker] DEBUG org.hibernate.persister.walking.spi.MetamodelGraphWalker - Visiting attribute path : callEndDateTime
16:56:53.454 [Test worker] DEBUG org.hibernate.persister.walking.spi.MetamodelGraphWalker - Visiting attribute path : callStartDateTime
16:56:53.454 [Test worker] DEBUG org.hibernate.persister.walking.spi.MetamodelGraphWalker - Visiting attribute path : callType
16:56:53.454 [Test worker] DEBUG org.hibernate.persister.walking.spi.MetamodelGraphWalker - Visiting attribute path : location
16:56:53.454 [Test worker] DEBUG org.hibernate.persister.walking.spi.MetamodelGraphWalker - Visiting attribute path : partyPhoneNumber
16:56:53.454 [Test worker] DEBUG org.hibernate.persister.walking.spi.MetamodelGraphWalker - Visiting attribute path : personInfo
16:56:53.454 [Test worker] DEBUG org.hibernate.loader.plan.build.internal.FetchStyleLoadPlanBuildingAssociationVisitationStrategy - Building LoadPlan...
16:56:53.454 [Test worker] DEBUG org.hibernate.loader.plan.exec.internal.LoadQueryJoinAndFetchProcessor - processing queryspace <gen:0>
16:56:53.455 [Test worker] DEBUG org.hibernate.loader.plan.build.spi.LoadPlanTreePrinter - LoadPlan(entity=com.mycompany.dbEntity.CallLogInfo)
    - Returns
       - EntityReturnImpl(entity=com.mycompany.dbEntity.CallLogInfo, querySpaceUid=<gen:0>, path=com.mycompany.dbEntity.CallLogInfo)
    - QuerySpaces
       - EntityQuerySpaceImpl(uid=<gen:0>, entity=com.mycompany.dbEntity.CallLogInfo)
          - SQL table alias mapping - callloginf0_
          - alias suffix - 0_
          - suffixed key columns - {call_log1_0_0_}

16:56:53.455 [Test worker] DEBUG org.hibernate.loader.entity.plan.EntityLoader - Static select for entity com.mycompany.dbEntity.CallLogInfo [PESSIMISTIC_WRITE]: select callloginf0_.call_log_id as call_log1_0_0_, callloginf0_.end_time as end_time2_0_0_, callloginf0_.start_time as start_ti3_0_0_, callloginf0_.call_type as call_typ4_0_0_, callloginf0_.location as location5_0_0_, callloginf0_.party_phone_no as party_ph6_0_0_, callloginf0_.id as id7_0_0_ from call_log callloginf0_ where callloginf0_.call_log_id=? for update
16:56:53.455 [Test worker] DEBUG org.hibernate.loader.plan.build.internal.spaces.QuerySpacesImpl - Adding QuerySpace : uid = <gen:0> -> org.hibernate.loader.plan.build.internal.spaces.EntityQuerySpaceImpl@7fa3ebd]
16:56:53.455 [Test worker] DEBUG org.hibernate.persister.walking.spi.MetamodelGraphWalker - Visiting attribute path : callEndDateTime
16:56:53.455 [Test worker] DEBUG org.hibernate.persister.walking.spi.MetamodelGraphWalker - Visiting attribute path : callStartDateTime
16:56:53.455 [Test worker] DEBUG org.hibernate.persister.walking.spi.MetamodelGraphWalker - Visiting attribute path : callType
16:56:53.455 [Test worker] DEBUG org.hibernate.persister.walking.spi.MetamodelGraphWalker - Visiting attribute path : location
16:56:53.455 [Test worker] DEBUG org.hibernate.persister.walking.spi.MetamodelGraphWalker - Visiting attribute path : partyPhoneNumber
16:56:53.455 [Test worker] DEBUG org.hibernate.persister.walking.spi.MetamodelGraphWalker - Visiting attribute path : personInfo
16:56:53.455 [Test worker] DEBUG org.hibernate.loader.plan.build.internal.FetchStyleLoadPlanBuildingAssociationVisitationStrategy - Building LoadPlan...
16:56:53.455 [Test worker] DEBUG org.hibernate.loader.plan.exec.internal.LoadQueryJoinAndFetchProcessor - processing queryspace <gen:0>
16:56:53.455 [Test worker] DEBUG org.hibernate.loader.plan.build.spi.LoadPlanTreePrinter - LoadPlan(entity=com.mycompany.dbEntity.CallLogInfo)
    - Returns
       - EntityReturnImpl(entity=com.mycompany.dbEntity.CallLogInfo, querySpaceUid=<gen:0>, path=com.mycompany.dbEntity.CallLogInfo)
    - QuerySpaces
       - EntityQuerySpaceImpl(uid=<gen:0>, entity=com.mycompany.dbEntity.CallLogInfo)
          - SQL table alias mapping - callloginf0_
          - alias suffix - 0_
          - suffixed key columns - {call_log1_0_0_}

16:56:53.455 [Test worker] DEBUG org.hibernate.loader.entity.plan.EntityLoader - Static select for entity com.mycompany.dbEntity.CallLogInfo [PESSIMISTIC_FORCE_INCREMENT]: select callloginf0_.call_log_id as call_log1_0_0_, callloginf0_.end_time as end_time2_0_0_, callloginf0_.start_time as start_ti3_0_0_, callloginf0_.call_type as call_typ4_0_0_, callloginf0_.location as location5_0_0_, callloginf0_.party_phone_no as party_ph6_0_0_, callloginf0_.id as id7_0_0_ from call_log callloginf0_ where callloginf0_.call_log_id=? for update
16:56:53.455 [Test worker] DEBUG org.hibernate.loader.plan.build.internal.spaces.QuerySpacesImpl - Adding QuerySpace : uid = <gen:0> -> org.hibernate.loader.plan.build.internal.spaces.EntityQuerySpaceImpl@3b7d470d]
16:56:53.455 [Test worker] DEBUG org.hibernate.persister.walking.spi.MetamodelGraphWalker - Visiting attribute path : callEndDateTime
16:56:53.455 [Test worker] DEBUG org.hibernate.persister.walking.spi.MetamodelGraphWalker - Visiting attribute path : callStartDateTime
16:56:53.455 [Test worker] DEBUG org.hibernate.persister.walking.spi.MetamodelGraphWalker - Visiting attribute path : callType
16:56:53.455 [Test worker] DEBUG org.hibernate.persister.walking.spi.MetamodelGraphWalker - Visiting attribute path : location
16:56:53.455 [Test worker] DEBUG org.hibernate.persister.walking.spi.MetamodelGraphWalker - Visiting attribute path : partyPhoneNumber
16:56:53.455 [Test worker] DEBUG org.hibernate.persister.walking.spi.MetamodelGraphWalker - Visiting attribute path : personInfo
16:56:53.455 [Test worker] DEBUG org.hibernate.loader.plan.build.internal.FetchStyleLoadPlanBuildingAssociationVisitationStrategy - Building LoadPlan...
16:56:53.456 [Test worker] DEBUG org.hibernate.loader.plan.exec.internal.LoadQueryJoinAndFetchProcessor - processing queryspace <gen:0>
16:56:53.456 [Test worker] DEBUG org.hibernate.loader.plan.build.spi.LoadPlanTreePrinter - LoadPlan(entity=com.mycompany.dbEntity.CallLogInfo)
    - Returns
       - EntityReturnImpl(entity=com.mycompany.dbEntity.CallLogInfo, querySpaceUid=<gen:0>, path=com.mycompany.dbEntity.CallLogInfo)
    - QuerySpaces
       - EntityQuerySpaceImpl(uid=<gen:0>, entity=com.mycompany.dbEntity.CallLogInfo)
          - SQL table alias mapping - callloginf0_
          - alias suffix - 0_
          - suffixed key columns - {call_log1_0_0_}

16:56:53.456 [Test worker] DEBUG org.hibernate.loader.entity.plan.EntityLoader - Static select for entity com.mycompany.dbEntity.CallLogInfo [OPTIMISTIC]: select callloginf0_.call_log_id as call_log1_0_0_, callloginf0_.end_time as end_time2_0_0_, callloginf0_.start_time as start_ti3_0_0_, callloginf0_.call_type as call_typ4_0_0_, callloginf0_.location as location5_0_0_, callloginf0_.party_phone_no as party_ph6_0_0_, callloginf0_.id as id7_0_0_ from call_log callloginf0_ where callloginf0_.call_log_id=?
16:56:53.456 [Test worker] DEBUG org.hibernate.loader.plan.build.internal.spaces.QuerySpacesImpl - Adding QuerySpace : uid = <gen:0> -> org.hibernate.loader.plan.build.internal.spaces.EntityQuerySpaceImpl@69af1a72]
16:56:53.456 [Test worker] DEBUG org.hibernate.persister.walking.spi.MetamodelGraphWalker - Visiting attribute path : callEndDateTime
16:56:53.456 [Test worker] DEBUG org.hibernate.persister.walking.spi.MetamodelGraphWalker - Visiting attribute path : callStartDateTime
16:56:53.456 [Test worker] DEBUG org.hibernate.persister.walking.spi.MetamodelGraphWalker - Visiting attribute path : callType
16:56:53.456 [Test worker] DEBUG org.hibernate.persister.walking.spi.MetamodelGraphWalker - Visiting attribute path : location
16:56:53.456 [Test worker] DEBUG org.hibernate.persister.walking.spi.MetamodelGraphWalker - Visiting attribute path : partyPhoneNumber
16:56:53.456 [Test worker] DEBUG org.hibernate.persister.walking.spi.MetamodelGraphWalker - Visiting attribute path : personInfo
16:56:53.456 [Test worker] DEBUG org.hibernate.loader.plan.build.internal.FetchStyleLoadPlanBuildingAssociationVisitationStrategy - Building LoadPlan...
16:56:53.456 [Test worker] DEBUG org.hibernate.loader.plan.exec.internal.LoadQueryJoinAndFetchProcessor - processing queryspace <gen:0>
16:56:53.456 [Test worker] DEBUG org.hibernate.loader.plan.build.spi.LoadPlanTreePrinter - LoadPlan(entity=com.mycompany.dbEntity.CallLogInfo)
    - Returns
       - EntityReturnImpl(entity=com.mycompany.dbEntity.CallLogInfo, querySpaceUid=<gen:0>, path=com.mycompany.dbEntity.CallLogInfo)
    - QuerySpaces
       - EntityQuerySpaceImpl(uid=<gen:0>, entity=com.mycompany.dbEntity.CallLogInfo)
          - SQL table alias mapping - callloginf0_
          - alias suffix - 0_
          - suffixed key columns - {call_log1_0_0_}

16:56:53.456 [Test worker] DEBUG org.hibernate.loader.entity.plan.EntityLoader - Static select for entity com.mycompany.dbEntity.CallLogInfo [OPTIMISTIC_FORCE_INCREMENT]: select callloginf0_.call_log_id as call_log1_0_0_, callloginf0_.end_time as end_time2_0_0_, callloginf0_.start_time as start_ti3_0_0_, callloginf0_.call_type as call_typ4_0_0_, callloginf0_.location as location5_0_0_, callloginf0_.party_phone_no as party_ph6_0_0_, callloginf0_.id as id7_0_0_ from call_log callloginf0_ where callloginf0_.call_log_id=?
16:56:53.457 [Test worker] DEBUG org.hibernate.loader.Loader - Static select for action ACTION_MERGE on entity com.mycompany.dbEntity.CallLogInfo: select callloginf0_.call_log_id as call_log1_0_0_, callloginf0_.end_time as end_time2_0_0_, callloginf0_.start_time as start_ti3_0_0_, callloginf0_.call_type as call_typ4_0_0_, callloginf0_.location as location5_0_0_, callloginf0_.party_phone_no as party_ph6_0_0_, callloginf0_.id as id7_0_0_ from call_log callloginf0_ where callloginf0_.call_log_id=?
16:56:53.457 [Test worker] DEBUG org.hibernate.loader.Loader - Static select for action ACTION_REFRESH on entity com.mycompany.dbEntity.CallLogInfo: select callloginf0_.call_log_id as call_log1_0_0_, callloginf0_.end_time as end_time2_0_0_, callloginf0_.start_time as start_ti3_0_0_, callloginf0_.call_type as call_typ4_0_0_, callloginf0_.location as location5_0_0_, callloginf0_.party_phone_no as party_ph6_0_0_, callloginf0_.id as id7_0_0_ from call_log callloginf0_ where callloginf0_.call_log_id=?
16:56:53.458 [Test worker] DEBUG org.hibernate.internal.SessionFactoryRegistry - Initializing SessionFactoryRegistry : org.hibernate.internal.SessionFactoryRegistry@568a77d1
16:56:53.458 [Test worker] DEBUG org.hibernate.internal.SessionFactoryRegistry - Registering SessionFactory: d81894fe-7fcf-4ec6-809f-9a77906fea70 (<unnamed>)
16:56:53.458 [Test worker] DEBUG org.hibernate.internal.SessionFactoryRegistry - Not binding SessionFactory to JNDI, no JNDI name configured
16:56:53.458 [Test worker] DEBUG org.hibernate.internal.SessionFactoryImpl - Instantiated session factory
16:56:53.461 [Test worker] DEBUG org.hibernate.cfg.Configuration - Processing hbm.xml files
16:56:53.461 [Test worker] DEBUG org.hibernate.cfg.Configuration - Process annotated classes
16:56:53.461 [Test worker] DEBUG org.hibernate.cfg.Configuration - Processing fk mappings (*ToOne and JoinedSubclass)
16:56:53.461 [Test worker] DEBUG org.hibernate.cfg.Configuration - Processing extends queue
16:56:53.461 [Test worker] DEBUG org.hibernate.cfg.Configuration - Processing extends queue
16:56:53.461 [Test worker] DEBUG org.hibernate.cfg.Configuration - Processing collection mappings
16:56:53.461 [Test worker] DEBUG org.hibernate.cfg.Configuration - Processing native query and ResultSetMapping mappings
16:56:53.461 [Test worker] DEBUG org.hibernate.cfg.Configuration - Processing association property references
16:56:53.461 [Test worker] DEBUG org.hibernate.cfg.Configuration - Creating tables' unique integer identifiers
16:56:53.461 [Test worker] DEBUG org.hibernate.cfg.Configuration - Processing foreign key constraints
16:56:53.461 [Test worker] DEBUG org.hibernate.cfg.Configuration - Resolving reference to class: com.mycompany.dbEntity.PersonInfo
16:56:53.461 [Test worker] DEBUG org.hibernate.id.factory.internal.DefaultIdentifierGeneratorFactory - Setting dialect [org.hibernate.dialect.H2Dialect]
16:56:53.461 [Test worker] DEBUG org.hibernate.id.factory.internal.DefaultIdentifierGeneratorFactory - Setting dialect [org.hibernate.dialect.H2Dialect]
16:56:53.462 [Test worker] DEBUG org.hibernate.cfg.Configuration - Processing hbm.xml files
16:56:53.462 [Test worker] DEBUG org.hibernate.cfg.Configuration - Process annotated classes
16:56:53.462 [Test worker] DEBUG org.hibernate.cfg.Configuration - Processing fk mappings (*ToOne and JoinedSubclass)
16:56:53.462 [Test worker] DEBUG org.hibernate.cfg.Configuration - Processing extends queue
16:56:53.462 [Test worker] DEBUG org.hibernate.cfg.Configuration - Processing extends queue
16:56:53.462 [Test worker] DEBUG org.hibernate.cfg.Configuration - Processing collection mappings
16:56:53.462 [Test worker] DEBUG org.hibernate.cfg.Configuration - Processing native query and ResultSetMapping mappings
16:56:53.462 [Test worker] DEBUG org.hibernate.cfg.Configuration - Processing association property references
16:56:53.462 [Test worker] DEBUG org.hibernate.cfg.Configuration - Creating tables' unique integer identifiers
16:56:53.462 [Test worker] DEBUG org.hibernate.cfg.Configuration - Processing foreign key constraints
16:56:53.462 [Test worker] DEBUG org.hibernate.cfg.Configuration - Resolving reference to class: com.mycompany.dbEntity.PersonInfo
16:56:53.462 [Test worker] DEBUG org.hibernate.id.factory.internal.DefaultIdentifierGeneratorFactory - Setting dialect [org.hibernate.dialect.H2Dialect]
16:56:53.462 [Test worker] DEBUG org.hibernate.id.factory.internal.DefaultIdentifierGeneratorFactory - Setting dialect [org.hibernate.dialect.H2Dialect]
16:56:53.462 [Test worker] DEBUG org.hibernate.id.factory.internal.DefaultIdentifierGeneratorFactory - Setting dialect [org.hibernate.dialect.H2Dialect]
16:56:53.462 [Test worker] DEBUG org.hibernate.id.factory.internal.DefaultIdentifierGeneratorFactory - Setting dialect [org.hibernate.dialect.H2Dialect]
16:56:53.463 [Test worker] INFO org.hibernate.tool.hbm2ddl.SchemaExport - HHH000227: Running hbm2ddl schema export
16:56:53.463 [Test worker] DEBUG org.hibernate.tool.hbm2ddl.SchemaExport - Import file not found: /import.sql
16:56:53.464 [Test worker] DEBUG com.mchange.v2.resourcepool.BasicResourcePool - trace com.mchange.v2.resourcepool.BasicResourcePool@14f30e94 [managed: 3, unused: 2, excluded: 0] (e.g. com.mchange.v2.c3p0.impl.NewPooledConnection@7fe529bb)
16:56:53.465 [Test worker] DEBUG org.hibernate.SQL - drop table call_log if exists
16:56:53.468 [Test worker] DEBUG org.hibernate.SQL - drop table person if exists
16:56:53.469 [Test worker] DEBUG org.hibernate.SQL - drop sequence if exists call_log_seq
16:56:53.469 [Test worker] DEBUG org.hibernate.SQL - drop sequence if exists person_seq
16:56:53.470 [Test worker] DEBUG org.hibernate.SQL - create table call_log (call_log_id bigint not null, end_time timestamp, start_time timestamp, call_type varchar(255), location varchar(255), party_phone_no varchar(255), id bigint, primary key (call_log_id))
16:56:53.470 [Test worker] DEBUG org.hibernate.SQL - create table person (id bigint not null, address varchar(255), name varchar(255), phone_no varchar(255), primary key (id))
16:56:53.471 [Test worker] DEBUG org.hibernate.SQL - alter table call_log add constraint FK_9jywkturuuofqn7380plqmxb6 foreign key (id) references person
16:56:53.475 [Test worker] DEBUG org.hibernate.SQL - create sequence call_log_seq
16:56:53.475 [Test worker] DEBUG org.hibernate.SQL - create sequence person_seq
16:56:53.476 [Test worker] DEBUG com.mchange.v2.resourcepool.BasicResourcePool - trace com.mchange.v2.resourcepool.BasicResourcePool@14f30e94 [managed: 3, unused: 2, excluded: 0] (e.g. com.mchange.v2.c3p0.impl.NewPooledConnection@7fe529bb)
16:56:53.476 [Test worker] INFO org.hibernate.tool.hbm2ddl.SchemaExport - HHH000230: Schema export complete
16:56:53.476 [Test worker] DEBUG org.hibernate.cfg.Configuration - Processing hbm.xml files
16:56:53.476 [Test worker] DEBUG org.hibernate.cfg.Configuration - Process annotated classes
16:56:53.476 [Test worker] DEBUG org.hibernate.cfg.Configuration - Processing fk mappings (*ToOne and JoinedSubclass)
16:56:53.476 [Test worker] DEBUG org.hibernate.cfg.Configuration - Processing extends queue
16:56:53.476 [Test worker] DEBUG org.hibernate.cfg.Configuration - Processing extends queue
16:56:53.476 [Test worker] DEBUG org.hibernate.cfg.Configuration - Processing collection mappings
16:56:53.476 [Test worker] DEBUG org.hibernate.cfg.Configuration - Processing native query and ResultSetMapping mappings
16:56:53.476 [Test worker] DEBUG org.hibernate.cfg.Configuration - Processing association property references
16:56:53.476 [Test worker] DEBUG org.hibernate.cfg.Configuration - Creating tables' unique integer identifiers
16:56:53.476 [Test worker] DEBUG org.hibernate.cfg.Configuration - Processing foreign key constraints
16:56:53.476 [Test worker] DEBUG org.hibernate.cfg.Configuration - Resolving reference to class: com.mycompany.dbEntity.PersonInfo
16:56:53.476 [Test worker] DEBUG org.hibernate.id.factory.internal.DefaultIdentifierGeneratorFactory - Setting dialect [org.hibernate.dialect.H2Dialect]
16:56:53.476 [Test worker] DEBUG org.hibernate.id.factory.internal.DefaultIdentifierGeneratorFactory - Setting dialect [org.hibernate.dialect.H2Dialect]
16:56:53.476 [Test worker] DEBUG org.hibernate.cfg.Configuration - Processing hbm.xml files
16:56:53.476 [Test worker] DEBUG org.hibernate.cfg.Configuration - Process annotated classes
16:56:53.476 [Test worker] DEBUG org.hibernate.cfg.Configuration - Processing fk mappings (*ToOne and JoinedSubclass)
16:56:53.476 [Test worker] DEBUG org.hibernate.cfg.Configuration - Processing extends queue
16:56:53.476 [Test worker] DEBUG org.hibernate.cfg.Configuration - Processing extends queue
16:56:53.476 [Test worker] DEBUG org.hibernate.cfg.Configuration - Processing collection mappings
16:56:53.476 [Test worker] DEBUG org.hibernate.cfg.Configuration - Processing native query and ResultSetMapping mappings
16:56:53.476 [Test worker] DEBUG org.hibernate.cfg.Configuration - Processing association property references
16:56:53.476 [Test worker] DEBUG org.hibernate.cfg.Configuration - Creating tables' unique integer identifiers
16:56:53.476 [Test worker] DEBUG org.hibernate.cfg.Configuration - Processing foreign key constraints
16:56:53.476 [Test worker] DEBUG org.hibernate.cfg.Configuration - Resolving reference to class: com.mycompany.dbEntity.PersonInfo
16:56:53.476 [Test worker] DEBUG org.hibernate.id.factory.internal.DefaultIdentifierGeneratorFactory - Setting dialect [org.hibernate.dialect.H2Dialect]
16:56:53.476 [Test worker] DEBUG org.hibernate.id.factory.internal.DefaultIdentifierGeneratorFactory - Setting dialect [org.hibernate.dialect.H2Dialect]
16:56:53.476 [Test worker] DEBUG org.hibernate.id.factory.internal.DefaultIdentifierGeneratorFactory - Setting dialect [org.hibernate.dialect.H2Dialect]
16:56:53.477 [Test worker] DEBUG org.hibernate.id.factory.internal.DefaultIdentifierGeneratorFactory - Setting dialect [org.hibernate.dialect.H2Dialect]
16:56:53.477 [Test worker] DEBUG org.hibernate.internal.NamedQueryRepository - Checking 0 named HQL queries
16:56:53.477 [Test worker] DEBUG org.hibernate.internal.NamedQueryRepository - Checking 0 named SQL queries
16:56:53.481 [Test worker] DEBUG org.hibernate.stat.internal.StatisticsInitiator - Statistics initialized [enabled=false]
16:56:53.484 [Test worker] DEBUG org.hibernate.jpa.internal.schemagen.JpaSchemaGenerator - No actions specified; doing nothing
16:56:53.508 [Test worker] DEBUG org.hibernate.jpa.internal.EntityManagerFactoryRegistry - Initializing EntityManagerFactoryRegistry : org.hibernate.jpa.internal.EntityManagerFactoryRegistry@bc085a2
16:56:53.508 [Test worker] DEBUG org.hibernate.jpa.internal.EntityManagerFactoryRegistry - Registering EntityManagerFactory: default 
16:56:53.510 [Test worker] DEBUG org.springframework.beans.factory.support.DefaultListableBeanFactory - Returning cached instance of singleton bean 'org.springframework.transaction.config.internalTransactionAdvisor'
16:56:53.510 [Test worker] DEBUG org.springframework.beans.factory.support.DefaultListableBeanFactory - Returning cached instance of singleton bean 'org.springframework.transaction.config.internalTransactionAdvisor'
16:56:53.511 [Test worker] DEBUG org.springframework.beans.factory.support.DefaultListableBeanFactory - Finished creating instance of bean 'entityManagerFactory'
16:56:53.511 [Test worker] DEBUG org.springframework.beans.factory.support.DefaultListableBeanFactory - Pre-instantiating singletons in org.springframework.beans.factory.support.DefaultListableBeanFactory@41cc4428: defining beans [org.springframework.context.annotation.internalConfigurationAnnotationProcessor,org.springframework.context.annotation.internalAutowiredAnnotationProcessor,org.springframework.context.annotation.internalRequiredAnnotationProcessor,org.springframework.context.annotation.internalCommonAnnotationProcessor,org.springframework.context.annotation.internalPersistenceAnnotationProcessor,org.springframework.context.event.internalEventListenerProcessor,org.springframework.context.event.internalEventListenerFactory,springTestCfg,org.springframework.context.annotation.ConfigurationClassPostProcessor.importAwareProcessor,org.springframework.context.annotation.ConfigurationClassPostProcessor.enhancedConfigurationProcessor,callLogService,callLogController,dataSource,org.springframework.transaction.config.internalTransactionalEventListenerFactory,org.springframework.aop.config.internalAutoProxyCreator,org.springframework.transaction.annotation.AnnotationTransactionAttributeSource#0,org.springframework.transaction.interceptor.TransactionInterceptor#0,org.springframework.transaction.config.internalTransactionAdvisor,transactionManager,sessionFactory,org.springframework.data.jpa.repository.config.JpaRepositoryConfigExtension#0,org.springframework.data.repository.core.support.RepositoryInterfaceAwareBeanPostProcessor,emBeanDefinitionRegistrarPostProcessor,jpaMappingContext,jpaContext,personRepository,callLogRepositoryImpl,callLogRepository,entityScanBeanPostProcessor,org.springframework.boot.autoconfigure.AutoConfigurationPackages,org.springframework.boot.autoconfigure.PropertyPlaceholderAutoConfiguration,org.springframework.boot.autoconfigure.condition.BeanTypeRegistry,propertySourcesPlaceholderConfigurer,org.springframework.boot.autoconfigure.jmx.JmxAutoConfiguration,mbeanExporter,objectNamingStrategy,mbeanServer,org.springframework.boot.autoconfigure.aop.AopAutoConfiguration$JdkDynamicAutoProxyConfiguration,org.springframework.boot.autoconfigure.aop.AopAutoConfiguration,org.springframework.boot.autoconfigure.transaction.jta.JtaAutoConfiguration,spring.jta.CONFIGURATION_PROPERTIES,org.springframework.boot.context.properties.ConfigurationPropertiesBindingPostProcessor,org.springframework.boot.context.properties.ConfigurationPropertiesBindingPostProcessor.store,org.springframework.boot.autoconfigure.jdbc.DataSourceAutoConfiguration$JdbcTemplateConfiguration,jdbcTemplate,namedParameterJdbcTemplate,org.springframework.boot.autoconfigure.jdbc.DataSourceAutoConfiguration$DataSourceInitializerConfiguration,dataSourceInitializer,org.springframework.boot.autoconfigure.jdbc.metadata.DataSourcePoolMetadataProvidersConfiguration$TomcatDataSourcePoolMetadataProviderConfiguration,tomcatPoolDataSourceMetadataProvider,org.springframework.boot.autoconfigure.jdbc.metadata.DataSourcePoolMetadataProvidersConfiguration,org.springframework.boot.autoconfigure.jdbc.DataSourceAutoConfiguration,spring.datasource.CONFIGURATION_PROPERTIES,dataSourceInitializerPostProcessor,org.springframework.boot.autoconfigure.orm.jpa.HibernateJpaAutoConfiguration,jpaVendorAdapter,entityManagerFactoryBuilder,entityManagerFactory,spring.jpa.CONFIGURATION_PROPERTIES,dataSourceInitializedPublisher,org.springframework.boot.autoconfigure.context.ConfigurationPropertiesAutoConfiguration,org.springframework.boot.autoconfigure.dao.PersistenceExceptionTranslationAutoConfiguration,persistenceExceptionTranslationPostProcessor,org.springframework.boot.autoconfigure.jackson.JacksonAutoConfiguration$JacksonObjectMapperBuilderConfiguration,jacksonObjectMapperBuilder,spring.jackson.CONFIGURATION_PROPERTIES,org.springframework.boot.autoconfigure.jackson.JacksonAutoConfiguration$JacksonObjectMapperConfiguration,jacksonObjectMapper,org.springframework.boot.autoconfigure.jackson.JacksonAutoConfiguration,org.springframework.boot.autoconfigure.web.HttpMessageConvertersAutoConfiguration$StringHttpMessageConverterConfiguration,stringHttpMessageConverter,spring.http.encoding.CONFIGURATION_PROPERTIES,org.springframework.boot.autoconfigure.web.JacksonHttpMessageConvertersConfiguration$MappingJackson2HttpMessageConverterConfiguration,mappingJackson2HttpMessageConverter,org.springframework.boot.autoconfigure.web.JacksonHttpMessageConvertersConfiguration,org.springframework.boot.autoconfigure.web.HttpMessageConvertersAutoConfiguration,messageConverters,org.springframework.transaction.annotation.ProxyTransactionManagementConfiguration,transactionAttributeSource,transactionInterceptor,org.springframework.boot.autoconfigure.jdbc.DataSourceTransactionManagerAutoConfiguration$TransactionManagementConfiguration,org.springframework.boot.autoconfigure.jdbc.DataSourceTransactionManagerAutoConfiguration,org.springframework.boot.autoconfigure.transaction.TransactionAutoConfiguration,transactionTemplate,org.springframework.boot.autoconfigure.web.HttpEncodingAutoConfiguration,characterEncodingFilter,org.springframework.boot.autoconfigure.web.MultipartAutoConfiguration,multipartConfigElement,multipartResolver,multipart.CONFIGURATION_PROPERTIES,org.springframework.orm.jpa.SharedEntityManagerCreator#0]; root of factory hierarchy
16:56:53.511 [Test worker] DEBUG org.springframework.beans.factory.support.DefaultListableBeanFactory - Returning cached instance of singleton bean 'org.springframework.context.annotation.internalConfigurationAnnotationProcessor'
16:56:53.511 [Test worker] DEBUG org.springframework.beans.factory.support.DefaultListableBeanFactory - Returning cached instance of singleton bean 'org.springframework.context.annotation.internalAutowiredAnnotationProcessor'
16:56:53.511 [Test worker] DEBUG org.springframework.beans.factory.support.DefaultListableBeanFactory - Returning cached instance of singleton bean 'org.springframework.context.annotation.internalRequiredAnnotationProcessor'
16:56:53.511 [Test worker] DEBUG org.springframework.beans.factory.support.DefaultListableBeanFactory - Returning cached instance of singleton bean 'org.springframework.context.annotation.internalCommonAnnotationProcessor'
16:56:53.511 [Test worker] DEBUG org.springframework.beans.factory.support.DefaultListableBeanFactory - Returning cached instance of singleton bean 'org.springframework.context.annotation.internalPersistenceAnnotationProcessor'
16:56:53.511 [Test worker] DEBUG org.springframework.beans.factory.support.DefaultListableBeanFactory - Creating shared instance of singleton bean 'org.springframework.context.event.internalEventListenerProcessor'
16:56:53.511 [Test worker] DEBUG org.springframework.beans.factory.support.DefaultListableBeanFactory - Creating instance of bean 'org.springframework.context.event.internalEventListenerProcessor'
16:56:53.511 [Test worker] DEBUG org.springframework.beans.factory.support.DefaultListableBeanFactory - Returning cached instance of singleton bean 'org.springframework.transaction.config.internalTransactionAdvisor'
16:56:53.512 [Test worker] DEBUG org.springframework.beans.factory.support.DefaultListableBeanFactory - Eagerly caching bean 'org.springframework.context.event.internalEventListenerProcessor' to allow for resolving potential circular references
16:56:53.513 [Test worker] DEBUG org.springframework.beans.factory.support.DefaultListableBeanFactory - Returning cached instance of singleton bean 'org.springframework.transaction.config.internalTransactionAdvisor'
16:56:53.513 [Test worker] DEBUG org.springframework.beans.factory.support.DefaultListableBeanFactory - Returning cached instance of singleton bean 'org.springframework.transaction.config.internalTransactionAdvisor'
16:56:53.513 [Test worker] DEBUG org.springframework.beans.factory.support.DefaultListableBeanFactory - Finished creating instance of bean 'org.springframework.context.event.internalEventListenerProcessor'
16:56:53.514 [Test worker] DEBUG org.springframework.beans.factory.support.DefaultListableBeanFactory - Creating shared instance of singleton bean 'org.springframework.context.event.internalEventListenerFactory'
16:56:53.514 [Test worker] DEBUG org.springframework.beans.factory.support.DefaultListableBeanFactory - Creating instance of bean 'org.springframework.context.event.internalEventListenerFactory'
16:56:53.514 [Test worker] DEBUG org.springframework.beans.factory.support.DefaultListableBeanFactory - Returning cached instance of singleton bean 'org.springframework.transaction.config.internalTransactionAdvisor'
16:56:53.514 [Test worker] DEBUG org.springframework.beans.factory.support.DefaultListableBeanFactory - Eagerly caching bean 'org.springframework.context.event.internalEventListenerFactory' to allow for resolving potential circular references
16:56:53.516 [Test worker] DEBUG org.springframework.beans.factory.support.DefaultListableBeanFactory - Returning cached instance of singleton bean 'org.springframework.transaction.config.internalTransactionAdvisor'
16:56:53.516 [Test worker] DEBUG org.springframework.beans.factory.support.DefaultListableBeanFactory - Returning cached instance of singleton bean 'org.springframework.transaction.config.internalTransactionAdvisor'
16:56:53.516 [Test worker] DEBUG org.springframework.beans.factory.support.DefaultListableBeanFactory - Finished creating instance of bean 'org.springframework.context.event.internalEventListenerFactory'
16:56:53.516 [Test worker] DEBUG org.springframework.beans.factory.support.DefaultListableBeanFactory - Creating shared instance of singleton bean 'springTestCfg'
16:56:53.516 [Test worker] DEBUG org.springframework.beans.factory.support.DefaultListableBeanFactory - Creating instance of bean 'springTestCfg'
16:56:53.516 [Test worker] DEBUG org.springframework.beans.factory.support.DefaultListableBeanFactory - Returning cached instance of singleton bean 'org.springframework.transaction.config.internalTransactionAdvisor'
16:56:53.516 [Test worker] DEBUG org.springframework.beans.factory.support.DefaultListableBeanFactory - Eagerly caching bean 'springTestCfg' to allow for resolving potential circular references
16:56:53.518 [Test worker] DEBUG org.springframework.beans.factory.support.DefaultListableBeanFactory - Returning cached instance of singleton bean 'org.springframework.transaction.config.internalTransactionAdvisor'
16:56:53.518 [Test worker] DEBUG org.springframework.beans.factory.support.DefaultListableBeanFactory - Returning cached instance of singleton bean 'org.springframework.transaction.config.internalTransactionAdvisor'
16:56:53.519 [Test worker] DEBUG org.springframework.beans.factory.support.DefaultListableBeanFactory - Finished creating instance of bean 'springTestCfg'
16:56:53.519 [Test worker] DEBUG org.springframework.beans.factory.support.DefaultListableBeanFactory - Returning cached instance of singleton bean 'org.springframework.context.annotation.ConfigurationClassPostProcessor.importAwareProcessor'
16:56:53.519 [Test worker] DEBUG org.springframework.beans.factory.support.DefaultListableBeanFactory - Returning cached instance of singleton bean 'org.springframework.context.annotation.ConfigurationClassPostProcessor.enhancedConfigurationProcessor'
16:56:53.519 [Test worker] DEBUG org.springframework.beans.factory.support.DefaultListableBeanFactory - Creating shared instance of singleton bean 'callLogService'
16:56:53.519 [Test worker] DEBUG org.springframework.beans.factory.support.DefaultListableBeanFactory - Creating instance of bean 'callLogService'
16:56:53.519 [Test worker] DEBUG org.springframework.beans.factory.support.DefaultListableBeanFactory - Returning cached instance of singleton bean 'org.springframework.transaction.config.internalTransactionAdvisor'
16:56:53.520 [Test worker] DEBUG org.springframework.beans.factory.annotation.InjectionMetadata - Registered injected element on class [com.mycompany.service.CallLogService]: AutowiredFieldElement for private com.mycompany.dbRepository.CallLogRepository com.mycompany.service.CallLogService.callLogRepository
16:56:53.520 [Test worker] DEBUG org.springframework.beans.factory.annotation.InjectionMetadata - Registered injected element on class [com.mycompany.service.CallLogService]: AutowiredFieldElement for private com.mycompany.dbRepository.PersonRepository com.mycompany.service.CallLogService.personRepository
16:56:53.520 [Test worker] DEBUG org.springframework.beans.factory.support.DefaultListableBeanFactory - Eagerly caching bean 'callLogService' to allow for resolving potential circular references
16:56:53.521 [Test worker] DEBUG org.springframework.beans.factory.annotation.InjectionMetadata - Processing injected element of bean 'callLogService': AutowiredFieldElement for private com.mycompany.dbRepository.CallLogRepository com.mycompany.service.CallLogService.callLogRepository
16:56:53.522 [Test worker] DEBUG org.springframework.beans.factory.support.DefaultListableBeanFactory - Creating shared instance of singleton bean 'callLogRepositoryImpl'
16:56:53.522 [Test worker] DEBUG org.springframework.beans.factory.support.DefaultListableBeanFactory - Creating instance of bean 'callLogRepositoryImpl'
16:56:53.522 [Test worker] DEBUG org.springframework.beans.factory.support.DefaultListableBeanFactory - Returning cached instance of singleton bean 'org.springframework.transaction.config.internalTransactionAdvisor'
16:56:53.522 [Test worker] DEBUG org.springframework.beans.factory.annotation.InjectionMetadata - Registered injected element on class [com.mycompany.dbRepository.CallLogRepositoryImpl]: AutowiredFieldElement for private javax.persistence.EntityManager com.mycompany.dbRepository.CallLogRepositoryImpl.em
16:56:53.522 [Test worker] DEBUG org.springframework.beans.factory.support.DefaultListableBeanFactory - Eagerly caching bean 'callLogRepositoryImpl' to allow for resolving potential circular references
16:56:53.523 [Test worker] DEBUG org.springframework.beans.factory.annotation.InjectionMetadata - Processing injected element of bean 'callLogRepositoryImpl': AutowiredFieldElement for private javax.persistence.EntityManager com.mycompany.dbRepository.CallLogRepositoryImpl.em
16:56:53.523 [Test worker] DEBUG org.springframework.beans.factory.support.DefaultListableBeanFactory - Creating shared instance of singleton bean 'org.springframework.orm.jpa.SharedEntityManagerCreator#0'
16:56:53.523 [Test worker] DEBUG org.springframework.beans.factory.support.DefaultListableBeanFactory - Creating instance of bean 'org.springframework.orm.jpa.SharedEntityManagerCreator#0'
16:56:53.523 [Test worker] DEBUG org.springframework.beans.factory.support.DefaultListableBeanFactory - Returning cached instance of singleton bean 'org.springframework.transaction.config.internalTransactionAdvisor'
16:56:53.523 [Test worker] DEBUG org.springframework.beans.factory.support.DefaultListableBeanFactory - Returning cached instance of singleton bean 'entityManagerFactory'
16:56:53.523 [Test worker] DEBUG org.springframework.beans.factory.support.DefaultListableBeanFactory - Returning cached instance of singleton bean 'org.springframework.transaction.config.internalTransactionAdvisor'
16:56:53.524 [Test worker] DEBUG org.springframework.beans.factory.support.DefaultListableBeanFactory - Returning cached instance of singleton bean 'org.springframework.transaction.config.internalTransactionAdvisor'
16:56:53.524 [Test worker] DEBUG org.springframework.jdbc.datasource.DataSourceUtils - Fetching JDBC Connection from DataSource
16:56:53.524 [Test worker] DEBUG com.mchange.v2.resourcepool.BasicResourcePool - trace com.mchange.v2.resourcepool.BasicResourcePool@14f30e94 [managed: 3, unused: 2, excluded: 0] (e.g. com.mchange.v2.c3p0.impl.NewPooledConnection@7fe529bb)
16:56:53.524 [Test worker] DEBUG org.springframework.jdbc.datasource.DataSourceUtils - Returning JDBC Connection to DataSource
16:56:53.524 [Test worker] DEBUG com.mchange.v2.resourcepool.BasicResourcePool - trace com.mchange.v2.resourcepool.BasicResourcePool@14f30e94 [managed: 3, unused: 2, excluded: 0] (e.g. com.mchange.v2.c3p0.impl.NewPooledConnection@7fe529bb)
16:56:53.526 [Test worker] DEBUG org.springframework.beans.factory.support.DefaultListableBeanFactory - Returning cached instance of singleton bean 'dataSourceInitializer'
16:56:53.526 [Test worker] DEBUG org.springframework.core.io.support.PathMatchingResourcePatternResolver - Resolved classpath location [data-all.sql] to resources []
16:56:53.526 [Test worker] DEBUG org.springframework.core.io.support.PathMatchingResourcePatternResolver - Resolved classpath location [data.sql] to resources []
16:56:53.531 [Test worker] DEBUG org.springframework.beans.factory.support.DefaultListableBeanFactory - Eagerly caching bean 'org.springframework.orm.jpa.SharedEntityManagerCreator#0' to allow for resolving potential circular references
16:56:53.533 [Test worker] DEBUG org.springframework.beans.factory.support.DefaultListableBeanFactory - Returning cached instance of singleton bean 'org.springframework.transaction.config.internalTransactionAdvisor'
16:56:53.533 [Test worker] DEBUG org.springframework.beans.factory.support.DefaultListableBeanFactory - Returning cached instance of singleton bean 'org.springframework.transaction.config.internalTransactionAdvisor'
16:56:53.533 [Test worker] DEBUG org.springframework.beans.factory.support.DefaultListableBeanFactory - Finished creating instance of bean 'org.springframework.orm.jpa.SharedEntityManagerCreator#0'
16:56:53.533 [Test worker] DEBUG org.springframework.beans.factory.annotation.AutowiredAnnotationBeanPostProcessor - Autowiring by type from bean name 'callLogRepositoryImpl' to bean named 'org.springframework.orm.jpa.SharedEntityManagerCreator#0'
16:56:53.534 [Test worker] DEBUG org.springframework.beans.factory.support.DefaultListableBeanFactory - Returning cached instance of singleton bean 'org.springframework.transaction.config.internalTransactionAdvisor'
16:56:53.534 [Test worker] DEBUG org.springframework.beans.factory.support.DefaultListableBeanFactory - Returning cached instance of singleton bean 'org.springframework.transaction.config.internalTransactionAdvisor'
16:56:53.534 [Test worker] DEBUG org.springframework.beans.factory.support.DefaultListableBeanFactory - Finished creating instance of bean 'callLogRepositoryImpl'
16:56:53.534 [Test worker] DEBUG org.springframework.beans.factory.support.DefaultListableBeanFactory - Creating shared instance of singleton bean 'callLogRepository'
16:56:53.534 [Test worker] DEBUG org.springframework.beans.factory.support.DefaultListableBeanFactory - Creating instance of bean 'callLogRepository'
16:56:53.534 [Test worker] DEBUG org.springframework.beans.factory.support.DefaultListableBeanFactory - Returning cached instance of singleton bean 'org.springframework.transaction.config.internalTransactionAdvisor'
16:56:53.541 [Test worker] DEBUG org.springframework.beans.factory.annotation.InjectionMetadata - Registered injected element on class [org.springframework.data.jpa.repository.support.JpaRepositoryFactoryBean]: PersistenceElement for public void org.springframework.data.jpa.repository.support.JpaRepositoryFactoryBean.setEntityManager(javax.persistence.EntityManager)
16:56:53.542 [Test worker] DEBUG org.springframework.beans.factory.support.DefaultListableBeanFactory - Eagerly caching bean 'callLogRepository' to allow for resolving potential circular references
16:56:53.542 [Test worker] DEBUG org.springframework.beans.factory.annotation.InjectionMetadata - Processing injected element of bean 'callLogRepository': PersistenceElement for public void org.springframework.data.jpa.repository.support.JpaRepositoryFactoryBean.setEntityManager(javax.persistence.EntityManager)
16:56:53.542 [Test worker] DEBUG org.springframework.beans.factory.support.DefaultListableBeanFactory - Creating instance of bean '(inner bean)#48e60474'
16:56:53.542 [Test worker] DEBUG org.springframework.beans.factory.support.DefaultListableBeanFactory - Returning cached instance of singleton bean 'org.springframework.transaction.config.internalTransactionAdvisor'
16:56:53.543 [Test worker] DEBUG org.springframework.beans.factory.support.DefaultListableBeanFactory - Creating instance of bean '(inner bean)#33da345c'
16:56:53.543 [Test worker] DEBUG org.springframework.beans.factory.support.DefaultListableBeanFactory - Returning cached instance of singleton bean 'org.springframework.transaction.config.internalTransactionAdvisor'
16:56:53.545 [Test worker] DEBUG org.springframework.core.io.support.PathMatchingResourcePatternResolver - Resolved classpath location [META-INF/jpa-named-queries.properties] to resources []
16:56:53.545 [Test worker] DEBUG org.springframework.beans.factory.support.DefaultListableBeanFactory - Invoking afterPropertiesSet() on bean with name '(inner bean)#33da345c'
16:56:53.545 [Test worker] DEBUG org.springframework.beans.factory.support.DefaultListableBeanFactory - Returning cached instance of singleton bean 'org.springframework.transaction.config.internalTransactionAdvisor'
16:56:53.545 [Test worker] DEBUG org.springframework.beans.factory.support.DefaultListableBeanFactory - Returning cached instance of singleton bean 'org.springframework.transaction.config.internalTransactionAdvisor'
16:56:53.545 [Test worker] DEBUG org.springframework.beans.factory.support.DefaultListableBeanFactory - Finished creating instance of bean '(inner bean)#33da345c'
16:56:53.545 [Test worker] DEBUG org.springframework.beans.factory.support.DefaultListableBeanFactory - Returning cached instance of singleton bean 'org.springframework.transaction.config.internalTransactionAdvisor'
16:56:53.545 [Test worker] DEBUG org.springframework.beans.factory.support.DefaultListableBeanFactory - Returning cached instance of singleton bean 'org.springframework.transaction.config.internalTransactionAdvisor'
16:56:53.549 [Test worker] DEBUG org.springframework.beans.factory.support.DefaultListableBeanFactory - Returning cached instance of singleton bean 'org.springframework.transaction.config.internalTransactionAdvisor'
16:56:53.549 [Test worker] DEBUG org.springframework.beans.factory.support.DefaultListableBeanFactory - Returning cached instance of singleton bean 'org.springframework.transaction.config.internalTransactionAdvisor'
16:56:53.549 [Test worker] DEBUG org.springframework.beans.factory.support.DefaultListableBeanFactory - Finished creating instance of bean '(inner bean)#48e60474'
16:56:53.549 [Test worker] DEBUG org.springframework.beans.factory.support.DefaultListableBeanFactory - Returning cached instance of singleton bean 'callLogRepositoryImpl'
16:56:53.549 [Test worker] DEBUG org.springframework.beans.factory.support.DefaultListableBeanFactory - Creating instance of bean '(inner bean)#14a2d32c'
16:56:53.549 [Test worker] DEBUG org.springframework.beans.factory.support.DefaultListableBeanFactory - Returning cached instance of singleton bean 'org.springframework.transaction.config.internalTransactionAdvisor'
16:56:53.551 [Test worker] DEBUG org.springframework.beans.factory.support.DefaultListableBeanFactory - Returning cached instance of singleton bean 'org.springframework.transaction.config.internalTransactionAdvisor'
16:56:53.551 [Test worker] DEBUG org.springframework.beans.factory.support.DefaultListableBeanFactory - Returning cached instance of singleton bean 'org.springframework.transaction.config.internalTransactionAdvisor'
16:56:53.552 [Test worker] DEBUG org.springframework.beans.factory.support.DefaultListableBeanFactory - Finished creating instance of bean '(inner bean)#14a2d32c'
16:56:53.552 [Test worker] DEBUG org.springframework.beans.factory.support.DefaultListableBeanFactory - Creating instance of bean '(inner bean)#448eeb7e'
16:56:53.552 [Test worker] DEBUG org.springframework.beans.factory.support.DefaultListableBeanFactory - Returning cached instance of singleton bean 'org.springframework.transaction.config.internalTransactionAdvisor'
16:56:53.552 [Test worker] DEBUG org.springframework.beans.factory.support.DefaultListableBeanFactory - Returning cached instance of singleton bean 'entityManagerFactory'
16:56:53.552 [Test worker] DEBUG org.springframework.beans.factory.support.DefaultListableBeanFactory - Returning cached instance of singleton bean 'org.springframework.transaction.config.internalTransactionAdvisor'
16:56:53.552 [Test worker] DEBUG org.springframework.beans.factory.support.DefaultListableBeanFactory - Returning cached instance of singleton bean 'org.springframework.transaction.config.internalTransactionAdvisor'
16:56:53.552 [Test worker] DEBUG org.springframework.beans.factory.support.DefaultListableBeanFactory - Finished creating instance of bean '(inner bean)#448eeb7e'
16:56:53.553 [Test worker] DEBUG org.springframework.beans.factory.support.DefaultListableBeanFactory - Creating shared instance of singleton bean 'jpaMappingContext'
16:56:53.553 [Test worker] DEBUG org.springframework.beans.factory.support.DefaultListableBeanFactory - Creating instance of bean 'jpaMappingContext'
16:56:53.553 [Test worker] DEBUG org.springframework.beans.factory.support.DefaultListableBeanFactory - Returning cached instance of singleton bean 'org.springframework.transaction.config.internalTransactionAdvisor'
16:56:53.553 [Test worker] DEBUG org.springframework.beans.factory.support.DefaultListableBeanFactory - Eagerly caching bean 'jpaMappingContext' to allow for resolving potential circular references
16:56:53.555 [Test worker] DEBUG org.springframework.beans.factory.support.DefaultListableBeanFactory - Invoking afterPropertiesSet() on bean with name 'jpaMappingContext'
16:56:53.556 [Test worker] DEBUG org.springframework.beans.factory.support.DefaultListableBeanFactory - Returning cached instance of singleton bean 'org.springframework.transaction.config.internalTransactionAdvisor'
16:56:53.556 [Test worker] DEBUG org.springframework.beans.factory.support.DefaultListableBeanFactory - Returning cached instance of singleton bean 'org.springframework.transaction.config.internalTransactionAdvisor'
16:56:53.556 [Test worker] DEBUG org.springframework.beans.factory.support.DefaultListableBeanFactory - Returning eagerly cached instance of singleton bean 'jpaMappingContext' that is not fully initialized yet - a consequence of a circular reference
16:56:53.556 [Test worker] DEBUG org.springframework.beans.factory.support.DefaultListableBeanFactory - Returning cached instance of singleton bean 'entityManagerFactory'
16:56:53.573 [Test worker] DEBUG org.springframework.beans.factory.support.DefaultListableBeanFactory - Finished creating instance of bean 'jpaMappingContext'
16:56:53.573 [Test worker] DEBUG org.springframework.beans.factory.support.DefaultListableBeanFactory - Returning cached instance of singleton bean 'org.springframework.transaction.config.internalTransactionAdvisor'
16:56:53.573 [Test worker] DEBUG org.springframework.beans.factory.support.DefaultListableBeanFactory - Returning cached instance of singleton bean 'org.springframework.transaction.config.internalTransactionAdvisor'
16:56:53.574 [Test worker] DEBUG org.springframework.beans.factory.support.DefaultListableBeanFactory - Invoking afterPropertiesSet() on bean with name 'callLogRepository'
16:56:53.577 [Test worker] DEBUG org.springframework.orm.jpa.SharedEntityManagerCreator$SharedEntityManagerInvocationHandler - Creating new EntityManager for shared EntityManager invocation
16:56:53.608 [Test worker] DEBUG org.springframework.orm.jpa.EntityManagerFactoryUtils - Closing JPA EntityManager
16:56:53.609 [Test worker] DEBUG org.springframework.orm.jpa.SharedEntityManagerCreator$SharedEntityManagerInvocationHandler - Creating new EntityManager for shared EntityManager invocation
16:56:53.609 [Test worker] DEBUG org.springframework.orm.jpa.EntityManagerFactoryUtils - Closing JPA EntityManager
16:56:53.618 [Test worker] DEBUG org.springframework.orm.jpa.SharedEntityManagerCreator$SharedEntityManagerInvocationHandler - Creating new EntityManager for shared EntityManager invocation
16:56:53.618 [Test worker] DEBUG org.springframework.orm.jpa.EntityManagerFactoryUtils - Closing JPA EntityManager
16:56:53.621 [Test worker] DEBUG org.springframework.aop.framework.JdkDynamicAopProxy - Creating JDK dynamic proxy: target source is org.springframework.data.jpa.repository.support.CrudMethodMetadataPostProcessor$ThreadBoundTargetSource@4f9db5ad
16:56:53.632 [Test worker] DEBUG org.springframework.orm.jpa.SharedEntityManagerCreator$SharedEntityManagerInvocationHandler - Creating new EntityManager for shared EntityManager invocation
16:56:53.632 [Test worker] DEBUG org.springframework.orm.jpa.EntityManagerFactoryUtils - Closing JPA EntityManager
16:56:53.643 [Test worker] DEBUG org.springframework.data.jpa.repository.query.JpaQueryFactory - Looking up query for method findCallBetweenTwoPerson
16:56:53.677 [Test worker] DEBUG org.hibernate.hql.internal.ast.QueryTranslatorImpl - parse() - HQL: select c from com.mycompany.dbEntity.CallLogInfo c where c.personInfo = :person and c.partyPhoneNumber = :partyPhoneNumber and c.callStartDateTime >= :startTime and c.callEndDateTime <= :endTime order by c.callStartDateTime asc
16:56:53.685 [Test worker] DEBUG org.hibernate.hql.internal.ast.QueryTranslatorImpl - --- HQL AST ---
 \-[QUERY] Node: 'query'
    +-[SELECT_FROM] Node: 'SELECT_FROM'
    |  +-[FROM] Node: 'from'
    |  |  \-[RANGE] Node: 'RANGE'
    |  |     +-[DOT] Node: '.'
    |  |     |  +-[DOT] Node: '.'
    |  |     |  |  +-[DOT] Node: '.'
    |  |     |  |  |  +-[IDENT] Node: 'com'
    |  |     |  |  |  \-[IDENT] Node: 'mycompany'
    |  |     |  |  \-[IDENT] Node: 'dbEntity'
    |  |     |  \-[IDENT] Node: 'CallLogInfo'
    |  |     \-[ALIAS] Node: 'c'
    |  \-[SELECT] Node: 'select'
    |     \-[IDENT] Node: 'c'
    +-[WHERE] Node: 'where'
    |  \-[AND] Node: 'and'
    |     +-[AND] Node: 'and'
    |     |  +-[AND] Node: 'and'
    |     |  |  +-[EQ] Node: '='
    |     |  |  |  +-[DOT] Node: '.'
    |     |  |  |  |  +-[IDENT] Node: 'c'
    |     |  |  |  |  \-[IDENT] Node: 'personInfo'
    |     |  |  |  \-[COLON] Node: ':'
    |     |  |  |     \-[IDENT] Node: 'person'
    |     |  |  \-[EQ] Node: '='
    |     |  |     +-[DOT] Node: '.'
    |     |  |     |  +-[IDENT] Node: 'c'
    |     |  |     |  \-[IDENT] Node: 'partyPhoneNumber'
    |     |  |     \-[COLON] Node: ':'
    |     |  |        \-[IDENT] Node: 'partyPhoneNumber'
    |     |  \-[GE] Node: '>='
    |     |     +-[DOT] Node: '.'
    |     |     |  +-[IDENT] Node: 'c'
    |     |     |  \-[IDENT] Node: 'callStartDateTime'
    |     |     \-[COLON] Node: ':'
    |     |        \-[IDENT] Node: 'startTime'
    |     \-[LE] Node: '<='
    |        +-[DOT] Node: '.'
    |        |  +-[IDENT] Node: 'c'
    |        |  \-[IDENT] Node: 'callEndDateTime'
    |        \-[COLON] Node: ':'
    |           \-[IDENT] Node: 'endTime'
    \-[ORDER] Node: 'order'
       +-[DOT] Node: '.'
       |  +-[IDENT] Node: 'c'
       |  \-[IDENT] Node: 'callStartDateTime'
       \-[ASCENDING] Node: 'asc'

16:56:53.685 [Test worker] DEBUG org.hibernate.hql.internal.ast.ErrorCounter - throwQueryException() : no errors
16:56:53.699 [Test worker] DEBUG org.hibernate.hql.internal.antlr.HqlSqlBaseWalker - select << begin [level=1, statement=select]
16:56:53.709 [Test worker] DEBUG org.hibernate.hql.internal.ast.tree.FromElement - FromClause{level=1} : com.mycompany.dbEntity.CallLogInfo (c) -> callloginf0_
16:56:53.710 [Test worker] DEBUG org.hibernate.hql.internal.ast.tree.FromReferenceNode - Resolved : c -> callloginf0_.call_log_id
16:56:53.713 [Test worker] DEBUG org.hibernate.hql.internal.ast.tree.FromReferenceNode - Resolved : c -> callloginf0_.call_log_id
16:56:53.713 [Test worker] DEBUG org.hibernate.hql.internal.ast.tree.DotNode - getDataType() : personInfo -> org.hibernate.type.ManyToOneType(com.mycompany.dbEntity.PersonInfo)
16:56:53.714 [Test worker] DEBUG org.hibernate.hql.internal.ast.tree.DotNode - dereferenceShortcut() : property personInfo in com.mycompany.dbEntity.CallLogInfo does not require a join.
16:56:53.714 [Test worker] DEBUG org.hibernate.hql.internal.ast.tree.DotNode - Terminal getPropertyPath = [personInfo]
16:56:53.714 [Test worker] DEBUG org.hibernate.hql.internal.ast.tree.FromReferenceNode - Resolved : c.personInfo -> callloginf0_.id
16:56:53.715 [Test worker] DEBUG org.hibernate.hql.internal.ast.tree.FromReferenceNode - Resolved : c -> callloginf0_.call_log_id
16:56:53.715 [Test worker] DEBUG org.hibernate.hql.internal.ast.tree.DotNode - getDataType() : partyPhoneNumber -> org.hibernate.type.StringType@7c7b3cd2
16:56:53.716 [Test worker] DEBUG org.hibernate.hql.internal.ast.tree.FromReferenceNode - Resolved : c.partyPhoneNumber -> callloginf0_.party_phone_no
16:56:53.716 [Test worker] DEBUG org.hibernate.hql.internal.ast.tree.FromReferenceNode - Resolved : c -> callloginf0_.call_log_id
16:56:53.716 [Test worker] DEBUG org.hibernate.hql.internal.ast.tree.DotNode - getDataType() : callStartDateTime -> org.hibernate.type.CalendarType@15133226
16:56:53.716 [Test worker] DEBUG org.hibernate.hql.internal.ast.tree.FromReferenceNode - Resolved : c.callStartDateTime -> callloginf0_.start_time
16:56:53.716 [Test worker] DEBUG org.hibernate.hql.internal.ast.tree.FromReferenceNode - Resolved : c -> callloginf0_.call_log_id
16:56:53.716 [Test worker] DEBUG org.hibernate.hql.internal.ast.tree.DotNode - getDataType() : callEndDateTime -> org.hibernate.type.CalendarType@15133226
16:56:53.716 [Test worker] DEBUG org.hibernate.hql.internal.ast.tree.FromReferenceNode - Resolved : c.callEndDateTime -> callloginf0_.end_time
16:56:53.717 [Test worker] DEBUG org.hibernate.hql.internal.ast.tree.FromReferenceNode - Resolved : c -> callloginf0_.call_log_id
16:56:53.717 [Test worker] DEBUG org.hibernate.hql.internal.ast.tree.DotNode - getDataType() : callStartDateTime -> org.hibernate.type.CalendarType@15133226
16:56:53.717 [Test worker] DEBUG org.hibernate.hql.internal.ast.tree.FromReferenceNode - Resolved : c.callStartDateTime -> callloginf0_.start_time
16:56:53.717 [Test worker] DEBUG org.hibernate.hql.internal.antlr.HqlSqlBaseWalker - select : finishing up [level=1, statement=select]
16:56:53.717 [Test worker] DEBUG org.hibernate.hql.internal.ast.HqlSqlWalker - processQuery() :  ( SELECT ( {select clause} callloginf0_.call_log_id ) ( FromClause{level=1} call_log callloginf0_ ) ( where ( and ( and ( and ( = ( callloginf0_.id callloginf0_.call_log_id personInfo ) ? ) ( = ( callloginf0_.party_phone_no callloginf0_.call_log_id partyPhoneNumber ) ? ) ) ( >= ( callloginf0_.start_time callloginf0_.call_log_id callStartDateTime ) ? ) ) ( <= ( callloginf0_.end_time callloginf0_.call_log_id callEndDateTime ) ? ) ) ) ( order ( callloginf0_.start_time callloginf0_.call_log_id callStartDateTime ) asc ) )
16:56:53.723 [Test worker] DEBUG org.hibernate.hql.internal.ast.util.JoinProcessor - Using FROM fragment [call_log callloginf0_]
16:56:53.723 [Test worker] DEBUG org.hibernate.hql.internal.antlr.HqlSqlBaseWalker - select >> end [level=1, statement=select]
16:56:53.724 [Test worker] DEBUG org.hibernate.hql.internal.ast.QueryTranslatorImpl - --- SQL AST ---
 \-[SELECT] QueryNode: 'SELECT'  querySpaces (call_log)
    +-[SELECT_CLAUSE] SelectClause: '{select clause}'
    |  +-[ALIAS_REF] IdentNode: 'callloginf0_.call_log_id as call_log1_0_' {alias=c, className=com.mycompany.dbEntity.CallLogInfo, tableAlias=callloginf0_}
    |  \-[SQL_TOKEN] SqlFragment: 'callloginf0_.end_time as end_time2_0_, callloginf0_.start_time as start_ti3_0_, callloginf0_.call_type as call_typ4_0_, callloginf0_.location as location5_0_, callloginf0_.party_phone_no as party_ph6_0_, callloginf0_.id as id7_0_'
    +-[FROM] FromClause: 'from' FromClause{level=1, fromElementCounter=1, fromElements=1, fromElementByClassAlias=[c], fromElementByTableAlias=[callloginf0_], fromElementsByPath=[], collectionJoinFromElementsByPath=[], impliedElements=[]}
    |  \-[FROM_FRAGMENT] FromElement: 'call_log callloginf0_' FromElement{explicit,not a collection join,not a fetch join,fetch non-lazy properties,classAlias=c,role=null,tableName=call_log,tableAlias=callloginf0_,origin=null,columns={,className=com.mycompany.dbEntity.CallLogInfo}}
    +-[WHERE] SqlNode: 'where'
    |  \-[AND] SqlNode: 'and'
    |     +-[AND] SqlNode: 'and'
    |     |  +-[AND] SqlNode: 'and'
    |     |  |  +-[EQ] BinaryLogicOperatorNode: '='
    |     |  |  |  +-[DOT] DotNode: 'callloginf0_.id' {propertyName=personInfo,dereferenceType=UNKNOWN,getPropertyPath=personInfo,path=c.personInfo,tableAlias=callloginf0_,className=com.mycompany.dbEntity.CallLogInfo,classAlias=c}
    |     |  |  |  |  +-[ALIAS_REF] IdentNode: 'callloginf0_.call_log_id' {alias=c, className=com.mycompany.dbEntity.CallLogInfo, tableAlias=callloginf0_}
    |     |  |  |  |  \-[IDENT] IdentNode: 'personInfo' {originalText=personInfo}
    |     |  |  |  \-[NAMED_PARAM] ParameterNode: '?' {name=person, expectedType=org.hibernate.type.ManyToOneType(com.mycompany.dbEntity.PersonInfo)}
    |     |  |  \-[EQ] BinaryLogicOperatorNode: '='
    |     |  |     +-[DOT] DotNode: 'callloginf0_.party_phone_no' {propertyName=partyPhoneNumber,dereferenceType=PRIMITIVE,getPropertyPath=partyPhoneNumber,path=c.partyPhoneNumber,tableAlias=callloginf0_,className=com.mycompany.dbEntity.CallLogInfo,classAlias=c}
    |     |  |     |  +-[ALIAS_REF] IdentNode: 'callloginf0_.call_log_id' {alias=c, className=com.mycompany.dbEntity.CallLogInfo, tableAlias=callloginf0_}
    |     |  |     |  \-[IDENT] IdentNode: 'partyPhoneNumber' {originalText=partyPhoneNumber}
    |     |  |     \-[NAMED_PARAM] ParameterNode: '?' {name=partyPhoneNumber, expectedType=org.hibernate.type.StringType@7c7b3cd2}
    |     |  \-[GE] BinaryLogicOperatorNode: '>='
    |     |     +-[DOT] DotNode: 'callloginf0_.start_time' {propertyName=callStartDateTime,dereferenceType=PRIMITIVE,getPropertyPath=callStartDateTime,path=c.callStartDateTime,tableAlias=callloginf0_,className=com.mycompany.dbEntity.CallLogInfo,classAlias=c}
    |     |     |  +-[ALIAS_REF] IdentNode: 'callloginf0_.call_log_id' {alias=c, className=com.mycompany.dbEntity.CallLogInfo, tableAlias=callloginf0_}
    |     |     |  \-[IDENT] IdentNode: 'callStartDateTime' {originalText=callStartDateTime}
    |     |     \-[NAMED_PARAM] ParameterNode: '?' {name=startTime, expectedType=org.hibernate.type.CalendarType@15133226}
    |     \-[LE] BinaryLogicOperatorNode: '<='
    |        +-[DOT] DotNode: 'callloginf0_.end_time' {propertyName=callEndDateTime,dereferenceType=PRIMITIVE,getPropertyPath=callEndDateTime,path=c.callEndDateTime,tableAlias=callloginf0_,className=com.mycompany.dbEntity.CallLogInfo,classAlias=c}
    |        |  +-[ALIAS_REF] IdentNode: 'callloginf0_.call_log_id' {alias=c, className=com.mycompany.dbEntity.CallLogInfo, tableAlias=callloginf0_}
    |        |  \-[IDENT] IdentNode: 'callEndDateTime' {originalText=callEndDateTime}
    |        \-[NAMED_PARAM] ParameterNode: '?' {name=endTime, expectedType=org.hibernate.type.CalendarType@15133226}
    \-[ORDER] OrderByClause: 'order'
       +-[DOT] DotNode: 'callloginf0_.start_time' {propertyName=callStartDateTime,dereferenceType=PRIMITIVE,getPropertyPath=callStartDateTime,path=c.callStartDateTime,tableAlias=callloginf0_,className=com.mycompany.dbEntity.CallLogInfo,classAlias=c}
       |  +-[ALIAS_REF] IdentNode: 'callloginf0_.call_log_id' {alias=c, className=com.mycompany.dbEntity.CallLogInfo, tableAlias=callloginf0_}
       |  \-[IDENT] IdentNode: 'callStartDateTime' {originalText=callStartDateTime}
       \-[ASCENDING] SqlNode: 'asc'

16:56:53.725 [Test worker] DEBUG org.hibernate.hql.internal.ast.ErrorCounter - throwQueryException() : no errors
16:56:53.730 [Test worker] DEBUG org.hibernate.hql.internal.ast.QueryTranslatorImpl - HQL: select c from com.mycompany.dbEntity.CallLogInfo c where c.personInfo = :person and c.partyPhoneNumber = :partyPhoneNumber and c.callStartDateTime >= :startTime and c.callEndDateTime <= :endTime order by c.callStartDateTime asc
16:56:53.730 [Test worker] DEBUG org.hibernate.hql.internal.ast.QueryTranslatorImpl - SQL: select callloginf0_.call_log_id as call_log1_0_, callloginf0_.end_time as end_time2_0_, callloginf0_.start_time as start_ti3_0_, callloginf0_.call_type as call_typ4_0_, callloginf0_.location as location5_0_, callloginf0_.party_phone_no as party_ph6_0_, callloginf0_.id as id7_0_ from call_log callloginf0_ where callloginf0_.id=? and callloginf0_.party_phone_no=? and callloginf0_.start_time>=? and callloginf0_.end_time<=? order by callloginf0_.start_time asc
16:56:53.730 [Test worker] DEBUG org.hibernate.hql.internal.ast.ErrorCounter - throwQueryException() : no errors
16:56:53.735 [Test worker] DEBUG org.springframework.data.jpa.repository.query.JpaQueryFactory - Looking up query for method findLocationData
16:56:53.736 [Test worker] DEBUG org.hibernate.hql.internal.ast.QueryTranslatorImpl - parse() - HQL: select c from com.mycompany.dbEntity.CallLogInfo c where c.personInfo = :person and c.callStartDateTime >= :startTime and c.callEndDateTime <= :endTime order by c.callStartDateTime asc
16:56:53.739 [Test worker] DEBUG org.hibernate.hql.internal.ast.QueryTranslatorImpl - --- HQL AST ---
 \-[QUERY] Node: 'query'
    +-[SELECT_FROM] Node: 'SELECT_FROM'
    |  +-[FROM] Node: 'from'
    |  |  \-[RANGE] Node: 'RANGE'
    |  |     +-[DOT] Node: '.'
    |  |     |  +-[DOT] Node: '.'
    |  |     |  |  +-[DOT] Node: '.'
    |  |     |  |  |  +-[IDENT] Node: 'com'
    |  |     |  |  |  \-[IDENT] Node: 'mycompany'
    |  |     |  |  \-[IDENT] Node: 'dbEntity'
    |  |     |  \-[IDENT] Node: 'CallLogInfo'
    |  |     \-[ALIAS] Node: 'c'
    |  \-[SELECT] Node: 'select'
    |     \-[IDENT] Node: 'c'
    +-[WHERE] Node: 'where'
    |  \-[AND] Node: 'and'
    |     +-[AND] Node: 'and'
    |     |  +-[EQ] Node: '='
    |     |  |  +-[DOT] Node: '.'
    |     |  |  |  +-[IDENT] Node: 'c'
    |     |  |  |  \-[IDENT] Node: 'personInfo'
    |     |  |  \-[COLON] Node: ':'
    |     |  |     \-[IDENT] Node: 'person'
    |     |  \-[GE] Node: '>='
    |     |     +-[DOT] Node: '.'
    |     |     |  +-[IDENT] Node: 'c'
    |     |     |  \-[IDENT] Node: 'callStartDateTime'
    |     |     \-[COLON] Node: ':'
    |     |        \-[IDENT] Node: 'startTime'
    |     \-[LE] Node: '<='
    |        +-[DOT] Node: '.'
    |        |  +-[IDENT] Node: 'c'
    |        |  \-[IDENT] Node: 'callEndDateTime'
    |        \-[COLON] Node: ':'
    |           \-[IDENT] Node: 'endTime'
    \-[ORDER] Node: 'order'
       +-[DOT] Node: '.'
       |  +-[IDENT] Node: 'c'
       |  \-[IDENT] Node: 'callStartDateTime'
       \-[ASCENDING] Node: 'asc'

16:56:53.739 [Test worker] DEBUG org.hibernate.hql.internal.ast.ErrorCounter - throwQueryException() : no errors
16:56:53.740 [Test worker] DEBUG org.hibernate.hql.internal.antlr.HqlSqlBaseWalker - select << begin [level=1, statement=select]
16:56:53.740 [Test worker] DEBUG org.hibernate.hql.internal.ast.tree.FromElement - FromClause{level=1} : com.mycompany.dbEntity.CallLogInfo (c) -> callloginf0_
16:56:53.740 [Test worker] DEBUG org.hibernate.hql.internal.ast.tree.FromReferenceNode - Resolved : c -> callloginf0_.call_log_id
16:56:53.741 [Test worker] DEBUG org.hibernate.hql.internal.ast.tree.FromReferenceNode - Resolved : c -> callloginf0_.call_log_id
16:56:53.741 [Test worker] DEBUG org.hibernate.hql.internal.ast.tree.DotNode - getDataType() : personInfo -> org.hibernate.type.ManyToOneType(com.mycompany.dbEntity.PersonInfo)
16:56:53.741 [Test worker] DEBUG org.hibernate.hql.internal.ast.tree.DotNode - dereferenceShortcut() : property personInfo in com.mycompany.dbEntity.CallLogInfo does not require a join.
16:56:53.741 [Test worker] DEBUG org.hibernate.hql.internal.ast.tree.DotNode - Terminal getPropertyPath = [personInfo]
16:56:53.741 [Test worker] DEBUG org.hibernate.hql.internal.ast.tree.FromReferenceNode - Resolved : c.personInfo -> callloginf0_.id
16:56:53.741 [Test worker] DEBUG org.hibernate.hql.internal.ast.tree.FromReferenceNode - Resolved : c -> callloginf0_.call_log_id
16:56:53.741 [Test worker] DEBUG org.hibernate.hql.internal.ast.tree.DotNode - getDataType() : callStartDateTime -> org.hibernate.type.CalendarType@15133226
16:56:53.741 [Test worker] DEBUG org.hibernate.hql.internal.ast.tree.FromReferenceNode - Resolved : c.callStartDateTime -> callloginf0_.start_time
16:56:53.742 [Test worker] DEBUG org.hibernate.hql.internal.ast.tree.FromReferenceNode - Resolved : c -> callloginf0_.call_log_id
16:56:53.742 [Test worker] DEBUG org.hibernate.hql.internal.ast.tree.DotNode - getDataType() : callEndDateTime -> org.hibernate.type.CalendarType@15133226
16:56:53.742 [Test worker] DEBUG org.hibernate.hql.internal.ast.tree.FromReferenceNode - Resolved : c.callEndDateTime -> callloginf0_.end_time
16:56:53.742 [Test worker] DEBUG org.hibernate.hql.internal.ast.tree.FromReferenceNode - Resolved : c -> callloginf0_.call_log_id
16:56:53.742 [Test worker] DEBUG org.hibernate.hql.internal.ast.tree.DotNode - getDataType() : callStartDateTime -> org.hibernate.type.CalendarType@15133226
16:56:53.742 [Test worker] DEBUG org.hibernate.hql.internal.ast.tree.FromReferenceNode - Resolved : c.callStartDateTime -> callloginf0_.start_time
16:56:53.742 [Test worker] DEBUG org.hibernate.hql.internal.antlr.HqlSqlBaseWalker - select : finishing up [level=1, statement=select]
16:56:53.742 [Test worker] DEBUG org.hibernate.hql.internal.ast.HqlSqlWalker - processQuery() :  ( SELECT ( {select clause} callloginf0_.call_log_id ) ( FromClause{level=1} call_log callloginf0_ ) ( where ( and ( and ( = ( callloginf0_.id callloginf0_.call_log_id personInfo ) ? ) ( >= ( callloginf0_.start_time callloginf0_.call_log_id callStartDateTime ) ? ) ) ( <= ( callloginf0_.end_time callloginf0_.call_log_id callEndDateTime ) ? ) ) ) ( order ( callloginf0_.start_time callloginf0_.call_log_id callStartDateTime ) asc ) )
16:56:53.742 [Test worker] DEBUG org.hibernate.hql.internal.ast.util.JoinProcessor - Using FROM fragment [call_log callloginf0_]
16:56:53.742 [Test worker] DEBUG org.hibernate.hql.internal.antlr.HqlSqlBaseWalker - select >> end [level=1, statement=select]
16:56:53.743 [Test worker] DEBUG org.hibernate.hql.internal.ast.QueryTranslatorImpl - --- SQL AST ---
 \-[SELECT] QueryNode: 'SELECT'  querySpaces (call_log)
    +-[SELECT_CLAUSE] SelectClause: '{select clause}'
    |  +-[ALIAS_REF] IdentNode: 'callloginf0_.call_log_id as call_log1_0_' {alias=c, className=com.mycompany.dbEntity.CallLogInfo, tableAlias=callloginf0_}
    |  \-[SQL_TOKEN] SqlFragment: 'callloginf0_.end_time as end_time2_0_, callloginf0_.start_time as start_ti3_0_, callloginf0_.call_type as call_typ4_0_, callloginf0_.location as location5_0_, callloginf0_.party_phone_no as party_ph6_0_, callloginf0_.id as id7_0_'
    +-[FROM] FromClause: 'from' FromClause{level=1, fromElementCounter=1, fromElements=1, fromElementByClassAlias=[c], fromElementByTableAlias=[callloginf0_], fromElementsByPath=[], collectionJoinFromElementsByPath=[], impliedElements=[]}
    |  \-[FROM_FRAGMENT] FromElement: 'call_log callloginf0_' FromElement{explicit,not a collection join,not a fetch join,fetch non-lazy properties,classAlias=c,role=null,tableName=call_log,tableAlias=callloginf0_,origin=null,columns={,className=com.mycompany.dbEntity.CallLogInfo}}
    +-[WHERE] SqlNode: 'where'
    |  \-[AND] SqlNode: 'and'
    |     +-[AND] SqlNode: 'and'
    |     |  +-[EQ] BinaryLogicOperatorNode: '='
    |     |  |  +-[DOT] DotNode: 'callloginf0_.id' {propertyName=personInfo,dereferenceType=UNKNOWN,getPropertyPath=personInfo,path=c.personInfo,tableAlias=callloginf0_,className=com.mycompany.dbEntity.CallLogInfo,classAlias=c}
    |     |  |  |  +-[ALIAS_REF] IdentNode: 'callloginf0_.call_log_id' {alias=c, className=com.mycompany.dbEntity.CallLogInfo, tableAlias=callloginf0_}
    |     |  |  |  \-[IDENT] IdentNode: 'personInfo' {originalText=personInfo}
    |     |  |  \-[NAMED_PARAM] ParameterNode: '?' {name=person, expectedType=org.hibernate.type.ManyToOneType(com.mycompany.dbEntity.PersonInfo)}
    |     |  \-[GE] BinaryLogicOperatorNode: '>='
    |     |     +-[DOT] DotNode: 'callloginf0_.start_time' {propertyName=callStartDateTime,dereferenceType=PRIMITIVE,getPropertyPath=callStartDateTime,path=c.callStartDateTime,tableAlias=callloginf0_,className=com.mycompany.dbEntity.CallLogInfo,classAlias=c}
    |     |     |  +-[ALIAS_REF] IdentNode: 'callloginf0_.call_log_id' {alias=c, className=com.mycompany.dbEntity.CallLogInfo, tableAlias=callloginf0_}
    |     |     |  \-[IDENT] IdentNode: 'callStartDateTime' {originalText=callStartDateTime}
    |     |     \-[NAMED_PARAM] ParameterNode: '?' {name=startTime, expectedType=org.hibernate.type.CalendarType@15133226}
    |     \-[LE] BinaryLogicOperatorNode: '<='
    |        +-[DOT] DotNode: 'callloginf0_.end_time' {propertyName=callEndDateTime,dereferenceType=PRIMITIVE,getPropertyPath=callEndDateTime,path=c.callEndDateTime,tableAlias=callloginf0_,className=com.mycompany.dbEntity.CallLogInfo,classAlias=c}
    |        |  +-[ALIAS_REF] IdentNode: 'callloginf0_.call_log_id' {alias=c, className=com.mycompany.dbEntity.CallLogInfo, tableAlias=callloginf0_}
    |        |  \-[IDENT] IdentNode: 'callEndDateTime' {originalText=callEndDateTime}
    |        \-[NAMED_PARAM] ParameterNode: '?' {name=endTime, expectedType=org.hibernate.type.CalendarType@15133226}
    \-[ORDER] OrderByClause: 'order'
       +-[DOT] DotNode: 'callloginf0_.start_time' {propertyName=callStartDateTime,dereferenceType=PRIMITIVE,getPropertyPath=callStartDateTime,path=c.callStartDateTime,tableAlias=callloginf0_,className=com.mycompany.dbEntity.CallLogInfo,classAlias=c}
       |  +-[ALIAS_REF] IdentNode: 'callloginf0_.call_log_id' {alias=c, className=com.mycompany.dbEntity.CallLogInfo, tableAlias=callloginf0_}
       |  \-[IDENT] IdentNode: 'callStartDateTime' {originalText=callStartDateTime}
       \-[ASCENDING] SqlNode: 'asc'

16:56:53.743 [Test worker] DEBUG org.hibernate.hql.internal.ast.ErrorCounter - throwQueryException() : no errors
16:56:53.743 [Test worker] DEBUG org.hibernate.hql.internal.ast.QueryTranslatorImpl - HQL: select c from com.mycompany.dbEntity.CallLogInfo c where c.personInfo = :person and c.callStartDateTime >= :startTime and c.callEndDateTime <= :endTime order by c.callStartDateTime asc
16:56:53.743 [Test worker] DEBUG org.hibernate.hql.internal.ast.QueryTranslatorImpl - SQL: select callloginf0_.call_log_id as call_log1_0_, callloginf0_.end_time as end_time2_0_, callloginf0_.start_time as start_ti3_0_, callloginf0_.call_type as call_typ4_0_, callloginf0_.location as location5_0_, callloginf0_.party_phone_no as party_ph6_0_, callloginf0_.id as id7_0_ from call_log callloginf0_ where callloginf0_.id=? and callloginf0_.start_time>=? and callloginf0_.end_time<=? order by callloginf0_.start_time asc
16:56:53.743 [Test worker] DEBUG org.hibernate.hql.internal.ast.ErrorCounter - throwQueryException() : no errors
16:56:53.745 [Test worker] DEBUG org.springframework.data.jpa.repository.query.JpaQueryFactory - Looking up query for method findCallLogs
16:56:53.746 [Test worker] DEBUG org.hibernate.hql.internal.ast.QueryTranslatorImpl - parse() - HQL: select c from com.mycompany.dbEntity.CallLogInfo c where c.personInfo = :person and c.callStartDateTime >= :startTime and c.callEndDateTime <= :endTime order by c.callStartDateTime desc
16:56:53.749 [Test worker] DEBUG org.hibernate.hql.internal.ast.QueryTranslatorImpl - --- HQL AST ---
 \-[QUERY] Node: 'query'
    +-[SELECT_FROM] Node: 'SELECT_FROM'
    |  +-[FROM] Node: 'from'
    |  |  \-[RANGE] Node: 'RANGE'
    |  |     +-[DOT] Node: '.'
    |  |     |  +-[DOT] Node: '.'
    |  |     |  |  +-[DOT] Node: '.'
    |  |     |  |  |  +-[IDENT] Node: 'com'
    |  |     |  |  |  \-[IDENT] Node: 'mycompany'
    |  |     |  |  \-[IDENT] Node: 'dbEntity'
    |  |     |  \-[IDENT] Node: 'CallLogInfo'
    |  |     \-[ALIAS] Node: 'c'
    |  \-[SELECT] Node: 'select'
    |     \-[IDENT] Node: 'c'
    +-[WHERE] Node: 'where'
    |  \-[AND] Node: 'and'
    |     +-[AND] Node: 'and'
    |     |  +-[EQ] Node: '='
    |     |  |  +-[DOT] Node: '.'
    |     |  |  |  +-[IDENT] Node: 'c'
    |     |  |  |  \-[IDENT] Node: 'personInfo'
    |     |  |  \-[COLON] Node: ':'
    |     |  |     \-[IDENT] Node: 'person'
    |     |  \-[GE] Node: '>='
    |     |     +-[DOT] Node: '.'
    |     |     |  +-[IDENT] Node: 'c'
    |     |     |  \-[IDENT] Node: 'callStartDateTime'
    |     |     \-[COLON] Node: ':'
    |     |        \-[IDENT] Node: 'startTime'
    |     \-[LE] Node: '<='
    |        +-[DOT] Node: '.'
    |        |  +-[IDENT] Node: 'c'
    |        |  \-[IDENT] Node: 'callEndDateTime'
    |        \-[COLON] Node: ':'
    |           \-[IDENT] Node: 'endTime'
    \-[ORDER] Node: 'order'
       +-[DOT] Node: '.'
       |  +-[IDENT] Node: 'c'
       |  \-[IDENT] Node: 'callStartDateTime'
       \-[DESCENDING] Node: 'desc'

16:56:53.749 [Test worker] DEBUG org.hibernate.hql.internal.ast.ErrorCounter - throwQueryException() : no errors
16:56:53.750 [Test worker] DEBUG org.hibernate.hql.internal.antlr.HqlSqlBaseWalker - select << begin [level=1, statement=select]
16:56:53.752 [Test worker] DEBUG org.hibernate.hql.internal.ast.tree.FromElement - FromClause{level=1} : com.mycompany.dbEntity.CallLogInfo (c) -> callloginf0_
16:56:53.752 [Test worker] DEBUG org.hibernate.hql.internal.ast.tree.FromReferenceNode - Resolved : c -> callloginf0_.call_log_id
16:56:53.752 [Test worker] DEBUG org.hibernate.hql.internal.ast.tree.FromReferenceNode - Resolved : c -> callloginf0_.call_log_id
16:56:53.752 [Test worker] DEBUG org.hibernate.hql.internal.ast.tree.DotNode - getDataType() : personInfo -> org.hibernate.type.ManyToOneType(com.mycompany.dbEntity.PersonInfo)
16:56:53.752 [Test worker] DEBUG org.hibernate.hql.internal.ast.tree.DotNode - dereferenceShortcut() : property personInfo in com.mycompany.dbEntity.CallLogInfo does not require a join.
16:56:53.752 [Test worker] DEBUG org.hibernate.hql.internal.ast.tree.DotNode - Terminal getPropertyPath = [personInfo]
16:56:53.752 [Test worker] DEBUG org.hibernate.hql.internal.ast.tree.FromReferenceNode - Resolved : c.personInfo -> callloginf0_.id
16:56:53.752 [Test worker] DEBUG org.hibernate.hql.internal.ast.tree.FromReferenceNode - Resolved : c -> callloginf0_.call_log_id
16:56:53.752 [Test worker] DEBUG org.hibernate.hql.internal.ast.tree.DotNode - getDataType() : callStartDateTime -> org.hibernate.type.CalendarType@15133226
16:56:53.752 [Test worker] DEBUG org.hibernate.hql.internal.ast.tree.FromReferenceNode - Resolved : c.callStartDateTime -> callloginf0_.start_time
16:56:53.752 [Test worker] DEBUG org.hibernate.hql.internal.ast.tree.FromReferenceNode - Resolved : c -> callloginf0_.call_log_id
16:56:53.753 [Test worker] DEBUG org.hibernate.hql.internal.ast.tree.DotNode - getDataType() : callEndDateTime -> org.hibernate.type.CalendarType@15133226
16:56:53.753 [Test worker] DEBUG org.hibernate.hql.internal.ast.tree.FromReferenceNode - Resolved : c.callEndDateTime -> callloginf0_.end_time
16:56:53.753 [Test worker] DEBUG org.hibernate.hql.internal.ast.tree.FromReferenceNode - Resolved : c -> callloginf0_.call_log_id
16:56:53.753 [Test worker] DEBUG org.hibernate.hql.internal.ast.tree.DotNode - getDataType() : callStartDateTime -> org.hibernate.type.CalendarType@15133226
16:56:53.753 [Test worker] DEBUG org.hibernate.hql.internal.ast.tree.FromReferenceNode - Resolved : c.callStartDateTime -> callloginf0_.start_time
16:56:53.753 [Test worker] DEBUG org.hibernate.hql.internal.antlr.HqlSqlBaseWalker - select : finishing up [level=1, statement=select]
16:56:53.753 [Test worker] DEBUG org.hibernate.hql.internal.ast.HqlSqlWalker - processQuery() :  ( SELECT ( {select clause} callloginf0_.call_log_id ) ( FromClause{level=1} call_log callloginf0_ ) ( where ( and ( and ( = ( callloginf0_.id callloginf0_.call_log_id personInfo ) ? ) ( >= ( callloginf0_.start_time callloginf0_.call_log_id callStartDateTime ) ? ) ) ( <= ( callloginf0_.end_time callloginf0_.call_log_id callEndDateTime ) ? ) ) ) ( order ( callloginf0_.start_time callloginf0_.call_log_id callStartDateTime ) desc ) )
16:56:53.753 [Test worker] DEBUG org.hibernate.hql.internal.ast.util.JoinProcessor - Using FROM fragment [call_log callloginf0_]
16:56:53.753 [Test worker] DEBUG org.hibernate.hql.internal.antlr.HqlSqlBaseWalker - select >> end [level=1, statement=select]
16:56:53.754 [Test worker] DEBUG org.hibernate.hql.internal.ast.QueryTranslatorImpl - --- SQL AST ---
 \-[SELECT] QueryNode: 'SELECT'  querySpaces (call_log)
    +-[SELECT_CLAUSE] SelectClause: '{select clause}'
    |  +-[ALIAS_REF] IdentNode: 'callloginf0_.call_log_id as call_log1_0_' {alias=c, className=com.mycompany.dbEntity.CallLogInfo, tableAlias=callloginf0_}
    |  \-[SQL_TOKEN] SqlFragment: 'callloginf0_.end_time as end_time2_0_, callloginf0_.start_time as start_ti3_0_, callloginf0_.call_type as call_typ4_0_, callloginf0_.location as location5_0_, callloginf0_.party_phone_no as party_ph6_0_, callloginf0_.id as id7_0_'
    +-[FROM] FromClause: 'from' FromClause{level=1, fromElementCounter=1, fromElements=1, fromElementByClassAlias=[c], fromElementByTableAlias=[callloginf0_], fromElementsByPath=[], collectionJoinFromElementsByPath=[], impliedElements=[]}
    |  \-[FROM_FRAGMENT] FromElement: 'call_log callloginf0_' FromElement{explicit,not a collection join,not a fetch join,fetch non-lazy properties,classAlias=c,role=null,tableName=call_log,tableAlias=callloginf0_,origin=null,columns={,className=com.mycompany.dbEntity.CallLogInfo}}
    +-[WHERE] SqlNode: 'where'
    |  \-[AND] SqlNode: 'and'
    |     +-[AND] SqlNode: 'and'
    |     |  +-[EQ] BinaryLogicOperatorNode: '='
    |     |  |  +-[DOT] DotNode: 'callloginf0_.id' {propertyName=personInfo,dereferenceType=UNKNOWN,getPropertyPath=personInfo,path=c.personInfo,tableAlias=callloginf0_,className=com.mycompany.dbEntity.CallLogInfo,classAlias=c}
    |     |  |  |  +-[ALIAS_REF] IdentNode: 'callloginf0_.call_log_id' {alias=c, className=com.mycompany.dbEntity.CallLogInfo, tableAlias=callloginf0_}
    |     |  |  |  \-[IDENT] IdentNode: 'personInfo' {originalText=personInfo}
    |     |  |  \-[NAMED_PARAM] ParameterNode: '?' {name=person, expectedType=org.hibernate.type.ManyToOneType(com.mycompany.dbEntity.PersonInfo)}
    |     |  \-[GE] BinaryLogicOperatorNode: '>='
    |     |     +-[DOT] DotNode: 'callloginf0_.start_time' {propertyName=callStartDateTime,dereferenceType=PRIMITIVE,getPropertyPath=callStartDateTime,path=c.callStartDateTime,tableAlias=callloginf0_,className=com.mycompany.dbEntity.CallLogInfo,classAlias=c}
    |     |     |  +-[ALIAS_REF] IdentNode: 'callloginf0_.call_log_id' {alias=c, className=com.mycompany.dbEntity.CallLogInfo, tableAlias=callloginf0_}
    |     |     |  \-[IDENT] IdentNode: 'callStartDateTime' {originalText=callStartDateTime}
    |     |     \-[NAMED_PARAM] ParameterNode: '?' {name=startTime, expectedType=org.hibernate.type.CalendarType@15133226}
    |     \-[LE] BinaryLogicOperatorNode: '<='
    |        +-[DOT] DotNode: 'callloginf0_.end_time' {propertyName=callEndDateTime,dereferenceType=PRIMITIVE,getPropertyPath=callEndDateTime,path=c.callEndDateTime,tableAlias=callloginf0_,className=com.mycompany.dbEntity.CallLogInfo,classAlias=c}
    |        |  +-[ALIAS_REF] IdentNode: 'callloginf0_.call_log_id' {alias=c, className=com.mycompany.dbEntity.CallLogInfo, tableAlias=callloginf0_}
    |        |  \-[IDENT] IdentNode: 'callEndDateTime' {originalText=callEndDateTime}
    |        \-[NAMED_PARAM] ParameterNode: '?' {name=endTime, expectedType=org.hibernate.type.CalendarType@15133226}
    \-[ORDER] OrderByClause: 'order'
       +-[DOT] DotNode: 'callloginf0_.start_time' {propertyName=callStartDateTime,dereferenceType=PRIMITIVE,getPropertyPath=callStartDateTime,path=c.callStartDateTime,tableAlias=callloginf0_,className=com.mycompany.dbEntity.CallLogInfo,classAlias=c}
       |  +-[ALIAS_REF] IdentNode: 'callloginf0_.call_log_id' {alias=c, className=com.mycompany.dbEntity.CallLogInfo, tableAlias=callloginf0_}
       |  \-[IDENT] IdentNode: 'callStartDateTime' {originalText=callStartDateTime}
       \-[DESCENDING] SqlNode: 'desc'

16:56:53.754 [Test worker] DEBUG org.hibernate.hql.internal.ast.ErrorCounter - throwQueryException() : no errors
16:56:53.754 [Test worker] DEBUG org.hibernate.hql.internal.ast.QueryTranslatorImpl - HQL: select c from com.mycompany.dbEntity.CallLogInfo c where c.personInfo = :person and c.callStartDateTime >= :startTime and c.callEndDateTime <= :endTime order by c.callStartDateTime desc
16:56:53.754 [Test worker] DEBUG org.hibernate.hql.internal.ast.QueryTranslatorImpl - SQL: select callloginf0_.call_log_id as call_log1_0_, callloginf0_.end_time as end_time2_0_, callloginf0_.start_time as start_ti3_0_, callloginf0_.call_type as call_typ4_0_, callloginf0_.location as location5_0_, callloginf0_.party_phone_no as party_ph6_0_, callloginf0_.id as id7_0_ from call_log callloginf0_ where callloginf0_.id=? and callloginf0_.start_time>=? and callloginf0_.end_time<=? order by callloginf0_.start_time desc
16:56:53.754 [Test worker] DEBUG org.hibernate.hql.internal.ast.ErrorCounter - throwQueryException() : no errors
16:56:53.754 [Test worker] DEBUG org.springframework.aop.framework.JdkDynamicAopProxy - Creating JDK dynamic proxy: target source is SingletonTargetSource for target object [org.springframework.data.jpa.repository.support.SimpleJpaRepository@7650441e]
16:56:53.760 [Test worker] DEBUG org.springframework.beans.factory.support.DefaultListableBeanFactory - Returning cached instance of singleton bean 'org.springframework.transaction.config.internalTransactionAdvisor'
16:56:53.760 [Test worker] DEBUG org.springframework.beans.factory.support.DefaultListableBeanFactory - Returning cached instance of singleton bean 'org.springframework.transaction.config.internalTransactionAdvisor'
16:56:53.761 [Test worker] DEBUG org.springframework.beans.factory.support.DefaultListableBeanFactory - Finished creating instance of bean 'callLogRepository'
16:56:53.762 [Test worker] DEBUG org.springframework.beans.factory.support.DefaultListableBeanFactory - Returning cached instance of singleton bean 'org.springframework.transaction.config.internalTransactionAdvisor'
16:56:53.762 [Test worker] DEBUG org.springframework.beans.factory.support.DefaultListableBeanFactory - Returning cached instance of singleton bean 'org.springframework.transaction.config.internalTransactionAdvisor'
16:56:53.763 [Test worker] DEBUG org.springframework.beans.factory.annotation.AutowiredAnnotationBeanPostProcessor - Autowiring by type from bean name 'callLogService' to bean named 'callLogRepository'
16:56:53.764 [Test worker] DEBUG org.springframework.beans.factory.annotation.InjectionMetadata - Processing injected element of bean 'callLogService': AutowiredFieldElement for private com.mycompany.dbRepository.PersonRepository com.mycompany.service.CallLogService.personRepository
16:56:53.764 [Test worker] DEBUG org.springframework.beans.factory.support.DefaultListableBeanFactory - Creating shared instance of singleton bean 'personRepository'
16:56:53.764 [Test worker] DEBUG org.springframework.beans.factory.support.DefaultListableBeanFactory - Creating instance of bean 'personRepository'
16:56:53.764 [Test worker] DEBUG org.springframework.beans.factory.support.DefaultListableBeanFactory - Returning cached instance of singleton bean 'org.springframework.transaction.config.internalTransactionAdvisor'
16:56:53.764 [Test worker] DEBUG org.springframework.beans.factory.annotation.InjectionMetadata - Registered injected element on class [org.springframework.data.jpa.repository.support.JpaRepositoryFactoryBean]: PersistenceElement for public void org.springframework.data.jpa.repository.support.JpaRepositoryFactoryBean.setEntityManager(javax.persistence.EntityManager)
16:56:53.765 [Test worker] DEBUG org.springframework.beans.factory.support.DefaultListableBeanFactory - Eagerly caching bean 'personRepository' to allow for resolving potential circular references
16:56:53.765 [Test worker] DEBUG org.springframework.beans.factory.annotation.InjectionMetadata - Processing injected element of bean 'personRepository': PersistenceElement for public void org.springframework.data.jpa.repository.support.JpaRepositoryFactoryBean.setEntityManager(javax.persistence.EntityManager)
16:56:53.765 [Test worker] DEBUG org.springframework.beans.factory.support.DefaultListableBeanFactory - Creating instance of bean '(inner bean)#2dbbf7a4'
16:56:53.765 [Test worker] DEBUG org.springframework.beans.factory.support.DefaultListableBeanFactory - Returning cached instance of singleton bean 'org.springframework.transaction.config.internalTransactionAdvisor'
16:56:53.765 [Test worker] DEBUG org.springframework.beans.factory.support.DefaultListableBeanFactory - Creating instance of bean '(inner bean)#64735a7a'
16:56:53.765 [Test worker] DEBUG org.springframework.beans.factory.support.DefaultListableBeanFactory - Returning cached instance of singleton bean 'org.springframework.transaction.config.internalTransactionAdvisor'
16:56:53.766 [Test worker] DEBUG org.springframework.core.io.support.PathMatchingResourcePatternResolver - Resolved classpath location [META-INF/jpa-named-queries.properties] to resources []
16:56:53.766 [Test worker] DEBUG org.springframework.beans.factory.support.DefaultListableBeanFactory - Invoking afterPropertiesSet() on bean with name '(inner bean)#64735a7a'
16:56:53.766 [Test worker] DEBUG org.springframework.beans.factory.support.DefaultListableBeanFactory - Returning cached instance of singleton bean 'org.springframework.transaction.config.internalTransactionAdvisor'
16:56:53.766 [Test worker] DEBUG org.springframework.beans.factory.support.DefaultListableBeanFactory - Returning cached instance of singleton bean 'org.springframework.transaction.config.internalTransactionAdvisor'
16:56:53.766 [Test worker] DEBUG org.springframework.beans.factory.support.DefaultListableBeanFactory - Finished creating instance of bean '(inner bean)#64735a7a'
16:56:53.766 [Test worker] DEBUG org.springframework.beans.factory.support.DefaultListableBeanFactory - Returning cached instance of singleton bean 'org.springframework.transaction.config.internalTransactionAdvisor'
16:56:53.766 [Test worker] DEBUG org.springframework.beans.factory.support.DefaultListableBeanFactory - Returning cached instance of singleton bean 'org.springframework.transaction.config.internalTransactionAdvisor'
16:56:53.767 [Test worker] DEBUG org.springframework.beans.factory.support.DefaultListableBeanFactory - Returning cached instance of singleton bean 'org.springframework.transaction.config.internalTransactionAdvisor'
16:56:53.767 [Test worker] DEBUG org.springframework.beans.factory.support.DefaultListableBeanFactory - Returning cached instance of singleton bean 'org.springframework.transaction.config.internalTransactionAdvisor'
16:56:53.767 [Test worker] DEBUG org.springframework.beans.factory.support.DefaultListableBeanFactory - Finished creating instance of bean '(inner bean)#2dbbf7a4'
16:56:53.767 [Test worker] DEBUG org.springframework.beans.factory.support.DefaultListableBeanFactory - Creating instance of bean '(inner bean)#3ee9546f'
16:56:53.767 [Test worker] DEBUG org.springframework.beans.factory.support.DefaultListableBeanFactory - Returning cached instance of singleton bean 'org.springframework.transaction.config.internalTransactionAdvisor'
16:56:53.767 [Test worker] DEBUG org.springframework.beans.factory.support.DefaultListableBeanFactory - Returning cached instance of singleton bean 'org.springframework.transaction.config.internalTransactionAdvisor'
16:56:53.767 [Test worker] DEBUG org.springframework.beans.factory.support.DefaultListableBeanFactory - Returning cached instance of singleton bean 'org.springframework.transaction.config.internalTransactionAdvisor'
16:56:53.767 [Test worker] DEBUG org.springframework.beans.factory.support.DefaultListableBeanFactory - Finished creating instance of bean '(inner bean)#3ee9546f'
16:56:53.767 [Test worker] DEBUG org.springframework.beans.factory.support.DefaultListableBeanFactory - Creating instance of bean '(inner bean)#4c9d92c1'
16:56:53.767 [Test worker] DEBUG org.springframework.beans.factory.support.DefaultListableBeanFactory - Returning cached instance of singleton bean 'org.springframework.transaction.config.internalTransactionAdvisor'
16:56:53.768 [Test worker] DEBUG org.springframework.beans.factory.support.DefaultListableBeanFactory - Returning cached instance of singleton bean 'entityManagerFactory'
16:56:53.768 [Test worker] DEBUG org.springframework.beans.factory.support.DefaultListableBeanFactory - Returning cached instance of singleton bean 'org.springframework.transaction.config.internalTransactionAdvisor'
16:56:53.768 [Test worker] DEBUG org.springframework.beans.factory.support.DefaultListableBeanFactory - Returning cached instance of singleton bean 'org.springframework.transaction.config.internalTransactionAdvisor'
16:56:53.768 [Test worker] DEBUG org.springframework.beans.factory.support.DefaultListableBeanFactory - Finished creating instance of bean '(inner bean)#4c9d92c1'
16:56:53.768 [Test worker] DEBUG org.springframework.beans.factory.support.DefaultListableBeanFactory - Returning cached instance of singleton bean 'jpaMappingContext'
16:56:53.769 [Test worker] DEBUG org.springframework.beans.factory.support.DefaultListableBeanFactory - Invoking afterPropertiesSet() on bean with name 'personRepository'
16:56:53.769 [Test worker] DEBUG org.springframework.orm.jpa.SharedEntityManagerCreator$SharedEntityManagerInvocationHandler - Creating new EntityManager for shared EntityManager invocation
16:56:53.769 [Test worker] DEBUG org.springframework.orm.jpa.EntityManagerFactoryUtils - Closing JPA EntityManager
16:56:53.770 [Test worker] DEBUG org.springframework.orm.jpa.SharedEntityManagerCreator$SharedEntityManagerInvocationHandler - Creating new EntityManager for shared EntityManager invocation
16:56:53.770 [Test worker] DEBUG org.springframework.orm.jpa.EntityManagerFactoryUtils - Closing JPA EntityManager
16:56:53.771 [Test worker] DEBUG org.springframework.aop.framework.JdkDynamicAopProxy - Creating JDK dynamic proxy: target source is org.springframework.data.jpa.repository.support.CrudMethodMetadataPostProcessor$ThreadBoundTargetSource@78d63d22
16:56:53.771 [Test worker] DEBUG org.springframework.orm.jpa.SharedEntityManagerCreator$SharedEntityManagerInvocationHandler - Creating new EntityManager for shared EntityManager invocation
16:56:53.771 [Test worker] DEBUG org.springframework.orm.jpa.EntityManagerFactoryUtils - Closing JPA EntityManager
16:56:53.772 [Test worker] DEBUG org.springframework.data.jpa.repository.query.JpaQueryFactory - Looking up query for method findByPhoneNumber
16:56:53.774 [Test worker] DEBUG org.springframework.data.jpa.repository.query.NamedQuery - Looking up named query PersonInfo.findByPhoneNumber
16:56:53.774 [Test worker] DEBUG org.hibernate.jpa.spi.AbstractEntityManagerImpl - Mark transaction for rollback
16:56:53.774 [Test worker] DEBUG org.springframework.data.jpa.repository.query.NamedQuery - Did not find named query PersonInfo.findByPhoneNumber
16:56:53.794 [Test worker] DEBUG org.springframework.aop.framework.JdkDynamicAopProxy - Creating JDK dynamic proxy: target source is SingletonTargetSource for target object [org.springframework.data.jpa.repository.support.SimpleJpaRepository@2807dd45]
16:56:53.796 [Test worker] DEBUG org.springframework.beans.factory.support.DefaultListableBeanFactory - Returning cached instance of singleton bean 'org.springframework.transaction.config.internalTransactionAdvisor'
16:56:53.797 [Test worker] DEBUG org.springframework.beans.factory.support.DefaultListableBeanFactory - Returning cached instance of singleton bean 'org.springframework.transaction.config.internalTransactionAdvisor'
16:56:53.797 [Test worker] DEBUG org.springframework.beans.factory.support.DefaultListableBeanFactory - Finished creating instance of bean 'personRepository'
16:56:53.797 [Test worker] DEBUG org.springframework.beans.factory.support.DefaultListableBeanFactory - Returning cached instance of singleton bean 'org.springframework.transaction.config.internalTransactionAdvisor'
16:56:53.797 [Test worker] DEBUG org.springframework.beans.factory.support.DefaultListableBeanFactory - Returning cached instance of singleton bean 'org.springframework.transaction.config.internalTransactionAdvisor'
16:56:53.797 [Test worker] DEBUG org.springframework.beans.factory.annotation.AutowiredAnnotationBeanPostProcessor - Autowiring by type from bean name 'callLogService' to bean named 'personRepository'
16:56:53.797 [Test worker] DEBUG org.springframework.beans.factory.support.DefaultListableBeanFactory - Returning cached instance of singleton bean 'org.springframework.transaction.config.internalTransactionAdvisor'
16:56:53.797 [Test worker] DEBUG org.springframework.beans.factory.support.DefaultListableBeanFactory - Returning cached instance of singleton bean 'org.springframework.transaction.config.internalTransactionAdvisor'
16:56:53.798 [Test worker] DEBUG org.springframework.beans.factory.support.DefaultListableBeanFactory - Finished creating instance of bean 'callLogService'
16:56:53.798 [Test worker] DEBUG org.springframework.beans.factory.support.DefaultListableBeanFactory - Creating shared instance of singleton bean 'callLogController'
16:56:53.798 [Test worker] DEBUG org.springframework.beans.factory.support.DefaultListableBeanFactory - Creating instance of bean 'callLogController'
16:56:53.798 [Test worker] DEBUG org.springframework.beans.factory.support.DefaultListableBeanFactory - Returning cached instance of singleton bean 'org.springframework.transaction.config.internalTransactionAdvisor'
16:56:53.799 [Test worker] DEBUG org.springframework.beans.factory.annotation.InjectionMetadata - Registered injected element on class [com.mycompany.web.CallLogController]: AutowiredFieldElement for private com.mycompany.service.CallLogService com.mycompany.web.CallLogController.callLogService
16:56:53.799 [Test worker] DEBUG org.springframework.beans.factory.support.DefaultListableBeanFactory - Eagerly caching bean 'callLogController' to allow for resolving potential circular references
16:56:53.800 [Test worker] DEBUG org.springframework.beans.factory.annotation.InjectionMetadata - Processing injected element of bean 'callLogController': AutowiredFieldElement for private com.mycompany.service.CallLogService com.mycompany.web.CallLogController.callLogService
16:56:53.800 [Test worker] DEBUG org.springframework.beans.factory.support.DefaultListableBeanFactory - Returning cached instance of singleton bean 'callLogService'
16:56:53.800 [Test worker] DEBUG org.springframework.beans.factory.annotation.AutowiredAnnotationBeanPostProcessor - Autowiring by type from bean name 'callLogController' to bean named 'callLogService'
16:56:53.801 [Test worker] DEBUG org.springframework.beans.factory.support.DefaultListableBeanFactory - Returning cached instance of singleton bean 'org.springframework.transaction.config.internalTransactionAdvisor'
16:56:53.801 [Test worker] DEBUG org.springframework.beans.factory.support.DefaultListableBeanFactory - Returning cached instance of singleton bean 'org.springframework.transaction.config.internalTransactionAdvisor'
16:56:53.801 [Test worker] DEBUG org.springframework.beans.factory.support.DefaultListableBeanFactory - Finished creating instance of bean 'callLogController'
16:56:53.801 [Test worker] DEBUG org.springframework.beans.factory.support.DefaultListableBeanFactory - Returning cached instance of singleton bean 'dataSource'
16:56:53.801 [Test worker] DEBUG org.springframework.beans.factory.support.DefaultListableBeanFactory - Creating shared instance of singleton bean 'org.springframework.transaction.config.internalTransactionalEventListenerFactory'
16:56:53.801 [Test worker] DEBUG org.springframework.beans.factory.support.DefaultListableBeanFactory - Creating instance of bean 'org.springframework.transaction.config.internalTransactionalEventListenerFactory'
16:56:53.801 [Test worker] DEBUG org.springframework.beans.factory.support.DefaultListableBeanFactory - Returning cached instance of singleton bean 'org.springframework.transaction.config.internalTransactionAdvisor'
16:56:53.801 [Test worker] DEBUG org.springframework.beans.factory.support.DefaultListableBeanFactory - Eagerly caching bean 'org.springframework.transaction.config.internalTransactionalEventListenerFactory' to allow for resolving potential circular references
16:56:53.802 [Test worker] DEBUG org.springframework.beans.factory.support.DefaultListableBeanFactory - Returning cached instance of singleton bean 'org.springframework.transaction.config.internalTransactionAdvisor'
16:56:53.802 [Test worker] DEBUG org.springframework.beans.factory.support.DefaultListableBeanFactory - Returning cached instance of singleton bean 'org.springframework.transaction.config.internalTransactionAdvisor'
16:56:53.802 [Test worker] DEBUG org.springframework.beans.factory.support.DefaultListableBeanFactory - Finished creating instance of bean 'org.springframework.transaction.config.internalTransactionalEventListenerFactory'
16:56:53.802 [Test worker] DEBUG org.springframework.beans.factory.support.DefaultListableBeanFactory - Returning cached instance of singleton bean 'org.springframework.aop.config.internalAutoProxyCreator'
16:56:53.802 [Test worker] DEBUG org.springframework.beans.factory.support.DefaultListableBeanFactory - Creating shared instance of singleton bean 'org.springframework.transaction.annotation.AnnotationTransactionAttributeSource#0'
16:56:53.802 [Test worker] DEBUG org.springframework.beans.factory.support.DefaultListableBeanFactory - Creating instance of bean 'org.springframework.transaction.annotation.AnnotationTransactionAttributeSource#0'
16:56:53.802 [Test worker] DEBUG org.springframework.beans.factory.support.DefaultListableBeanFactory - Returning cached instance of singleton bean 'org.springframework.transaction.config.internalTransactionAdvisor'
16:56:53.803 [Test worker] DEBUG org.springframework.beans.factory.support.DefaultListableBeanFactory - Eagerly caching bean 'org.springframework.transaction.annotation.AnnotationTransactionAttributeSource#0' to allow for resolving potential circular references
16:56:53.803 [Test worker] DEBUG org.springframework.beans.factory.support.DefaultListableBeanFactory - Returning cached instance of singleton bean 'org.springframework.transaction.config.internalTransactionAdvisor'
16:56:53.803 [Test worker] DEBUG org.springframework.beans.factory.support.DefaultListableBeanFactory - Returning cached instance of singleton bean 'org.springframework.transaction.config.internalTransactionAdvisor'
16:56:53.803 [Test worker] DEBUG org.springframework.beans.factory.support.DefaultListableBeanFactory - Finished creating instance of bean 'org.springframework.transaction.annotation.AnnotationTransactionAttributeSource#0'
16:56:53.803 [Test worker] DEBUG org.springframework.beans.factory.support.DefaultListableBeanFactory - Creating shared instance of singleton bean 'org.springframework.transaction.interceptor.TransactionInterceptor#0'
16:56:53.803 [Test worker] DEBUG org.springframework.beans.factory.support.DefaultListableBeanFactory - Creating instance of bean 'org.springframework.transaction.interceptor.TransactionInterceptor#0'
16:56:53.803 [Test worker] DEBUG org.springframework.beans.factory.support.DefaultListableBeanFactory - Eagerly caching bean 'org.springframework.transaction.interceptor.TransactionInterceptor#0' to allow for resolving potential circular references
16:56:53.803 [Test worker] DEBUG org.springframework.beans.factory.support.DefaultListableBeanFactory - Returning cached instance of singleton bean 'org.springframework.transaction.annotation.AnnotationTransactionAttributeSource#0'
16:56:53.803 [Test worker] DEBUG org.springframework.beans.factory.support.DefaultListableBeanFactory - Invoking afterPropertiesSet() on bean with name 'org.springframework.transaction.interceptor.TransactionInterceptor#0'
16:56:53.803 [Test worker] DEBUG org.springframework.beans.factory.support.DefaultListableBeanFactory - Finished creating instance of bean 'org.springframework.transaction.interceptor.TransactionInterceptor#0'
16:56:53.803 [Test worker] DEBUG org.springframework.beans.factory.support.DefaultListableBeanFactory - Returning cached instance of singleton bean 'org.springframework.transaction.config.internalTransactionAdvisor'
16:56:53.803 [Test worker] DEBUG org.springframework.beans.factory.support.DefaultListableBeanFactory - Creating shared instance of singleton bean 'transactionManager'
16:56:53.804 [Test worker] DEBUG org.springframework.beans.factory.support.DefaultListableBeanFactory - Creating instance of bean 'transactionManager'
16:56:53.804 [Test worker] DEBUG org.springframework.beans.factory.support.DefaultListableBeanFactory - Returning cached instance of singleton bean 'org.springframework.transaction.config.internalTransactionAdvisor'
16:56:53.807 [Test worker] DEBUG org.springframework.beans.factory.support.DefaultListableBeanFactory - Eagerly caching bean 'transactionManager' to allow for resolving potential circular references
16:56:53.810 [Test worker] DEBUG org.springframework.beans.factory.support.DefaultListableBeanFactory - Creating shared instance of singleton bean 'sessionFactory'
16:56:53.810 [Test worker] DEBUG org.springframework.beans.factory.support.DefaultListableBeanFactory - Creating instance of bean 'sessionFactory'
16:56:53.810 [Test worker] DEBUG org.springframework.beans.factory.support.DefaultListableBeanFactory - Returning cached instance of singleton bean 'org.springframework.transaction.config.internalTransactionAdvisor'
16:56:53.810 [Test worker] DEBUG org.springframework.beans.factory.support.DefaultListableBeanFactory - Eagerly caching bean 'sessionFactory' to allow for resolving potential circular references
16:56:53.814 [Test worker] DEBUG org.springframework.beans.factory.support.DefaultListableBeanFactory - Returning cached instance of singleton bean 'dataSource'
16:56:53.815 [Test worker] DEBUG org.springframework.beans.factory.support.DefaultListableBeanFactory - Invoking afterPropertiesSet() on bean with name 'sessionFactory'
16:56:53.815 [Test worker] DEBUG org.hibernate.type.BasicTypeRegistry - Adding type registration boolean -> org.hibernate.type.BooleanType@3317b1e5
16:56:53.815 [Test worker] DEBUG org.hibernate.type.BasicTypeRegistry - Adding type registration boolean -> org.hibernate.type.BooleanType@3317b1e5
16:56:53.816 [Test worker] DEBUG org.hibernate.type.BasicTypeRegistry - Adding type registration java.lang.Boolean -> org.hibernate.type.BooleanType@3317b1e5
16:56:53.816 [Test worker] DEBUG org.hibernate.type.BasicTypeRegistry - Adding type registration numeric_boolean -> org.hibernate.type.NumericBooleanType@328fdc7c
16:56:53.816 [Test worker] DEBUG org.hibernate.type.BasicTypeRegistry - Adding type registration true_false -> org.hibernate.type.TrueFalseType@4dae78ba
16:56:53.816 [Test worker] DEBUG org.hibernate.type.BasicTypeRegistry - Adding type registration yes_no -> org.hibernate.type.YesNoType@694f337d
16:56:53.816 [Test worker] DEBUG org.hibernate.type.BasicTypeRegistry - Adding type registration byte -> org.hibernate.type.ByteType@351b0789
16:56:53.816 [Test worker] DEBUG org.hibernate.type.BasicTypeRegistry - Adding type registration byte -> org.hibernate.type.ByteType@351b0789
16:56:53.816 [Test worker] DEBUG org.hibernate.type.BasicTypeRegistry - Adding type registration java.lang.Byte -> org.hibernate.type.ByteType@351b0789
16:56:53.816 [Test worker] DEBUG org.hibernate.type.BasicTypeRegistry - Adding type registration character -> org.hibernate.type.CharacterType@5c20518e
16:56:53.816 [Test worker] DEBUG org.hibernate.type.BasicTypeRegistry - Adding type registration char -> org.hibernate.type.CharacterType@5c20518e
16:56:53.816 [Test worker] DEBUG org.hibernate.type.BasicTypeRegistry - Adding type registration java.lang.Character -> org.hibernate.type.CharacterType@5c20518e
16:56:53.816 [Test worker] DEBUG org.hibernate.type.BasicTypeRegistry - Adding type registration short -> org.hibernate.type.ShortType@4707cb6c
16:56:53.816 [Test worker] DEBUG org.hibernate.type.BasicTypeRegistry - Adding type registration short -> org.hibernate.type.ShortType@4707cb6c
16:56:53.816 [Test worker] DEBUG org.hibernate.type.BasicTypeRegistry - Adding type registration java.lang.Short -> org.hibernate.type.ShortType@4707cb6c
16:56:53.816 [Test worker] DEBUG org.hibernate.type.BasicTypeRegistry - Adding type registration integer -> org.hibernate.type.IntegerType@371c16b1
16:56:53.816 [Test worker] DEBUG org.hibernate.type.BasicTypeRegistry - Adding type registration int -> org.hibernate.type.IntegerType@371c16b1
16:56:53.816 [Test worker] DEBUG org.hibernate.type.BasicTypeRegistry - Adding type registration java.lang.Integer -> org.hibernate.type.IntegerType@371c16b1
16:56:53.816 [Test worker] DEBUG org.hibernate.type.BasicTypeRegistry - Adding type registration long -> org.hibernate.type.LongType@2f0e884
16:56:53.816 [Test worker] DEBUG org.hibernate.type.BasicTypeRegistry - Adding type registration long -> org.hibernate.type.LongType@2f0e884
16:56:53.816 [Test worker] DEBUG org.hibernate.type.BasicTypeRegistry - Adding type registration java.lang.Long -> org.hibernate.type.LongType@2f0e884
16:56:53.817 [Test worker] DEBUG org.hibernate.type.BasicTypeRegistry - Adding type registration float -> org.hibernate.type.FloatType@5588cade
16:56:53.817 [Test worker] DEBUG org.hibernate.type.BasicTypeRegistry - Adding type registration float -> org.hibernate.type.FloatType@5588cade
16:56:53.817 [Test worker] DEBUG org.hibernate.type.BasicTypeRegistry - Adding type registration java.lang.Float -> org.hibernate.type.FloatType@5588cade
16:56:53.817 [Test worker] DEBUG org.hibernate.type.BasicTypeRegistry - Adding type registration double -> org.hibernate.type.DoubleType@76ed24
16:56:53.817 [Test worker] DEBUG org.hibernate.type.BasicTypeRegistry - Adding type registration double -> org.hibernate.type.DoubleType@76ed24
16:56:53.817 [Test worker] DEBUG org.hibernate.type.BasicTypeRegistry - Adding type registration java.lang.Double -> org.hibernate.type.DoubleType@76ed24
16:56:53.817 [Test worker] DEBUG org.hibernate.type.BasicTypeRegistry - Adding type registration big_decimal -> org.hibernate.type.BigDecimalType@4d5daa1c
16:56:53.817 [Test worker] DEBUG org.hibernate.type.BasicTypeRegistry - Adding type registration java.math.BigDecimal -> org.hibernate.type.BigDecimalType@4d5daa1c
16:56:53.817 [Test worker] DEBUG org.hibernate.type.BasicTypeRegistry - Adding type registration big_integer -> org.hibernate.type.BigIntegerType@7dff092d
16:56:53.817 [Test worker] DEBUG org.hibernate.type.BasicTypeRegistry - Adding type registration java.math.BigInteger -> org.hibernate.type.BigIntegerType@7dff092d
16:56:53.817 [Test worker] DEBUG org.hibernate.type.BasicTypeRegistry - Adding type registration string -> org.hibernate.type.StringType@7c7b3cd2
16:56:53.817 [Test worker] DEBUG org.hibernate.type.BasicTypeRegistry - Adding type registration java.lang.String -> org.hibernate.type.StringType@7c7b3cd2
16:56:53.817 [Test worker] DEBUG org.hibernate.type.BasicTypeRegistry - Adding type registration nstring -> org.hibernate.type.StringNVarcharType@68a8b45a
16:56:53.817 [Test worker] DEBUG org.hibernate.type.BasicTypeRegistry - Adding type registration ncharacter -> org.hibernate.type.CharacterNCharType@57b68ff7
16:56:53.817 [Test worker] DEBUG org.hibernate.type.BasicTypeRegistry - Adding type registration url -> org.hibernate.type.UrlType@65567db2
16:56:53.817 [Test worker] DEBUG org.hibernate.type.BasicTypeRegistry - Adding type registration java.net.URL -> org.hibernate.type.UrlType@65567db2
16:56:53.817 [Test worker] DEBUG org.hibernate.type.BasicTypeRegistry - Adding type registration date -> org.hibernate.type.DateType@5f7997af
16:56:53.817 [Test worker] DEBUG org.hibernate.type.BasicTypeRegistry - Adding type registration java.sql.Date -> org.hibernate.type.DateType@5f7997af
16:56:53.817 [Test worker] DEBUG org.hibernate.type.BasicTypeRegistry - Adding type registration time -> org.hibernate.type.TimeType@41567142
16:56:53.817 [Test worker] DEBUG org.hibernate.type.BasicTypeRegistry - Adding type registration java.sql.Time -> org.hibernate.type.TimeType@41567142
16:56:53.817 [Test worker] DEBUG org.hibernate.type.BasicTypeRegistry - Adding type registration timestamp -> org.hibernate.type.TimestampType@3e9de32d
16:56:53.817 [Test worker] DEBUG org.hibernate.type.BasicTypeRegistry - Adding type registration java.sql.Timestamp -> org.hibernate.type.TimestampType@3e9de32d
16:56:53.817 [Test worker] DEBUG org.hibernate.type.BasicTypeRegistry - Adding type registration java.util.Date -> org.hibernate.type.TimestampType@3e9de32d
16:56:53.818 [Test worker] DEBUG org.hibernate.type.BasicTypeRegistry - Adding type registration dbtimestamp -> org.hibernate.type.DbTimestampType@1a1b2f5c
16:56:53.818 [Test worker] DEBUG org.hibernate.type.BasicTypeRegistry - Adding type registration calendar -> org.hibernate.type.CalendarType@15133226
16:56:53.818 [Test worker] DEBUG org.hibernate.type.BasicTypeRegistry - Adding type registration java.util.Calendar -> org.hibernate.type.CalendarType@15133226
16:56:53.818 [Test worker] DEBUG org.hibernate.type.BasicTypeRegistry - Adding type registration java.util.GregorianCalendar -> org.hibernate.type.CalendarType@15133226
16:56:53.818 [Test worker] DEBUG org.hibernate.type.BasicTypeRegistry - Adding type registration calendar_date -> org.hibernate.type.CalendarDateType@360db65c
16:56:53.818 [Test worker] DEBUG org.hibernate.type.BasicTypeRegistry - Adding type registration locale -> org.hibernate.type.LocaleType@67d74d02
16:56:53.818 [Test worker] DEBUG org.hibernate.type.BasicTypeRegistry - Adding type registration java.util.Locale -> org.hibernate.type.LocaleType@67d74d02
16:56:53.818 [Test worker] DEBUG org.hibernate.type.BasicTypeRegistry - Adding type registration currency -> org.hibernate.type.CurrencyType@3f8a8a
16:56:53.818 [Test worker] DEBUG org.hibernate.type.BasicTypeRegistry - Adding type registration java.util.Currency -> org.hibernate.type.CurrencyType@3f8a8a
16:56:53.818 [Test worker] DEBUG org.hibernate.type.BasicTypeRegistry - Adding type registration timezone -> org.hibernate.type.TimeZoneType@4f7b3ce4
16:56:53.818 [Test worker] DEBUG org.hibernate.type.BasicTypeRegistry - Adding type registration java.util.TimeZone -> org.hibernate.type.TimeZoneType@4f7b3ce4
16:56:53.818 [Test worker] DEBUG org.hibernate.type.BasicTypeRegistry - Adding type registration class -> org.hibernate.type.ClassType@5981b100
16:56:53.818 [Test worker] DEBUG org.hibernate.type.BasicTypeRegistry - Adding type registration java.lang.Class -> org.hibernate.type.ClassType@5981b100
16:56:53.818 [Test worker] DEBUG org.hibernate.type.BasicTypeRegistry - Adding type registration uuid-binary -> org.hibernate.type.UUIDBinaryType@63ca517c
16:56:53.818 [Test worker] DEBUG org.hibernate.type.BasicTypeRegistry - Adding type registration java.util.UUID -> org.hibernate.type.UUIDBinaryType@63ca517c
16:56:53.818 [Test worker] DEBUG org.hibernate.type.BasicTypeRegistry - Adding type registration uuid-char -> org.hibernate.type.UUIDCharType@18bde354
16:56:53.818 [Test worker] DEBUG org.hibernate.type.BasicTypeRegistry - Adding type registration pg-uuid -> org.hibernate.type.PostgresUUIDType@b7e739c
16:56:53.818 [Test worker] DEBUG org.hibernate.type.BasicTypeRegistry - Adding type registration binary -> org.hibernate.type.BinaryType@33880fa1
16:56:53.818 [Test worker] DEBUG org.hibernate.type.BasicTypeRegistry - Adding type registration byte[] -> org.hibernate.type.BinaryType@33880fa1
16:56:53.818 [Test worker] DEBUG org.hibernate.type.BasicTypeRegistry - Adding type registration [B -> org.hibernate.type.BinaryType@33880fa1
16:56:53.819 [Test worker] DEBUG org.hibernate.type.BasicTypeRegistry - Adding type registration wrapper-binary -> org.hibernate.type.WrapperBinaryType@1aee6ff3
16:56:53.819 [Test worker] DEBUG org.hibernate.type.BasicTypeRegistry - Adding type registration Byte[] -> org.hibernate.type.WrapperBinaryType@1aee6ff3
16:56:53.819 [Test worker] DEBUG org.hibernate.type.BasicTypeRegistry - Adding type registration [Ljava.lang.Byte; -> org.hibernate.type.WrapperBinaryType@1aee6ff3
16:56:53.819 [Test worker] DEBUG org.hibernate.type.BasicTypeRegistry - Adding type registration image -> org.hibernate.type.ImageType@5fdc46c4
16:56:53.819 [Test worker] DEBUG org.hibernate.type.BasicTypeRegistry - Adding type registration characters -> org.hibernate.type.CharArrayType@464f0c93
16:56:53.819 [Test worker] DEBUG org.hibernate.type.BasicTypeRegistry - Adding type registration char[] -> org.hibernate.type.CharArrayType@464f0c93
16:56:53.819 [Test worker] DEBUG org.hibernate.type.BasicTypeRegistry - Adding type registration [C -> org.hibernate.type.CharArrayType@464f0c93
16:56:53.819 [Test worker] DEBUG org.hibernate.type.BasicTypeRegistry - Adding type registration wrapper-characters -> org.hibernate.type.CharacterArrayType@60b1b187
16:56:53.819 [Test worker] DEBUG org.hibernate.type.BasicTypeRegistry - Adding type registration [Ljava.lang.Character; -> org.hibernate.type.CharacterArrayType@60b1b187
16:56:53.819 [Test worker] DEBUG org.hibernate.type.BasicTypeRegistry - Adding type registration Character[] -> org.hibernate.type.CharacterArrayType@60b1b187
16:56:53.819 [Test worker] DEBUG org.hibernate.type.BasicTypeRegistry - Adding type registration text -> org.hibernate.type.TextType@1ac14385
16:56:53.819 [Test worker] DEBUG org.hibernate.type.BasicTypeRegistry - Adding type registration ntext -> org.hibernate.type.NTextType@657feb81
16:56:53.819 [Test worker] DEBUG org.hibernate.type.BasicTypeRegistry - Adding type registration blob -> org.hibernate.type.BlobType@4f6f186a
16:56:53.819 [Test worker] DEBUG org.hibernate.type.BasicTypeRegistry - Adding type registration java.sql.Blob -> org.hibernate.type.BlobType@4f6f186a
16:56:53.819 [Test worker] DEBUG org.hibernate.type.BasicTypeRegistry - Adding type registration materialized_blob -> org.hibernate.type.MaterializedBlobType@233b47c9
16:56:53.820 [Test worker] DEBUG org.hibernate.type.BasicTypeRegistry - Adding type registration clob -> org.hibernate.type.ClobType@20458bf4
16:56:53.820 [Test worker] DEBUG org.hibernate.type.BasicTypeRegistry - Adding type registration java.sql.Clob -> org.hibernate.type.ClobType@20458bf4
16:56:53.820 [Test worker] DEBUG org.hibernate.type.BasicTypeRegistry - Adding type registration nclob -> org.hibernate.type.NClobType@152a9c
16:56:53.820 [Test worker] DEBUG org.hibernate.type.BasicTypeRegistry - Adding type registration java.sql.NClob -> org.hibernate.type.NClobType@152a9c
16:56:53.820 [Test worker] DEBUG org.hibernate.type.BasicTypeRegistry - Adding type registration materialized_clob -> org.hibernate.type.MaterializedClobType@38643a7
16:56:53.820 [Test worker] DEBUG org.hibernate.type.BasicTypeRegistry - Adding type registration materialized_nclob -> org.hibernate.type.MaterializedNClobType@508bae6a
16:56:53.820 [Test worker] DEBUG org.hibernate.type.BasicTypeRegistry - Adding type registration serializable -> org.hibernate.type.SerializableType@3d89b6be
16:56:53.820 [Test worker] DEBUG org.hibernate.type.BasicTypeRegistry - Adding type registration object -> org.hibernate.type.ObjectType@9fcb090
16:56:53.820 [Test worker] DEBUG org.hibernate.type.BasicTypeRegistry - Adding type registration java.lang.Object -> org.hibernate.type.ObjectType@9fcb090
16:56:53.820 [Test worker] DEBUG org.hibernate.type.BasicTypeRegistry - Adding type registration imm_date -> org.hibernate.type.AdaptedImmutableType@5839717c
16:56:53.820 [Test worker] DEBUG org.hibernate.type.BasicTypeRegistry - Adding type registration imm_time -> org.hibernate.type.AdaptedImmutableType@2065e33a
16:56:53.820 [Test worker] DEBUG org.hibernate.type.BasicTypeRegistry - Adding type registration imm_timestamp -> org.hibernate.type.AdaptedImmutableType@1f1461a4
16:56:53.820 [Test worker] DEBUG org.hibernate.type.BasicTypeRegistry - Adding type registration imm_dbtimestamp -> org.hibernate.type.AdaptedImmutableType@15d641c9
16:56:53.820 [Test worker] DEBUG org.hibernate.type.BasicTypeRegistry - Adding type registration imm_calendar -> org.hibernate.type.AdaptedImmutableType@677709e
16:56:53.820 [Test worker] DEBUG org.hibernate.type.BasicTypeRegistry - Adding type registration imm_calendar_date -> org.hibernate.type.AdaptedImmutableType@9842f59
16:56:53.820 [Test worker] DEBUG org.hibernate.type.BasicTypeRegistry - Adding type registration imm_binary -> org.hibernate.type.AdaptedImmutableType@3521768c
16:56:53.820 [Test worker] DEBUG org.hibernate.type.BasicTypeRegistry - Adding type registration imm_serializable -> org.hibernate.type.AdaptedImmutableType@12deb1e8
16:56:53.821 [Test worker] DEBUG org.hibernate.id.factory.internal.DefaultIdentifierGeneratorFactory - Registering IdentifierGenerator strategy [uuid2] -> [org.hibernate.id.UUIDGenerator]
16:56:53.821 [Test worker] DEBUG org.hibernate.id.factory.internal.DefaultIdentifierGeneratorFactory - Registering IdentifierGenerator strategy [guid] -> [org.hibernate.id.GUIDGenerator]
16:56:53.821 [Test worker] DEBUG org.hibernate.id.factory.internal.DefaultIdentifierGeneratorFactory - Registering IdentifierGenerator strategy [uuid] -> [org.hibernate.id.UUIDHexGenerator]
16:56:53.821 [Test worker] DEBUG org.hibernate.id.factory.internal.DefaultIdentifierGeneratorFactory - Registering IdentifierGenerator strategy [uuid.hex] -> [org.hibernate.id.UUIDHexGenerator]
16:56:53.821 [Test worker] DEBUG org.hibernate.id.factory.internal.DefaultIdentifierGeneratorFactory - Registering IdentifierGenerator strategy [hilo] -> [org.hibernate.id.TableHiLoGenerator]
16:56:53.821 [Test worker] DEBUG org.hibernate.id.factory.internal.DefaultIdentifierGeneratorFactory - Registering IdentifierGenerator strategy [assigned] -> [org.hibernate.id.Assigned]
16:56:53.821 [Test worker] DEBUG org.hibernate.id.factory.internal.DefaultIdentifierGeneratorFactory - Registering IdentifierGenerator strategy [identity] -> [org.hibernate.id.IdentityGenerator]
16:56:53.821 [Test worker] DEBUG org.hibernate.id.factory.internal.DefaultIdentifierGeneratorFactory - Registering IdentifierGenerator strategy [select] -> [org.hibernate.id.SelectGenerator]
16:56:53.821 [Test worker] DEBUG org.hibernate.id.factory.internal.DefaultIdentifierGeneratorFactory - Registering IdentifierGenerator strategy [sequence] -> [org.hibernate.id.SequenceGenerator]
16:56:53.821 [Test worker] DEBUG org.hibernate.id.factory.internal.DefaultIdentifierGeneratorFactory - Registering IdentifierGenerator strategy [seqhilo] -> [org.hibernate.id.SequenceHiLoGenerator]
16:56:53.821 [Test worker] DEBUG org.hibernate.id.factory.internal.DefaultIdentifierGeneratorFactory - Registering IdentifierGenerator strategy [increment] -> [org.hibernate.id.IncrementGenerator]
16:56:53.821 [Test worker] DEBUG org.hibernate.id.factory.internal.DefaultIdentifierGeneratorFactory - Registering IdentifierGenerator strategy [foreign] -> [org.hibernate.id.ForeignGenerator]
16:56:53.821 [Test worker] DEBUG org.hibernate.id.factory.internal.DefaultIdentifierGeneratorFactory - Registering IdentifierGenerator strategy [sequence-identity] -> [org.hibernate.id.SequenceIdentityGenerator]
16:56:53.821 [Test worker] DEBUG org.hibernate.id.factory.internal.DefaultIdentifierGeneratorFactory - Registering IdentifierGenerator strategy [enhanced-sequence] -> [org.hibernate.id.enhanced.SequenceStyleGenerator]
16:56:53.821 [Test worker] DEBUG org.hibernate.id.factory.internal.DefaultIdentifierGeneratorFactory - Registering IdentifierGenerator strategy [enhanced-table] -> [org.hibernate.id.enhanced.TableGenerator]
16:56:53.822 [Test worker] DEBUG org.springframework.core.io.support.PathMatchingResourcePatternResolver - Resolved classpath location [com/mycompany/dbEntity/] to resources [URL [file:/K:/JavaWorkSpace/ws1/MobPatternFinder/Core/build/classes/main/com/mycompany/dbEntity/]]
16:56:53.822 [Test worker] DEBUG org.springframework.core.io.support.PathMatchingResourcePatternResolver - Looking for matching resources in directory tree [K:\JavaWorkSpace\ws1\MobPatternFinder\Core\build\classes\main\com\mycompany\dbEntity]
16:56:53.822 [Test worker] DEBUG org.springframework.core.io.support.PathMatchingResourcePatternResolver - Searching directory [K:\JavaWorkSpace\ws1\MobPatternFinder\Core\build\classes\main\com\mycompany\dbEntity] for files matching pattern [K:/JavaWorkSpace/ws1/MobPatternFinder/Core/build/classes/main/com/mycompany/dbEntity/**/*.class]
16:56:53.823 [Test worker] DEBUG org.springframework.core.io.support.PathMatchingResourcePatternResolver - Resolved location pattern [classpath*:com/mycompany/dbEntity/**/*.class] to resources [file [K:\JavaWorkSpace\ws1\MobPatternFinder\Core\build\classes\main\com\mycompany\dbEntity\CallLogInfo.class], file [K:\JavaWorkSpace\ws1\MobPatternFinder\Core\build\classes\main\com\mycompany\dbEntity\PersonInfo.class]]
16:56:53.842 [Test worker] DEBUG org.hibernate.integrator.internal.IntegratorServiceImpl - Adding Integrator [org.hibernate.cfg.beanvalidation.BeanValidationIntegrator].
16:56:53.842 [Test worker] DEBUG org.hibernate.integrator.internal.IntegratorServiceImpl - Adding Integrator [org.hibernate.secure.spi.JaccIntegrator].
16:56:53.842 [Test worker] DEBUG org.hibernate.integrator.internal.IntegratorServiceImpl - Adding Integrator [org.hibernate.cache.internal.CollectionCacheInvalidator].
16:56:53.843 [Test worker] DEBUG org.hibernate.boot.registry.selector.internal.StrategySelectorImpl - Registering named strategy selector [org.hibernate.dialect.Dialect] : [MySQL5] -> [org.hibernate.dialect.MySQL5Dialect] (replacing [org.hibernate.dialect.MySQL5Dialect])
16:56:53.843 [Test worker] DEBUG org.hibernate.boot.registry.selector.internal.StrategySelectorImpl - Registering named strategy selector [org.hibernate.dialect.Dialect] : [MySQL5InnoDB] -> [org.hibernate.dialect.MySQL5InnoDBDialect] (replacing [org.hibernate.dialect.MySQL5InnoDBDialect])
16:56:53.844 [Test worker] DEBUG org.hibernate.service.spi.ServiceBinding - Overriding existing service binding [org.hibernate.secure.spi.JaccService]
16:56:53.844 [Test worker] DEBUG org.hibernate.cfg.Configuration - Preparing to build session factory with filters : {}
16:56:53.845 [Test worker] DEBUG com.mchange.v2.resourcepool.BasicResourcePool - trace com.mchange.v2.resourcepool.BasicResourcePool@14f30e94 [managed: 3, unused: 2, excluded: 0] (e.g. com.mchange.v2.c3p0.impl.NewPooledConnection@7fe529bb)
16:56:53.845 [Test worker] DEBUG org.hibernate.engine.jdbc.internal.JdbcServicesImpl - Database ->
       name : H2
    version : 1.4.192 (2016-05-26)
      major : 1
      minor : 4
16:56:53.845 [Test worker] DEBUG org.hibernate.engine.jdbc.internal.JdbcServicesImpl - Driver ->
       name : H2 JDBC Driver
    version : 1.4.192 (2016-05-26)
      major : 1
      minor : 4
16:56:53.845 [Test worker] DEBUG org.hibernate.engine.jdbc.internal.JdbcServicesImpl - JDBC version : 4.0
16:56:53.845 [Test worker] DEBUG org.hibernate.engine.jdbc.cursor.internal.StandardRefCursorSupport - Unexpected error trying to gauge level of JDBC REF_CURSOR support : null
16:56:53.847 [Test worker] INFO org.hibernate.dialect.Dialect - HHH000400: Using dialect: org.hibernate.dialect.H2Dialect
16:56:53.847 [Test worker] INFO org.hibernate.engine.jdbc.internal.LobCreatorBuilder - HHH000424: Disabling contextual LOB creation as createClob() method threw error : java.lang.reflect.InvocationTargetException
16:56:53.847 [Test worker] DEBUG com.mchange.v2.resourcepool.BasicResourcePool - trace com.mchange.v2.resourcepool.BasicResourcePool@14f30e94 [managed: 3, unused: 2, excluded: 0] (e.g. com.mchange.v2.c3p0.impl.NewPooledConnection@7fe529bb)
16:56:53.848 [Test worker] DEBUG org.hibernate.cfg.Configuration - Processing hbm.xml files
16:56:53.848 [Test worker] DEBUG org.hibernate.cfg.Configuration - Process annotated classes
16:56:53.848 [Test worker] DEBUG org.hibernate.cfg.AnnotationBinder - Binding entity from annotated class: com.mycompany.dbEntity.CallLogInfo
16:56:53.848 [Test worker] DEBUG org.hibernate.cfg.Ejb3Column - Binding column: Ejb3DiscriminatorColumn{logicalColumnName'DTYPE', discriminatorTypeName='string'}
16:56:53.848 [Test worker] DEBUG org.hibernate.cfg.AnnotationBinder - No value specified for 'javax.persistence.sharedCache.mode'; using UNSPECIFIED
16:56:53.848 [Test worker] DEBUG org.hibernate.cfg.annotations.EntityBinder - Import with entity name CallLogInfo
16:56:53.848 [Test worker] DEBUG org.hibernate.cfg.annotations.EntityBinder - Bind entity com.mycompany.dbEntity.CallLogInfo on table call_log
16:56:53.848 [Test worker] DEBUG org.hibernate.cfg.Ejb3Column - Binding column: Ejb3Column{table=org.hibernate.mapping.Table(call_log), mappingColumn=call_log_id, insertable=true, updatable=true, unique=false}
16:56:53.848 [Test worker] DEBUG org.hibernate.cfg.annotations.PropertyBinder - MetadataSourceProcessor property callLogId with lazy=false
16:56:53.848 [Test worker] DEBUG org.hibernate.cfg.AbstractPropertyHolder - Attempting to locate auto-apply AttributeConverter for property [com.mycompany.dbEntity.CallLogInfo:callLogId]
16:56:53.848 [Test worker] DEBUG org.hibernate.cfg.annotations.SimpleValueBinder - building SimpleValue for callLogId
16:56:53.848 [Test worker] DEBUG org.hibernate.cfg.annotations.PropertyBinder - Building property callLogId
16:56:53.849 [Test worker] DEBUG org.hibernate.cfg.Ejb3Column - Binding column: Ejb3Column{table=org.hibernate.mapping.Table(call_log), mappingColumn=end_time, insertable=true, updatable=true, unique=false}
16:56:53.849 [Test worker] DEBUG org.hibernate.cfg.annotations.PropertyBinder - MetadataSourceProcessor property callEndDateTime with lazy=false
16:56:53.849 [Test worker] DEBUG org.hibernate.cfg.AbstractPropertyHolder - Attempting to locate auto-apply AttributeConverter for property [com.mycompany.dbEntity.CallLogInfo:callEndDateTime]
16:56:53.849 [Test worker] DEBUG org.hibernate.cfg.annotations.SimpleValueBinder - building SimpleValue for callEndDateTime
16:56:53.849 [Test worker] DEBUG org.hibernate.cfg.annotations.PropertyBinder - Building property callEndDateTime
16:56:53.849 [Test worker] DEBUG org.hibernate.cfg.Ejb3Column - Binding column: Ejb3Column{table=org.hibernate.mapping.Table(call_log), mappingColumn=start_time, insertable=true, updatable=true, unique=false}
16:56:53.849 [Test worker] DEBUG org.hibernate.cfg.annotations.PropertyBinder - MetadataSourceProcessor property callStartDateTime with lazy=false
16:56:53.849 [Test worker] DEBUG org.hibernate.cfg.AbstractPropertyHolder - Attempting to locate auto-apply AttributeConverter for property [com.mycompany.dbEntity.CallLogInfo:callStartDateTime]
16:56:53.849 [Test worker] DEBUG org.hibernate.cfg.annotations.SimpleValueBinder - building SimpleValue for callStartDateTime
16:56:53.849 [Test worker] DEBUG org.hibernate.cfg.annotations.PropertyBinder - Building property callStartDateTime
16:56:53.849 [Test worker] DEBUG org.hibernate.cfg.Ejb3Column - Binding column: Ejb3Column{table=org.hibernate.mapping.Table(call_log), mappingColumn=call_type, insertable=true, updatable=true, unique=false}
16:56:53.849 [Test worker] DEBUG org.hibernate.cfg.annotations.PropertyBinder - MetadataSourceProcessor property callType with lazy=false
16:56:53.849 [Test worker] DEBUG org.hibernate.cfg.AbstractPropertyHolder - Attempting to locate auto-apply AttributeConverter for property [com.mycompany.dbEntity.CallLogInfo:callType]
16:56:53.849 [Test worker] DEBUG org.hibernate.cfg.annotations.SimpleValueBinder - building SimpleValue for callType
16:56:53.849 [Test worker] DEBUG org.hibernate.cfg.annotations.PropertyBinder - Building property callType
16:56:53.849 [Test worker] DEBUG org.hibernate.cfg.Ejb3Column - Binding column: Ejb3Column{table=org.hibernate.mapping.Table(call_log), mappingColumn=location, insertable=true, updatable=true, unique=false}
16:56:53.849 [Test worker] DEBUG org.hibernate.cfg.annotations.PropertyBinder - MetadataSourceProcessor property location with lazy=false
16:56:53.849 [Test worker] DEBUG org.hibernate.cfg.AbstractPropertyHolder - Attempting to locate auto-apply AttributeConverter for property [com.mycompany.dbEntity.CallLogInfo:location]
16:56:53.849 [Test worker] DEBUG org.hibernate.cfg.annotations.SimpleValueBinder - building SimpleValue for location
16:56:53.849 [Test worker] DEBUG org.hibernate.cfg.annotations.PropertyBinder - Building property location
16:56:53.849 [Test worker] DEBUG org.hibernate.cfg.Ejb3Column - Binding column: Ejb3Column{table=org.hibernate.mapping.Table(call_log), mappingColumn=party_phone_no, insertable=true, updatable=true, unique=false}
16:56:53.849 [Test worker] DEBUG org.hibernate.cfg.annotations.PropertyBinder - MetadataSourceProcessor property partyPhoneNumber with lazy=false
16:56:53.849 [Test worker] DEBUG org.hibernate.cfg.AbstractPropertyHolder - Attempting to locate auto-apply AttributeConverter for property [com.mycompany.dbEntity.CallLogInfo:partyPhoneNumber]
16:56:53.849 [Test worker] DEBUG org.hibernate.cfg.annotations.SimpleValueBinder - building SimpleValue for partyPhoneNumber
16:56:53.850 [Test worker] DEBUG org.hibernate.cfg.annotations.PropertyBinder - Building property partyPhoneNumber
16:56:53.850 [Test worker] DEBUG org.hibernate.cfg.Ejb3Column - Binding column: Ejb3JoinColumn{logicalColumnName='id', referencedColumn='', mappedBy=''}
16:56:53.850 [Test worker] DEBUG org.hibernate.cfg.Ejb3Column - Binding column: Ejb3Column{table=org.hibernate.mapping.Table(call_log), mappingColumn=personInfo, insertable=true, updatable=true, unique=false}
16:56:53.850 [Test worker] DEBUG org.hibernate.cfg.annotations.PropertyBinder - Building property personInfo
16:56:53.850 [Test worker] DEBUG org.hibernate.cfg.AnnotationBinder - Binding entity from annotated class: com.mycompany.dbEntity.PersonInfo
16:56:53.850 [Test worker] DEBUG org.hibernate.cfg.Ejb3Column - Binding column: Ejb3DiscriminatorColumn{logicalColumnName'DTYPE', discriminatorTypeName='string'}
16:56:53.850 [Test worker] DEBUG org.hibernate.cfg.AnnotationBinder - No value specified for 'javax.persistence.sharedCache.mode'; using UNSPECIFIED
16:56:53.850 [Test worker] DEBUG org.hibernate.cfg.annotations.EntityBinder - Import with entity name PersonInfo
16:56:53.850 [Test worker] DEBUG org.hibernate.cfg.annotations.EntityBinder - Bind entity com.mycompany.dbEntity.PersonInfo on table Person
16:56:53.850 [Test worker] DEBUG org.hibernate.cfg.Ejb3Column - Binding column: Ejb3Column{table=org.hibernate.mapping.Table(Person), mappingColumn=id, insertable=true, updatable=true, unique=false}
16:56:53.850 [Test worker] DEBUG org.hibernate.cfg.annotations.PropertyBinder - MetadataSourceProcessor property id with lazy=false
16:56:53.850 [Test worker] DEBUG org.hibernate.cfg.AbstractPropertyHolder - Attempting to locate auto-apply AttributeConverter for property [com.mycompany.dbEntity.PersonInfo:id]
16:56:53.850 [Test worker] DEBUG org.hibernate.cfg.annotations.SimpleValueBinder - building SimpleValue for id
16:56:53.850 [Test worker] DEBUG org.hibernate.cfg.annotations.PropertyBinder - Building property id
16:56:53.850 [Test worker] DEBUG org.hibernate.cfg.Ejb3Column - Binding column: Ejb3Column{table=org.hibernate.mapping.Table(Person), mappingColumn=address, insertable=true, updatable=true, unique=false}
16:56:53.851 [Test worker] DEBUG org.hibernate.cfg.annotations.PropertyBinder - MetadataSourceProcessor property address with lazy=false
16:56:53.851 [Test worker] DEBUG org.hibernate.cfg.AbstractPropertyHolder - Attempting to locate auto-apply AttributeConverter for property [com.mycompany.dbEntity.PersonInfo:address]
16:56:53.851 [Test worker] DEBUG org.hibernate.cfg.annotations.SimpleValueBinder - building SimpleValue for address
16:56:53.851 [Test worker] DEBUG org.hibernate.cfg.annotations.PropertyBinder - Building property address
16:56:53.851 [Test worker] DEBUG org.hibernate.cfg.Ejb3Column - Binding column: Ejb3Column{table=org.hibernate.mapping.Table(Person), mappingColumn=name, insertable=true, updatable=true, unique=false}
16:56:53.851 [Test worker] DEBUG org.hibernate.cfg.annotations.PropertyBinder - MetadataSourceProcessor property name with lazy=false
16:56:53.851 [Test worker] DEBUG org.hibernate.cfg.AbstractPropertyHolder - Attempting to locate auto-apply AttributeConverter for property [com.mycompany.dbEntity.PersonInfo:name]
16:56:53.851 [Test worker] DEBUG org.hibernate.cfg.annotations.SimpleValueBinder - building SimpleValue for name
16:56:53.851 [Test worker] DEBUG org.hibernate.cfg.annotations.PropertyBinder - Building property name
16:56:53.851 [Test worker] DEBUG org.hibernate.cfg.Ejb3Column - Binding column: Ejb3Column{table=org.hibernate.mapping.Table(Person), mappingColumn=phone_no, insertable=true, updatable=true, unique=false}
16:56:53.851 [Test worker] DEBUG org.hibernate.cfg.annotations.PropertyBinder - MetadataSourceProcessor property phoneNumber with lazy=false
16:56:53.851 [Test worker] DEBUG org.hibernate.cfg.AbstractPropertyHolder - Attempting to locate auto-apply AttributeConverter for property [com.mycompany.dbEntity.PersonInfo:phoneNumber]
16:56:53.851 [Test worker] DEBUG org.hibernate.cfg.annotations.SimpleValueBinder - building SimpleValue for phoneNumber
16:56:53.851 [Test worker] DEBUG org.hibernate.cfg.annotations.PropertyBinder - Building property phoneNumber
16:56:53.851 [Test worker] DEBUG org.hibernate.cfg.annotations.SimpleValueBinder - Starting fillSimpleValue for callLogId
16:56:53.851 [Test worker] DEBUG org.hibernate.cfg.annotations.SimpleValueBinder - Starting fillSimpleValue for callEndDateTime
16:56:53.851 [Test worker] DEBUG org.hibernate.cfg.annotations.SimpleValueBinder - Starting fillSimpleValue for callStartDateTime
16:56:53.851 [Test worker] DEBUG org.hibernate.cfg.annotations.SimpleValueBinder - Starting fillSimpleValue for callType
16:56:53.851 [Test worker] DEBUG org.hibernate.cfg.annotations.SimpleValueBinder - Starting fillSimpleValue for location
16:56:53.851 [Test worker] DEBUG org.hibernate.cfg.annotations.SimpleValueBinder - Starting fillSimpleValue for partyPhoneNumber
16:56:53.851 [Test worker] DEBUG org.hibernate.cfg.annotations.SimpleValueBinder - Starting fillSimpleValue for id
16:56:53.851 [Test worker] DEBUG org.hibernate.cfg.annotations.SimpleValueBinder - Starting fillSimpleValue for address
16:56:53.851 [Test worker] DEBUG org.hibernate.cfg.annotations.SimpleValueBinder - Starting fillSimpleValue for name
16:56:53.851 [Test worker] DEBUG org.hibernate.cfg.annotations.SimpleValueBinder - Starting fillSimpleValue for phoneNumber
16:56:53.851 [Test worker] DEBUG org.hibernate.cfg.Configuration - Processing fk mappings (*ToOne and JoinedSubclass)
16:56:53.852 [Test worker] DEBUG org.hibernate.cfg.Configuration - Processing extends queue
16:56:53.852 [Test worker] DEBUG org.hibernate.cfg.Configuration - Processing extends queue
16:56:53.852 [Test worker] DEBUG org.hibernate.cfg.Configuration - Processing collection mappings
16:56:53.852 [Test worker] DEBUG org.hibernate.cfg.Configuration - Processing native query and ResultSetMapping mappings
16:56:53.852 [Test worker] DEBUG org.hibernate.cfg.annotations.ResultsetMappingSecondPass - Binding result set mapping: CallSummaryResultMapping
16:56:53.852 [Test worker] DEBUG org.hibernate.cfg.Configuration - Processing association property references
16:56:53.852 [Test worker] DEBUG org.hibernate.cfg.Configuration - Creating tables' unique integer identifiers
16:56:53.852 [Test worker] DEBUG org.hibernate.cfg.Configuration - Processing foreign key constraints
16:56:53.852 [Test worker] DEBUG org.hibernate.cfg.Configuration - Resolving reference to class: com.mycompany.dbEntity.PersonInfo
16:56:53.852 [Test worker] DEBUG org.hibernate.engine.transaction.jta.platform.internal.JtaPlatformInitiator - No JtaPlatform was specified, checking resolver
16:56:53.853 [Test worker] DEBUG org.hibernate.engine.transaction.jta.platform.internal.JtaPlatformResolverInitiator - No JtaPlatformResolver was specified, using default [org.hibernate.engine.transaction.jta.platform.internal.StandardJtaPlatformResolver]
16:56:53.855 [Test worker] DEBUG org.hibernate.engine.transaction.jta.platform.internal.StandardJtaPlatformResolver - Could not resolve JtaPlatform, using default [org.hibernate.engine.transaction.jta.platform.internal.NoJtaPlatform]
16:56:53.855 [Test worker] DEBUG org.hibernate.cfg.SettingsFactory - Automatic flush during beforeCompletion(): disabled
16:56:53.855 [Test worker] DEBUG org.hibernate.cfg.SettingsFactory - Automatic session close at end of transaction: disabled
16:56:53.855 [Test worker] DEBUG org.hibernate.cfg.SettingsFactory - JDBC batch size: 15
16:56:53.855 [Test worker] DEBUG org.hibernate.cfg.SettingsFactory - JDBC batch updates for versioned data: disabled
16:56:53.855 [Test worker] DEBUG org.hibernate.cfg.SettingsFactory - Scrollable result sets: enabled
16:56:53.855 [Test worker] DEBUG org.hibernate.cfg.SettingsFactory - Wrap result sets: disabled
16:56:53.855 [Test worker] DEBUG org.hibernate.cfg.SettingsFactory - JDBC3 getGeneratedKeys(): enabled
16:56:53.855 [Test worker] DEBUG org.hibernate.cfg.SettingsFactory - JDBC result set fetch size: 30
16:56:53.855 [Test worker] DEBUG org.hibernate.cfg.SettingsFactory - multi-tenancy strategy : NONE
16:56:53.855 [Test worker] DEBUG org.hibernate.cfg.SettingsFactory - Connection release mode: auto
16:56:53.855 [Test worker] INFO org.hibernate.engine.transaction.internal.TransactionFactoryInitiator - HHH000399: Using default transaction strategy (direct JDBC transactions)
16:56:53.855 [Test worker] DEBUG org.hibernate.cfg.SettingsFactory - Using BatchFetchStyle : LEGACY
16:56:53.855 [Test worker] DEBUG org.hibernate.cfg.SettingsFactory - Maximum outer join fetch depth: 3
16:56:53.855 [Test worker] DEBUG org.hibernate.cfg.SettingsFactory - Default batch fetch size: 1
16:56:53.855 [Test worker] DEBUG org.hibernate.cfg.SettingsFactory - Generate SQL with comments: disabled
16:56:53.855 [Test worker] DEBUG org.hibernate.cfg.SettingsFactory - Order SQL updates by primary key: disabled
16:56:53.855 [Test worker] DEBUG org.hibernate.cfg.SettingsFactory - Order SQL inserts for batching: disabled
16:56:53.855 [Test worker] DEBUG org.hibernate.cfg.SettingsFactory - Default null ordering: none
16:56:53.855 [Test worker] DEBUG org.hibernate.cfg.SettingsFactory - Query translator: org.hibernate.hql.internal.ast.ASTQueryTranslatorFactory
16:56:53.855 [Test worker] INFO org.hibernate.hql.internal.ast.ASTQueryTranslatorFactory - HHH000397: Using ASTQueryTranslatorFactory
16:56:53.855 [Test worker] DEBUG org.hibernate.cfg.SettingsFactory - Query language substitutions: {}
16:56:53.855 [Test worker] DEBUG org.hibernate.cfg.SettingsFactory - JPA-QL strict compliance: disabled
16:56:53.855 [Test worker] DEBUG org.hibernate.cfg.SettingsFactory - Second-level cache: enabled
16:56:53.855 [Test worker] DEBUG org.hibernate.cfg.SettingsFactory - Query cache: disabled
16:56:53.856 [Test worker] DEBUG org.hibernate.cache.internal.RegionFactoryInitiator - Cache region factory : org.hibernate.cache.internal.NoCachingRegionFactory
16:56:53.856 [Test worker] DEBUG org.hibernate.cfg.SettingsFactory - Optimize cache for minimal puts: disabled
16:56:53.856 [Test worker] DEBUG org.hibernate.cfg.SettingsFactory - Structured second-level cache entries: disabled
16:56:53.856 [Test worker] DEBUG org.hibernate.cfg.SettingsFactory - Second-level cache direct-reference entries: disabled
16:56:53.856 [Test worker] DEBUG org.hibernate.cfg.SettingsFactory - Automatic eviction of collection cache: disabled
16:56:53.856 [Test worker] DEBUG org.hibernate.cfg.SettingsFactory - Statistics: disabled
16:56:53.856 [Test worker] DEBUG org.hibernate.cfg.SettingsFactory - Deleted entity synthetic identifier rollback: disabled
16:56:53.856 [Test worker] DEBUG org.hibernate.cfg.SettingsFactory - Default entity-mode: pojo
16:56:53.856 [Test worker] DEBUG org.hibernate.cfg.SettingsFactory - Named query checking : enabled
16:56:53.856 [Test worker] DEBUG org.hibernate.cfg.SettingsFactory - Check Nullability in Core (should be disabled when Bean Validation is on): enabled
16:56:53.856 [Test worker] DEBUG org.hibernate.cfg.SettingsFactory - Allow initialization of lazy state outside session : : disabled
16:56:53.856 [Test worker] DEBUG org.hibernate.cfg.SettingsFactory - JTA Track by Thread: enabled
16:56:53.856 [Test worker] DEBUG org.hibernate.internal.SessionFactoryImpl - Building session factory
16:56:53.856 [Test worker] DEBUG org.hibernate.internal.SessionFactoryImpl - Session factory constructed with filter configurations : {}
16:56:53.863 [Test worker] DEBUG org.hibernate.internal.SessionFactoryImpl - Instantiating session factory with properties: {java.runtime.name=Java(TM) SE Runtime Environment, sun.boot.library.path=K:\JavaSW\JDK\1.8.0.92\jre\bin, java.vm.version=25.92-b14, java.vm.vendor=Oracle Corporation, java.vendor.url=http://java.oracle.com/, path.separator=;, java.vm.name=Java HotSpot(TM) 64-Bit Server VM, file.encoding.pkg=sun.io, user.script=, user.country=US, sun.java.launcher=SUN_STANDARD, sun.os.patch.level=, java.vm.specification.name=Java Virtual Machine Specification, user.dir=K:\JavaWorkSpace\ws1\MobPatternFinder\Core, java.runtime.version=1.8.0_92-b14, java.awt.graphicsenv=sun.awt.Win32GraphicsEnvironment, hibernate.current_session_context_class=org.springframework.orm.hibernate4.SpringSessionContext, java.endorsed.dirs=K:\JavaSW\JDK\1.8.0.92\jre\lib\endorsed, os.arch=amd64, hibernate.c3p0.max_statements=5, java.io.tmpdir=C:\Users\Batman\AppData\Local\Temp\, line.separator=
, java.vm.specification.vendor=Oracle Corporation, user.variant=, os.name=Windows 10, sun.jnu.encoding=Cp1252, hibernate.jdbc.fetch_size=30, hibernate.c3p0.timeout=600, java.library.path=K:\JavaSW\JDK\1.8.0.92\bin;C:\WINDOWS\Sun\Java\bin;C:\WINDOWS\system32;C:\WINDOWS;C:/Program Files/Java/jre1.8.0_92/bin/server;C:/Program Files/Java/jre1.8.0_92/bin;C:/Program Files/Java/jre1.8.0_92/lib/amd64;C:\ProgramData\Oracle\Java\javapath;C:\Program Files\Common Files\Microsoft Shared\Windows Live;C:\Program Files (x86)\Common Files\Microsoft Shared\Windows Live;c:\Program Files (x86)\Intel\iCLS Client\;c:\Program Files\Intel\iCLS Client\;C:\Program Files (x86)\NVIDIA Corporation\PhysX\Common;C:\WINDOWS\system32;C:\WINDOWS;C:\WINDOWS\System32\Wbem;C:\WINDOWS\System32\WindowsPowerShell\v1.0\;C:\Program Files\Intel\Intel(R) Management Engine Components\DAL;C:\Program Files\Intel\Intel(R) Management Engine Components\IPT;C:\Program Files (x86)\Intel\Intel(R) Management Engine Components\DAL;C:\Program Files (x86)\Intel\Intel(R) Management Engine Components\IPT;C:\Program Files (x86)\Windows Live\Shared;K:\JavaSW\JDK\1.8.0.92\bin;K:\JavaSW\Downloads\gradle-2.12-all\gradle-2.12\bin;C:\Program Files\Git\cmd;K:\JavaSW\Eclipse\eclipse;;., hibernate.connection.datasource=com.mchange.v2.c3p0.ComboPooledDataSource [ acquireIncrement -> 3, acquireRetryAttempts -> 30, acquireRetryDelay -> 1000, autoCommitOnClose -> false, automaticTestTable -> null, breakAfterAcquireFailure -> false, checkoutTimeout -> 240000, connectionCustomizerClassName -> null, connectionTesterClassName -> com.mchange.v2.c3p0.impl.DefaultConnectionTester, dataSourceName -> 1hge0yt9h1045nby5i4inz|44de241, debugUnreturnedConnectionStackTraces -> false, description -> null, driverClass -> org.h2.Driver, factoryClassLocation -> null, forceIgnoreUnresolvedTransactions -> false, identityToken -> 1hge0yt9h1045nby5i4inz|44de241, idleConnectionTestPeriod -> 0, initialPoolSize -> 3, jdbcUrl -> jdbc:h2:~/testing-2/h2;DATABASE_TO_UPPER=false;DB_CLOSE_ON_EXIT=FALSE, maxAdministrativeTaskTime -> 0, maxConnectionAge -> 3600, maxIdleTime -> 600, maxIdleTimeExcessConnections -> 0, maxPoolSize -> 20, maxStatements -> 0, maxStatementsPerConnection -> 0, minPoolSize -> 1, numHelperThreads -> 3, numThreadsAwaitingCheckoutDefaultUser -> 0, preferredTestQuery -> null, properties -> {user=******, password=******}, propertyCycle -> 0, testConnectionOnCheckin -> false, testConnectionOnCheckout -> false, unreturnedConnectionTimeout -> 0, usesTraditionalReflectiveProxies -> false ], java.specification.name=Java Platform API Specification, java.class.version=52.0, sun.management.compiler=HotSpot 64-Bit Tiered Compilers, os.version=10.0, user.home=C:\Users\Batman, user.timezone=Asia/Calcutta, java.awt.printerjob=sun.awt.windows.WPrinterJob, java.specification.version=1.8, file.encoding=windows-1252, hibernate.c3p0.min_size=1, show_sql=true, user.name=Batman, java.class.path=K:\JavaWorkSpace\ws1\MobPatternFinder\Core\build\classes\test;K:\JavaWorkSpace\ws1\MobPatternFinder\Core\build\resources\test;K:\JavaWorkSpace\ws1\MobPatternFinder\Core\build\classes\main;K:\JavaWorkSpace\ws1\MobPatternFinder\Core\build\resources\main;K:\JavaSW\JDK\1.8.0.92\lib\tools.jar;K:\JavaSW\Downloads\gradle-2.12-all\gradle-2.12\caches\modules-2\files-2.1\org.springframework.boot\spring-boot-starter-data-jpa\1.3.5.RELEASE\32f4449a9de903ec4e4acd9c8f6af7c6a1309571\spring-boot-starter-data-jpa-1.3.5.RELEASE.jar;K:\JavaSW\Downloads\gradle-2.12-all\gradle-2.12\caches\modules-2\files-2.1\org.springframework.boot\spring-boot-starter-web\1.3.5.RELEASE\1ad40f8edd1b502fb82bfae3a6feb8be3a2b44fa\spring-boot-starter-web-1.3.5.RELEASE.jar;K:\JavaSW\Downloads\gradle-2.12-all\gradle-2.12\caches\modules-2\files-2.1\com.h2database\h2\1.4.192\1106492605db135523d2817881cdf029d9292afa\h2-1.4.192.jar;K:\JavaSW\Downloads\gradle-2.12-all\gradle-2.12\caches\modules-2\files-2.1\c3p0\c3p0\0.9.1.2\4ea71601f844c4b90d22195bbdb58979281bb8b6\c3p0-0.9.1.2.jar;K:\JavaSW\Downloads\gradle-2.12-all\gradle-2.12\caches\modules-2\files-2.1\com.mchange\mchange-commons-java\0.2.12\f5d967e436cab9b27b60a2962a74074fe71823d0\mchange-commons-java-0.2.12.jar;K:\JavaSW\Downloads\gradle-2.12-all\gradle-2.12\caches\modules-2\files-2.1\postgresql\postgresql\9.1-901-1.jdbc4\9bfabe48876ec38f6cbaa6931bad05c64a9ea942\postgresql-9.1-901-1.jdbc4.jar;K:\JavaWorkSpace\ws1\MobPatternFinder\Common\build\libs\Common-1.0.jar;K:\JavaSW\Downloads\gradle-2.12-all\gradle-2.12\caches\modules-2\files-2.1\junit\junit\4.12\2973d150c0dc1fefe998f834810d68f278ea58ec\junit-4.12.jar;K:\JavaSW\Downloads\gradle-2.12-all\gradle-2.12\caches\modules-2\files-2.1\org.springframework\spring-test\4.2.6.RELEASE\1f869333b3d64f17009a613368165978af575d8c\spring-test-4.2.6.RELEASE.jar;K:\JavaSW\Downloads\gradle-2.12-all\gradle-2.12\caches\modules-2\files-2.1\org.springframework.boot\spring-boot-starter\1.3.5.RELEASE\188c658fabbce0d1ccc1ae18a1cf58f566208c78\spring-boot-starter-1.3.5.RELEASE.jar;K:\JavaSW\Downloads\gradle-2.12-all\gradle-2.12\caches\modules-2\files-2.1\org.springframework.boot\spring-boot-starter-aop\1.3.5.RELEASE\478a50b44faab2ada75583637b9f6e789809d069\spring-boot-starter-aop-1.3.5.RELEASE.jar;K:\JavaSW\Downloads\gradle-2.12-all\gradle-2.12\caches\modules-2\files-2.1\org.springframework.boot\spring-boot-starter-jdbc\1.3.5.RELEASE\b427aa14a4f3a2fba114bcbb60eae6f83ee86706\spring-boot-starter-jdbc-1.3.5.RELEASE.jar;K:\JavaSW\Downloads\gradle-2.12-all\gradle-2.12\caches\modules-2\files-2.1\org.hibernate\hibernate-entitymanager\4.3.11.Final\27a119fcc2b91c50e5285dd11158fac2c38c9d1b\hibernate-entitymanager-4.3.11.Final.jar;K:\JavaSW\Downloads\gradle-2.12-all\gradle-2.12\caches\modules-2\files-2.1\javax.transaction\javax.transaction-api\1.2\d81aff979d603edd90dcd8db2abc1f4ce6479e3e\javax.transaction-api-1.2.jar;K:\JavaSW\Downloads\gradle-2.12-all\gradle-2.12\caches\modules-2\files-2.1\org.springframework.data\spring-data-jpa\1.9.4.RELEASE\80b83510e67aa085b7d91d2d096d90133ec995de\spring-data-jpa-1.9.4.RELEASE.jar;K:\JavaSW\Downloads\gradle-2.12-all\gradle-2.12\caches\modules-2\files-2.1\org.springframework\spring-aspects\4.2.6.RELEASE\7ed7b15e95eedd551ac979bd8c295256d96cf2ff\spring-aspects-4.2.6.RELEASE.jar;K:\JavaSW\Downloads\gradle-2.12-all\gradle-2.12\caches\modules-2\files-2.1\org.springframework.boot\spring-boot-starter-tomcat\1.3.5.RELEASE\b4c6277ccec38c51716659886efec073c4b386ea\spring-boot-starter-tomcat-1.3.5.RELEASE.jar;K:\JavaSW\Downloads\gradle-2.12-all\gradle-2.12\caches\modules-2\files-2.1\org.springframework.boot\spring-boot-starter-validation\1.3.5.RELEASE\c83a6cc60a95faace7e03c524d60fc9de1329f57\spring-boot-starter-validation-1.3.5.RELEASE.jar;K:\JavaSW\Downloads\gradle-2.12-all\gradle-2.12\caches\modules-2\files-2.1\com.fasterxml.jackson.core\jackson-databind\2.6.6\5108dde6049374ba980b360e1ecff49847baba4a\jackson-databind-2.6.6.jar;K:\JavaSW\Downloads\gradle-2.12-all\gradle-2.12\caches\modules-2\files-2.1\org.springframework\spring-web\4.2.6.RELEASE\d5ce949da3f3266f118ed899a153413613b503ad\spring-web-4.2.6.RELEASE.jar;K:\JavaSW\Downloads\gradle-2.12-all\gradle-2.12\caches\modules-2\files-2.1\org.springframework\spring-webmvc\4.2.6.RELEASE\7c7ea475d33287e0e3a92e98ccbe0ad6a0dbb9ca\spring-webmvc-4.2.6.RELEASE.jar;K:\JavaSW\Downloads\gradle-2.12-all\gradle-2.12\caches\modules-2\files-2.1\commons-collections\commons-collections\3.2.2\8ad72fe39fa8c91eaaf12aadb21e0c3661fe26d5\commons-collections-3.2.2.jar;K:\JavaSW\Downloads\gradle-2.12-all\gradle-2.12\caches\modules-2\files-2.1\com.fasterxml.jackson.core\jackson-annotations\2.6.6\7ef6440e71531604aa44a5eb62d4b466ffbf7e8f\jackson-annotations-2.6.6.jar;K:\JavaSW\Downloads\gradle-2.12-all\gradle-2.12\caches\modules-2\files-2.1\org.hamcrest\hamcrest-core\1.3\42a25dc3219429f0e5d060061f71acb49bf010a0\hamcrest-core-1.3.jar;K:\JavaSW\Downloads\gradle-2.12-all\gradle-2.12\caches\modules-2\files-2.1\org.springframework\spring-core\4.2.6.RELEASE\a1c6ef01f18888f51fc5054c65ef4787b7cf0a1e\spring-core-4.2.6.RELEASE.jar;K:\JavaSW\Downloads\gradle-2.12-all\gradle-2.12\caches\modules-2\files-2.1\org.springframework.boot\spring-boot\1.3.5.RELEASE\b218ba5f3bd01e657fbde9b085722da1fafa4f8a\spring-boot-1.3.5.RELEASE.jar;K:\JavaSW\Downloads\gradle-2.12-all\gradle-2.12\caches\modules-2\files-2.1\org.springframework.boot\spring-boot-autoconfigure\1.3.5.RELEASE\2bcfa86bb3afd95eff5252db6d78f2693b706997\spring-boot-autoconfigure-1.3.5.RELEASE.jar;K:\JavaSW\Downloads\gradle-2.12-all\gradle-2.12\caches\modules-2\files-2.1\org.springframework.boot\spring-boot-starter-logging\1.3.5.RELEASE\a71e1d7fff512b1eadd3426ea1ce5b4cc703c429\spring-boot-starter-logging-1.3.5.RELEASE.jar;K:\JavaSW\Downloads\gradle-2.12-all\gradle-2.12\caches\modules-2\files-2.1\org.yaml\snakeyaml\1.16\d64fb662c9e42789149f5078a62a22edda786c6a\snakeyaml-1.16.jar;K:\JavaSW\Downloads\gradle-2.12-all\gradle-2.12\caches\modules-2\files-2.1\org.springframework\spring-aop\4.2.6.RELEASE\5efbfccb19efda2956b8977561bf4da6b15b0d0e\spring-aop-4.2.6.RELEASE.jar;K:\JavaSW\Downloads\gradle-2.12-all\gradle-2.12\caches\modules-2\files-2.1\org.aspectj\aspectjweaver\1.8.9\db28774f477f07220eac18d5ec9c4e01f48589d7\aspectjweaver-1.8.9.jar;K:\JavaSW\Downloads\gradle-2.12-all\gradle-2.12\caches\modules-2\files-2.1\org.apache.tomcat\tomcat-jdbc\8.0.33\7f1b6d609f9c2e045e8d7759e96605841fffdf82\tomcat-jdbc-8.0.33.jar;K:\JavaSW\Downloads\gradle-2.12-all\gradle-2.12\caches\modules-2\files-2.1\org.springframework\spring-jdbc\4.2.6.RELEASE\16075bfb0901a5b89c5be975365ff09b2df04abb\spring-jdbc-4.2.6.RELEASE.jar;K:\JavaSW\Downloads\gradle-2.12-all\gradle-2.12\caches\modules-2\files-2.1\org.jboss.logging\jboss-logging\3.3.0.Final\3616bb87707910296e2c195dc016287080bba5af\jboss-logging-3.3.0.Final.jar;K:\JavaSW\Downloads\gradle-2.12-all\gradle-2.12\caches\modules-2\files-2.1\org.jboss.logging\jboss-logging-annotations\1.2.0.Beta1\2f437f37bb265d9f8f1392823dbca12d2bec06d6\jboss-logging-annotations-1.2.0.Beta1.jar;K:\JavaSW\Downloads\gradle-2.12-all\gradle-2.12\caches\modules-2\files-2.1\org.hibernate\hibernate-core\4.3.11.Final\536ac0021240d97db99c7d2983067cef1a6f3af5\hibernate-core-4.3.11.Final.jar;K:\JavaSW\Downloads\gradle-2.12-all\gradle-2.12\caches\modules-2\files-2.1\dom4j\dom4j\1.6.1\5d3ccc056b6f056dbf0dddfdf43894b9065a8f94\dom4j-1.6.1.jar;K:\JavaSW\Downloads\gradle-2.12-all\gradle-2.12\caches\modules-2\files-2.1\org.hibernate.common\hibernate-commons-annotations\4.0.5.Final\2a581b9edb8168e45060d8bad8b7f46712d2c52c\hibernate-commons-annotations-4.0.5.Final.jar;K:\JavaSW\Downloads\gradle-2.12-all\gradle-2.12\caches\modules-2\files-2.1\org.hibernate.javax.persistence\hibernate-jpa-2.1-api\1.0.0.Final\5e731d961297e5a07290bfaf3db1fbc8bbbf405a\hibernate-jpa-2.1-api-1.0.0.Final.jar;K:\JavaSW\Downloads\gradle-2.12-all\gradle-2.12\caches\modules-2\files-2.1\org.javassist\javassist\3.18.1-GA\d9a09f7732226af26bf99f19e2cffe0ae219db5b\javassist-3.18.1-GA.jar;K:\JavaSW\Downloads\gradle-2.12-all\gradle-2.12\caches\modules-2\files-2.1\org.springframework.data\spring-data-commons\1.11.4.RELEASE\c2b1fd4dbf7dff772d6124bb35892759e8bf088e\spring-data-commons-1.11.4.RELEASE.jar;K:\JavaSW\Downloads\gradle-2.12-all\gradle-2.12\caches\modules-2\files-2.1\org.springframework\spring-orm\4.2.6.RELEASE\2ef30e836028ebe4dbba0d8355929625a758ed8d\spring-orm-4.2.6.RELEASE.jar;K:\JavaSW\Downloads\gradle-2.12-all\gradle-2.12\caches\modules-2\files-2.1\org.springframework\spring-context\4.2.6.RELEASE\bbf3c8526fe37bb341507f28db17882d4348dbca\spring-context-4.2.6.RELEASE.jar;K:\JavaSW\Downloads\gradle-2.12-all\gradle-2.12\caches\modules-2\files-2.1\org.springframework\spring-tx\4.2.6.RELEASE\ba7502c0644414748b1eeb65b4193b05d335a110\spring-tx-4.2.6.RELEASE.jar;K:\JavaSW\Downloads\gradle-2.12-all\gradle-2.12\caches\modules-2\files-2.1\org.springframework\spring-beans\4.2.6.RELEASE\d4a319fb4d949fb6313f45c929947b9b4e26283e\spring-beans-4.2.6.RELEASE.jar;K:\JavaSW\Downloads\gradle-2.12-all\gradle-2.12\caches\modules-2\files-2.1\org.slf4j\slf4j-api\1.7.21\139535a69a4239db087de9bab0bee568bf8e0b70\slf4j-api-1.7.21.jar;K:\JavaSW\Downloads\gradle-2.12-all\gradle-2.12\caches\modules-2\files-2.1\org.slf4j\jcl-over-slf4j\1.7.21\331b564a3a42f002a0004b039c1c430da89062cd\jcl-over-slf4j-1.7.21.jar;K:\JavaSW\Downloads\gradle-2.12-all\gradle-2.12\caches\modules-2\files-2.1\org.apache.tomcat.embed\tomcat-embed-core\8.0.33\4e7f547fbb2c364cb5e02a58790c5fb89e31efed\tomcat-embed-core-8.0.33.jar;K:\JavaSW\Downloads\gradle-2.12-all\gradle-2.12\caches\modules-2\files-2.1\org.apache.tomcat.embed\tomcat-embed-el\8.0.33\31423f2d493cf1f7cf5f0082c9f94640e93b8c1b\tomcat-embed-el-8.0.33.jar;K:\JavaSW\Downloads\gradle-2.12-all\gradle-2.12\caches\modules-2\files-2.1\org.apache.tomcat.embed\tomcat-embed-logging-juli\8.0.33\66bc309e0227c1ba2cf4417182d0b1583003d24b\tomcat-embed-logging-juli-8.0.33.jar;K:\JavaSW\Downloads\gradle-2.12-all\gradle-2.12\caches\modules-2\files-2.1\org.apache.tomcat.embed\tomcat-embed-websocket\8.0.33\be1f95e5d9ae00f9bc6138441d29cfe5c7c60256\tomcat-embed-websocket-8.0.33.jar;K:\JavaSW\Downloads\gradle-2.12-all\gradle-2.12\caches\modules-2\files-2.1\org.hibernate\hibernate-validator\5.2.4.Final\fb18766b576aa6632bcfe9a20a023cbd52bf9769\hibernate-validator-5.2.4.Final.jar;K:\JavaSW\Downloads\gradle-2.12-all\gradle-2.12\caches\modules-2\files-2.1\com.fasterxml.jackson.core\jackson-core\2.6.6\2eb801df67aacaf5b1deb4ac626e1964508e47b\jackson-core-2.6.6.jar;K:\JavaSW\Downloads\gradle-2.12-all\gradle-2.12\caches\modules-2\files-2.1\org.springframework\spring-expression\4.2.6.RELEASE\c0182d73f348ab11d51d45cbe29f3820c32d0ccc\spring-expression-4.2.6.RELEASE.jar;K:\JavaSW\Downloads\gradle-2.12-all\gradle-2.12\caches\modules-2\files-2.1\ch.qos.logback\logback-classic\1.1.7\9865cf6994f9ff13fce0bf93f2054ef6c65bb462\logback-classic-1.1.7.jar;K:\JavaSW\Downloads\gradle-2.12-all\gradle-2.12\caches\modules-2\files-2.1\org.slf4j\jul-to-slf4j\1.7.21\2f22c882ffa479d1e9ff4eb0e8e2c29f2a0871ed\jul-to-slf4j-1.7.21.jar;K:\JavaSW\Downloads\gradle-2.12-all\gradle-2.12\caches\modules-2\files-2.1\org.slf4j\log4j-over-slf4j\1.7.21\b3700d97464d99bdcd42c0177d6e7951c94d75ff\log4j-over-slf4j-1.7.21.jar;K:\JavaSW\Downloads\gradle-2.12-all\gradle-2.12\caches\modules-2\files-2.1\aopalliance\aopalliance\1.0\235ba8b489512805ac13a8f9ea77a1ca5ebe3e8\aopalliance-1.0.jar;K:\JavaSW\Downloads\gradle-2.12-all\gradle-2.12\caches\modules-2\files-2.1\org.apache.tomcat\tomcat-juli\8.0.33\330aecfa895156cea91c576cb6609537152761f9\tomcat-juli-8.0.33.jar;K:\JavaSW\Downloads\gradle-2.12-all\gradle-2.12\caches\modules-2\files-2.1\antlr\antlr\2.7.7\83cd2cd674a217ade95a4bb83a8a14f351f48bd0\antlr-2.7.7.jar;K:\JavaSW\Downloads\gradle-2.12-all\gradle-2.12\caches\modules-2\files-2.1\org.jboss\jandex\1.1.0.Final\e84a2122e76f0b6503be78094ddf2108057ac15f\jandex-1.1.0.Final.jar;K:\JavaSW\Downloads\gradle-2.12-all\gradle-2.12\caches\modules-2\files-2.1\xml-apis\xml-apis\1.0.b2\3136ca936f64c9d68529f048c2618bd356bf85c9\xml-apis-1.0.b2.jar;K:\JavaSW\Downloads\gradle-2.12-all\gradle-2.12\caches\modules-2\files-2.1\javax.validation\validation-api\1.1.0.Final\8613ae82954779d518631e05daa73a6a954817d5\validation-api-1.1.0.Final.jar;K:\JavaSW\Downloads\gradle-2.12-all\gradle-2.12\caches\modules-2\files-2.1\com.fasterxml\classmate\1.1.0\dbbd699a1486ad0f2ed6f5af6cfed66acacb9056\classmate-1.1.0.jar;K:\JavaSW\Downloads\gradle-2.12-all\gradle-2.12\caches\modules-2\files-2.1\ch.qos.logback\logback-core\1.1.7\7873092d39ef741575ca91378a6a21c388363ac8\logback-core-1.1.7.jar, hibernate.bytecode.use_reflection_optimizer=false, hibernate.show_sql=true, hibernate.classLoader.application=sun.misc.Launcher$AppClassLoader@4e25154f, java.vm.specification.version=1.8, sun.arch.data.model=64, java.home=K:\JavaSW\JDK\1.8.0.92\jre, sun.java.command=jarjar.org.gradle.process.internal.launcher.GradleWorkerMain 'Gradle Test Executor 1', hibernate.dialect=org.hibernate.dialect.H2Dialect, java.specification.vendor=Oracle Corporation, user.language=en, awt.toolkit=sun.awt.windows.WToolkit, hibernate.c3p0.max_size=20, java.vm.info=mixed mode, java.version=1.8.0_92, java.ext.dirs=K:\JavaSW\JDK\1.8.0.92\jre\lib\ext;C:\WINDOWS\Sun\Java\lib\ext, sun.boot.class.path=K:\JavaSW\JDK\1.8.0.92\jre\lib\resources.jar;K:\JavaSW\JDK\1.8.0.92\jre\lib\rt.jar;K:\JavaSW\JDK\1.8.0.92\jre\lib\sunrsasign.jar;K:\JavaSW\JDK\1.8.0.92\jre\lib\jsse.jar;K:\JavaSW\JDK\1.8.0.92\jre\lib\jce.jar;K:\JavaSW\JDK\1.8.0.92\jre\lib\charsets.jar;K:\JavaSW\JDK\1.8.0.92\jre\lib\jfr.jar;K:\JavaSW\JDK\1.8.0.92\jre\classes, java.vendor=Oracle Corporation, org.gradle.test.worker=1, hibernate.jdbc.batch_size=15, file.separator=\, java.vendor.url.bug=http://bugreport.sun.com/bugreport/, hibernate.hbm2ddl.auto=create, sun.cpu.endian=little, sun.io.unicode.encoding=UnicodeLittle, sun.desktop=windows, hibernate.max_fetch_depth=3, sun.cpu.isalist=amd64}
16:56:53.863 [Test worker] DEBUG org.hibernate.validator.internal.engine.resolver.DefaultTraversableResolver - Found javax.persistence.Persistence on classpath containing 'getPersistenceUtil'. Assuming JPA 2 environment. Trying to instantiate JPA aware TraversableResolver
16:56:53.863 [Test worker] DEBUG org.hibernate.validator.internal.engine.resolver.DefaultTraversableResolver - Instantiated JPA aware TraversableResolver of type org.hibernate.validator.internal.engine.resolver.JPATraversableResolver.
16:56:53.864 [Test worker] DEBUG org.hibernate.validator.internal.xml.ValidationXmlParser - Trying to load META-INF/validation.xml for XML based Validator configuration.
16:56:53.864 [Test worker] DEBUG org.hibernate.validator.internal.xml.ResourceLoaderHelper - Trying to load META-INF/validation.xml via TCCL
16:56:53.864 [Test worker] DEBUG org.hibernate.validator.internal.xml.ResourceLoaderHelper - Trying to load META-INF/validation.xml via Hibernate Validator's class loader
16:56:53.864 [Test worker] DEBUG org.hibernate.validator.internal.xml.ValidationXmlParser - No META-INF/validation.xml found. Using annotation based configuration only.
16:56:53.872 [Test worker] DEBUG org.hibernate.secure.spi.JaccIntegrator - Skipping JACC integration as it was not enabled
16:56:53.872 [Test worker] DEBUG org.hibernate.id.factory.internal.DefaultIdentifierGeneratorFactory - Setting dialect [org.hibernate.dialect.H2Dialect]
16:56:53.872 [Test worker] DEBUG org.hibernate.id.factory.internal.DefaultIdentifierGeneratorFactory - Setting dialect [org.hibernate.dialect.H2Dialect]
16:56:53.874 [Test worker] DEBUG org.hibernate.persister.entity.AbstractEntityPersister - Static SQL for entity: com.mycompany.dbEntity.PersonInfo
16:56:53.874 [Test worker] DEBUG org.hibernate.persister.entity.AbstractEntityPersister -  Version select: select id from Person where id =?
16:56:53.874 [Test worker] DEBUG org.hibernate.persister.entity.AbstractEntityPersister -  Snapshot select: select personinfo_.id, personinfo_.address as address2_0_, personinfo_.name as name3_0_, personinfo_.phone_no as phone_no4_0_ from Person personinfo_ where personinfo_.id=?
16:56:53.874 [Test worker] DEBUG org.hibernate.persister.entity.AbstractEntityPersister -  Insert 0: insert into Person (address, name, phone_no, id) values (?, ?, ?, ?)
16:56:53.874 [Test worker] DEBUG org.hibernate.persister.entity.AbstractEntityPersister -  Update 0: update Person set address=?, name=?, phone_no=? where id=?
16:56:53.874 [Test worker] DEBUG org.hibernate.persister.entity.AbstractEntityPersister -  Delete 0: delete from Person where id=?
16:56:53.874 [Test worker] DEBUG org.hibernate.loader.plan.build.internal.spaces.QuerySpacesImpl - Adding QuerySpace : uid = <gen:0> -> org.hibernate.loader.plan.build.internal.spaces.EntityQuerySpaceImpl@6200b58e]
16:56:53.874 [Test worker] DEBUG org.hibernate.persister.walking.spi.MetamodelGraphWalker - Visiting attribute path : address
16:56:53.874 [Test worker] DEBUG org.hibernate.persister.walking.spi.MetamodelGraphWalker - Visiting attribute path : name
16:56:53.874 [Test worker] DEBUG org.hibernate.persister.walking.spi.MetamodelGraphWalker - Visiting attribute path : phoneNumber
16:56:53.874 [Test worker] DEBUG org.hibernate.loader.plan.build.internal.FetchStyleLoadPlanBuildingAssociationVisitationStrategy - Building LoadPlan...
16:56:53.874 [Test worker] DEBUG org.hibernate.loader.plan.exec.internal.LoadQueryJoinAndFetchProcessor - processing queryspace <gen:0>
16:56:53.875 [Test worker] DEBUG org.hibernate.loader.plan.build.spi.LoadPlanTreePrinter - LoadPlan(entity=com.mycompany.dbEntity.PersonInfo)
    - Returns
       - EntityReturnImpl(entity=com.mycompany.dbEntity.PersonInfo, querySpaceUid=<gen:0>, path=com.mycompany.dbEntity.PersonInfo)
    - QuerySpaces
       - EntityQuerySpaceImpl(uid=<gen:0>, entity=com.mycompany.dbEntity.PersonInfo)
          - SQL table alias mapping - personinfo0_
          - alias suffix - 0_
          - suffixed key columns - {id1_0_0_}

16:56:53.875 [Test worker] DEBUG org.hibernate.loader.entity.plan.EntityLoader - Static select for entity com.mycompany.dbEntity.PersonInfo [NONE]: select personinfo0_.id as id1_0_0_, personinfo0_.address as address2_0_0_, personinfo0_.name as name3_0_0_, personinfo0_.phone_no as phone_no4_0_0_ from Person personinfo0_ where personinfo0_.id=?
16:56:53.875 [Test worker] DEBUG org.hibernate.loader.plan.build.internal.spaces.QuerySpacesImpl - Adding QuerySpace : uid = <gen:0> -> org.hibernate.loader.plan.build.internal.spaces.EntityQuerySpaceImpl@43c25223]
16:56:53.875 [Test worker] DEBUG org.hibernate.persister.walking.spi.MetamodelGraphWalker - Visiting attribute path : address
16:56:53.875 [Test worker] DEBUG org.hibernate.persister.walking.spi.MetamodelGraphWalker - Visiting attribute path : name
16:56:53.875 [Test worker] DEBUG org.hibernate.persister.walking.spi.MetamodelGraphWalker - Visiting attribute path : phoneNumber
16:56:53.875 [Test worker] DEBUG org.hibernate.loader.plan.build.internal.FetchStyleLoadPlanBuildingAssociationVisitationStrategy - Building LoadPlan...
16:56:53.875 [Test worker] DEBUG org.hibernate.loader.plan.exec.internal.LoadQueryJoinAndFetchProcessor - processing queryspace <gen:0>
16:56:53.875 [Test worker] DEBUG org.hibernate.loader.plan.build.spi.LoadPlanTreePrinter - LoadPlan(entity=com.mycompany.dbEntity.PersonInfo)
    - Returns
       - EntityReturnImpl(entity=com.mycompany.dbEntity.PersonInfo, querySpaceUid=<gen:0>, path=com.mycompany.dbEntity.PersonInfo)
    - QuerySpaces
       - EntityQuerySpaceImpl(uid=<gen:0>, entity=com.mycompany.dbEntity.PersonInfo)
          - SQL table alias mapping - personinfo0_
          - alias suffix - 0_
          - suffixed key columns - {id1_0_0_}

16:56:53.875 [Test worker] DEBUG org.hibernate.loader.entity.plan.EntityLoader - Static select for entity com.mycompany.dbEntity.PersonInfo [READ]: select personinfo0_.id as id1_0_0_, personinfo0_.address as address2_0_0_, personinfo0_.name as name3_0_0_, personinfo0_.phone_no as phone_no4_0_0_ from Person personinfo0_ where personinfo0_.id=?
16:56:53.875 [Test worker] DEBUG org.hibernate.loader.plan.build.internal.spaces.QuerySpacesImpl - Adding QuerySpace : uid = <gen:0> -> org.hibernate.loader.plan.build.internal.spaces.EntityQuerySpaceImpl@71aa4d63]
16:56:53.875 [Test worker] DEBUG org.hibernate.persister.walking.spi.MetamodelGraphWalker - Visiting attribute path : address
16:56:53.876 [Test worker] DEBUG org.hibernate.persister.walking.spi.MetamodelGraphWalker - Visiting attribute path : name
16:56:53.876 [Test worker] DEBUG org.hibernate.persister.walking.spi.MetamodelGraphWalker - Visiting attribute path : phoneNumber
16:56:53.876 [Test worker] DEBUG org.hibernate.loader.plan.build.internal.FetchStyleLoadPlanBuildingAssociationVisitationStrategy - Building LoadPlan...
16:56:53.876 [Test worker] DEBUG org.hibernate.loader.plan.exec.internal.LoadQueryJoinAndFetchProcessor - processing queryspace <gen:0>
16:56:53.876 [Test worker] DEBUG org.hibernate.loader.plan.build.spi.LoadPlanTreePrinter - LoadPlan(entity=com.mycompany.dbEntity.PersonInfo)
    - Returns
       - EntityReturnImpl(entity=com.mycompany.dbEntity.PersonInfo, querySpaceUid=<gen:0>, path=com.mycompany.dbEntity.PersonInfo)
    - QuerySpaces
       - EntityQuerySpaceImpl(uid=<gen:0>, entity=com.mycompany.dbEntity.PersonInfo)
          - SQL table alias mapping - personinfo0_
          - alias suffix - 0_
          - suffixed key columns - {id1_0_0_}

16:56:53.876 [Test worker] DEBUG org.hibernate.loader.entity.plan.EntityLoader - Static select for entity com.mycompany.dbEntity.PersonInfo [UPGRADE]: select personinfo0_.id as id1_0_0_, personinfo0_.address as address2_0_0_, personinfo0_.name as name3_0_0_, personinfo0_.phone_no as phone_no4_0_0_ from Person personinfo0_ where personinfo0_.id=? for update
16:56:53.876 [Test worker] DEBUG org.hibernate.loader.plan.build.internal.spaces.QuerySpacesImpl - Adding QuerySpace : uid = <gen:0> -> org.hibernate.loader.plan.build.internal.spaces.EntityQuerySpaceImpl@47c965db]
16:56:53.876 [Test worker] DEBUG org.hibernate.persister.walking.spi.MetamodelGraphWalker - Visiting attribute path : address
16:56:53.876 [Test worker] DEBUG org.hibernate.persister.walking.spi.MetamodelGraphWalker - Visiting attribute path : name
16:56:53.876 [Test worker] DEBUG org.hibernate.persister.walking.spi.MetamodelGraphWalker - Visiting attribute path : phoneNumber
16:56:53.876 [Test worker] DEBUG org.hibernate.loader.plan.build.internal.FetchStyleLoadPlanBuildingAssociationVisitationStrategy - Building LoadPlan...
16:56:53.877 [Test worker] DEBUG org.hibernate.loader.plan.exec.internal.LoadQueryJoinAndFetchProcessor - processing queryspace <gen:0>
16:56:53.877 [Test worker] DEBUG org.hibernate.loader.plan.build.spi.LoadPlanTreePrinter - LoadPlan(entity=com.mycompany.dbEntity.PersonInfo)
    - Returns
       - EntityReturnImpl(entity=com.mycompany.dbEntity.PersonInfo, querySpaceUid=<gen:0>, path=com.mycompany.dbEntity.PersonInfo)
    - QuerySpaces
       - EntityQuerySpaceImpl(uid=<gen:0>, entity=com.mycompany.dbEntity.PersonInfo)
          - SQL table alias mapping - personinfo0_
          - alias suffix - 0_
          - suffixed key columns - {id1_0_0_}

16:56:53.877 [Test worker] DEBUG org.hibernate.loader.entity.plan.EntityLoader - Static select for entity com.mycompany.dbEntity.PersonInfo [UPGRADE_NOWAIT]: select personinfo0_.id as id1_0_0_, personinfo0_.address as address2_0_0_, personinfo0_.name as name3_0_0_, personinfo0_.phone_no as phone_no4_0_0_ from Person personinfo0_ where personinfo0_.id=? for update
16:56:53.877 [Test worker] DEBUG org.hibernate.loader.plan.build.internal.spaces.QuerySpacesImpl - Adding QuerySpace : uid = <gen:0> -> org.hibernate.loader.plan.build.internal.spaces.EntityQuerySpaceImpl@7b62a266]
16:56:53.877 [Test worker] DEBUG org.hibernate.persister.walking.spi.MetamodelGraphWalker - Visiting attribute path : address
16:56:53.877 [Test worker] DEBUG org.hibernate.persister.walking.spi.MetamodelGraphWalker - Visiting attribute path : name
16:56:53.877 [Test worker] DEBUG org.hibernate.persister.walking.spi.MetamodelGraphWalker - Visiting attribute path : phoneNumber
16:56:53.877 [Test worker] DEBUG org.hibernate.loader.plan.build.internal.FetchStyleLoadPlanBuildingAssociationVisitationStrategy - Building LoadPlan...
16:56:53.877 [Test worker] DEBUG org.hibernate.loader.plan.exec.internal.LoadQueryJoinAndFetchProcessor - processing queryspace <gen:0>
16:56:53.878 [Test worker] DEBUG org.hibernate.loader.plan.build.spi.LoadPlanTreePrinter - LoadPlan(entity=com.mycompany.dbEntity.PersonInfo)
    - Returns
       - EntityReturnImpl(entity=com.mycompany.dbEntity.PersonInfo, querySpaceUid=<gen:0>, path=com.mycompany.dbEntity.PersonInfo)
    - QuerySpaces
       - EntityQuerySpaceImpl(uid=<gen:0>, entity=com.mycompany.dbEntity.PersonInfo)
          - SQL table alias mapping - personinfo0_
          - alias suffix - 0_
          - suffixed key columns - {id1_0_0_}

16:56:53.878 [Test worker] DEBUG org.hibernate.loader.entity.plan.EntityLoader - Static select for entity com.mycompany.dbEntity.PersonInfo [UPGRADE_SKIPLOCKED]: select personinfo0_.id as id1_0_0_, personinfo0_.address as address2_0_0_, personinfo0_.name as name3_0_0_, personinfo0_.phone_no as phone_no4_0_0_ from Person personinfo0_ where personinfo0_.id=? for update
16:56:53.878 [Test worker] DEBUG org.hibernate.loader.plan.build.internal.spaces.QuerySpacesImpl - Adding QuerySpace : uid = <gen:0> -> org.hibernate.loader.plan.build.internal.spaces.EntityQuerySpaceImpl@3a7c6f73]
16:56:53.878 [Test worker] DEBUG org.hibernate.persister.walking.spi.MetamodelGraphWalker - Visiting attribute path : address
16:56:53.878 [Test worker] DEBUG org.hibernate.persister.walking.spi.MetamodelGraphWalker - Visiting attribute path : name
16:56:53.878 [Test worker] DEBUG org.hibernate.persister.walking.spi.MetamodelGraphWalker - Visiting attribute path : phoneNumber
16:56:53.878 [Test worker] DEBUG org.hibernate.loader.plan.build.internal.FetchStyleLoadPlanBuildingAssociationVisitationStrategy - Building LoadPlan...
16:56:53.878 [Test worker] DEBUG org.hibernate.loader.plan.exec.internal.LoadQueryJoinAndFetchProcessor - processing queryspace <gen:0>
16:56:53.878 [Test worker] DEBUG org.hibernate.loader.plan.build.spi.LoadPlanTreePrinter - LoadPlan(entity=com.mycompany.dbEntity.PersonInfo)
    - Returns
       - EntityReturnImpl(entity=com.mycompany.dbEntity.PersonInfo, querySpaceUid=<gen:0>, path=com.mycompany.dbEntity.PersonInfo)
    - QuerySpaces
       - EntityQuerySpaceImpl(uid=<gen:0>, entity=com.mycompany.dbEntity.PersonInfo)
          - SQL table alias mapping - personinfo0_
          - alias suffix - 0_
          - suffixed key columns - {id1_0_0_}

16:56:53.878 [Test worker] DEBUG org.hibernate.loader.entity.plan.EntityLoader - Static select for entity com.mycompany.dbEntity.PersonInfo [FORCE]: select personinfo0_.id as id1_0_0_, personinfo0_.address as address2_0_0_, personinfo0_.name as name3_0_0_, personinfo0_.phone_no as phone_no4_0_0_ from Person personinfo0_ where personinfo0_.id=? for update
16:56:53.879 [Test worker] DEBUG org.hibernate.loader.plan.build.internal.spaces.QuerySpacesImpl - Adding QuerySpace : uid = <gen:0> -> org.hibernate.loader.plan.build.internal.spaces.EntityQuerySpaceImpl@d50d05c]
16:56:53.879 [Test worker] DEBUG org.hibernate.persister.walking.spi.MetamodelGraphWalker - Visiting attribute path : address
16:56:53.879 [Test worker] DEBUG org.hibernate.persister.walking.spi.MetamodelGraphWalker - Visiting attribute path : name
16:56:53.879 [Test worker] DEBUG org.hibernate.persister.walking.spi.MetamodelGraphWalker - Visiting attribute path : phoneNumber
16:56:53.879 [Test worker] DEBUG org.hibernate.loader.plan.build.internal.FetchStyleLoadPlanBuildingAssociationVisitationStrategy - Building LoadPlan...
16:56:53.879 [Test worker] DEBUG org.hibernate.loader.plan.exec.internal.LoadQueryJoinAndFetchProcessor - processing queryspace <gen:0>
16:56:53.879 [Test worker] DEBUG org.hibernate.loader.plan.build.spi.LoadPlanTreePrinter - LoadPlan(entity=com.mycompany.dbEntity.PersonInfo)
    - Returns
       - EntityReturnImpl(entity=com.mycompany.dbEntity.PersonInfo, querySpaceUid=<gen:0>, path=com.mycompany.dbEntity.PersonInfo)
    - QuerySpaces
       - EntityQuerySpaceImpl(uid=<gen:0>, entity=com.mycompany.dbEntity.PersonInfo)
          - SQL table alias mapping - personinfo0_
          - alias suffix - 0_
          - suffixed key columns - {id1_0_0_}

16:56:53.880 [Test worker] DEBUG org.hibernate.loader.entity.plan.EntityLoader - Static select for entity com.mycompany.dbEntity.PersonInfo [PESSIMISTIC_READ]: select personinfo0_.id as id1_0_0_, personinfo0_.address as address2_0_0_, personinfo0_.name as name3_0_0_, personinfo0_.phone_no as phone_no4_0_0_ from Person personinfo0_ where personinfo0_.id=? for update
16:56:53.880 [Test worker] DEBUG org.hibernate.loader.plan.build.internal.spaces.QuerySpacesImpl - Adding QuerySpace : uid = <gen:0> -> org.hibernate.loader.plan.build.internal.spaces.EntityQuerySpaceImpl@5b0833e4]
16:56:53.880 [Test worker] DEBUG org.hibernate.persister.walking.spi.MetamodelGraphWalker - Visiting attribute path : address
16:56:53.880 [Test worker] DEBUG org.hibernate.persister.walking.spi.MetamodelGraphWalker - Visiting attribute path : name
16:56:53.880 [Test worker] DEBUG org.hibernate.persister.walking.spi.MetamodelGraphWalker - Visiting attribute path : phoneNumber
16:56:53.880 [Test worker] DEBUG org.hibernate.loader.plan.build.internal.FetchStyleLoadPlanBuildingAssociationVisitationStrategy - Building LoadPlan...
16:56:53.880 [Test worker] DEBUG org.hibernate.loader.plan.exec.internal.LoadQueryJoinAndFetchProcessor - processing queryspace <gen:0>
16:56:53.880 [Test worker] DEBUG org.hibernate.loader.plan.build.spi.LoadPlanTreePrinter - LoadPlan(entity=com.mycompany.dbEntity.PersonInfo)
    - Returns
       - EntityReturnImpl(entity=com.mycompany.dbEntity.PersonInfo, querySpaceUid=<gen:0>, path=com.mycompany.dbEntity.PersonInfo)
    - QuerySpaces
       - EntityQuerySpaceImpl(uid=<gen:0>, entity=com.mycompany.dbEntity.PersonInfo)
          - SQL table alias mapping - personinfo0_
          - alias suffix - 0_
          - suffixed key columns - {id1_0_0_}

16:56:53.880 [Test worker] DEBUG org.hibernate.loader.entity.plan.EntityLoader - Static select for entity com.mycompany.dbEntity.PersonInfo [PESSIMISTIC_WRITE]: select personinfo0_.id as id1_0_0_, personinfo0_.address as address2_0_0_, personinfo0_.name as name3_0_0_, personinfo0_.phone_no as phone_no4_0_0_ from Person personinfo0_ where personinfo0_.id=? for update
16:56:53.881 [Test worker] DEBUG org.hibernate.loader.plan.build.internal.spaces.QuerySpacesImpl - Adding QuerySpace : uid = <gen:0> -> org.hibernate.loader.plan.build.internal.spaces.EntityQuerySpaceImpl@4afa54ab]
16:56:53.881 [Test worker] DEBUG org.hibernate.persister.walking.spi.MetamodelGraphWalker - Visiting attribute path : address
16:56:53.881 [Test worker] DEBUG org.hibernate.persister.walking.spi.MetamodelGraphWalker - Visiting attribute path : name
16:56:53.881 [Test worker] DEBUG org.hibernate.persister.walking.spi.MetamodelGraphWalker - Visiting attribute path : phoneNumber
16:56:53.881 [Test worker] DEBUG org.hibernate.loader.plan.build.internal.FetchStyleLoadPlanBuildingAssociationVisitationStrategy - Building LoadPlan...
16:56:53.881 [Test worker] DEBUG org.hibernate.loader.plan.exec.internal.LoadQueryJoinAndFetchProcessor - processing queryspace <gen:0>
16:56:53.881 [Test worker] DEBUG org.hibernate.loader.plan.build.spi.LoadPlanTreePrinter - LoadPlan(entity=com.mycompany.dbEntity.PersonInfo)
    - Returns
       - EntityReturnImpl(entity=com.mycompany.dbEntity.PersonInfo, querySpaceUid=<gen:0>, path=com.mycompany.dbEntity.PersonInfo)
    - QuerySpaces
       - EntityQuerySpaceImpl(uid=<gen:0>, entity=com.mycompany.dbEntity.PersonInfo)
          - SQL table alias mapping - personinfo0_
          - alias suffix - 0_
          - suffixed key columns - {id1_0_0_}

16:56:53.881 [Test worker] DEBUG org.hibernate.loader.entity.plan.EntityLoader - Static select for entity com.mycompany.dbEntity.PersonInfo [PESSIMISTIC_FORCE_INCREMENT]: select personinfo0_.id as id1_0_0_, personinfo0_.address as address2_0_0_, personinfo0_.name as name3_0_0_, personinfo0_.phone_no as phone_no4_0_0_ from Person personinfo0_ where personinfo0_.id=? for update
16:56:53.882 [Test worker] DEBUG org.hibernate.loader.plan.build.internal.spaces.QuerySpacesImpl - Adding QuerySpace : uid = <gen:0> -> org.hibernate.loader.plan.build.internal.spaces.EntityQuerySpaceImpl@648c1afa]
16:56:53.882 [Test worker] DEBUG org.hibernate.persister.walking.spi.MetamodelGraphWalker - Visiting attribute path : address
16:56:53.882 [Test worker] DEBUG org.hibernate.persister.walking.spi.MetamodelGraphWalker - Visiting attribute path : name
16:56:53.882 [Test worker] DEBUG org.hibernate.persister.walking.spi.MetamodelGraphWalker - Visiting attribute path : phoneNumber
16:56:53.882 [Test worker] DEBUG org.hibernate.loader.plan.build.internal.FetchStyleLoadPlanBuildingAssociationVisitationStrategy - Building LoadPlan...
16:56:53.882 [Test worker] DEBUG org.hibernate.loader.plan.exec.internal.LoadQueryJoinAndFetchProcessor - processing queryspace <gen:0>
16:56:53.882 [Test worker] DEBUG org.hibernate.loader.plan.build.spi.LoadPlanTreePrinter - LoadPlan(entity=com.mycompany.dbEntity.PersonInfo)
    - Returns
       - EntityReturnImpl(entity=com.mycompany.dbEntity.PersonInfo, querySpaceUid=<gen:0>, path=com.mycompany.dbEntity.PersonInfo)
    - QuerySpaces
       - EntityQuerySpaceImpl(uid=<gen:0>, entity=com.mycompany.dbEntity.PersonInfo)
          - SQL table alias mapping - personinfo0_
          - alias suffix - 0_
          - suffixed key columns - {id1_0_0_}

16:56:53.882 [Test worker] DEBUG org.hibernate.loader.entity.plan.EntityLoader - Static select for entity com.mycompany.dbEntity.PersonInfo [OPTIMISTIC]: select personinfo0_.id as id1_0_0_, personinfo0_.address as address2_0_0_, personinfo0_.name as name3_0_0_, personinfo0_.phone_no as phone_no4_0_0_ from Person personinfo0_ where personinfo0_.id=?
16:56:53.883 [Test worker] DEBUG org.hibernate.loader.plan.build.internal.spaces.QuerySpacesImpl - Adding QuerySpace : uid = <gen:0> -> org.hibernate.loader.plan.build.internal.spaces.EntityQuerySpaceImpl@2043b099]
16:56:53.883 [Test worker] DEBUG org.hibernate.persister.walking.spi.MetamodelGraphWalker - Visiting attribute path : address
16:56:53.883 [Test worker] DEBUG org.hibernate.persister.walking.spi.MetamodelGraphWalker - Visiting attribute path : name
16:56:53.883 [Test worker] DEBUG org.hibernate.persister.walking.spi.MetamodelGraphWalker - Visiting attribute path : phoneNumber
16:56:53.883 [Test worker] DEBUG org.hibernate.loader.plan.build.internal.FetchStyleLoadPlanBuildingAssociationVisitationStrategy - Building LoadPlan...
16:56:53.883 [Test worker] DEBUG org.hibernate.loader.plan.exec.internal.LoadQueryJoinAndFetchProcessor - processing queryspace <gen:0>
16:56:53.883 [Test worker] DEBUG org.hibernate.loader.plan.build.spi.LoadPlanTreePrinter - LoadPlan(entity=com.mycompany.dbEntity.PersonInfo)
    - Returns
       - EntityReturnImpl(entity=com.mycompany.dbEntity.PersonInfo, querySpaceUid=<gen:0>, path=com.mycompany.dbEntity.PersonInfo)
    - QuerySpaces
       - EntityQuerySpaceImpl(uid=<gen:0>, entity=com.mycompany.dbEntity.PersonInfo)
          - SQL table alias mapping - personinfo0_
          - alias suffix - 0_
          - suffixed key columns - {id1_0_0_}

16:56:53.884 [Test worker] DEBUG org.hibernate.loader.entity.plan.EntityLoader - Static select for entity com.mycompany.dbEntity.PersonInfo [OPTIMISTIC_FORCE_INCREMENT]: select personinfo0_.id as id1_0_0_, personinfo0_.address as address2_0_0_, personinfo0_.name as name3_0_0_, personinfo0_.phone_no as phone_no4_0_0_ from Person personinfo0_ where personinfo0_.id=?
16:56:53.884 [Test worker] DEBUG org.hibernate.loader.Loader - Static select for action ACTION_MERGE on entity com.mycompany.dbEntity.PersonInfo: select personinfo0_.id as id1_0_0_, personinfo0_.address as address2_0_0_, personinfo0_.name as name3_0_0_, personinfo0_.phone_no as phone_no4_0_0_ from Person personinfo0_ where personinfo0_.id=?
16:56:53.884 [Test worker] DEBUG org.hibernate.loader.Loader - Static select for action ACTION_REFRESH on entity com.mycompany.dbEntity.PersonInfo: select personinfo0_.id as id1_0_0_, personinfo0_.address as address2_0_0_, personinfo0_.name as name3_0_0_, personinfo0_.phone_no as phone_no4_0_0_ from Person personinfo0_ where personinfo0_.id=?
16:56:53.885 [Test worker] DEBUG org.hibernate.persister.entity.AbstractEntityPersister - Static SQL for entity: com.mycompany.dbEntity.CallLogInfo
16:56:53.885 [Test worker] DEBUG org.hibernate.persister.entity.AbstractEntityPersister -  Version select: select call_log_id from call_log where call_log_id =?
16:56:53.885 [Test worker] DEBUG org.hibernate.persister.entity.AbstractEntityPersister -  Snapshot select: select callloginf_.call_log_id, callloginf_.end_time as end_time2_1_, callloginf_.start_time as start_ti3_1_, callloginf_.call_type as call_typ4_1_, callloginf_.location as location5_1_, callloginf_.party_phone_no as party_ph6_1_, callloginf_.id as id7_1_ from call_log callloginf_ where callloginf_.call_log_id=?
16:56:53.885 [Test worker] DEBUG org.hibernate.persister.entity.AbstractEntityPersister -  Insert 0: insert into call_log (end_time, start_time, call_type, location, party_phone_no, id, call_log_id) values (?, ?, ?, ?, ?, ?, ?)
16:56:53.885 [Test worker] DEBUG org.hibernate.persister.entity.AbstractEntityPersister -  Update 0: update call_log set end_time=?, start_time=?, call_type=?, location=?, party_phone_no=?, id=? where call_log_id=?
16:56:53.885 [Test worker] DEBUG org.hibernate.persister.entity.AbstractEntityPersister -  Delete 0: delete from call_log where call_log_id=?
16:56:53.885 [Test worker] DEBUG org.hibernate.loader.plan.build.internal.spaces.QuerySpacesImpl - Adding QuerySpace : uid = <gen:0> -> org.hibernate.loader.plan.build.internal.spaces.EntityQuerySpaceImpl@56e15942]
16:56:53.885 [Test worker] DEBUG org.hibernate.persister.walking.spi.MetamodelGraphWalker - Visiting attribute path : callEndDateTime
16:56:53.885 [Test worker] DEBUG org.hibernate.persister.walking.spi.MetamodelGraphWalker - Visiting attribute path : callStartDateTime
16:56:53.885 [Test worker] DEBUG org.hibernate.persister.walking.spi.MetamodelGraphWalker - Visiting attribute path : callType
16:56:53.885 [Test worker] DEBUG org.hibernate.persister.walking.spi.MetamodelGraphWalker - Visiting attribute path : location
16:56:53.885 [Test worker] DEBUG org.hibernate.persister.walking.spi.MetamodelGraphWalker - Visiting attribute path : partyPhoneNumber
16:56:53.885 [Test worker] DEBUG org.hibernate.persister.walking.spi.MetamodelGraphWalker - Visiting attribute path : personInfo
16:56:53.885 [Test worker] DEBUG org.hibernate.loader.plan.build.internal.FetchStyleLoadPlanBuildingAssociationVisitationStrategy - Building LoadPlan...
16:56:53.885 [Test worker] DEBUG org.hibernate.loader.plan.exec.internal.LoadQueryJoinAndFetchProcessor - processing queryspace <gen:0>
16:56:53.885 [Test worker] DEBUG org.hibernate.loader.plan.build.spi.LoadPlanTreePrinter - LoadPlan(entity=com.mycompany.dbEntity.CallLogInfo)
    - Returns
       - EntityReturnImpl(entity=com.mycompany.dbEntity.CallLogInfo, querySpaceUid=<gen:0>, path=com.mycompany.dbEntity.CallLogInfo)
    - QuerySpaces
       - EntityQuerySpaceImpl(uid=<gen:0>, entity=com.mycompany.dbEntity.CallLogInfo)
          - SQL table alias mapping - callloginf0_
          - alias suffix - 0_
          - suffixed key columns - {call_log1_1_0_}

16:56:53.885 [Test worker] DEBUG org.hibernate.loader.entity.plan.EntityLoader - Static select for entity com.mycompany.dbEntity.CallLogInfo [NONE]: select callloginf0_.call_log_id as call_log1_1_0_, callloginf0_.end_time as end_time2_1_0_, callloginf0_.start_time as start_ti3_1_0_, callloginf0_.call_type as call_typ4_1_0_, callloginf0_.location as location5_1_0_, callloginf0_.party_phone_no as party_ph6_1_0_, callloginf0_.id as id7_1_0_ from call_log callloginf0_ where callloginf0_.call_log_id=?
16:56:53.885 [Test worker] DEBUG org.hibernate.loader.plan.build.internal.spaces.QuerySpacesImpl - Adding QuerySpace : uid = <gen:0> -> org.hibernate.loader.plan.build.internal.spaces.EntityQuerySpaceImpl@7421d46e]
16:56:53.885 [Test worker] DEBUG org.hibernate.persister.walking.spi.MetamodelGraphWalker - Visiting attribute path : callEndDateTime
16:56:53.885 [Test worker] DEBUG org.hibernate.persister.walking.spi.MetamodelGraphWalker - Visiting attribute path : callStartDateTime
16:56:53.885 [Test worker] DEBUG org.hibernate.persister.walking.spi.MetamodelGraphWalker - Visiting attribute path : callType
16:56:53.885 [Test worker] DEBUG org.hibernate.persister.walking.spi.MetamodelGraphWalker - Visiting attribute path : location
16:56:53.885 [Test worker] DEBUG org.hibernate.persister.walking.spi.MetamodelGraphWalker - Visiting attribute path : partyPhoneNumber
16:56:53.885 [Test worker] DEBUG org.hibernate.persister.walking.spi.MetamodelGraphWalker - Visiting attribute path : personInfo
16:56:53.885 [Test worker] DEBUG org.hibernate.loader.plan.build.internal.FetchStyleLoadPlanBuildingAssociationVisitationStrategy - Building LoadPlan...
16:56:53.886 [Test worker] DEBUG org.hibernate.loader.plan.exec.internal.LoadQueryJoinAndFetchProcessor - processing queryspace <gen:0>
16:56:53.886 [Test worker] DEBUG org.hibernate.loader.plan.build.spi.LoadPlanTreePrinter - LoadPlan(entity=com.mycompany.dbEntity.CallLogInfo)
    - Returns
       - EntityReturnImpl(entity=com.mycompany.dbEntity.CallLogInfo, querySpaceUid=<gen:0>, path=com.mycompany.dbEntity.CallLogInfo)
    - QuerySpaces
       - EntityQuerySpaceImpl(uid=<gen:0>, entity=com.mycompany.dbEntity.CallLogInfo)
          - SQL table alias mapping - callloginf0_
          - alias suffix - 0_
          - suffixed key columns - {call_log1_1_0_}

16:56:53.886 [Test worker] DEBUG org.hibernate.loader.entity.plan.EntityLoader - Static select for entity com.mycompany.dbEntity.CallLogInfo [READ]: select callloginf0_.call_log_id as call_log1_1_0_, callloginf0_.end_time as end_time2_1_0_, callloginf0_.start_time as start_ti3_1_0_, callloginf0_.call_type as call_typ4_1_0_, callloginf0_.location as location5_1_0_, callloginf0_.party_phone_no as party_ph6_1_0_, callloginf0_.id as id7_1_0_ from call_log callloginf0_ where callloginf0_.call_log_id=?
16:56:53.886 [Test worker] DEBUG org.hibernate.loader.plan.build.internal.spaces.QuerySpacesImpl - Adding QuerySpace : uid = <gen:0> -> org.hibernate.loader.plan.build.internal.spaces.EntityQuerySpaceImpl@c5de7ab]
16:56:53.886 [Test worker] DEBUG org.hibernate.persister.walking.spi.MetamodelGraphWalker - Visiting attribute path : callEndDateTime
16:56:53.886 [Test worker] DEBUG org.hibernate.persister.walking.spi.MetamodelGraphWalker - Visiting attribute path : callStartDateTime
16:56:53.886 [Test worker] DEBUG org.hibernate.persister.walking.spi.MetamodelGraphWalker - Visiting attribute path : callType
16:56:53.886 [Test worker] DEBUG org.hibernate.persister.walking.spi.MetamodelGraphWalker - Visiting attribute path : location
16:56:53.886 [Test worker] DEBUG org.hibernate.persister.walking.spi.MetamodelGraphWalker - Visiting attribute path : partyPhoneNumber
16:56:53.886 [Test worker] DEBUG org.hibernate.persister.walking.spi.MetamodelGraphWalker - Visiting attribute path : personInfo
16:56:53.886 [Test worker] DEBUG org.hibernate.loader.plan.build.internal.FetchStyleLoadPlanBuildingAssociationVisitationStrategy - Building LoadPlan...
16:56:53.888 [Test worker] DEBUG org.hibernate.loader.plan.exec.internal.LoadQueryJoinAndFetchProcessor - processing queryspace <gen:0>
16:56:53.888 [Test worker] DEBUG org.hibernate.loader.plan.build.spi.LoadPlanTreePrinter - LoadPlan(entity=com.mycompany.dbEntity.CallLogInfo)
    - Returns
       - EntityReturnImpl(entity=com.mycompany.dbEntity.CallLogInfo, querySpaceUid=<gen:0>, path=com.mycompany.dbEntity.CallLogInfo)
    - QuerySpaces
       - EntityQuerySpaceImpl(uid=<gen:0>, entity=com.mycompany.dbEntity.CallLogInfo)
          - SQL table alias mapping - callloginf0_
          - alias suffix - 0_
          - suffixed key columns - {call_log1_1_0_}

16:56:53.889 [Test worker] DEBUG org.hibernate.loader.entity.plan.EntityLoader - Static select for entity com.mycompany.dbEntity.CallLogInfo [UPGRADE]: select callloginf0_.call_log_id as call_log1_1_0_, callloginf0_.end_time as end_time2_1_0_, callloginf0_.start_time as start_ti3_1_0_, callloginf0_.call_type as call_typ4_1_0_, callloginf0_.location as location5_1_0_, callloginf0_.party_phone_no as party_ph6_1_0_, callloginf0_.id as id7_1_0_ from call_log callloginf0_ where callloginf0_.call_log_id=? for update
16:56:53.889 [Test worker] DEBUG org.hibernate.loader.plan.build.internal.spaces.QuerySpacesImpl - Adding QuerySpace : uid = <gen:0> -> org.hibernate.loader.plan.build.internal.spaces.EntityQuerySpaceImpl@64795f4c]
16:56:53.889 [Test worker] DEBUG org.hibernate.persister.walking.spi.MetamodelGraphWalker - Visiting attribute path : callEndDateTime
16:56:53.889 [Test worker] DEBUG org.hibernate.persister.walking.spi.MetamodelGraphWalker - Visiting attribute path : callStartDateTime
16:56:53.889 [Test worker] DEBUG org.hibernate.persister.walking.spi.MetamodelGraphWalker - Visiting attribute path : callType
16:56:53.889 [Test worker] DEBUG org.hibernate.persister.walking.spi.MetamodelGraphWalker - Visiting attribute path : location
16:56:53.889 [Test worker] DEBUG org.hibernate.persister.walking.spi.MetamodelGraphWalker - Visiting attribute path : partyPhoneNumber
16:56:53.889 [Test worker] DEBUG org.hibernate.persister.walking.spi.MetamodelGraphWalker - Visiting attribute path : personInfo
16:56:53.889 [Test worker] DEBUG org.hibernate.loader.plan.build.internal.FetchStyleLoadPlanBuildingAssociationVisitationStrategy - Building LoadPlan...
16:56:53.889 [Test worker] DEBUG org.hibernate.loader.plan.exec.internal.LoadQueryJoinAndFetchProcessor - processing queryspace <gen:0>
16:56:53.890 [Test worker] DEBUG org.hibernate.loader.plan.build.spi.LoadPlanTreePrinter - LoadPlan(entity=com.mycompany.dbEntity.CallLogInfo)
    - Returns
       - EntityReturnImpl(entity=com.mycompany.dbEntity.CallLogInfo, querySpaceUid=<gen:0>, path=com.mycompany.dbEntity.CallLogInfo)
    - QuerySpaces
       - EntityQuerySpaceImpl(uid=<gen:0>, entity=com.mycompany.dbEntity.CallLogInfo)
          - SQL table alias mapping - callloginf0_
          - alias suffix - 0_
          - suffixed key columns - {call_log1_1_0_}

16:56:53.890 [Test worker] DEBUG org.hibernate.loader.entity.plan.EntityLoader - Static select for entity com.mycompany.dbEntity.CallLogInfo [UPGRADE_NOWAIT]: select callloginf0_.call_log_id as call_log1_1_0_, callloginf0_.end_time as end_time2_1_0_, callloginf0_.start_time as start_ti3_1_0_, callloginf0_.call_type as call_typ4_1_0_, callloginf0_.location as location5_1_0_, callloginf0_.party_phone_no as party_ph6_1_0_, callloginf0_.id as id7_1_0_ from call_log callloginf0_ where callloginf0_.call_log_id=? for update
16:56:53.890 [Test worker] DEBUG org.hibernate.loader.plan.build.internal.spaces.QuerySpacesImpl - Adding QuerySpace : uid = <gen:0> -> org.hibernate.loader.plan.build.internal.spaces.EntityQuerySpaceImpl@3a97050]
16:56:53.890 [Test worker] DEBUG org.hibernate.persister.walking.spi.MetamodelGraphWalker - Visiting attribute path : callEndDateTime
16:56:53.890 [Test worker] DEBUG org.hibernate.persister.walking.spi.MetamodelGraphWalker - Visiting attribute path : callStartDateTime
16:56:53.890 [Test worker] DEBUG org.hibernate.persister.walking.spi.MetamodelGraphWalker - Visiting attribute path : callType
16:56:53.890 [Test worker] DEBUG org.hibernate.persister.walking.spi.MetamodelGraphWalker - Visiting attribute path : location
16:56:53.890 [Test worker] DEBUG org.hibernate.persister.walking.spi.MetamodelGraphWalker - Visiting attribute path : partyPhoneNumber
16:56:53.890 [Test worker] DEBUG org.hibernate.persister.walking.spi.MetamodelGraphWalker - Visiting attribute path : personInfo
16:56:53.890 [Test worker] DEBUG org.hibernate.loader.plan.build.internal.FetchStyleLoadPlanBuildingAssociationVisitationStrategy - Building LoadPlan...
16:56:53.891 [Test worker] DEBUG org.hibernate.loader.plan.exec.internal.LoadQueryJoinAndFetchProcessor - processing queryspace <gen:0>
16:56:53.891 [Test worker] DEBUG org.hibernate.loader.plan.build.spi.LoadPlanTreePrinter - LoadPlan(entity=com.mycompany.dbEntity.CallLogInfo)
    - Returns
       - EntityReturnImpl(entity=com.mycompany.dbEntity.CallLogInfo, querySpaceUid=<gen:0>, path=com.mycompany.dbEntity.CallLogInfo)
    - QuerySpaces
       - EntityQuerySpaceImpl(uid=<gen:0>, entity=com.mycompany.dbEntity.CallLogInfo)
          - SQL table alias mapping - callloginf0_
          - alias suffix - 0_
          - suffixed key columns - {call_log1_1_0_}

16:56:53.891 [Test worker] DEBUG org.hibernate.loader.entity.plan.EntityLoader - Static select for entity com.mycompany.dbEntity.CallLogInfo [UPGRADE_SKIPLOCKED]: select callloginf0_.call_log_id as call_log1_1_0_, callloginf0_.end_time as end_time2_1_0_, callloginf0_.start_time as start_ti3_1_0_, callloginf0_.call_type as call_typ4_1_0_, callloginf0_.location as location5_1_0_, callloginf0_.party_phone_no as party_ph6_1_0_, callloginf0_.id as id7_1_0_ from call_log callloginf0_ where callloginf0_.call_log_id=? for update
16:56:53.891 [Test worker] DEBUG org.hibernate.loader.plan.build.internal.spaces.QuerySpacesImpl - Adding QuerySpace : uid = <gen:0> -> org.hibernate.loader.plan.build.internal.spaces.EntityQuerySpaceImpl@3842d787]
16:56:53.891 [Test worker] DEBUG org.hibernate.persister.walking.spi.MetamodelGraphWalker - Visiting attribute path : callEndDateTime
16:56:53.891 [Test worker] DEBUG org.hibernate.persister.walking.spi.MetamodelGraphWalker - Visiting attribute path : callStartDateTime
16:56:53.891 [Test worker] DEBUG org.hibernate.persister.walking.spi.MetamodelGraphWalker - Visiting attribute path : callType
16:56:53.891 [Test worker] DEBUG org.hibernate.persister.walking.spi.MetamodelGraphWalker - Visiting attribute path : location
16:56:53.891 [Test worker] DEBUG org.hibernate.persister.walking.spi.MetamodelGraphWalker - Visiting attribute path : partyPhoneNumber
16:56:53.891 [Test worker] DEBUG org.hibernate.persister.walking.spi.MetamodelGraphWalker - Visiting attribute path : personInfo
16:56:53.891 [Test worker] DEBUG org.hibernate.loader.plan.build.internal.FetchStyleLoadPlanBuildingAssociationVisitationStrategy - Building LoadPlan...
16:56:53.892 [Test worker] DEBUG org.hibernate.loader.plan.exec.internal.LoadQueryJoinAndFetchProcessor - processing queryspace <gen:0>
16:56:53.892 [Test worker] DEBUG org.hibernate.loader.plan.build.spi.LoadPlanTreePrinter - LoadPlan(entity=com.mycompany.dbEntity.CallLogInfo)
    - Returns
       - EntityReturnImpl(entity=com.mycompany.dbEntity.CallLogInfo, querySpaceUid=<gen:0>, path=com.mycompany.dbEntity.CallLogInfo)
    - QuerySpaces
       - EntityQuerySpaceImpl(uid=<gen:0>, entity=com.mycompany.dbEntity.CallLogInfo)
          - SQL table alias mapping - callloginf0_
          - alias suffix - 0_
          - suffixed key columns - {call_log1_1_0_}

16:56:53.892 [Test worker] DEBUG org.hibernate.loader.entity.plan.EntityLoader - Static select for entity com.mycompany.dbEntity.CallLogInfo [FORCE]: select callloginf0_.call_log_id as call_log1_1_0_, callloginf0_.end_time as end_time2_1_0_, callloginf0_.start_time as start_ti3_1_0_, callloginf0_.call_type as call_typ4_1_0_, callloginf0_.location as location5_1_0_, callloginf0_.party_phone_no as party_ph6_1_0_, callloginf0_.id as id7_1_0_ from call_log callloginf0_ where callloginf0_.call_log_id=? for update
16:56:53.892 [Test worker] DEBUG org.hibernate.loader.plan.build.internal.spaces.QuerySpacesImpl - Adding QuerySpace : uid = <gen:0> -> org.hibernate.loader.plan.build.internal.spaces.EntityQuerySpaceImpl@45a491ed]
16:56:53.892 [Test worker] DEBUG org.hibernate.persister.walking.spi.MetamodelGraphWalker - Visiting attribute path : callEndDateTime
16:56:53.892 [Test worker] DEBUG org.hibernate.persister.walking.spi.MetamodelGraphWalker - Visiting attribute path : callStartDateTime
16:56:53.892 [Test worker] DEBUG org.hibernate.persister.walking.spi.MetamodelGraphWalker - Visiting attribute path : callType
16:56:53.892 [Test worker] DEBUG org.hibernate.persister.walking.spi.MetamodelGraphWalker - Visiting attribute path : location
16:56:53.892 [Test worker] DEBUG org.hibernate.persister.walking.spi.MetamodelGraphWalker - Visiting attribute path : partyPhoneNumber
16:56:53.892 [Test worker] DEBUG org.hibernate.persister.walking.spi.MetamodelGraphWalker - Visiting attribute path : personInfo
16:56:53.893 [Test worker] DEBUG org.hibernate.loader.plan.build.internal.FetchStyleLoadPlanBuildingAssociationVisitationStrategy - Building LoadPlan...
16:56:53.893 [Test worker] DEBUG org.hibernate.loader.plan.exec.internal.LoadQueryJoinAndFetchProcessor - processing queryspace <gen:0>
16:56:53.893 [Test worker] DEBUG org.hibernate.loader.plan.build.spi.LoadPlanTreePrinter - LoadPlan(entity=com.mycompany.dbEntity.CallLogInfo)
    - Returns
       - EntityReturnImpl(entity=com.mycompany.dbEntity.CallLogInfo, querySpaceUid=<gen:0>, path=com.mycompany.dbEntity.CallLogInfo)
    - QuerySpaces
       - EntityQuerySpaceImpl(uid=<gen:0>, entity=com.mycompany.dbEntity.CallLogInfo)
          - SQL table alias mapping - callloginf0_
          - alias suffix - 0_
          - suffixed key columns - {call_log1_1_0_}

16:56:53.893 [Test worker] DEBUG org.hibernate.loader.entity.plan.EntityLoader - Static select for entity com.mycompany.dbEntity.CallLogInfo [PESSIMISTIC_READ]: select callloginf0_.call_log_id as call_log1_1_0_, callloginf0_.end_time as end_time2_1_0_, callloginf0_.start_time as start_ti3_1_0_, callloginf0_.call_type as call_typ4_1_0_, callloginf0_.location as location5_1_0_, callloginf0_.party_phone_no as party_ph6_1_0_, callloginf0_.id as id7_1_0_ from call_log callloginf0_ where callloginf0_.call_log_id=? for update
16:56:53.893 [Test worker] DEBUG org.hibernate.loader.plan.build.internal.spaces.QuerySpacesImpl - Adding QuerySpace : uid = <gen:0> -> org.hibernate.loader.plan.build.internal.spaces.EntityQuerySpaceImpl@63f8aa4]
16:56:53.893 [Test worker] DEBUG org.hibernate.persister.walking.spi.MetamodelGraphWalker - Visiting attribute path : callEndDateTime
16:56:53.893 [Test worker] DEBUG org.hibernate.persister.walking.spi.MetamodelGraphWalker - Visiting attribute path : callStartDateTime
16:56:53.893 [Test worker] DEBUG org.hibernate.persister.walking.spi.MetamodelGraphWalker - Visiting attribute path : callType
16:56:53.893 [Test worker] DEBUG org.hibernate.persister.walking.spi.MetamodelGraphWalker - Visiting attribute path : location
16:56:53.893 [Test worker] DEBUG org.hibernate.persister.walking.spi.MetamodelGraphWalker - Visiting attribute path : partyPhoneNumber
16:56:53.893 [Test worker] DEBUG org.hibernate.persister.walking.spi.MetamodelGraphWalker - Visiting attribute path : personInfo
16:56:53.893 [Test worker] DEBUG org.hibernate.loader.plan.build.internal.FetchStyleLoadPlanBuildingAssociationVisitationStrategy - Building LoadPlan...
16:56:53.894 [Test worker] DEBUG org.hibernate.loader.plan.exec.internal.LoadQueryJoinAndFetchProcessor - processing queryspace <gen:0>
16:56:53.894 [Test worker] DEBUG org.hibernate.loader.plan.build.spi.LoadPlanTreePrinter - LoadPlan(entity=com.mycompany.dbEntity.CallLogInfo)
    - Returns
       - EntityReturnImpl(entity=com.mycompany.dbEntity.CallLogInfo, querySpaceUid=<gen:0>, path=com.mycompany.dbEntity.CallLogInfo)
    - QuerySpaces
       - EntityQuerySpaceImpl(uid=<gen:0>, entity=com.mycompany.dbEntity.CallLogInfo)
          - SQL table alias mapping - callloginf0_
          - alias suffix - 0_
          - suffixed key columns - {call_log1_1_0_}

16:56:53.894 [Test worker] DEBUG org.hibernate.loader.entity.plan.EntityLoader - Static select for entity com.mycompany.dbEntity.CallLogInfo [PESSIMISTIC_WRITE]: select callloginf0_.call_log_id as call_log1_1_0_, callloginf0_.end_time as end_time2_1_0_, callloginf0_.start_time as start_ti3_1_0_, callloginf0_.call_type as call_typ4_1_0_, callloginf0_.location as location5_1_0_, callloginf0_.party_phone_no as party_ph6_1_0_, callloginf0_.id as id7_1_0_ from call_log callloginf0_ where callloginf0_.call_log_id=? for update
16:56:53.894 [Test worker] DEBUG org.hibernate.loader.plan.build.internal.spaces.QuerySpacesImpl - Adding QuerySpace : uid = <gen:0> -> org.hibernate.loader.plan.build.internal.spaces.EntityQuerySpaceImpl@50da2553]
16:56:53.894 [Test worker] DEBUG org.hibernate.persister.walking.spi.MetamodelGraphWalker - Visiting attribute path : callEndDateTime
16:56:53.894 [Test worker] DEBUG org.hibernate.persister.walking.spi.MetamodelGraphWalker - Visiting attribute path : callStartDateTime
16:56:53.894 [Test worker] DEBUG org.hibernate.persister.walking.spi.MetamodelGraphWalker - Visiting attribute path : callType
16:56:53.894 [Test worker] DEBUG org.hibernate.persister.walking.spi.MetamodelGraphWalker - Visiting attribute path : location
16:56:53.894 [Test worker] DEBUG org.hibernate.persister.walking.spi.MetamodelGraphWalker - Visiting attribute path : partyPhoneNumber
16:56:53.894 [Test worker] DEBUG org.hibernate.persister.walking.spi.MetamodelGraphWalker - Visiting attribute path : personInfo
16:56:53.894 [Test worker] DEBUG org.hibernate.loader.plan.build.internal.FetchStyleLoadPlanBuildingAssociationVisitationStrategy - Building LoadPlan...
16:56:53.896 [Test worker] DEBUG org.hibernate.loader.plan.exec.internal.LoadQueryJoinAndFetchProcessor - processing queryspace <gen:0>
16:56:53.896 [Test worker] DEBUG org.hibernate.loader.plan.build.spi.LoadPlanTreePrinter - LoadPlan(entity=com.mycompany.dbEntity.CallLogInfo)
    - Returns
       - EntityReturnImpl(entity=com.mycompany.dbEntity.CallLogInfo, querySpaceUid=<gen:0>, path=com.mycompany.dbEntity.CallLogInfo)
    - QuerySpaces
       - EntityQuerySpaceImpl(uid=<gen:0>, entity=com.mycompany.dbEntity.CallLogInfo)
          - SQL table alias mapping - callloginf0_
          - alias suffix - 0_
          - suffixed key columns - {call_log1_1_0_}

16:56:53.896 [Test worker] DEBUG org.hibernate.loader.entity.plan.EntityLoader - Static select for entity com.mycompany.dbEntity.CallLogInfo [PESSIMISTIC_FORCE_INCREMENT]: select callloginf0_.call_log_id as call_log1_1_0_, callloginf0_.end_time as end_time2_1_0_, callloginf0_.start_time as start_ti3_1_0_, callloginf0_.call_type as call_typ4_1_0_, callloginf0_.location as location5_1_0_, callloginf0_.party_phone_no as party_ph6_1_0_, callloginf0_.id as id7_1_0_ from call_log callloginf0_ where callloginf0_.call_log_id=? for update
16:56:53.896 [Test worker] DEBUG org.hibernate.loader.plan.build.internal.spaces.QuerySpacesImpl - Adding QuerySpace : uid = <gen:0> -> org.hibernate.loader.plan.build.internal.spaces.EntityQuerySpaceImpl@7e876003]
16:56:53.896 [Test worker] DEBUG org.hibernate.persister.walking.spi.MetamodelGraphWalker - Visiting attribute path : callEndDateTime
16:56:53.896 [Test worker] DEBUG org.hibernate.persister.walking.spi.MetamodelGraphWalker - Visiting attribute path : callStartDateTime
16:56:53.896 [Test worker] DEBUG org.hibernate.persister.walking.spi.MetamodelGraphWalker - Visiting attribute path : callType
16:56:53.896 [Test worker] DEBUG org.hibernate.persister.walking.spi.MetamodelGraphWalker - Visiting attribute path : location
16:56:53.896 [Test worker] DEBUG org.hibernate.persister.walking.spi.MetamodelGraphWalker - Visiting attribute path : partyPhoneNumber
16:56:53.896 [Test worker] DEBUG org.hibernate.persister.walking.spi.MetamodelGraphWalker - Visiting attribute path : personInfo
16:56:53.897 [Test worker] DEBUG org.hibernate.loader.plan.build.internal.FetchStyleLoadPlanBuildingAssociationVisitationStrategy - Building LoadPlan...
16:56:53.897 [Test worker] DEBUG org.hibernate.loader.plan.exec.internal.LoadQueryJoinAndFetchProcessor - processing queryspace <gen:0>
16:56:53.897 [Test worker] DEBUG org.hibernate.loader.plan.build.spi.LoadPlanTreePrinter - LoadPlan(entity=com.mycompany.dbEntity.CallLogInfo)
    - Returns
       - EntityReturnImpl(entity=com.mycompany.dbEntity.CallLogInfo, querySpaceUid=<gen:0>, path=com.mycompany.dbEntity.CallLogInfo)
    - QuerySpaces
       - EntityQuerySpaceImpl(uid=<gen:0>, entity=com.mycompany.dbEntity.CallLogInfo)
          - SQL table alias mapping - callloginf0_
          - alias suffix - 0_
          - suffixed key columns - {call_log1_1_0_}

16:56:53.897 [Test worker] DEBUG org.hibernate.loader.entity.plan.EntityLoader - Static select for entity com.mycompany.dbEntity.CallLogInfo [OPTIMISTIC]: select callloginf0_.call_log_id as call_log1_1_0_, callloginf0_.end_time as end_time2_1_0_, callloginf0_.start_time as start_ti3_1_0_, callloginf0_.call_type as call_typ4_1_0_, callloginf0_.location as location5_1_0_, callloginf0_.party_phone_no as party_ph6_1_0_, callloginf0_.id as id7_1_0_ from call_log callloginf0_ where callloginf0_.call_log_id=?
16:56:53.898 [Test worker] DEBUG org.hibernate.loader.plan.build.internal.spaces.QuerySpacesImpl - Adding QuerySpace : uid = <gen:0> -> org.hibernate.loader.plan.build.internal.spaces.EntityQuerySpaceImpl@49dbf904]
16:56:53.898 [Test worker] DEBUG org.hibernate.persister.walking.spi.MetamodelGraphWalker - Visiting attribute path : callEndDateTime
16:56:53.898 [Test worker] DEBUG org.hibernate.persister.walking.spi.MetamodelGraphWalker - Visiting attribute path : callStartDateTime
16:56:53.898 [Test worker] DEBUG org.hibernate.persister.walking.spi.MetamodelGraphWalker - Visiting attribute path : callType
16:56:53.898 [Test worker] DEBUG org.hibernate.persister.walking.spi.MetamodelGraphWalker - Visiting attribute path : location
16:56:53.898 [Test worker] DEBUG org.hibernate.persister.walking.spi.MetamodelGraphWalker - Visiting attribute path : partyPhoneNumber
16:56:53.898 [Test worker] DEBUG org.hibernate.persister.walking.spi.MetamodelGraphWalker - Visiting attribute path : personInfo
16:56:53.898 [Test worker] DEBUG org.hibernate.loader.plan.build.internal.FetchStyleLoadPlanBuildingAssociationVisitationStrategy - Building LoadPlan...
16:56:53.899 [Test worker] DEBUG org.hibernate.loader.plan.exec.internal.LoadQueryJoinAndFetchProcessor - processing queryspace <gen:0>
16:56:53.899 [Test worker] DEBUG org.hibernate.loader.plan.build.spi.LoadPlanTreePrinter - LoadPlan(entity=com.mycompany.dbEntity.CallLogInfo)
    - Returns
       - EntityReturnImpl(entity=com.mycompany.dbEntity.CallLogInfo, querySpaceUid=<gen:0>, path=com.mycompany.dbEntity.CallLogInfo)
    - QuerySpaces
       - EntityQuerySpaceImpl(uid=<gen:0>, entity=com.mycompany.dbEntity.CallLogInfo)
          - SQL table alias mapping - callloginf0_
          - alias suffix - 0_
          - suffixed key columns - {call_log1_1_0_}

16:56:53.899 [Test worker] DEBUG org.hibernate.loader.entity.plan.EntityLoader - Static select for entity com.mycompany.dbEntity.CallLogInfo [OPTIMISTIC_FORCE_INCREMENT]: select callloginf0_.call_log_id as call_log1_1_0_, callloginf0_.end_time as end_time2_1_0_, callloginf0_.start_time as start_ti3_1_0_, callloginf0_.call_type as call_typ4_1_0_, callloginf0_.location as location5_1_0_, callloginf0_.party_phone_no as party_ph6_1_0_, callloginf0_.id as id7_1_0_ from call_log callloginf0_ where callloginf0_.call_log_id=?
16:56:53.899 [Test worker] DEBUG org.hibernate.loader.Loader - Static select for action ACTION_MERGE on entity com.mycompany.dbEntity.CallLogInfo: select callloginf0_.call_log_id as call_log1_1_0_, callloginf0_.end_time as end_time2_1_0_, callloginf0_.start_time as start_ti3_1_0_, callloginf0_.call_type as call_typ4_1_0_, callloginf0_.location as location5_1_0_, callloginf0_.party_phone_no as party_ph6_1_0_, callloginf0_.id as id7_1_0_ from call_log callloginf0_ where callloginf0_.call_log_id=?
16:56:53.899 [Test worker] DEBUG org.hibernate.loader.Loader - Static select for action ACTION_REFRESH on entity com.mycompany.dbEntity.CallLogInfo: select callloginf0_.call_log_id as call_log1_1_0_, callloginf0_.end_time as end_time2_1_0_, callloginf0_.start_time as start_ti3_1_0_, callloginf0_.call_type as call_typ4_1_0_, callloginf0_.location as location5_1_0_, callloginf0_.party_phone_no as party_ph6_1_0_, callloginf0_.id as id7_1_0_ from call_log callloginf0_ where callloginf0_.call_log_id=?
16:56:53.900 [Test worker] DEBUG org.hibernate.internal.SessionFactoryRegistry - Registering SessionFactory: 9c397fd0-1c4d-4182-9b4a-2fefb7739625 (<unnamed>)
16:56:53.900 [Test worker] DEBUG org.hibernate.internal.SessionFactoryRegistry - Not binding SessionFactory to JNDI, no JNDI name configured
16:56:53.900 [Test worker] DEBUG org.hibernate.internal.SessionFactoryImpl - Instantiated session factory
16:56:53.900 [Test worker] DEBUG org.hibernate.cfg.Configuration - Processing hbm.xml files
16:56:53.900 [Test worker] DEBUG org.hibernate.cfg.Configuration - Process annotated classes
16:56:53.900 [Test worker] DEBUG org.hibernate.cfg.Configuration - Processing fk mappings (*ToOne and JoinedSubclass)
16:56:53.900 [Test worker] DEBUG org.hibernate.cfg.Configuration - Processing extends queue
16:56:53.900 [Test worker] DEBUG org.hibernate.cfg.Configuration - Processing extends queue
16:56:53.900 [Test worker] DEBUG org.hibernate.cfg.Configuration - Processing collection mappings
16:56:53.900 [Test worker] DEBUG org.hibernate.cfg.Configuration - Processing native query and ResultSetMapping mappings
16:56:53.900 [Test worker] DEBUG org.hibernate.cfg.Configuration - Processing association property references
16:56:53.900 [Test worker] DEBUG org.hibernate.cfg.Configuration - Creating tables' unique integer identifiers
16:56:53.900 [Test worker] DEBUG org.hibernate.cfg.Configuration - Processing foreign key constraints
16:56:53.900 [Test worker] DEBUG org.hibernate.cfg.Configuration - Resolving reference to class: com.mycompany.dbEntity.PersonInfo
16:56:53.900 [Test worker] DEBUG org.hibernate.id.factory.internal.DefaultIdentifierGeneratorFactory - Setting dialect [org.hibernate.dialect.H2Dialect]
16:56:53.900 [Test worker] DEBUG org.hibernate.id.factory.internal.DefaultIdentifierGeneratorFactory - Setting dialect [org.hibernate.dialect.H2Dialect]
16:56:53.900 [Test worker] DEBUG org.hibernate.cfg.Configuration - Processing hbm.xml files
16:56:53.900 [Test worker] DEBUG org.hibernate.cfg.Configuration - Process annotated classes
16:56:53.900 [Test worker] DEBUG org.hibernate.cfg.Configuration - Processing fk mappings (*ToOne and JoinedSubclass)
16:56:53.900 [Test worker] DEBUG org.hibernate.cfg.Configuration - Processing extends queue
16:56:53.900 [Test worker] DEBUG org.hibernate.cfg.Configuration - Processing extends queue
16:56:53.900 [Test worker] DEBUG org.hibernate.cfg.Configuration - Processing collection mappings
16:56:53.900 [Test worker] DEBUG org.hibernate.cfg.Configuration - Processing native query and ResultSetMapping mappings
16:56:53.900 [Test worker] DEBUG org.hibernate.cfg.Configuration - Processing association property references
16:56:53.900 [Test worker] DEBUG org.hibernate.cfg.Configuration - Creating tables' unique integer identifiers
16:56:53.900 [Test worker] DEBUG org.hibernate.cfg.Configuration - Processing foreign key constraints
16:56:53.900 [Test worker] DEBUG org.hibernate.cfg.Configuration - Resolving reference to class: com.mycompany.dbEntity.PersonInfo
16:56:53.900 [Test worker] DEBUG org.hibernate.id.factory.internal.DefaultIdentifierGeneratorFactory - Setting dialect [org.hibernate.dialect.H2Dialect]
16:56:53.900 [Test worker] DEBUG org.hibernate.id.factory.internal.DefaultIdentifierGeneratorFactory - Setting dialect [org.hibernate.dialect.H2Dialect]
16:56:53.900 [Test worker] DEBUG org.hibernate.id.factory.internal.DefaultIdentifierGeneratorFactory - Setting dialect [org.hibernate.dialect.H2Dialect]
16:56:53.901 [Test worker] DEBUG org.hibernate.id.factory.internal.DefaultIdentifierGeneratorFactory - Setting dialect [org.hibernate.dialect.H2Dialect]
16:56:53.901 [Test worker] INFO org.hibernate.tool.hbm2ddl.SchemaExport - HHH000227: Running hbm2ddl schema export
16:56:53.901 [Test worker] DEBUG org.hibernate.tool.hbm2ddl.SchemaExport - Import file not found: /import.sql
16:56:53.902 [Test worker] DEBUG com.mchange.v2.resourcepool.BasicResourcePool - trace com.mchange.v2.resourcepool.BasicResourcePool@14f30e94 [managed: 3, unused: 2, excluded: 0] (e.g. com.mchange.v2.c3p0.impl.NewPooledConnection@7fe529bb)
16:56:53.902 [Test worker] DEBUG org.hibernate.SQL - drop table Person if exists
Hibernate: drop table Person if exists
16:56:53.904 [Test worker] DEBUG org.hibernate.SQL - drop table call_log if exists
Hibernate: drop table call_log if exists
16:56:53.905 [Test worker] DEBUG org.hibernate.SQL - drop sequence if exists call_log_seq
Hibernate: drop sequence if exists call_log_seq
16:56:53.906 [Test worker] DEBUG org.hibernate.SQL - drop sequence if exists person_seq
Hibernate: drop sequence if exists person_seq
16:56:53.906 [Test worker] DEBUG org.hibernate.SQL - create table Person (id bigint not null, address varchar(255), name varchar(255), phone_no varchar(255), primary key (id))
Hibernate: create table Person (id bigint not null, address varchar(255), name varchar(255), phone_no varchar(255), primary key (id))
16:56:53.907 [Test worker] DEBUG org.hibernate.SQL - create table call_log (call_log_id bigint not null, end_time timestamp, start_time timestamp, call_type varchar(255), location varchar(255), party_phone_no varchar(255), id bigint, primary key (call_log_id))
Hibernate: create table call_log (call_log_id bigint not null, end_time timestamp, start_time timestamp, call_type varchar(255), location varchar(255), party_phone_no varchar(255), id bigint, primary key (call_log_id))
16:56:53.908 [Test worker] DEBUG org.hibernate.SQL - alter table call_log add constraint FK_9jywkturuuofqn7380plqmxb6 foreign key (id) references Person
Hibernate: alter table call_log add constraint FK_9jywkturuuofqn7380plqmxb6 foreign key (id) references Person
16:56:53.910 [Test worker] DEBUG org.hibernate.SQL - create sequence call_log_seq
Hibernate: create sequence call_log_seq
16:56:53.910 [Test worker] DEBUG org.hibernate.SQL - create sequence person_seq
Hibernate: create sequence person_seq
16:56:53.911 [Test worker] DEBUG com.mchange.v2.resourcepool.BasicResourcePool - trace com.mchange.v2.resourcepool.BasicResourcePool@14f30e94 [managed: 3, unused: 2, excluded: 0] (e.g. com.mchange.v2.c3p0.impl.NewPooledConnection@7fe529bb)
16:56:53.911 [Test worker] INFO org.hibernate.tool.hbm2ddl.SchemaExport - HHH000230: Schema export complete
16:56:53.913 [Test worker] DEBUG org.hibernate.internal.NamedQueryRepository - Checking 0 named HQL queries
16:56:53.913 [Test worker] DEBUG org.hibernate.internal.NamedQueryRepository - Checking 0 named SQL queries
16:56:53.914 [Test worker] DEBUG org.hibernate.stat.internal.StatisticsInitiator - Statistics initialized [enabled=false]
16:56:53.914 [Test worker] DEBUG org.springframework.beans.factory.support.DefaultListableBeanFactory - Returning cached instance of singleton bean 'org.springframework.transaction.config.internalTransactionAdvisor'
16:56:53.914 [Test worker] DEBUG org.springframework.beans.factory.support.DefaultListableBeanFactory - Returning cached instance of singleton bean 'org.springframework.transaction.config.internalTransactionAdvisor'
16:56:53.914 [Test worker] DEBUG org.springframework.beans.factory.support.DefaultListableBeanFactory - Finished creating instance of bean 'sessionFactory'
16:56:53.914 [Test worker] DEBUG org.springframework.beans.factory.support.DefaultListableBeanFactory - Returning cached instance of singleton bean 'org.springframework.transaction.config.internalTransactionAdvisor'
16:56:53.914 [Test worker] DEBUG org.springframework.beans.factory.support.DefaultListableBeanFactory - Returning cached instance of singleton bean 'org.springframework.transaction.config.internalTransactionAdvisor'
16:56:53.918 [Test worker] DEBUG org.springframework.beans.factory.support.DefaultListableBeanFactory - Invoking afterPropertiesSet() on bean with name 'transactionManager'
16:56:53.926 [Test worker] INFO org.springframework.orm.hibernate4.HibernateTransactionManager - Using DataSource [com.mchange.v2.c3p0.ComboPooledDataSource [ acquireIncrement -> 3, acquireRetryAttempts -> 30, acquireRetryDelay -> 1000, autoCommitOnClose -> false, automaticTestTable -> null, breakAfterAcquireFailure -> false, checkoutTimeout -> 240000, connectionCustomizerClassName -> null, connectionTesterClassName -> com.mchange.v2.c3p0.impl.DefaultConnectionTester, dataSourceName -> 1hge0yt9h1045nby5i4inz|44de241, debugUnreturnedConnectionStackTraces -> false, description -> null, driverClass -> org.h2.Driver, factoryClassLocation -> null, forceIgnoreUnresolvedTransactions -> false, identityToken -> 1hge0yt9h1045nby5i4inz|44de241, idleConnectionTestPeriod -> 0, initialPoolSize -> 3, jdbcUrl -> jdbc:h2:~/testing-2/h2;DATABASE_TO_UPPER=false;DB_CLOSE_ON_EXIT=FALSE, maxAdministrativeTaskTime -> 0, maxConnectionAge -> 3600, maxIdleTime -> 600, maxIdleTimeExcessConnections -> 0, maxPoolSize -> 20, maxStatements -> 0, maxStatementsPerConnection -> 0, minPoolSize -> 1, numHelperThreads -> 3, numThreadsAwaitingCheckoutDefaultUser -> 0, preferredTestQuery -> null, properties -> {user=******, password=******}, propertyCycle -> 0, testConnectionOnCheckin -> false, testConnectionOnCheckout -> false, unreturnedConnectionTimeout -> 0, usesTraditionalReflectiveProxies -> false ]] of Hibernate SessionFactory for HibernateTransactionManager
16:56:53.927 [Test worker] DEBUG org.springframework.beans.factory.support.DefaultListableBeanFactory - Returning cached instance of singleton bean 'org.springframework.transaction.config.internalTransactionAdvisor'
16:56:53.927 [Test worker] DEBUG org.springframework.beans.factory.support.DefaultListableBeanFactory - Returning cached instance of singleton bean 'org.springframework.transaction.config.internalTransactionAdvisor'
16:56:53.928 [Test worker] DEBUG org.springframework.beans.factory.support.DefaultListableBeanFactory - Finished creating instance of bean 'transactionManager'
16:56:53.928 [Test worker] DEBUG org.springframework.beans.factory.support.DefaultListableBeanFactory - Returning cached instance of singleton bean 'sessionFactory'
16:56:53.929 [Test worker] DEBUG org.springframework.beans.factory.support.DefaultListableBeanFactory - Returning cached instance of singleton bean 'org.springframework.data.repository.core.support.RepositoryInterfaceAwareBeanPostProcessor'
16:56:53.929 [Test worker] DEBUG org.springframework.beans.factory.support.DefaultListableBeanFactory - Returning cached instance of singleton bean 'emBeanDefinitionRegistrarPostProcessor'
16:56:53.929 [Test worker] DEBUG org.springframework.beans.factory.support.DefaultListableBeanFactory - Returning cached instance of singleton bean 'jpaMappingContext'
16:56:53.929 [Test worker] DEBUG org.springframework.beans.factory.support.DefaultListableBeanFactory - Creating shared instance of singleton bean 'jpaContext'
16:56:53.929 [Test worker] DEBUG org.springframework.beans.factory.support.DefaultListableBeanFactory - Creating instance of bean 'jpaContext'
16:56:53.929 [Test worker] DEBUG org.springframework.beans.factory.support.DefaultListableBeanFactory - Returning cached instance of singleton bean 'org.springframework.transaction.config.internalTransactionAdvisor'
16:56:53.931 [Test worker] DEBUG org.springframework.beans.factory.support.DefaultListableBeanFactory - Returning cached instance of singleton bean 'org.springframework.orm.jpa.SharedEntityManagerCreator#0'
16:56:53.932 [Test worker] DEBUG org.springframework.beans.factory.support.DefaultListableBeanFactory - Autowiring by type from bean name 'jpaContext' via constructor to bean named 'org.springframework.orm.jpa.SharedEntityManagerCreator#0'
16:56:53.932 [Test worker] DEBUG org.springframework.beans.factory.support.DefaultListableBeanFactory - Eagerly caching bean 'jpaContext' to allow for resolving potential circular references
16:56:53.934 [Test worker] DEBUG org.springframework.beans.factory.support.DefaultListableBeanFactory - Returning cached instance of singleton bean 'org.springframework.transaction.config.internalTransactionAdvisor'
16:56:53.934 [Test worker] DEBUG org.springframework.beans.factory.support.DefaultListableBeanFactory - Returning cached instance of singleton bean 'org.springframework.transaction.config.internalTransactionAdvisor'
16:56:53.934 [Test worker] DEBUG org.springframework.beans.factory.support.DefaultListableBeanFactory - Finished creating instance of bean 'jpaContext'
16:56:53.935 [Test worker] DEBUG org.springframework.beans.factory.support.DefaultListableBeanFactory - Returning cached instance of singleton bean 'personRepository'
16:56:53.935 [Test worker] DEBUG org.springframework.beans.factory.support.DefaultListableBeanFactory - Returning cached instance of singleton bean 'callLogRepositoryImpl'
16:56:53.935 [Test worker] DEBUG org.springframework.beans.factory.support.DefaultListableBeanFactory - Returning cached instance of singleton bean 'callLogRepository'
16:56:53.935 [Test worker] DEBUG org.springframework.beans.factory.support.DefaultListableBeanFactory - Returning cached instance of singleton bean 'entityScanBeanPostProcessor'
16:56:53.935 [Test worker] DEBUG org.springframework.beans.factory.support.DefaultListableBeanFactory - Returning cached instance of singleton bean 'org.springframework.boot.autoconfigure.AutoConfigurationPackages'
16:56:53.935 [Test worker] DEBUG org.springframework.beans.factory.support.DefaultListableBeanFactory - Creating shared instance of singleton bean 'org.springframework.boot.autoconfigure.PropertyPlaceholderAutoConfiguration'
16:56:53.935 [Test worker] DEBUG org.springframework.beans.factory.support.DefaultListableBeanFactory - Creating instance of bean 'org.springframework.boot.autoconfigure.PropertyPlaceholderAutoConfiguration'
16:56:53.935 [Test worker] DEBUG org.springframework.beans.factory.support.DefaultListableBeanFactory - Returning cached instance of singleton bean 'org.springframework.transaction.config.internalTransactionAdvisor'
16:56:53.936 [Test worker] DEBUG org.springframework.beans.factory.support.DefaultListableBeanFactory - Eagerly caching bean 'org.springframework.boot.autoconfigure.PropertyPlaceholderAutoConfiguration' to allow for resolving potential circular references
16:56:53.939 [Test worker] DEBUG org.springframework.beans.factory.support.DefaultListableBeanFactory - Returning cached instance of singleton bean 'org.springframework.transaction.config.internalTransactionAdvisor'
16:56:53.939 [Test worker] DEBUG org.springframework.beans.factory.support.DefaultListableBeanFactory - Returning cached instance of singleton bean 'org.springframework.transaction.config.internalTransactionAdvisor'
16:56:53.940 [Test worker] DEBUG org.springframework.beans.factory.support.DefaultListableBeanFactory - Finished creating instance of bean 'org.springframework.boot.autoconfigure.PropertyPlaceholderAutoConfiguration'
16:56:53.940 [Test worker] DEBUG org.springframework.beans.factory.support.DefaultListableBeanFactory - Returning cached instance of singleton bean 'org.springframework.boot.autoconfigure.condition.BeanTypeRegistry'
16:56:53.940 [Test worker] DEBUG org.springframework.beans.factory.support.DefaultListableBeanFactory - Returning cached instance of singleton bean 'propertySourcesPlaceholderConfigurer'
16:56:53.940 [Test worker] DEBUG org.springframework.beans.factory.support.DefaultListableBeanFactory - Creating shared instance of singleton bean 'org.springframework.boot.autoconfigure.jmx.JmxAutoConfiguration'
16:56:53.940 [Test worker] DEBUG org.springframework.beans.factory.support.DefaultListableBeanFactory - Creating instance of bean 'org.springframework.boot.autoconfigure.jmx.JmxAutoConfiguration'
16:56:53.940 [Test worker] DEBUG org.springframework.beans.factory.support.DefaultListableBeanFactory - Returning cached instance of singleton bean 'org.springframework.transaction.config.internalTransactionAdvisor'
16:56:53.940 [Test worker] DEBUG org.springframework.beans.factory.support.DefaultListableBeanFactory - Eagerly caching bean 'org.springframework.boot.autoconfigure.jmx.JmxAutoConfiguration' to allow for resolving potential circular references
16:56:53.948 [Test worker] DEBUG org.springframework.beans.factory.support.DefaultListableBeanFactory - Returning cached instance of singleton bean 'org.springframework.transaction.config.internalTransactionAdvisor'
16:56:53.948 [Test worker] DEBUG org.springframework.beans.factory.support.DefaultListableBeanFactory - Returning cached instance of singleton bean 'org.springframework.transaction.config.internalTransactionAdvisor'
16:56:53.950 [Test worker] DEBUG org.springframework.beans.factory.support.DefaultListableBeanFactory - Finished creating instance of bean 'org.springframework.boot.autoconfigure.jmx.JmxAutoConfiguration'
16:56:53.950 [Test worker] DEBUG org.springframework.beans.factory.support.DefaultListableBeanFactory - Creating shared instance of singleton bean 'mbeanExporter'
16:56:53.950 [Test worker] DEBUG org.springframework.beans.factory.support.DefaultListableBeanFactory - Creating instance of bean 'mbeanExporter'
16:56:53.950 [Test worker] DEBUG org.springframework.beans.factory.support.DefaultListableBeanFactory - Returning cached instance of singleton bean 'org.springframework.transaction.config.internalTransactionAdvisor'
16:56:53.951 [Test worker] DEBUG org.springframework.beans.factory.support.DefaultListableBeanFactory - Returning cached instance of singleton bean 'org.springframework.boot.autoconfigure.jmx.JmxAutoConfiguration'
16:56:53.952 [Test worker] DEBUG org.springframework.beans.factory.support.DefaultListableBeanFactory - Creating shared instance of singleton bean 'objectNamingStrategy'
16:56:53.952 [Test worker] DEBUG org.springframework.beans.factory.support.DefaultListableBeanFactory - Creating instance of bean 'objectNamingStrategy'
16:56:53.952 [Test worker] DEBUG org.springframework.beans.factory.support.DefaultListableBeanFactory - Returning cached instance of singleton bean 'org.springframework.transaction.config.internalTransactionAdvisor'
16:56:53.952 [Test worker] DEBUG org.springframework.beans.factory.support.DefaultListableBeanFactory - Returning cached instance of singleton bean 'org.springframework.boot.autoconfigure.jmx.JmxAutoConfiguration'
16:56:53.954 [Test worker] DEBUG org.springframework.beans.factory.support.DefaultListableBeanFactory - Eagerly caching bean 'objectNamingStrategy' to allow for resolving potential circular references
16:56:53.958 [Test worker] DEBUG org.springframework.beans.factory.support.DefaultListableBeanFactory - Invoking afterPropertiesSet() on bean with name 'objectNamingStrategy'
16:56:53.958 [Test worker] DEBUG org.springframework.beans.factory.support.DefaultListableBeanFactory - Returning cached instance of singleton bean 'org.springframework.transaction.config.internalTransactionAdvisor'
16:56:53.959 [Test worker] DEBUG org.springframework.beans.factory.support.DefaultListableBeanFactory - Returning cached instance of singleton bean 'org.springframework.transaction.config.internalTransactionAdvisor'
16:56:53.959 [Test worker] DEBUG org.springframework.beans.factory.support.DefaultListableBeanFactory - Finished creating instance of bean 'objectNamingStrategy'
16:56:53.959 [Test worker] DEBUG org.springframework.beans.factory.support.DefaultListableBeanFactory - Autowiring by type from bean name 'mbeanExporter' via factory method to bean named 'objectNamingStrategy'
16:56:53.970 [Test worker] DEBUG org.springframework.beans.factory.support.DefaultListableBeanFactory - Creating shared instance of singleton bean 'mbeanServer'
16:56:53.970 [Test worker] DEBUG org.springframework.beans.factory.support.DefaultListableBeanFactory - Creating instance of bean 'mbeanServer'
16:56:53.971 [Test worker] DEBUG org.springframework.beans.factory.support.DefaultListableBeanFactory - Returning cached instance of singleton bean 'org.springframework.transaction.config.internalTransactionAdvisor'
16:56:53.971 [Test worker] DEBUG org.springframework.beans.factory.support.DefaultListableBeanFactory - Returning cached instance of singleton bean 'org.springframework.boot.autoconfigure.jmx.JmxAutoConfiguration'
16:56:53.979 [Test worker] DEBUG org.springframework.jmx.support.JmxUtils - Found MBeanServer: com.sun.jmx.mbeanserver.JmxMBeanServer@52bbab36
16:56:53.983 [Test worker] DEBUG org.springframework.beans.factory.support.DefaultListableBeanFactory - Eagerly caching bean 'mbeanServer' to allow for resolving potential circular references
16:56:53.986 [Test worker] DEBUG org.springframework.beans.factory.support.DefaultListableBeanFactory - Returning cached instance of singleton bean 'org.springframework.transaction.config.internalTransactionAdvisor'
16:56:53.986 [Test worker] DEBUG org.springframework.beans.factory.support.DefaultListableBeanFactory - Returning cached instance of singleton bean 'org.springframework.transaction.config.internalTransactionAdvisor'
16:56:53.987 [Test worker] DEBUG org.springframework.beans.factory.support.DefaultListableBeanFactory - Finished creating instance of bean 'mbeanServer'
16:56:53.989 [Test worker] DEBUG org.springframework.beans.factory.support.DefaultListableBeanFactory - Eagerly caching bean 'mbeanExporter' to allow for resolving potential circular references
16:56:53.994 [Test worker] DEBUG org.springframework.beans.factory.support.DefaultListableBeanFactory - Invoking afterPropertiesSet() on bean with name 'mbeanExporter'
16:56:53.994 [Test worker] DEBUG org.springframework.beans.factory.support.DefaultListableBeanFactory - Returning cached instance of singleton bean 'org.springframework.transaction.config.internalTransactionAdvisor'
16:56:53.994 [Test worker] DEBUG org.springframework.beans.factory.support.DefaultListableBeanFactory - Returning cached instance of singleton bean 'org.springframework.transaction.config.internalTransactionAdvisor'
16:56:53.994 [Test worker] DEBUG org.springframework.beans.factory.support.DefaultListableBeanFactory - Finished creating instance of bean 'mbeanExporter'
16:56:53.994 [Test worker] DEBUG org.springframework.beans.factory.support.DefaultListableBeanFactory - Returning cached instance of singleton bean 'objectNamingStrategy'
16:56:53.994 [Test worker] DEBUG org.springframework.beans.factory.support.DefaultListableBeanFactory - Returning cached instance of singleton bean 'mbeanServer'
16:56:53.994 [Test worker] DEBUG org.springframework.beans.factory.support.DefaultListableBeanFactory - Creating shared instance of singleton bean 'org.springframework.boot.autoconfigure.aop.AopAutoConfiguration$JdkDynamicAutoProxyConfiguration'
16:56:53.994 [Test worker] DEBUG org.springframework.beans.factory.support.DefaultListableBeanFactory - Creating instance of bean 'org.springframework.boot.autoconfigure.aop.AopAutoConfiguration$JdkDynamicAutoProxyConfiguration'
16:56:53.995 [Test worker] DEBUG org.springframework.beans.factory.support.DefaultListableBeanFactory - Returning cached instance of singleton bean 'org.springframework.transaction.config.internalTransactionAdvisor'
16:56:53.995 [Test worker] DEBUG org.springframework.beans.factory.support.DefaultListableBeanFactory - Eagerly caching bean 'org.springframework.boot.autoconfigure.aop.AopAutoConfiguration$JdkDynamicAutoProxyConfiguration' to allow for resolving potential circular references
16:56:53.997 [Test worker] DEBUG org.springframework.beans.factory.support.DefaultListableBeanFactory - Returning cached instance of singleton bean 'org.springframework.transaction.config.internalTransactionAdvisor'
16:56:53.997 [Test worker] DEBUG org.springframework.beans.factory.support.DefaultListableBeanFactory - Returning cached instance of singleton bean 'org.springframework.transaction.config.internalTransactionAdvisor'
16:56:53.997 [Test worker] DEBUG org.springframework.beans.factory.support.DefaultListableBeanFactory - Finished creating instance of bean 'org.springframework.boot.autoconfigure.aop.AopAutoConfiguration$JdkDynamicAutoProxyConfiguration'
16:56:53.997 [Test worker] DEBUG org.springframework.beans.factory.support.DefaultListableBeanFactory - Creating shared instance of singleton bean 'org.springframework.boot.autoconfigure.aop.AopAutoConfiguration'
16:56:53.997 [Test worker] DEBUG org.springframework.beans.factory.support.DefaultListableBeanFactory - Creating instance of bean 'org.springframework.boot.autoconfigure.aop.AopAutoConfiguration'
16:56:53.997 [Test worker] DEBUG org.springframework.beans.factory.support.DefaultListableBeanFactory - Returning cached instance of singleton bean 'org.springframework.transaction.config.internalTransactionAdvisor'
16:56:53.998 [Test worker] DEBUG org.springframework.beans.factory.support.DefaultListableBeanFactory - Eagerly caching bean 'org.springframework.boot.autoconfigure.aop.AopAutoConfiguration' to allow for resolving potential circular references
16:56:54.000 [Test worker] DEBUG org.springframework.beans.factory.support.DefaultListableBeanFactory - Returning cached instance of singleton bean 'org.springframework.transaction.config.internalTransactionAdvisor'
16:56:54.000 [Test worker] DEBUG org.springframework.beans.factory.support.DefaultListableBeanFactory - Returning cached instance of singleton bean 'org.springframework.transaction.config.internalTransactionAdvisor'
16:56:54.000 [Test worker] DEBUG org.springframework.beans.factory.support.DefaultListableBeanFactory - Finished creating instance of bean 'org.springframework.boot.autoconfigure.aop.AopAutoConfiguration'
16:56:54.000 [Test worker] DEBUG org.springframework.beans.factory.support.DefaultListableBeanFactory - Creating shared instance of singleton bean 'org.springframework.boot.autoconfigure.transaction.jta.JtaAutoConfiguration'
16:56:54.000 [Test worker] DEBUG org.springframework.beans.factory.support.DefaultListableBeanFactory - Creating instance of bean 'org.springframework.boot.autoconfigure.transaction.jta.JtaAutoConfiguration'
16:56:54.001 [Test worker] DEBUG org.springframework.beans.factory.support.DefaultListableBeanFactory - Returning cached instance of singleton bean 'org.springframework.transaction.config.internalTransactionAdvisor'
16:56:54.001 [Test worker] DEBUG org.springframework.beans.factory.support.DefaultListableBeanFactory - Eagerly caching bean 'org.springframework.boot.autoconfigure.transaction.jta.JtaAutoConfiguration' to allow for resolving potential circular references
16:56:54.002 [Test worker] DEBUG org.springframework.beans.factory.support.DefaultListableBeanFactory - Returning cached instance of singleton bean 'org.springframework.transaction.config.internalTransactionAdvisor'
16:56:54.002 [Test worker] DEBUG org.springframework.beans.factory.support.DefaultListableBeanFactory - Returning cached instance of singleton bean 'org.springframework.transaction.config.internalTransactionAdvisor'
16:56:54.002 [Test worker] DEBUG org.springframework.beans.factory.support.DefaultListableBeanFactory - Finished creating instance of bean 'org.springframework.boot.autoconfigure.transaction.jta.JtaAutoConfiguration'
16:56:54.002 [Test worker] DEBUG org.springframework.beans.factory.support.DefaultListableBeanFactory - Creating shared instance of singleton bean 'spring.jta.CONFIGURATION_PROPERTIES'
16:56:54.002 [Test worker] DEBUG org.springframework.beans.factory.support.DefaultListableBeanFactory - Creating instance of bean 'spring.jta.CONFIGURATION_PROPERTIES'
16:56:54.002 [Test worker] DEBUG org.springframework.beans.factory.support.DefaultListableBeanFactory - Returning cached instance of singleton bean 'org.springframework.transaction.config.internalTransactionAdvisor'
16:56:54.002 [Test worker] DEBUG org.springframework.beans.factory.support.DefaultListableBeanFactory - Eagerly caching bean 'spring.jta.CONFIGURATION_PROPERTIES' to allow for resolving potential circular references
16:56:54.005 [Test worker] DEBUG org.springframework.core.env.MutablePropertySources - Adding [systemProperties] PropertySource with lowest search precedence
16:56:54.005 [Test worker] DEBUG org.springframework.core.env.MutablePropertySources - Adding [systemEnvironment] PropertySource with lowest search precedence
16:56:54.005 [Test worker] DEBUG org.springframework.core.env.MutablePropertySources - Adding [localProperties] PropertySource with lowest search precedence
16:56:54.009 [Test worker] DEBUG org.springframework.beans.factory.support.DefaultListableBeanFactory - Returning cached instance of singleton bean 'org.springframework.transaction.config.internalTransactionAdvisor'
16:56:54.009 [Test worker] DEBUG org.springframework.beans.factory.support.DefaultListableBeanFactory - Returning cached instance of singleton bean 'org.springframework.transaction.config.internalTransactionAdvisor'
16:56:54.009 [Test worker] DEBUG org.springframework.beans.factory.support.DefaultListableBeanFactory - Finished creating instance of bean 'spring.jta.CONFIGURATION_PROPERTIES'
16:56:54.009 [Test worker] DEBUG org.springframework.beans.factory.support.DefaultListableBeanFactory - Returning cached instance of singleton bean 'org.springframework.boot.context.properties.ConfigurationPropertiesBindingPostProcessor'
16:56:54.009 [Test worker] DEBUG org.springframework.beans.factory.support.DefaultListableBeanFactory - Returning cached instance of singleton bean 'org.springframework.boot.context.properties.ConfigurationPropertiesBindingPostProcessor.store'
16:56:54.009 [Test worker] DEBUG org.springframework.beans.factory.support.DefaultListableBeanFactory - Creating shared instance of singleton bean 'org.springframework.boot.autoconfigure.jdbc.DataSourceAutoConfiguration$JdbcTemplateConfiguration'
16:56:54.009 [Test worker] DEBUG org.springframework.beans.factory.support.DefaultListableBeanFactory - Creating instance of bean 'org.springframework.boot.autoconfigure.jdbc.DataSourceAutoConfiguration$JdbcTemplateConfiguration'
16:56:54.009 [Test worker] DEBUG org.springframework.beans.factory.support.DefaultListableBeanFactory - Returning cached instance of singleton bean 'org.springframework.transaction.config.internalTransactionAdvisor'
16:56:54.010 [Test worker] DEBUG org.springframework.beans.factory.annotation.InjectionMetadata - Registered injected element on class [org.springframework.boot.autoconfigure.jdbc.DataSourceAutoConfiguration$JdbcTemplateConfiguration$$EnhancerBySpringCGLIB$$ac197e56]: AutowiredFieldElement for private javax.sql.DataSource org.springframework.boot.autoconfigure.jdbc.DataSourceAutoConfiguration$JdbcTemplateConfiguration.dataSource
16:56:54.010 [Test worker] DEBUG org.springframework.beans.factory.support.DefaultListableBeanFactory - Eagerly caching bean 'org.springframework.boot.autoconfigure.jdbc.DataSourceAutoConfiguration$JdbcTemplateConfiguration' to allow for resolving potential circular references
16:56:54.013 [Test worker] DEBUG org.springframework.beans.factory.annotation.InjectionMetadata - Processing injected element of bean 'org.springframework.boot.autoconfigure.jdbc.DataSourceAutoConfiguration$JdbcTemplateConfiguration': AutowiredFieldElement for private javax.sql.DataSource org.springframework.boot.autoconfigure.jdbc.DataSourceAutoConfiguration$JdbcTemplateConfiguration.dataSource
16:56:54.014 [Test worker] DEBUG org.springframework.beans.factory.support.DefaultListableBeanFactory - Returning cached instance of singleton bean 'dataSource'
16:56:54.014 [Test worker] DEBUG org.springframework.beans.factory.annotation.AutowiredAnnotationBeanPostProcessor - Autowiring by type from bean name 'org.springframework.boot.autoconfigure.jdbc.DataSourceAutoConfiguration$JdbcTemplateConfiguration' to bean named 'dataSource'
16:56:54.014 [Test worker] DEBUG org.springframework.beans.factory.support.DefaultListableBeanFactory - Returning cached instance of singleton bean 'org.springframework.transaction.config.internalTransactionAdvisor'
16:56:54.014 [Test worker] DEBUG org.springframework.beans.factory.support.DefaultListableBeanFactory - Returning cached instance of singleton bean 'org.springframework.transaction.config.internalTransactionAdvisor'
16:56:54.015 [Test worker] DEBUG org.springframework.beans.factory.support.DefaultListableBeanFactory - Finished creating instance of bean 'org.springframework.boot.autoconfigure.jdbc.DataSourceAutoConfiguration$JdbcTemplateConfiguration'
16:56:54.015 [Test worker] DEBUG org.springframework.beans.factory.support.DefaultListableBeanFactory - Creating shared instance of singleton bean 'jdbcTemplate'
16:56:54.015 [Test worker] DEBUG org.springframework.beans.factory.support.DefaultListableBeanFactory - Creating instance of bean 'jdbcTemplate'
16:56:54.015 [Test worker] DEBUG org.springframework.beans.factory.support.DefaultListableBeanFactory - Returning cached instance of singleton bean 'org.springframework.transaction.config.internalTransactionAdvisor'
16:56:54.016 [Test worker] DEBUG org.springframework.beans.factory.support.DefaultListableBeanFactory - Returning cached instance of singleton bean 'org.springframework.boot.autoconfigure.jdbc.DataSourceAutoConfiguration$JdbcTemplateConfiguration'
16:56:54.021 [Test worker] DEBUG org.springframework.beans.factory.support.DefaultListableBeanFactory - Eagerly caching bean 'jdbcTemplate' to allow for resolving potential circular references
16:56:54.025 [Test worker] DEBUG org.springframework.beans.factory.support.DefaultListableBeanFactory - Invoking afterPropertiesSet() on bean with name 'jdbcTemplate'
16:56:54.026 [Test worker] DEBUG org.springframework.beans.factory.support.DefaultListableBeanFactory - Returning cached instance of singleton bean 'org.springframework.transaction.config.internalTransactionAdvisor'
16:56:54.026 [Test worker] DEBUG org.springframework.beans.factory.support.DefaultListableBeanFactory - Returning cached instance of singleton bean 'org.springframework.transaction.config.internalTransactionAdvisor'
16:56:54.027 [Test worker] DEBUG org.springframework.beans.factory.support.DefaultListableBeanFactory - Finished creating instance of bean 'jdbcTemplate'
16:56:54.027 [Test worker] DEBUG org.springframework.beans.factory.support.DefaultListableBeanFactory - Creating shared instance of singleton bean 'namedParameterJdbcTemplate'
16:56:54.028 [Test worker] DEBUG org.springframework.beans.factory.support.DefaultListableBeanFactory - Creating instance of bean 'namedParameterJdbcTemplate'
16:56:54.028 [Test worker] DEBUG org.springframework.beans.factory.support.DefaultListableBeanFactory - Returning cached instance of singleton bean 'org.springframework.transaction.config.internalTransactionAdvisor'
16:56:54.028 [Test worker] DEBUG org.springframework.beans.factory.support.DefaultListableBeanFactory - Returning cached instance of singleton bean 'org.springframework.boot.autoconfigure.jdbc.DataSourceAutoConfiguration$JdbcTemplateConfiguration'
16:56:54.030 [Test worker] DEBUG org.springframework.beans.factory.support.DefaultListableBeanFactory - Eagerly caching bean 'namedParameterJdbcTemplate' to allow for resolving potential circular references
16:56:54.033 [Test worker] DEBUG org.springframework.beans.factory.support.DefaultListableBeanFactory - Returning cached instance of singleton bean 'org.springframework.transaction.config.internalTransactionAdvisor'
16:56:54.033 [Test worker] DEBUG org.springframework.beans.factory.support.DefaultListableBeanFactory - Returning cached instance of singleton bean 'org.springframework.transaction.config.internalTransactionAdvisor'
16:56:54.033 [Test worker] DEBUG org.springframework.beans.factory.support.DefaultListableBeanFactory - Finished creating instance of bean 'namedParameterJdbcTemplate'
16:56:54.034 [Test worker] DEBUG org.springframework.beans.factory.support.DefaultListableBeanFactory - Returning cached instance of singleton bean 'org.springframework.boot.autoconfigure.jdbc.DataSourceAutoConfiguration$DataSourceInitializerConfiguration'
16:56:54.034 [Test worker] DEBUG org.springframework.beans.factory.support.DefaultListableBeanFactory - Returning cached instance of singleton bean 'dataSourceInitializer'
16:56:54.034 [Test worker] DEBUG org.springframework.beans.factory.support.DefaultListableBeanFactory - Creating shared instance of singleton bean 'org.springframework.boot.autoconfigure.jdbc.metadata.DataSourcePoolMetadataProvidersConfiguration$TomcatDataSourcePoolMetadataProviderConfiguration'
16:56:54.034 [Test worker] DEBUG org.springframework.beans.factory.support.DefaultListableBeanFactory - Creating instance of bean 'org.springframework.boot.autoconfigure.jdbc.metadata.DataSourcePoolMetadataProvidersConfiguration$TomcatDataSourcePoolMetadataProviderConfiguration'
16:56:54.034 [Test worker] DEBUG org.springframework.beans.factory.support.DefaultListableBeanFactory - Returning cached instance of singleton bean 'org.springframework.transaction.config.internalTransactionAdvisor'
16:56:54.034 [Test worker] DEBUG org.springframework.beans.factory.support.DefaultListableBeanFactory - Eagerly caching bean 'org.springframework.boot.autoconfigure.jdbc.metadata.DataSourcePoolMetadataProvidersConfiguration$TomcatDataSourcePoolMetadataProviderConfiguration' to allow for resolving potential circular references
16:56:54.037 [Test worker] DEBUG org.springframework.beans.factory.support.DefaultListableBeanFactory - Returning cached instance of singleton bean 'org.springframework.transaction.config.internalTransactionAdvisor'
16:56:54.037 [Test worker] DEBUG org.springframework.beans.factory.support.DefaultListableBeanFactory - Returning cached instance of singleton bean 'org.springframework.transaction.config.internalTransactionAdvisor'
16:56:54.037 [Test worker] DEBUG org.springframework.beans.factory.support.DefaultListableBeanFactory - Finished creating instance of bean 'org.springframework.boot.autoconfigure.jdbc.metadata.DataSourcePoolMetadataProvidersConfiguration$TomcatDataSourcePoolMetadataProviderConfiguration'
16:56:54.037 [Test worker] DEBUG org.springframework.beans.factory.support.DefaultListableBeanFactory - Creating shared instance of singleton bean 'tomcatPoolDataSourceMetadataProvider'
16:56:54.037 [Test worker] DEBUG org.springframework.beans.factory.support.DefaultListableBeanFactory - Creating instance of bean 'tomcatPoolDataSourceMetadataProvider'
16:56:54.037 [Test worker] DEBUG org.springframework.beans.factory.support.DefaultListableBeanFactory - Returning cached instance of singleton bean 'org.springframework.transaction.config.internalTransactionAdvisor'
16:56:54.037 [Test worker] DEBUG org.springframework.beans.factory.support.DefaultListableBeanFactory - Returning cached instance of singleton bean 'org.springframework.boot.autoconfigure.jdbc.metadata.DataSourcePoolMetadataProvidersConfiguration$TomcatDataSourcePoolMetadataProviderConfiguration'
16:56:54.041 [Test worker] DEBUG org.springframework.beans.factory.support.DefaultListableBeanFactory - Eagerly caching bean 'tomcatPoolDataSourceMetadataProvider' to allow for resolving potential circular references
16:56:54.042 [Test worker] DEBUG org.springframework.beans.factory.support.DefaultListableBeanFactory - Returning cached instance of singleton bean 'org.springframework.transaction.config.internalTransactionAdvisor'
16:56:54.042 [Test worker] DEBUG org.springframework.beans.factory.support.DefaultListableBeanFactory - Returning cached instance of singleton bean 'org.springframework.transaction.config.internalTransactionAdvisor'
16:56:54.043 [Test worker] DEBUG org.springframework.beans.factory.support.DefaultListableBeanFactory - Finished creating instance of bean 'tomcatPoolDataSourceMetadataProvider'
16:56:54.043 [Test worker] DEBUG org.springframework.beans.factory.support.DefaultListableBeanFactory - Creating shared instance of singleton bean 'org.springframework.boot.autoconfigure.jdbc.metadata.DataSourcePoolMetadataProvidersConfiguration'
16:56:54.043 [Test worker] DEBUG org.springframework.beans.factory.support.DefaultListableBeanFactory - Creating instance of bean 'org.springframework.boot.autoconfigure.jdbc.metadata.DataSourcePoolMetadataProvidersConfiguration'
16:56:54.043 [Test worker] DEBUG org.springframework.beans.factory.support.DefaultListableBeanFactory - Returning cached instance of singleton bean 'org.springframework.transaction.config.internalTransactionAdvisor'
16:56:54.043 [Test worker] DEBUG org.springframework.beans.factory.support.DefaultListableBeanFactory - Eagerly caching bean 'org.springframework.boot.autoconfigure.jdbc.metadata.DataSourcePoolMetadataProvidersConfiguration' to allow for resolving potential circular references
16:56:54.046 [Test worker] DEBUG org.springframework.beans.factory.support.DefaultListableBeanFactory - Returning cached instance of singleton bean 'org.springframework.transaction.config.internalTransactionAdvisor'
16:56:54.046 [Test worker] DEBUG org.springframework.beans.factory.support.DefaultListableBeanFactory - Returning cached instance of singleton bean 'org.springframework.transaction.config.internalTransactionAdvisor'
16:56:54.046 [Test worker] DEBUG org.springframework.beans.factory.support.DefaultListableBeanFactory - Finished creating instance of bean 'org.springframework.boot.autoconfigure.jdbc.metadata.DataSourcePoolMetadataProvidersConfiguration'
16:56:54.046 [Test worker] DEBUG org.springframework.beans.factory.support.DefaultListableBeanFactory - Creating shared instance of singleton bean 'org.springframework.boot.autoconfigure.jdbc.DataSourceAutoConfiguration'
16:56:54.046 [Test worker] DEBUG org.springframework.beans.factory.support.DefaultListableBeanFactory - Creating instance of bean 'org.springframework.boot.autoconfigure.jdbc.DataSourceAutoConfiguration'
16:56:54.046 [Test worker] DEBUG org.springframework.beans.factory.support.DefaultListableBeanFactory - Returning cached instance of singleton bean 'org.springframework.transaction.config.internalTransactionAdvisor'
16:56:54.046 [Test worker] DEBUG org.springframework.beans.factory.support.DefaultListableBeanFactory - Eagerly caching bean 'org.springframework.boot.autoconfigure.jdbc.DataSourceAutoConfiguration' to allow for resolving potential circular references
16:56:54.049 [Test worker] DEBUG org.springframework.beans.factory.support.DefaultListableBeanFactory - Returning cached instance of singleton bean 'org.springframework.transaction.config.internalTransactionAdvisor'
16:56:54.049 [Test worker] DEBUG org.springframework.beans.factory.support.DefaultListableBeanFactory - Returning cached instance of singleton bean 'org.springframework.transaction.config.internalTransactionAdvisor'
16:56:54.049 [Test worker] DEBUG org.springframework.beans.factory.support.DefaultListableBeanFactory - Finished creating instance of bean 'org.springframework.boot.autoconfigure.jdbc.DataSourceAutoConfiguration'
16:56:54.049 [Test worker] DEBUG org.springframework.beans.factory.support.DefaultListableBeanFactory - Returning cached instance of singleton bean 'spring.datasource.CONFIGURATION_PROPERTIES'
16:56:54.049 [Test worker] DEBUG org.springframework.beans.factory.support.DefaultListableBeanFactory - Returning cached instance of singleton bean 'dataSourceInitializerPostProcessor'
16:56:54.049 [Test worker] DEBUG org.springframework.beans.factory.support.DefaultListableBeanFactory - Returning cached instance of singleton bean 'org.springframework.boot.autoconfigure.orm.jpa.HibernateJpaAutoConfiguration'
16:56:54.049 [Test worker] DEBUG org.springframework.beans.factory.support.DefaultListableBeanFactory - Returning cached instance of singleton bean 'jpaVendorAdapter'
16:56:54.049 [Test worker] DEBUG org.springframework.beans.factory.support.DefaultListableBeanFactory - Returning cached instance of singleton bean 'entityManagerFactoryBuilder'
16:56:54.049 [Test worker] DEBUG org.springframework.beans.factory.support.DefaultListableBeanFactory - Returning cached instance of singleton bean 'entityManagerFactory'
16:56:54.049 [Test worker] DEBUG org.springframework.beans.factory.support.DefaultListableBeanFactory - Returning cached instance of singleton bean 'spring.jpa.CONFIGURATION_PROPERTIES'
16:56:54.049 [Test worker] DEBUG org.springframework.beans.factory.support.DefaultListableBeanFactory - Returning cached instance of singleton bean 'dataSourceInitializedPublisher'
16:56:54.049 [Test worker] DEBUG org.springframework.beans.factory.support.DefaultListableBeanFactory - Creating shared instance of singleton bean 'org.springframework.boot.autoconfigure.context.ConfigurationPropertiesAutoConfiguration'
16:56:54.049 [Test worker] DEBUG org.springframework.beans.factory.support.DefaultListableBeanFactory - Creating instance of bean 'org.springframework.boot.autoconfigure.context.ConfigurationPropertiesAutoConfiguration'
16:56:54.049 [Test worker] DEBUG org.springframework.beans.factory.support.DefaultListableBeanFactory - Returning cached instance of singleton bean 'org.springframework.transaction.config.internalTransactionAdvisor'
16:56:54.050 [Test worker] DEBUG org.springframework.beans.factory.support.DefaultListableBeanFactory - Eagerly caching bean 'org.springframework.boot.autoconfigure.context.ConfigurationPropertiesAutoConfiguration' to allow for resolving potential circular references
16:56:54.052 [Test worker] DEBUG org.springframework.beans.factory.support.DefaultListableBeanFactory - Returning cached instance of singleton bean 'org.springframework.transaction.config.internalTransactionAdvisor'
16:56:54.052 [Test worker] DEBUG org.springframework.beans.factory.support.DefaultListableBeanFactory - Returning cached instance of singleton bean 'org.springframework.transaction.config.internalTransactionAdvisor'
16:56:54.052 [Test worker] DEBUG org.springframework.beans.factory.support.DefaultListableBeanFactory - Finished creating instance of bean 'org.springframework.boot.autoconfigure.context.ConfigurationPropertiesAutoConfiguration'
16:56:54.052 [Test worker] DEBUG org.springframework.beans.factory.support.DefaultListableBeanFactory - Creating shared instance of singleton bean 'org.springframework.boot.autoconfigure.dao.PersistenceExceptionTranslationAutoConfiguration'
16:56:54.052 [Test worker] DEBUG org.springframework.beans.factory.support.DefaultListableBeanFactory - Creating instance of bean 'org.springframework.boot.autoconfigure.dao.PersistenceExceptionTranslationAutoConfiguration'
16:56:54.052 [Test worker] DEBUG org.springframework.beans.factory.support.DefaultListableBeanFactory - Returning cached instance of singleton bean 'org.springframework.transaction.config.internalTransactionAdvisor'
16:56:54.053 [Test worker] DEBUG org.springframework.beans.factory.support.DefaultListableBeanFactory - Eagerly caching bean 'org.springframework.boot.autoconfigure.dao.PersistenceExceptionTranslationAutoConfiguration' to allow for resolving potential circular references
16:56:54.054 [Test worker] DEBUG org.springframework.beans.factory.support.DefaultListableBeanFactory - Returning cached instance of singleton bean 'org.springframework.transaction.config.internalTransactionAdvisor'
16:56:54.054 [Test worker] DEBUG org.springframework.beans.factory.support.DefaultListableBeanFactory - Returning cached instance of singleton bean 'org.springframework.transaction.config.internalTransactionAdvisor'
16:56:54.054 [Test worker] DEBUG org.springframework.beans.factory.support.DefaultListableBeanFactory - Finished creating instance of bean 'org.springframework.boot.autoconfigure.dao.PersistenceExceptionTranslationAutoConfiguration'
16:56:54.054 [Test worker] DEBUG org.springframework.beans.factory.support.DefaultListableBeanFactory - Returning cached instance of singleton bean 'persistenceExceptionTranslationPostProcessor'
16:56:54.054 [Test worker] DEBUG org.springframework.beans.factory.support.DefaultListableBeanFactory - Creating shared instance of singleton bean 'org.springframework.boot.autoconfigure.jackson.JacksonAutoConfiguration$JacksonObjectMapperBuilderConfiguration'
16:56:54.054 [Test worker] DEBUG org.springframework.beans.factory.support.DefaultListableBeanFactory - Creating instance of bean 'org.springframework.boot.autoconfigure.jackson.JacksonAutoConfiguration$JacksonObjectMapperBuilderConfiguration'
16:56:54.054 [Test worker] DEBUG org.springframework.beans.factory.support.DefaultListableBeanFactory - Returning cached instance of singleton bean 'org.springframework.transaction.config.internalTransactionAdvisor'
16:56:54.055 [Test worker] DEBUG org.springframework.beans.factory.annotation.InjectionMetadata - Registered injected element on class [org.springframework.boot.autoconfigure.jackson.JacksonAutoConfiguration$JacksonObjectMapperBuilderConfiguration$$EnhancerBySpringCGLIB$$7b754f23]: AutowiredFieldElement for private org.springframework.context.ApplicationContext org.springframework.boot.autoconfigure.jackson.JacksonAutoConfiguration$JacksonObjectMapperBuilderConfiguration.applicationContext
16:56:54.055 [Test worker] DEBUG org.springframework.beans.factory.annotation.InjectionMetadata - Registered injected element on class [org.springframework.boot.autoconfigure.jackson.JacksonAutoConfiguration$JacksonObjectMapperBuilderConfiguration$$EnhancerBySpringCGLIB$$7b754f23]: AutowiredFieldElement for private org.springframework.boot.autoconfigure.jackson.JacksonProperties org.springframework.boot.autoconfigure.jackson.JacksonAutoConfiguration$JacksonObjectMapperBuilderConfiguration.jacksonProperties
16:56:54.055 [Test worker] DEBUG org.springframework.beans.factory.support.DefaultListableBeanFactory - Eagerly caching bean 'org.springframework.boot.autoconfigure.jackson.JacksonAutoConfiguration$JacksonObjectMapperBuilderConfiguration' to allow for resolving potential circular references
16:56:54.058 [Test worker] DEBUG org.springframework.beans.factory.annotation.InjectionMetadata - Processing injected element of bean 'org.springframework.boot.autoconfigure.jackson.JacksonAutoConfiguration$JacksonObjectMapperBuilderConfiguration': AutowiredFieldElement for private org.springframework.context.ApplicationContext org.springframework.boot.autoconfigure.jackson.JacksonAutoConfiguration$JacksonObjectMapperBuilderConfiguration.applicationContext
16:56:54.058 [Test worker] DEBUG org.springframework.beans.factory.annotation.AutowiredAnnotationBeanPostProcessor - Autowiring by type from bean name 'org.springframework.boot.autoconfigure.jackson.JacksonAutoConfiguration$JacksonObjectMapperBuilderConfiguration' to bean named 'org.springframework.context.support.GenericApplicationContext@1f1758a3'
16:56:54.058 [Test worker] DEBUG org.springframework.beans.factory.annotation.InjectionMetadata - Processing injected element of bean 'org.springframework.boot.autoconfigure.jackson.JacksonAutoConfiguration$JacksonObjectMapperBuilderConfiguration': AutowiredFieldElement for private org.springframework.boot.autoconfigure.jackson.JacksonProperties org.springframework.boot.autoconfigure.jackson.JacksonAutoConfiguration$JacksonObjectMapperBuilderConfiguration.jacksonProperties
16:56:54.059 [Test worker] DEBUG org.springframework.beans.factory.support.DefaultListableBeanFactory - Creating shared instance of singleton bean 'spring.jackson.CONFIGURATION_PROPERTIES'
16:56:54.059 [Test worker] DEBUG org.springframework.beans.factory.support.DefaultListableBeanFactory - Creating instance of bean 'spring.jackson.CONFIGURATION_PROPERTIES'
16:56:54.059 [Test worker] DEBUG org.springframework.beans.factory.support.DefaultListableBeanFactory - Returning cached instance of singleton bean 'org.springframework.transaction.config.internalTransactionAdvisor'
16:56:54.059 [Test worker] DEBUG org.springframework.beans.factory.support.DefaultListableBeanFactory - Eagerly caching bean 'spring.jackson.CONFIGURATION_PROPERTIES' to allow for resolving potential circular references
16:56:54.063 [Test worker] DEBUG org.springframework.core.env.MutablePropertySources - Adding [systemProperties] PropertySource with lowest search precedence
16:56:54.063 [Test worker] DEBUG org.springframework.core.env.MutablePropertySources - Adding [systemEnvironment] PropertySource with lowest search precedence
16:56:54.063 [Test worker] DEBUG org.springframework.core.env.MutablePropertySources - Adding [localProperties] PropertySource with lowest search precedence
16:56:54.072 [Test worker] DEBUG org.springframework.beans.factory.support.DefaultListableBeanFactory - Returning cached instance of singleton bean 'org.springframework.transaction.config.internalTransactionAdvisor'
16:56:54.072 [Test worker] DEBUG org.springframework.beans.factory.support.DefaultListableBeanFactory - Returning cached instance of singleton bean 'org.springframework.transaction.config.internalTransactionAdvisor'
16:56:54.073 [Test worker] DEBUG org.springframework.beans.factory.support.DefaultListableBeanFactory - Finished creating instance of bean 'spring.jackson.CONFIGURATION_PROPERTIES'
16:56:54.073 [Test worker] DEBUG org.springframework.beans.factory.annotation.AutowiredAnnotationBeanPostProcessor - Autowiring by type from bean name 'org.springframework.boot.autoconfigure.jackson.JacksonAutoConfiguration$JacksonObjectMapperBuilderConfiguration' to bean named 'spring.jackson.CONFIGURATION_PROPERTIES'
16:56:54.073 [Test worker] DEBUG org.springframework.beans.factory.support.DefaultListableBeanFactory - Returning cached instance of singleton bean 'org.springframework.transaction.config.internalTransactionAdvisor'
16:56:54.073 [Test worker] DEBUG org.springframework.beans.factory.support.DefaultListableBeanFactory - Returning cached instance of singleton bean 'org.springframework.transaction.config.internalTransactionAdvisor'
16:56:54.073 [Test worker] DEBUG org.springframework.beans.factory.support.DefaultListableBeanFactory - Finished creating instance of bean 'org.springframework.boot.autoconfigure.jackson.JacksonAutoConfiguration$JacksonObjectMapperBuilderConfiguration'
16:56:54.073 [Test worker] DEBUG org.springframework.beans.factory.support.DefaultListableBeanFactory - Creating shared instance of singleton bean 'jacksonObjectMapperBuilder'
16:56:54.073 [Test worker] DEBUG org.springframework.beans.factory.support.DefaultListableBeanFactory - Creating instance of bean 'jacksonObjectMapperBuilder'
16:56:54.074 [Test worker] DEBUG org.springframework.beans.factory.support.DefaultListableBeanFactory - Returning cached instance of singleton bean 'org.springframework.transaction.config.internalTransactionAdvisor'
16:56:54.074 [Test worker] DEBUG org.springframework.beans.factory.support.DefaultListableBeanFactory - Returning cached instance of singleton bean 'org.springframework.boot.autoconfigure.jackson.JacksonAutoConfiguration$JacksonObjectMapperBuilderConfiguration'
16:56:54.080 [Test worker] DEBUG org.springframework.beans.factory.support.DefaultListableBeanFactory - Eagerly caching bean 'jacksonObjectMapperBuilder' to allow for resolving potential circular references
16:56:54.082 [Test worker] DEBUG org.springframework.beans.factory.support.DefaultListableBeanFactory - Returning cached instance of singleton bean 'org.springframework.transaction.config.internalTransactionAdvisor'
16:56:54.082 [Test worker] DEBUG org.springframework.beans.factory.support.DefaultListableBeanFactory - Returning cached instance of singleton bean 'org.springframework.transaction.config.internalTransactionAdvisor'
16:56:54.082 [Test worker] DEBUG org.springframework.beans.factory.support.DefaultListableBeanFactory - Finished creating instance of bean 'jacksonObjectMapperBuilder'
16:56:54.082 [Test worker] DEBUG org.springframework.beans.factory.support.DefaultListableBeanFactory - Returning cached instance of singleton bean 'spring.jackson.CONFIGURATION_PROPERTIES'
16:56:54.082 [Test worker] DEBUG org.springframework.beans.factory.support.DefaultListableBeanFactory - Creating shared instance of singleton bean 'org.springframework.boot.autoconfigure.jackson.JacksonAutoConfiguration$JacksonObjectMapperConfiguration'
16:56:54.082 [Test worker] DEBUG org.springframework.beans.factory.support.DefaultListableBeanFactory - Creating instance of bean 'org.springframework.boot.autoconfigure.jackson.JacksonAutoConfiguration$JacksonObjectMapperConfiguration'
16:56:54.082 [Test worker] DEBUG org.springframework.beans.factory.support.DefaultListableBeanFactory - Returning cached instance of singleton bean 'org.springframework.transaction.config.internalTransactionAdvisor'
16:56:54.083 [Test worker] DEBUG org.springframework.beans.factory.support.DefaultListableBeanFactory - Eagerly caching bean 'org.springframework.boot.autoconfigure.jackson.JacksonAutoConfiguration$JacksonObjectMapperConfiguration' to allow for resolving potential circular references
16:56:54.085 [Test worker] DEBUG org.springframework.beans.factory.support.DefaultListableBeanFactory - Returning cached instance of singleton bean 'org.springframework.transaction.config.internalTransactionAdvisor'
16:56:54.085 [Test worker] DEBUG org.springframework.beans.factory.support.DefaultListableBeanFactory - Returning cached instance of singleton bean 'org.springframework.transaction.config.internalTransactionAdvisor'
16:56:54.085 [Test worker] DEBUG org.springframework.beans.factory.support.DefaultListableBeanFactory - Finished creating instance of bean 'org.springframework.boot.autoconfigure.jackson.JacksonAutoConfiguration$JacksonObjectMapperConfiguration'
16:56:54.085 [Test worker] DEBUG org.springframework.beans.factory.support.DefaultListableBeanFactory - Creating shared instance of singleton bean 'jacksonObjectMapper'
16:56:54.085 [Test worker] DEBUG org.springframework.beans.factory.support.DefaultListableBeanFactory - Creating instance of bean 'jacksonObjectMapper'
16:56:54.085 [Test worker] DEBUG org.springframework.beans.factory.support.DefaultListableBeanFactory - Returning cached instance of singleton bean 'org.springframework.transaction.config.internalTransactionAdvisor'
16:56:54.085 [Test worker] DEBUG org.springframework.beans.factory.support.DefaultListableBeanFactory - Returning cached instance of singleton bean 'org.springframework.boot.autoconfigure.jackson.JacksonAutoConfiguration$JacksonObjectMapperConfiguration'
16:56:54.086 [Test worker] DEBUG org.springframework.beans.factory.support.DefaultListableBeanFactory - Returning cached instance of singleton bean 'jacksonObjectMapperBuilder'
16:56:54.086 [Test worker] DEBUG org.springframework.beans.factory.support.DefaultListableBeanFactory - Autowiring by type from bean name 'jacksonObjectMapper' via factory method to bean named 'jacksonObjectMapperBuilder'
16:56:54.178 [Test worker] DEBUG org.springframework.beans.factory.support.DefaultListableBeanFactory - Eagerly caching bean 'jacksonObjectMapper' to allow for resolving potential circular references
16:56:54.184 [Test worker] DEBUG org.springframework.beans.factory.support.DefaultListableBeanFactory - Returning cached instance of singleton bean 'org.springframework.transaction.config.internalTransactionAdvisor'
16:56:54.184 [Test worker] DEBUG org.springframework.beans.factory.support.DefaultListableBeanFactory - Returning cached instance of singleton bean 'org.springframework.transaction.config.internalTransactionAdvisor'
16:56:54.185 [Test worker] DEBUG org.springframework.beans.factory.support.DefaultListableBeanFactory - Finished creating instance of bean 'jacksonObjectMapper'
16:56:54.185 [Test worker] DEBUG org.springframework.beans.factory.support.DefaultListableBeanFactory - Creating shared instance of singleton bean 'org.springframework.boot.autoconfigure.jackson.JacksonAutoConfiguration'
16:56:54.185 [Test worker] DEBUG org.springframework.beans.factory.support.DefaultListableBeanFactory - Creating instance of bean 'org.springframework.boot.autoconfigure.jackson.JacksonAutoConfiguration'
16:56:54.185 [Test worker] DEBUG org.springframework.beans.factory.support.DefaultListableBeanFactory - Returning cached instance of singleton bean 'org.springframework.transaction.config.internalTransactionAdvisor'
16:56:54.185 [Test worker] DEBUG org.springframework.beans.factory.support.DefaultListableBeanFactory - Eagerly caching bean 'org.springframework.boot.autoconfigure.jackson.JacksonAutoConfiguration' to allow for resolving potential circular references
16:56:54.187 [Test worker] DEBUG org.springframework.beans.factory.support.DefaultListableBeanFactory - Returning cached instance of singleton bean 'org.springframework.transaction.config.internalTransactionAdvisor'
16:56:54.187 [Test worker] DEBUG org.springframework.beans.factory.support.DefaultListableBeanFactory - Returning cached instance of singleton bean 'org.springframework.transaction.config.internalTransactionAdvisor'
16:56:54.187 [Test worker] DEBUG org.springframework.beans.factory.support.DefaultListableBeanFactory - Finished creating instance of bean 'org.springframework.boot.autoconfigure.jackson.JacksonAutoConfiguration'
16:56:54.187 [Test worker] DEBUG org.springframework.beans.factory.support.DefaultListableBeanFactory - Creating shared instance of singleton bean 'org.springframework.boot.autoconfigure.web.HttpMessageConvertersAutoConfiguration$StringHttpMessageConverterConfiguration'
16:56:54.187 [Test worker] DEBUG org.springframework.beans.factory.support.DefaultListableBeanFactory - Creating instance of bean 'org.springframework.boot.autoconfigure.web.HttpMessageConvertersAutoConfiguration$StringHttpMessageConverterConfiguration'
16:56:54.187 [Test worker] DEBUG org.springframework.beans.factory.support.DefaultListableBeanFactory - Returning cached instance of singleton bean 'org.springframework.transaction.config.internalTransactionAdvisor'
16:56:54.188 [Test worker] DEBUG org.springframework.beans.factory.annotation.InjectionMetadata - Registered injected element on class [org.springframework.boot.autoconfigure.web.HttpMessageConvertersAutoConfiguration$StringHttpMessageConverterConfiguration$$EnhancerBySpringCGLIB$$bac33679]: AutowiredFieldElement for private org.springframework.boot.autoconfigure.web.HttpEncodingProperties org.springframework.boot.autoconfigure.web.HttpMessageConvertersAutoConfiguration$StringHttpMessageConverterConfiguration.encodingProperties
16:56:54.188 [Test worker] DEBUG org.springframework.beans.factory.support.DefaultListableBeanFactory - Eagerly caching bean 'org.springframework.boot.autoconfigure.web.HttpMessageConvertersAutoConfiguration$StringHttpMessageConverterConfiguration' to allow for resolving potential circular references
16:56:54.189 [Test worker] DEBUG org.springframework.beans.factory.annotation.InjectionMetadata - Processing injected element of bean 'org.springframework.boot.autoconfigure.web.HttpMessageConvertersAutoConfiguration$StringHttpMessageConverterConfiguration': AutowiredFieldElement for private org.springframework.boot.autoconfigure.web.HttpEncodingProperties org.springframework.boot.autoconfigure.web.HttpMessageConvertersAutoConfiguration$StringHttpMessageConverterConfiguration.encodingProperties
16:56:54.190 [Test worker] DEBUG org.springframework.beans.factory.support.DefaultListableBeanFactory - Creating shared instance of singleton bean 'spring.http.encoding.CONFIGURATION_PROPERTIES'
16:56:54.190 [Test worker] DEBUG org.springframework.beans.factory.support.DefaultListableBeanFactory - Creating instance of bean 'spring.http.encoding.CONFIGURATION_PROPERTIES'
16:56:54.190 [Test worker] DEBUG org.springframework.beans.factory.support.DefaultListableBeanFactory - Returning cached instance of singleton bean 'org.springframework.transaction.config.internalTransactionAdvisor'
16:56:54.190 [Test worker] DEBUG org.springframework.beans.factory.support.DefaultListableBeanFactory - Eagerly caching bean 'spring.http.encoding.CONFIGURATION_PROPERTIES' to allow for resolving potential circular references
16:56:54.191 [Test worker] DEBUG org.springframework.core.env.MutablePropertySources - Adding [systemProperties] PropertySource with lowest search precedence
16:56:54.191 [Test worker] DEBUG org.springframework.core.env.MutablePropertySources - Adding [systemEnvironment] PropertySource with lowest search precedence
16:56:54.191 [Test worker] DEBUG org.springframework.core.env.MutablePropertySources - Adding [localProperties] PropertySource with lowest search precedence
16:56:54.192 [Test worker] DEBUG org.springframework.beans.factory.support.DefaultListableBeanFactory - Returning cached instance of singleton bean 'org.springframework.transaction.config.internalTransactionAdvisor'
16:56:54.192 [Test worker] DEBUG org.springframework.beans.factory.support.DefaultListableBeanFactory - Returning cached instance of singleton bean 'org.springframework.transaction.config.internalTransactionAdvisor'
16:56:54.192 [Test worker] DEBUG org.springframework.beans.factory.support.DefaultListableBeanFactory - Finished creating instance of bean 'spring.http.encoding.CONFIGURATION_PROPERTIES'
16:56:54.192 [Test worker] DEBUG org.springframework.beans.factory.annotation.AutowiredAnnotationBeanPostProcessor - Autowiring by type from bean name 'org.springframework.boot.autoconfigure.web.HttpMessageConvertersAutoConfiguration$StringHttpMessageConverterConfiguration' to bean named 'spring.http.encoding.CONFIGURATION_PROPERTIES'
16:56:54.192 [Test worker] DEBUG org.springframework.beans.factory.support.DefaultListableBeanFactory - Returning cached instance of singleton bean 'org.springframework.transaction.config.internalTransactionAdvisor'
16:56:54.192 [Test worker] DEBUG org.springframework.beans.factory.support.DefaultListableBeanFactory - Returning cached instance of singleton bean 'org.springframework.transaction.config.internalTransactionAdvisor'
16:56:54.193 [Test worker] DEBUG org.springframework.beans.factory.support.DefaultListableBeanFactory - Finished creating instance of bean 'org.springframework.boot.autoconfigure.web.HttpMessageConvertersAutoConfiguration$StringHttpMessageConverterConfiguration'
16:56:54.193 [Test worker] DEBUG org.springframework.beans.factory.support.DefaultListableBeanFactory - Creating shared instance of singleton bean 'stringHttpMessageConverter'
16:56:54.193 [Test worker] DEBUG org.springframework.beans.factory.support.DefaultListableBeanFactory - Creating instance of bean 'stringHttpMessageConverter'
16:56:54.193 [Test worker] DEBUG org.springframework.beans.factory.support.DefaultListableBeanFactory - Returning cached instance of singleton bean 'org.springframework.transaction.config.internalTransactionAdvisor'
16:56:54.193 [Test worker] DEBUG org.springframework.beans.factory.support.DefaultListableBeanFactory - Returning cached instance of singleton bean 'org.springframework.boot.autoconfigure.web.HttpMessageConvertersAutoConfiguration$StringHttpMessageConverterConfiguration'
16:56:54.241 [Test worker] DEBUG org.springframework.beans.factory.support.DefaultListableBeanFactory - Eagerly caching bean 'stringHttpMessageConverter' to allow for resolving potential circular references
16:56:54.243 [Test worker] DEBUG org.springframework.beans.factory.support.DefaultListableBeanFactory - Returning cached instance of singleton bean 'org.springframework.transaction.config.internalTransactionAdvisor'
16:56:54.243 [Test worker] DEBUG org.springframework.beans.factory.support.DefaultListableBeanFactory - Returning cached instance of singleton bean 'org.springframework.transaction.config.internalTransactionAdvisor'
16:56:54.243 [Test worker] DEBUG org.springframework.beans.factory.support.DefaultListableBeanFactory - Finished creating instance of bean 'stringHttpMessageConverter'
16:56:54.243 [Test worker] DEBUG org.springframework.beans.factory.support.DefaultListableBeanFactory - Returning cached instance of singleton bean 'spring.http.encoding.CONFIGURATION_PROPERTIES'
16:56:54.243 [Test worker] DEBUG org.springframework.beans.factory.support.DefaultListableBeanFactory - Creating shared instance of singleton bean 'org.springframework.boot.autoconfigure.web.JacksonHttpMessageConvertersConfiguration$MappingJackson2HttpMessageConverterConfiguration'
16:56:54.243 [Test worker] DEBUG org.springframework.beans.factory.support.DefaultListableBeanFactory - Creating instance of bean 'org.springframework.boot.autoconfigure.web.JacksonHttpMessageConvertersConfiguration$MappingJackson2HttpMessageConverterConfiguration'
16:56:54.243 [Test worker] DEBUG org.springframework.beans.factory.support.DefaultListableBeanFactory - Returning cached instance of singleton bean 'org.springframework.transaction.config.internalTransactionAdvisor'
16:56:54.244 [Test worker] DEBUG org.springframework.beans.factory.support.DefaultListableBeanFactory - Eagerly caching bean 'org.springframework.boot.autoconfigure.web.JacksonHttpMessageConvertersConfiguration$MappingJackson2HttpMessageConverterConfiguration' to allow for resolving potential circular references
16:56:54.246 [Test worker] DEBUG org.springframework.beans.factory.support.DefaultListableBeanFactory - Returning cached instance of singleton bean 'org.springframework.transaction.config.internalTransactionAdvisor'
16:56:54.246 [Test worker] DEBUG org.springframework.beans.factory.support.DefaultListableBeanFactory - Returning cached instance of singleton bean 'org.springframework.transaction.config.internalTransactionAdvisor'
16:56:54.246 [Test worker] DEBUG org.springframework.beans.factory.support.DefaultListableBeanFactory - Finished creating instance of bean 'org.springframework.boot.autoconfigure.web.JacksonHttpMessageConvertersConfiguration$MappingJackson2HttpMessageConverterConfiguration'
16:56:54.246 [Test worker] DEBUG org.springframework.beans.factory.support.DefaultListableBeanFactory - Creating shared instance of singleton bean 'mappingJackson2HttpMessageConverter'
16:56:54.247 [Test worker] DEBUG org.springframework.beans.factory.support.DefaultListableBeanFactory - Creating instance of bean 'mappingJackson2HttpMessageConverter'
16:56:54.247 [Test worker] DEBUG org.springframework.beans.factory.support.DefaultListableBeanFactory - Returning cached instance of singleton bean 'org.springframework.transaction.config.internalTransactionAdvisor'
16:56:54.247 [Test worker] DEBUG org.springframework.beans.factory.support.DefaultListableBeanFactory - Returning cached instance of singleton bean 'org.springframework.boot.autoconfigure.web.JacksonHttpMessageConvertersConfiguration$MappingJackson2HttpMessageConverterConfiguration'
16:56:54.247 [Test worker] DEBUG org.springframework.beans.factory.support.DefaultListableBeanFactory - Returning cached instance of singleton bean 'jacksonObjectMapper'
16:56:54.247 [Test worker] DEBUG org.springframework.beans.factory.support.DefaultListableBeanFactory - Autowiring by type from bean name 'mappingJackson2HttpMessageConverter' via factory method to bean named 'jacksonObjectMapper'
16:56:54.251 [Test worker] DEBUG org.springframework.beans.factory.support.DefaultListableBeanFactory - Eagerly caching bean 'mappingJackson2HttpMessageConverter' to allow for resolving potential circular references
16:56:54.254 [Test worker] DEBUG org.springframework.beans.factory.support.DefaultListableBeanFactory - Returning cached instance of singleton bean 'org.springframework.transaction.config.internalTransactionAdvisor'
16:56:54.254 [Test worker] DEBUG org.springframework.beans.factory.support.DefaultListableBeanFactory - Returning cached instance of singleton bean 'org.springframework.transaction.config.internalTransactionAdvisor'
16:56:54.254 [Test worker] DEBUG org.springframework.beans.factory.support.DefaultListableBeanFactory - Finished creating instance of bean 'mappingJackson2HttpMessageConverter'
16:56:54.254 [Test worker] DEBUG org.springframework.beans.factory.support.DefaultListableBeanFactory - Creating shared instance of singleton bean 'org.springframework.boot.autoconfigure.web.JacksonHttpMessageConvertersConfiguration'
16:56:54.254 [Test worker] DEBUG org.springframework.beans.factory.support.DefaultListableBeanFactory - Creating instance of bean 'org.springframework.boot.autoconfigure.web.JacksonHttpMessageConvertersConfiguration'
16:56:54.254 [Test worker] DEBUG org.springframework.beans.factory.support.DefaultListableBeanFactory - Returning cached instance of singleton bean 'org.springframework.transaction.config.internalTransactionAdvisor'
16:56:54.254 [Test worker] DEBUG org.springframework.beans.factory.support.DefaultListableBeanFactory - Eagerly caching bean 'org.springframework.boot.autoconfigure.web.JacksonHttpMessageConvertersConfiguration' to allow for resolving potential circular references
16:56:54.256 [Test worker] DEBUG org.springframework.beans.factory.support.DefaultListableBeanFactory - Returning cached instance of singleton bean 'org.springframework.transaction.config.internalTransactionAdvisor'
16:56:54.256 [Test worker] DEBUG org.springframework.beans.factory.support.DefaultListableBeanFactory - Returning cached instance of singleton bean 'org.springframework.transaction.config.internalTransactionAdvisor'
16:56:54.256 [Test worker] DEBUG org.springframework.beans.factory.support.DefaultListableBeanFactory - Finished creating instance of bean 'org.springframework.boot.autoconfigure.web.JacksonHttpMessageConvertersConfiguration'
16:56:54.257 [Test worker] DEBUG org.springframework.beans.factory.support.DefaultListableBeanFactory - Creating shared instance of singleton bean 'org.springframework.boot.autoconfigure.web.HttpMessageConvertersAutoConfiguration'
16:56:54.257 [Test worker] DEBUG org.springframework.beans.factory.support.DefaultListableBeanFactory - Creating instance of bean 'org.springframework.boot.autoconfigure.web.HttpMessageConvertersAutoConfiguration'
16:56:54.257 [Test worker] DEBUG org.springframework.beans.factory.support.DefaultListableBeanFactory - Returning cached instance of singleton bean 'org.springframework.transaction.config.internalTransactionAdvisor'
16:56:54.257 [Test worker] DEBUG org.springframework.beans.factory.annotation.InjectionMetadata - Registered injected element on class [org.springframework.boot.autoconfigure.web.HttpMessageConvertersAutoConfiguration$$EnhancerBySpringCGLIB$$fe4d2bd9]: AutowiredFieldElement for private final java.util.List org.springframework.boot.autoconfigure.web.HttpMessageConvertersAutoConfiguration.converters
16:56:54.257 [Test worker] DEBUG org.springframework.beans.factory.support.DefaultListableBeanFactory - Eagerly caching bean 'org.springframework.boot.autoconfigure.web.HttpMessageConvertersAutoConfiguration' to allow for resolving potential circular references
16:56:54.260 [Test worker] DEBUG org.springframework.beans.factory.annotation.InjectionMetadata - Processing injected element of bean 'org.springframework.boot.autoconfigure.web.HttpMessageConvertersAutoConfiguration': AutowiredFieldElement for private final java.util.List org.springframework.boot.autoconfigure.web.HttpMessageConvertersAutoConfiguration.converters
16:56:54.262 [Test worker] DEBUG org.springframework.beans.factory.support.DefaultListableBeanFactory - Returning cached instance of singleton bean 'stringHttpMessageConverter'
16:56:54.262 [Test worker] DEBUG org.springframework.beans.factory.support.DefaultListableBeanFactory - Returning cached instance of singleton bean 'mappingJackson2HttpMessageConverter'
16:56:54.263 [Test worker] DEBUG org.springframework.beans.factory.annotation.AutowiredAnnotationBeanPostProcessor - Autowiring by type from bean name 'org.springframework.boot.autoconfigure.web.HttpMessageConvertersAutoConfiguration' to bean named 'stringHttpMessageConverter'
16:56:54.263 [Test worker] DEBUG org.springframework.beans.factory.annotation.AutowiredAnnotationBeanPostProcessor - Autowiring by type from bean name 'org.springframework.boot.autoconfigure.web.HttpMessageConvertersAutoConfiguration' to bean named 'mappingJackson2HttpMessageConverter'
16:56:54.264 [Test worker] DEBUG org.springframework.beans.factory.support.DefaultListableBeanFactory - Returning cached instance of singleton bean 'org.springframework.transaction.config.internalTransactionAdvisor'
16:56:54.264 [Test worker] DEBUG org.springframework.beans.factory.support.DefaultListableBeanFactory - Returning cached instance of singleton bean 'org.springframework.transaction.config.internalTransactionAdvisor'
16:56:54.264 [Test worker] DEBUG org.springframework.beans.factory.support.DefaultListableBeanFactory - Finished creating instance of bean 'org.springframework.boot.autoconfigure.web.HttpMessageConvertersAutoConfiguration'
16:56:54.264 [Test worker] DEBUG org.springframework.beans.factory.support.DefaultListableBeanFactory - Creating shared instance of singleton bean 'messageConverters'
16:56:54.264 [Test worker] DEBUG org.springframework.beans.factory.support.DefaultListableBeanFactory - Creating instance of bean 'messageConverters'
16:56:54.264 [Test worker] DEBUG org.springframework.beans.factory.support.DefaultListableBeanFactory - Returning cached instance of singleton bean 'org.springframework.transaction.config.internalTransactionAdvisor'
16:56:54.264 [Test worker] DEBUG org.springframework.beans.factory.support.DefaultListableBeanFactory - Returning cached instance of singleton bean 'org.springframework.boot.autoconfigure.web.HttpMessageConvertersAutoConfiguration'
16:56:54.284 [Test worker] DEBUG org.springframework.beans.factory.support.DefaultListableBeanFactory - Eagerly caching bean 'messageConverters' to allow for resolving potential circular references
16:56:54.285 [Test worker] DEBUG org.springframework.beans.factory.support.DefaultListableBeanFactory - Returning cached instance of singleton bean 'org.springframework.transaction.config.internalTransactionAdvisor'
16:56:54.286 [Test worker] DEBUG org.springframework.beans.factory.support.DefaultListableBeanFactory - Returning cached instance of singleton bean 'org.springframework.transaction.config.internalTransactionAdvisor'
16:56:54.286 [Test worker] DEBUG org.springframework.beans.factory.support.DefaultListableBeanFactory - Finished creating instance of bean 'messageConverters'
16:56:54.286 [Test worker] DEBUG org.springframework.beans.factory.support.DefaultListableBeanFactory - Returning cached instance of singleton bean 'org.springframework.transaction.annotation.ProxyTransactionManagementConfiguration'
16:56:54.286 [Test worker] DEBUG org.springframework.beans.factory.support.DefaultListableBeanFactory - Returning cached instance of singleton bean 'transactionAttributeSource'
16:56:54.286 [Test worker] DEBUG org.springframework.beans.factory.support.DefaultListableBeanFactory - Returning cached instance of singleton bean 'transactionInterceptor'
16:56:54.286 [Test worker] DEBUG org.springframework.beans.factory.support.DefaultListableBeanFactory - Creating shared instance of singleton bean 'org.springframework.boot.autoconfigure.jdbc.DataSourceTransactionManagerAutoConfiguration$TransactionManagementConfiguration'
16:56:54.286 [Test worker] DEBUG org.springframework.beans.factory.support.DefaultListableBeanFactory - Creating instance of bean 'org.springframework.boot.autoconfigure.jdbc.DataSourceTransactionManagerAutoConfiguration$TransactionManagementConfiguration'
16:56:54.286 [Test worker] DEBUG org.springframework.beans.factory.support.DefaultListableBeanFactory - Returning cached instance of singleton bean 'org.springframework.transaction.config.internalTransactionAdvisor'
16:56:54.286 [Test worker] DEBUG org.springframework.beans.factory.support.DefaultListableBeanFactory - Eagerly caching bean 'org.springframework.boot.autoconfigure.jdbc.DataSourceTransactionManagerAutoConfiguration$TransactionManagementConfiguration' to allow for resolving potential circular references
16:56:54.289 [Test worker] DEBUG org.springframework.beans.factory.support.DefaultListableBeanFactory - Returning cached instance of singleton bean 'org.springframework.transaction.config.internalTransactionAdvisor'
16:56:54.289 [Test worker] DEBUG org.springframework.beans.factory.support.DefaultListableBeanFactory - Returning cached instance of singleton bean 'org.springframework.transaction.config.internalTransactionAdvisor'
16:56:54.289 [Test worker] DEBUG org.springframework.beans.factory.support.DefaultListableBeanFactory - Finished creating instance of bean 'org.springframework.boot.autoconfigure.jdbc.DataSourceTransactionManagerAutoConfiguration$TransactionManagementConfiguration'
16:56:54.289 [Test worker] DEBUG org.springframework.beans.factory.support.DefaultListableBeanFactory - Creating shared instance of singleton bean 'org.springframework.boot.autoconfigure.jdbc.DataSourceTransactionManagerAutoConfiguration'
16:56:54.289 [Test worker] DEBUG org.springframework.beans.factory.support.DefaultListableBeanFactory - Creating instance of bean 'org.springframework.boot.autoconfigure.jdbc.DataSourceTransactionManagerAutoConfiguration'
16:56:54.289 [Test worker] DEBUG org.springframework.beans.factory.support.DefaultListableBeanFactory - Returning cached instance of singleton bean 'org.springframework.transaction.config.internalTransactionAdvisor'
16:56:54.290 [Test worker] DEBUG org.springframework.beans.factory.annotation.InjectionMetadata - Registered injected element on class [org.springframework.boot.autoconfigure.jdbc.DataSourceTransactionManagerAutoConfiguration$$EnhancerBySpringCGLIB$$7e6bfdca]: AutowiredFieldElement for private javax.sql.DataSource org.springframework.boot.autoconfigure.jdbc.DataSourceTransactionManagerAutoConfiguration.dataSource
16:56:54.290 [Test worker] DEBUG org.springframework.beans.factory.support.DefaultListableBeanFactory - Eagerly caching bean 'org.springframework.boot.autoconfigure.jdbc.DataSourceTransactionManagerAutoConfiguration' to allow for resolving potential circular references
16:56:54.291 [Test worker] DEBUG org.springframework.beans.factory.annotation.InjectionMetadata - Processing injected element of bean 'org.springframework.boot.autoconfigure.jdbc.DataSourceTransactionManagerAutoConfiguration': AutowiredFieldElement for private javax.sql.DataSource org.springframework.boot.autoconfigure.jdbc.DataSourceTransactionManagerAutoConfiguration.dataSource
16:56:54.291 [Test worker] DEBUG org.springframework.beans.factory.support.DefaultListableBeanFactory - Returning cached instance of singleton bean 'dataSource'
16:56:54.291 [Test worker] DEBUG org.springframework.beans.factory.annotation.AutowiredAnnotationBeanPostProcessor - Autowiring by type from bean name 'org.springframework.boot.autoconfigure.jdbc.DataSourceTransactionManagerAutoConfiguration' to bean named 'dataSource'
16:56:54.292 [Test worker] DEBUG org.springframework.beans.factory.support.DefaultListableBeanFactory - Returning cached instance of singleton bean 'org.springframework.transaction.config.internalTransactionAdvisor'
16:56:54.292 [Test worker] DEBUG org.springframework.beans.factory.support.DefaultListableBeanFactory - Returning cached instance of singleton bean 'org.springframework.transaction.config.internalTransactionAdvisor'
16:56:54.292 [Test worker] DEBUG org.springframework.beans.factory.support.DefaultListableBeanFactory - Finished creating instance of bean 'org.springframework.boot.autoconfigure.jdbc.DataSourceTransactionManagerAutoConfiguration'
16:56:54.292 [Test worker] DEBUG org.springframework.beans.factory.support.DefaultListableBeanFactory - Creating shared instance of singleton bean 'org.springframework.boot.autoconfigure.transaction.TransactionAutoConfiguration'
16:56:54.292 [Test worker] DEBUG org.springframework.beans.factory.support.DefaultListableBeanFactory - Creating instance of bean 'org.springframework.boot.autoconfigure.transaction.TransactionAutoConfiguration'
16:56:54.292 [Test worker] DEBUG org.springframework.beans.factory.support.DefaultListableBeanFactory - Returning cached instance of singleton bean 'org.springframework.transaction.config.internalTransactionAdvisor'
16:56:54.293 [Test worker] DEBUG org.springframework.beans.factory.annotation.InjectionMetadata - Registered injected element on class [org.springframework.boot.autoconfigure.transaction.TransactionAutoConfiguration$$EnhancerBySpringCGLIB$$2090883]: AutowiredFieldElement for private org.springframework.transaction.PlatformTransactionManager org.springframework.boot.autoconfigure.transaction.TransactionAutoConfiguration.transactionManager
16:56:54.293 [Test worker] DEBUG org.springframework.beans.factory.support.DefaultListableBeanFactory - Eagerly caching bean 'org.springframework.boot.autoconfigure.transaction.TransactionAutoConfiguration' to allow for resolving potential circular references
16:56:54.295 [Test worker] DEBUG org.springframework.beans.factory.annotation.InjectionMetadata - Processing injected element of bean 'org.springframework.boot.autoconfigure.transaction.TransactionAutoConfiguration': AutowiredFieldElement for private org.springframework.transaction.PlatformTransactionManager org.springframework.boot.autoconfigure.transaction.TransactionAutoConfiguration.transactionManager
16:56:54.295 [Test worker] DEBUG org.springframework.beans.factory.support.DefaultListableBeanFactory - Returning cached instance of singleton bean 'transactionManager'
16:56:54.295 [Test worker] DEBUG org.springframework.beans.factory.annotation.AutowiredAnnotationBeanPostProcessor - Autowiring by type from bean name 'org.springframework.boot.autoconfigure.transaction.TransactionAutoConfiguration' to bean named 'transactionManager'
16:56:54.295 [Test worker] DEBUG org.springframework.beans.factory.support.DefaultListableBeanFactory - Returning cached instance of singleton bean 'org.springframework.transaction.config.internalTransactionAdvisor'
16:56:54.295 [Test worker] DEBUG org.springframework.beans.factory.support.DefaultListableBeanFactory - Returning cached instance of singleton bean 'org.springframework.transaction.config.internalTransactionAdvisor'
16:56:54.296 [Test worker] DEBUG org.springframework.beans.factory.support.DefaultListableBeanFactory - Finished creating instance of bean 'org.springframework.boot.autoconfigure.transaction.TransactionAutoConfiguration'
16:56:54.296 [Test worker] DEBUG org.springframework.beans.factory.support.DefaultListableBeanFactory - Creating shared instance of singleton bean 'transactionTemplate'
16:56:54.296 [Test worker] DEBUG org.springframework.beans.factory.support.DefaultListableBeanFactory - Creating instance of bean 'transactionTemplate'
16:56:54.296 [Test worker] DEBUG org.springframework.beans.factory.support.DefaultListableBeanFactory - Returning cached instance of singleton bean 'org.springframework.transaction.config.internalTransactionAdvisor'
16:56:54.296 [Test worker] DEBUG org.springframework.beans.factory.support.DefaultListableBeanFactory - Returning cached instance of singleton bean 'org.springframework.boot.autoconfigure.transaction.TransactionAutoConfiguration'
16:56:54.298 [Test worker] DEBUG org.springframework.beans.factory.support.DefaultListableBeanFactory - Eagerly caching bean 'transactionTemplate' to allow for resolving potential circular references
16:56:54.300 [Test worker] DEBUG org.springframework.beans.factory.support.DefaultListableBeanFactory - Invoking afterPropertiesSet() on bean with name 'transactionTemplate'
16:56:54.300 [Test worker] DEBUG org.springframework.beans.factory.support.DefaultListableBeanFactory - Returning cached instance of singleton bean 'org.springframework.transaction.config.internalTransactionAdvisor'
16:56:54.300 [Test worker] DEBUG org.springframework.beans.factory.support.DefaultListableBeanFactory - Returning cached instance of singleton bean 'org.springframework.transaction.config.internalTransactionAdvisor'
16:56:54.300 [Test worker] DEBUG org.springframework.beans.factory.support.DefaultListableBeanFactory - Finished creating instance of bean 'transactionTemplate'
16:56:54.300 [Test worker] DEBUG org.springframework.beans.factory.support.DefaultListableBeanFactory - Creating shared instance of singleton bean 'org.springframework.boot.autoconfigure.web.HttpEncodingAutoConfiguration'
16:56:54.300 [Test worker] DEBUG org.springframework.beans.factory.support.DefaultListableBeanFactory - Creating instance of bean 'org.springframework.boot.autoconfigure.web.HttpEncodingAutoConfiguration'
16:56:54.300 [Test worker] DEBUG org.springframework.beans.factory.support.DefaultListableBeanFactory - Returning cached instance of singleton bean 'org.springframework.transaction.config.internalTransactionAdvisor'
16:56:54.300 [Test worker] DEBUG org.springframework.beans.factory.annotation.InjectionMetadata - Registered injected element on class [org.springframework.boot.autoconfigure.web.HttpEncodingAutoConfiguration$$EnhancerBySpringCGLIB$$44817424]: AutowiredFieldElement for private org.springframework.boot.autoconfigure.web.HttpEncodingProperties org.springframework.boot.autoconfigure.web.HttpEncodingAutoConfiguration.httpEncodingProperties
16:56:54.300 [Test worker] DEBUG org.springframework.beans.factory.support.DefaultListableBeanFactory - Eagerly caching bean 'org.springframework.boot.autoconfigure.web.HttpEncodingAutoConfiguration' to allow for resolving potential circular references
16:56:54.302 [Test worker] DEBUG org.springframework.beans.factory.annotation.InjectionMetadata - Processing injected element of bean 'org.springframework.boot.autoconfigure.web.HttpEncodingAutoConfiguration': AutowiredFieldElement for private org.springframework.boot.autoconfigure.web.HttpEncodingProperties org.springframework.boot.autoconfigure.web.HttpEncodingAutoConfiguration.httpEncodingProperties
16:56:54.302 [Test worker] DEBUG org.springframework.beans.factory.support.DefaultListableBeanFactory - Returning cached instance of singleton bean 'spring.http.encoding.CONFIGURATION_PROPERTIES'
16:56:54.303 [Test worker] DEBUG org.springframework.beans.factory.annotation.AutowiredAnnotationBeanPostProcessor - Autowiring by type from bean name 'org.springframework.boot.autoconfigure.web.HttpEncodingAutoConfiguration' to bean named 'spring.http.encoding.CONFIGURATION_PROPERTIES'
16:56:54.303 [Test worker] DEBUG org.springframework.beans.factory.support.DefaultListableBeanFactory - Returning cached instance of singleton bean 'org.springframework.transaction.config.internalTransactionAdvisor'
16:56:54.303 [Test worker] DEBUG org.springframework.beans.factory.support.DefaultListableBeanFactory - Returning cached instance of singleton bean 'org.springframework.transaction.config.internalTransactionAdvisor'
16:56:54.303 [Test worker] DEBUG org.springframework.beans.factory.support.DefaultListableBeanFactory - Finished creating instance of bean 'org.springframework.boot.autoconfigure.web.HttpEncodingAutoConfiguration'
16:56:54.303 [Test worker] DEBUG org.springframework.beans.factory.support.DefaultListableBeanFactory - Creating shared instance of singleton bean 'characterEncodingFilter'
16:56:54.303 [Test worker] DEBUG org.springframework.beans.factory.support.DefaultListableBeanFactory - Creating instance of bean 'characterEncodingFilter'
16:56:54.303 [Test worker] DEBUG org.springframework.beans.factory.support.DefaultListableBeanFactory - Returning cached instance of singleton bean 'org.springframework.transaction.config.internalTransactionAdvisor'
16:56:54.303 [Test worker] DEBUG org.springframework.beans.factory.support.DefaultListableBeanFactory - Returning cached instance of singleton bean 'org.springframework.boot.autoconfigure.web.HttpEncodingAutoConfiguration'
16:56:54.306 [Test worker] DEBUG org.springframework.web.context.support.StandardServletEnvironment - Adding [servletConfigInitParams] PropertySource with lowest search precedence
16:56:54.306 [Test worker] DEBUG org.springframework.web.context.support.StandardServletEnvironment - Adding [servletContextInitParams] PropertySource with lowest search precedence
16:56:54.306 [Test worker] DEBUG org.springframework.web.context.support.StandardServletEnvironment - Adding [systemProperties] PropertySource with lowest search precedence
16:56:54.306 [Test worker] DEBUG org.springframework.web.context.support.StandardServletEnvironment - Adding [systemEnvironment] PropertySource with lowest search precedence
16:56:54.306 [Test worker] DEBUG org.springframework.web.context.support.StandardServletEnvironment - Initialized StandardServletEnvironment with PropertySources [servletConfigInitParams,servletContextInitParams,systemProperties,systemEnvironment]
16:56:54.307 [Test worker] DEBUG org.springframework.beans.factory.support.DefaultListableBeanFactory - Eagerly caching bean 'characterEncodingFilter' to allow for resolving potential circular references
16:56:54.310 [Test worker] DEBUG org.springframework.beans.factory.support.DefaultListableBeanFactory - Invoking afterPropertiesSet() on bean with name 'characterEncodingFilter'
16:56:54.311 [Test worker] DEBUG org.springframework.beans.factory.support.DefaultListableBeanFactory - Returning cached instance of singleton bean 'org.springframework.transaction.config.internalTransactionAdvisor'
16:56:54.311 [Test worker] DEBUG org.springframework.beans.factory.support.DefaultListableBeanFactory - Returning cached instance of singleton bean 'org.springframework.transaction.config.internalTransactionAdvisor'
16:56:54.311 [Test worker] DEBUG org.springframework.beans.factory.support.DefaultListableBeanFactory - Finished creating instance of bean 'characterEncodingFilter'
16:56:54.311 [Test worker] DEBUG org.springframework.beans.factory.support.DefaultListableBeanFactory - Creating shared instance of singleton bean 'org.springframework.boot.autoconfigure.web.MultipartAutoConfiguration'
16:56:54.311 [Test worker] DEBUG org.springframework.beans.factory.support.DefaultListableBeanFactory - Creating instance of bean 'org.springframework.boot.autoconfigure.web.MultipartAutoConfiguration'
16:56:54.311 [Test worker] DEBUG org.springframework.beans.factory.support.DefaultListableBeanFactory - Returning cached instance of singleton bean 'org.springframework.transaction.config.internalTransactionAdvisor'
16:56:54.312 [Test worker] DEBUG org.springframework.beans.factory.annotation.InjectionMetadata - Registered injected element on class [org.springframework.boot.autoconfigure.web.MultipartAutoConfiguration$$EnhancerBySpringCGLIB$$2842c0bf]: AutowiredFieldElement for private org.springframework.boot.autoconfigure.web.MultipartProperties org.springframework.boot.autoconfigure.web.MultipartAutoConfiguration.multipartProperties
16:56:54.312 [Test worker] DEBUG org.springframework.beans.factory.support.DefaultListableBeanFactory - Eagerly caching bean 'org.springframework.boot.autoconfigure.web.MultipartAutoConfiguration' to allow for resolving potential circular references
16:56:54.314 [Test worker] DEBUG org.springframework.beans.factory.annotation.InjectionMetadata - Processing injected element of bean 'org.springframework.boot.autoconfigure.web.MultipartAutoConfiguration': AutowiredFieldElement for private org.springframework.boot.autoconfigure.web.MultipartProperties org.springframework.boot.autoconfigure.web.MultipartAutoConfiguration.multipartProperties
16:56:54.314 [Test worker] DEBUG org.springframework.beans.factory.support.DefaultListableBeanFactory - Creating shared instance of singleton bean 'multipart.CONFIGURATION_PROPERTIES'
16:56:54.314 [Test worker] DEBUG org.springframework.beans.factory.support.DefaultListableBeanFactory - Creating instance of bean 'multipart.CONFIGURATION_PROPERTIES'
16:56:54.314 [Test worker] DEBUG org.springframework.beans.factory.support.DefaultListableBeanFactory - Returning cached instance of singleton bean 'org.springframework.transaction.config.internalTransactionAdvisor'
16:56:54.315 [Test worker] DEBUG org.springframework.beans.factory.support.DefaultListableBeanFactory - Eagerly caching bean 'multipart.CONFIGURATION_PROPERTIES' to allow for resolving potential circular references
16:56:54.317 [Test worker] DEBUG org.springframework.core.env.MutablePropertySources - Adding [systemProperties] PropertySource with lowest search precedence
16:56:54.317 [Test worker] DEBUG org.springframework.core.env.MutablePropertySources - Adding [systemEnvironment] PropertySource with lowest search precedence
16:56:54.317 [Test worker] DEBUG org.springframework.core.env.MutablePropertySources - Adding [localProperties] PropertySource with lowest search precedence
16:56:54.319 [Test worker] DEBUG org.springframework.beans.factory.support.DefaultListableBeanFactory - Returning cached instance of singleton bean 'org.springframework.transaction.config.internalTransactionAdvisor'
16:56:54.319 [Test worker] DEBUG org.springframework.beans.factory.support.DefaultListableBeanFactory - Returning cached instance of singleton bean 'org.springframework.transaction.config.internalTransactionAdvisor'
16:56:54.319 [Test worker] DEBUG org.springframework.beans.factory.support.DefaultListableBeanFactory - Finished creating instance of bean 'multipart.CONFIGURATION_PROPERTIES'
16:56:54.319 [Test worker] DEBUG org.springframework.beans.factory.annotation.AutowiredAnnotationBeanPostProcessor - Autowiring by type from bean name 'org.springframework.boot.autoconfigure.web.MultipartAutoConfiguration' to bean named 'multipart.CONFIGURATION_PROPERTIES'
16:56:54.319 [Test worker] DEBUG org.springframework.beans.factory.support.DefaultListableBeanFactory - Returning cached instance of singleton bean 'org.springframework.transaction.config.internalTransactionAdvisor'
16:56:54.319 [Test worker] DEBUG org.springframework.beans.factory.support.DefaultListableBeanFactory - Returning cached instance of singleton bean 'org.springframework.transaction.config.internalTransactionAdvisor'
16:56:54.320 [Test worker] DEBUG org.springframework.beans.factory.support.DefaultListableBeanFactory - Finished creating instance of bean 'org.springframework.boot.autoconfigure.web.MultipartAutoConfiguration'
16:56:54.320 [Test worker] DEBUG org.springframework.beans.factory.support.DefaultListableBeanFactory - Creating shared instance of singleton bean 'multipartConfigElement'
16:56:54.320 [Test worker] DEBUG org.springframework.beans.factory.support.DefaultListableBeanFactory - Creating instance of bean 'multipartConfigElement'
16:56:54.320 [Test worker] DEBUG org.springframework.beans.factory.support.DefaultListableBeanFactory - Returning cached instance of singleton bean 'org.springframework.transaction.config.internalTransactionAdvisor'
16:56:54.320 [Test worker] DEBUG org.springframework.beans.factory.support.DefaultListableBeanFactory - Returning cached instance of singleton bean 'org.springframework.boot.autoconfigure.web.MultipartAutoConfiguration'
16:56:54.322 [Test worker] DEBUG org.springframework.beans.factory.support.DefaultListableBeanFactory - Eagerly caching bean 'multipartConfigElement' to allow for resolving potential circular references
16:56:54.323 [Test worker] DEBUG org.springframework.beans.factory.support.DefaultListableBeanFactory - Returning cached instance of singleton bean 'org.springframework.transaction.config.internalTransactionAdvisor'
16:56:54.323 [Test worker] DEBUG org.springframework.beans.factory.support.DefaultListableBeanFactory - Returning cached instance of singleton bean 'org.springframework.transaction.config.internalTransactionAdvisor'
16:56:54.323 [Test worker] DEBUG org.springframework.beans.factory.support.DefaultListableBeanFactory - Finished creating instance of bean 'multipartConfigElement'
16:56:54.324 [Test worker] DEBUG org.springframework.beans.factory.support.DefaultListableBeanFactory - Creating shared instance of singleton bean 'multipartResolver'
16:56:54.324 [Test worker] DEBUG org.springframework.beans.factory.support.DefaultListableBeanFactory - Creating instance of bean 'multipartResolver'
16:56:54.324 [Test worker] DEBUG org.springframework.beans.factory.support.DefaultListableBeanFactory - Returning cached instance of singleton bean 'org.springframework.transaction.config.internalTransactionAdvisor'
16:56:54.324 [Test worker] DEBUG org.springframework.beans.factory.support.DefaultListableBeanFactory - Returning cached instance of singleton bean 'org.springframework.boot.autoconfigure.web.MultipartAutoConfiguration'
16:56:54.325 [Test worker] DEBUG org.springframework.beans.factory.support.DefaultListableBeanFactory - Eagerly caching bean 'multipartResolver' to allow for resolving potential circular references
16:56:54.325 [Test worker] DEBUG org.springframework.beans.factory.support.DefaultListableBeanFactory - Returning cached instance of singleton bean 'org.springframework.transaction.config.internalTransactionAdvisor'
16:56:54.325 [Test worker] DEBUG org.springframework.beans.factory.support.DefaultListableBeanFactory - Returning cached instance of singleton bean 'org.springframework.transaction.config.internalTransactionAdvisor'
16:56:54.326 [Test worker] DEBUG org.springframework.beans.factory.support.DefaultListableBeanFactory - Finished creating instance of bean 'multipartResolver'
16:56:54.326 [Test worker] DEBUG org.springframework.beans.factory.support.DefaultListableBeanFactory - Returning cached instance of singleton bean 'multipart.CONFIGURATION_PROPERTIES'
16:56:54.326 [Test worker] DEBUG org.springframework.beans.factory.support.DefaultListableBeanFactory - Returning cached instance of singleton bean 'org.springframework.orm.jpa.SharedEntityManagerCreator#0'
16:56:54.326 [Test worker] DEBUG org.springframework.beans.factory.support.DefaultListableBeanFactory - Returning cached instance of singleton bean 'org.springframework.context.event.internalEventListenerFactory'
16:56:54.326 [Test worker] DEBUG org.springframework.beans.factory.support.DefaultListableBeanFactory - Returning cached instance of singleton bean 'org.springframework.transaction.config.internalTransactionalEventListenerFactory'
16:56:54.353 [Test worker] INFO org.springframework.jmx.export.annotation.AnnotationMBeanExporter - Registering beans for JMX exposure on startup
16:56:54.353 [Test worker] DEBUG org.springframework.jmx.export.annotation.AnnotationMBeanExporter - Autodetecting user-defined JMX MBeans
16:56:54.357 [Test worker] DEBUG org.springframework.context.support.GenericApplicationContext - Unable to locate LifecycleProcessor with name 'lifecycleProcessor': using default [org.springframework.context.support.DefaultLifecycleProcessor@5d46396d]
16:56:54.357 [Test worker] DEBUG org.springframework.beans.factory.support.DefaultListableBeanFactory - Returning cached instance of singleton bean 'lifecycleProcessor'
16:56:54.357 [Test worker] DEBUG org.springframework.beans.factory.support.DefaultListableBeanFactory - Returning cached instance of singleton bean 'org.springframework.boot.context.properties.ConfigurationPropertiesBindingPostProcessor'
16:56:54.358 [Test worker] DEBUG org.springframework.core.env.PropertySourcesPropertyResolver - Searching for key 'spring.liveBeansView.mbeanDomain' in [systemProperties]
16:56:54.358 [Test worker] DEBUG org.springframework.core.env.PropertySourcesPropertyResolver - Searching for key 'spring.liveBeansView.mbeanDomain' in [systemEnvironment]
16:56:54.358 [Test worker] DEBUG org.springframework.core.env.PropertySourcesPropertyResolver - Could not find key 'spring.liveBeansView.mbeanDomain' in any property source. Returning [null]
16:56:54.359 [Test worker] DEBUG org.springframework.test.context.cache.DefaultCacheAwareContextLoaderDelegate - Storing ApplicationContext in cache under key [[MergedContextConfiguration@2b681049 testClass = CallLogRepositoryTest, locations = '{}', classes = '{class com.mycompany.config.SpringTestCfg}', contextInitializerClasses = '[]', activeProfiles = '{test}', propertySourceLocations = '{}', propertySourceProperties = '{}', contextLoader = 'org.springframework.test.context.support.DelegatingSmartContextLoader', parent = [null]]]
16:56:54.360 [Test worker] DEBUG org.springframework.test.context.cache - Spring test ApplicationContext cache statistics: [DefaultContextCache@5ba9e383 size = 1, parentContextCount = 0, hitCount = 0, missCount = 1]
16:56:54.361 [Test worker] DEBUG org.springframework.beans.factory.annotation.InjectionMetadata - Processing injected element of bean 'com.mycompany.dbRepository.CallLogRepositoryTest': AutowiredFieldElement for com.mycompany.dbRepository.CallLogRepository com.mycompany.dbRepository.CallLogRepositoryTest.callLogRepository
16:56:54.361 [Test worker] DEBUG org.springframework.beans.factory.support.DefaultListableBeanFactory - Returning cached instance of singleton bean 'callLogRepository'
16:56:54.361 [Test worker] DEBUG org.springframework.beans.factory.annotation.AutowiredAnnotationBeanPostProcessor - Autowiring by type from bean name 'com.mycompany.dbRepository.CallLogRepositoryTest' to bean named 'callLogRepository'
16:56:54.361 [Test worker] DEBUG org.springframework.beans.factory.annotation.InjectionMetadata - Processing injected element of bean 'com.mycompany.dbRepository.CallLogRepositoryTest': AutowiredFieldElement for private com.mycompany.dbRepository.PersonRepository com.mycompany.dbRepository.CallLogRepositoryTest.personRepository
16:56:54.362 [Test worker] DEBUG org.springframework.beans.factory.support.DefaultListableBeanFactory - Returning cached instance of singleton bean 'personRepository'
16:56:54.362 [Test worker] DEBUG org.springframework.beans.factory.annotation.AutowiredAnnotationBeanPostProcessor - Autowiring by type from bean name 'com.mycompany.dbRepository.CallLogRepositoryTest' to bean named 'personRepository'
16:56:54.362 [Test worker] DEBUG org.springframework.beans.factory.support.DefaultListableBeanFactory - Returning cached instance of singleton bean 'org.springframework.transaction.config.internalTransactionAdvisor'
16:56:54.362 [Test worker] DEBUG org.springframework.beans.factory.support.DefaultListableBeanFactory - Returning cached instance of singleton bean 'org.springframework.transaction.config.internalTransactionAdvisor'
16:56:54.365 [Test worker] DEBUG org.springframework.test.context.support.AbstractDirtiesContextTestExecutionListener - Before test method: context [DefaultTestContext@836955f testClass = CallLogRepositoryTest, testInstance = com.mycompany.dbRepository.CallLogRepositoryTest@22ba193d, testMethod = testSummaryCallLogs@CallLogRepositoryTest, testException = [null], mergedContextConfiguration = [MergedContextConfiguration@2b681049 testClass = CallLogRepositoryTest, locations = '{}', classes = '{class com.mycompany.config.SpringTestCfg}', contextInitializerClasses = '[]', activeProfiles = '{test}', propertySourceLocations = '{}', propertySourceProperties = '{}', contextLoader = 'org.springframework.test.context.support.DelegatingSmartContextLoader', parent = [null]]], class annotated with @DirtiesContext [false] with mode [null], method annotated with @DirtiesContext [false] with mode [null].
16:56:54.368 [Test worker] DEBUG org.springframework.test.context.jdbc.SqlScriptsTestExecutionListener - Processing [MergedSqlConfig@6fac330f dataSource = '', transactionManager = '', transactionMode = INFERRED, encoding = '', separator = '@@', commentPrefix = '`', blockCommentStartDelimiter = '/*', blockCommentEndDelimiter = '*/', errorMode = FAIL_ON_ERROR] for execution phase [BEFORE_TEST_METHOD] and test context [DefaultTestContext@836955f testClass = CallLogRepositoryTest, testInstance = com.mycompany.dbRepository.CallLogRepositoryTest@22ba193d, testMethod = testSummaryCallLogs@CallLogRepositoryTest, testException = [null], mergedContextConfiguration = [MergedContextConfiguration@2b681049 testClass = CallLogRepositoryTest, locations = '{}', classes = '{class com.mycompany.config.SpringTestCfg}', contextInitializerClasses = '[]', activeProfiles = '{test}', propertySourceLocations = '{}', propertySourceProperties = '{}', contextLoader = 'org.springframework.test.context.support.DelegatingSmartContextLoader', parent = [null]]].
16:56:54.369 [Test worker] DEBUG org.springframework.test.context.cache.DefaultCacheAwareContextLoaderDelegate - Retrieved ApplicationContext from cache with key [[MergedContextConfiguration@2b681049 testClass = CallLogRepositoryTest, locations = '{}', classes = '{class com.mycompany.config.SpringTestCfg}', contextInitializerClasses = '[]', activeProfiles = '{test}', propertySourceLocations = '{}', propertySourceProperties = '{}', contextLoader = 'org.springframework.test.context.support.DelegatingSmartContextLoader', parent = [null]]]
16:56:54.369 [Test worker] DEBUG org.springframework.test.context.cache - Spring test ApplicationContext cache statistics: [DefaultContextCache@5ba9e383 size = 1, parentContextCount = 0, hitCount = 1, missCount = 1]
16:56:54.369 [Test worker] DEBUG org.springframework.test.context.jdbc.SqlScriptsTestExecutionListener - Executing SQL scripts: [class path resource [sqls/CallLogRepository_callsBwDates2.sql]]
16:56:54.370 [Test worker] DEBUG org.springframework.test.context.cache.DefaultCacheAwareContextLoaderDelegate - Retrieved ApplicationContext from cache with key [[MergedContextConfiguration@2b681049 testClass = CallLogRepositoryTest, locations = '{}', classes = '{class com.mycompany.config.SpringTestCfg}', contextInitializerClasses = '[]', activeProfiles = '{test}', propertySourceLocations = '{}', propertySourceProperties = '{}', contextLoader = 'org.springframework.test.context.support.DelegatingSmartContextLoader', parent = [null]]]
16:56:54.370 [Test worker] DEBUG org.springframework.test.context.cache - Spring test ApplicationContext cache statistics: [DefaultContextCache@5ba9e383 size = 1, parentContextCount = 0, hitCount = 2, missCount = 1]
16:56:54.370 [Test worker] DEBUG org.springframework.beans.factory.support.DefaultListableBeanFactory - Returning cached instance of singleton bean 'dataSource'
16:56:54.371 [Test worker] DEBUG org.springframework.test.context.cache.DefaultCacheAwareContextLoaderDelegate - Retrieved ApplicationContext from cache with key [[MergedContextConfiguration@2b681049 testClass = CallLogRepositoryTest, locations = '{}', classes = '{class com.mycompany.config.SpringTestCfg}', contextInitializerClasses = '[]', activeProfiles = '{test}', propertySourceLocations = '{}', propertySourceProperties = '{}', contextLoader = 'org.springframework.test.context.support.DelegatingSmartContextLoader', parent = [null]]]
16:56:54.371 [Test worker] DEBUG org.springframework.test.context.cache - Spring test ApplicationContext cache statistics: [DefaultContextCache@5ba9e383 size = 1, parentContextCount = 0, hitCount = 3, missCount = 1]
16:56:54.371 [Test worker] DEBUG org.springframework.beans.factory.support.DefaultListableBeanFactory - Returning cached instance of singleton bean 'transactionManager'
16:56:54.373 [Test worker] DEBUG org.springframework.orm.hibernate4.HibernateTransactionManager - Creating new transaction with name [com.mycompany.dbRepository.CallLogRepositoryTest.testSummaryCallLogs]: PROPAGATION_REQUIRED,ISOLATION_DEFAULT
16:56:54.373 [Test worker] DEBUG org.springframework.orm.hibernate4.HibernateTransactionManager - Opened new Session [SessionImpl(PersistenceContext[entityKeys=[],collectionKeys=[]];ActionQueue[insertions=org.hibernate.engine.spi.ExecutableList@bb4fa48 updates=org.hibernate.engine.spi.ExecutableList@747ab09d deletions=org.hibernate.engine.spi.ExecutableList@1b081861 orphanRemovals=org.hibernate.engine.spi.ExecutableList@2399f35e collectionCreations=org.hibernate.engine.spi.ExecutableList@f532bdf collectionRemovals=org.hibernate.engine.spi.ExecutableList@2e8c9cf0 collectionUpdates=org.hibernate.engine.spi.ExecutableList@759c5250 collectionQueuedOps=org.hibernate.engine.spi.ExecutableList@19735cbe unresolvedInsertDependencies=UnresolvedEntityInsertActions[]])] for Hibernate transaction
16:56:54.374 [Test worker] DEBUG org.springframework.orm.hibernate4.HibernateTransactionManager - Preparing JDBC Connection of Hibernate Session [SessionImpl(PersistenceContext[entityKeys=[],collectionKeys=[]];ActionQueue[insertions=org.hibernate.engine.spi.ExecutableList@bb4fa48 updates=org.hibernate.engine.spi.ExecutableList@747ab09d deletions=org.hibernate.engine.spi.ExecutableList@1b081861 orphanRemovals=org.hibernate.engine.spi.ExecutableList@2399f35e collectionCreations=org.hibernate.engine.spi.ExecutableList@f532bdf collectionRemovals=org.hibernate.engine.spi.ExecutableList@2e8c9cf0 collectionUpdates=org.hibernate.engine.spi.ExecutableList@759c5250 collectionQueuedOps=org.hibernate.engine.spi.ExecutableList@19735cbe unresolvedInsertDependencies=UnresolvedEntityInsertActions[]])]
16:56:54.374 [Test worker] DEBUG org.hibernate.engine.jdbc.internal.LogicalConnectionImpl - Obtaining JDBC connection
16:56:54.374 [Test worker] DEBUG com.mchange.v2.resourcepool.BasicResourcePool - trace com.mchange.v2.resourcepool.BasicResourcePool@14f30e94 [managed: 3, unused: 2, excluded: 0] (e.g. com.mchange.v2.c3p0.impl.NewPooledConnection@7fe529bb)
16:56:54.375 [Test worker] DEBUG org.hibernate.engine.jdbc.internal.LogicalConnectionImpl - Obtained JDBC connection
16:56:54.375 [Test worker] DEBUG org.hibernate.engine.transaction.spi.AbstractTransactionImpl - begin
16:56:54.375 [Test worker] DEBUG org.hibernate.engine.transaction.internal.jdbc.JdbcTransaction - initial autocommit status: true
16:56:54.375 [Test worker] DEBUG org.hibernate.engine.transaction.internal.jdbc.JdbcTransaction - disabling autocommit
16:56:54.376 [Test worker] DEBUG org.springframework.orm.hibernate4.HibernateTransactionManager - Exposing Hibernate transaction as JDBC transaction [com.mchange.v2.c3p0.impl.NewProxyConnection@3b3cc5bc]
16:56:54.378 [Test worker] INFO org.springframework.jdbc.datasource.init.ScriptUtils - Executing SQL script from class path resource [sqls/CallLogRepository_callsBwDates2.sql]
16:56:54.383 [Test worker] DEBUG org.springframework.jdbc.datasource.init.ScriptUtils - 1 returned as update count for SQL: INSERT INTO person( id, name, phone_no, address) VALUES (12, 'CS', '95382', 'KK Pudur'); 
16:56:54.385 [Test worker] DEBUG org.springframework.jdbc.datasource.init.ScriptUtils - 1 returned as update count for SQL: INSERT INTO call_log( call_log_id, id, party_phone_no, call_type, start_time, end_time, location) VALUES (109,12,'15','IN','2016-06-03 00:00:00','2016-06-03 00:10:00', 'BANGALORE'); 
16:56:54.385 [Test worker] DEBUG org.springframework.jdbc.datasource.init.ScriptUtils - 1 returned as update count for SQL: INSERT INTO call_log( call_log_id, id, party_phone_no, call_type, start_time, end_time, location) VALUES (113,12,'15','IN','2016-06-03 00:20:00','2016-06-03 01:00:00', 'BANGALORE'); 
16:56:54.385 [Test worker] DEBUG org.springframework.jdbc.datasource.init.ScriptUtils - 1 returned as update count for SQL: INSERT INTO call_log( call_log_id, id, party_phone_no, call_type, start_time, end_time, location) VALUES (114,12,'15','OUT','2016-06-04 01:20:00','2016-06-04 01:30:00', 'HYDERABAD'); 
16:56:54.385 [Test worker] DEBUG org.springframework.jdbc.datasource.init.ScriptUtils - 1 returned as update count for SQL: INSERT INTO call_log( call_log_id, id, party_phone_no, call_type, start_time, end_time, location) VALUES (110,12,'16','IN','2016-06-03 12:00:00','2016-06-03 00:10:00', 'HYDERABAD'); 
16:56:54.386 [Test worker] DEBUG org.springframework.jdbc.datasource.init.ScriptUtils - 1 returned as update count for SQL: INSERT INTO call_log( call_log_id, id, party_phone_no, call_type, start_time, end_time, location) VALUES (111,12,'17','OUT','2016-06-04 01:20:00.231','2016-06-04 01:30:00', 'BANGALORE'); 
16:56:54.386 [Test worker] DEBUG org.springframework.jdbc.datasource.init.ScriptUtils - 1 returned as update count for SQL: INSERT INTO call_log( call_log_id, id, party_phone_no, call_type, start_time, end_time, location) VALUES (112,12,'18','IN','2016-06-04 01:00:00','2016-06-04 02:01:00', 'PUNE'); 
16:56:54.386 [Test worker] INFO org.springframework.jdbc.datasource.init.ScriptUtils - Executed SQL script from class path resource [sqls/CallLogRepository_callsBwDates2.sql] in 8 ms.
16:56:54.386 [Test worker] DEBUG org.springframework.orm.hibernate4.HibernateTransactionManager - Initiating transaction commit
16:56:54.386 [Test worker] DEBUG org.springframework.orm.hibernate4.HibernateTransactionManager - Committing Hibernate transaction on Session [SessionImpl(PersistenceContext[entityKeys=[],collectionKeys=[]];ActionQueue[insertions=org.hibernate.engine.spi.ExecutableList@bb4fa48 updates=org.hibernate.engine.spi.ExecutableList@747ab09d deletions=org.hibernate.engine.spi.ExecutableList@1b081861 orphanRemovals=org.hibernate.engine.spi.ExecutableList@2399f35e collectionCreations=org.hibernate.engine.spi.ExecutableList@f532bdf collectionRemovals=org.hibernate.engine.spi.ExecutableList@2e8c9cf0 collectionUpdates=org.hibernate.engine.spi.ExecutableList@759c5250 collectionQueuedOps=org.hibernate.engine.spi.ExecutableList@19735cbe unresolvedInsertDependencies=UnresolvedEntityInsertActions[]])]
16:56:54.386 [Test worker] DEBUG org.hibernate.engine.transaction.spi.AbstractTransactionImpl - committing
16:56:54.387 [Test worker] DEBUG org.hibernate.engine.transaction.internal.jdbc.JdbcTransaction - committed JDBC Connection
16:56:54.387 [Test worker] DEBUG org.hibernate.engine.transaction.internal.jdbc.JdbcTransaction - re-enabling autocommit
16:56:54.388 [Test worker] DEBUG org.springframework.orm.hibernate4.HibernateTransactionManager - Closing Hibernate Session [SessionImpl(PersistenceContext[entityKeys=[],collectionKeys=[]];ActionQueue[insertions=org.hibernate.engine.spi.ExecutableList@bb4fa48 updates=org.hibernate.engine.spi.ExecutableList@747ab09d deletions=org.hibernate.engine.spi.ExecutableList@1b081861 orphanRemovals=org.hibernate.engine.spi.ExecutableList@2399f35e collectionCreations=org.hibernate.engine.spi.ExecutableList@f532bdf collectionRemovals=org.hibernate.engine.spi.ExecutableList@2e8c9cf0 collectionUpdates=org.hibernate.engine.spi.ExecutableList@759c5250 collectionQueuedOps=org.hibernate.engine.spi.ExecutableList@19735cbe unresolvedInsertDependencies=UnresolvedEntityInsertActions[]])] after transaction
16:56:54.388 [Test worker] DEBUG org.hibernate.engine.jdbc.internal.LogicalConnectionImpl - Releasing JDBC connection
16:56:54.388 [Test worker] DEBUG com.mchange.v2.resourcepool.BasicResourcePool - trace com.mchange.v2.resourcepool.BasicResourcePool@14f30e94 [managed: 3, unused: 2, excluded: 0] (e.g. com.mchange.v2.c3p0.impl.NewPooledConnection@7fe529bb)
16:56:54.388 [Test worker] DEBUG org.hibernate.engine.jdbc.internal.LogicalConnectionImpl - Released JDBC connection
16:56:54.388 [Test worker] INFO com.mycompany.config.SpringCfg - stat timeFri Jun 03 00:00:00 IST 2016end timeSat Jun 04 02:00:00 IST 2016
16:56:54.392 [Test worker] DEBUG org.springframework.orm.jpa.SharedEntityManagerCreator$SharedEntityManagerInvocationHandler - Creating new EntityManager for shared EntityManager invocation
16:56:54.414 [Test worker] DEBUG org.hibernate.SQL - select distinct p.phone_no as firstPartyPhoneNo,p.name as name,c.party_phone_no as secondPartyPhoneNo,CAST(c.start_time as DATE) as dateOfCall, count(c.id) as count from call_log c,person p where c.id = p.id and p.phone_no = ? and c.party_phone_no = ? and c.start_time >= ? and c.end_time <= ? group by p.phone_no,p.name,c.party_phone_no,CAST(c.start_time as DATE)
16:56:54.415 [Test worker] DEBUG org.hibernate.engine.jdbc.internal.LogicalConnectionImpl - Obtaining JDBC connection
16:56:54.415 [Test worker] DEBUG com.mchange.v2.resourcepool.BasicResourcePool - trace com.mchange.v2.resourcepool.BasicResourcePool@14f30e94 [managed: 3, unused: 2, excluded: 0] (e.g. com.mchange.v2.c3p0.impl.NewPooledConnection@7fe529bb)
16:56:54.415 [Test worker] DEBUG org.hibernate.engine.jdbc.internal.LogicalConnectionImpl - Obtained JDBC connection
16:56:54.419 [Test worker] DEBUG org.hibernate.loader.Loader - bindNamedParameters() java.util.GregorianCalendar[time=1464892200000,areFieldsSet=true,areAllFieldsSet=false,lenient=true,zone=sun.util.calendar.ZoneInfo[id="Asia/Calcutta",offset=19800000,dstSavings=0,useDaylight=false,transitions=6,lastRule=null],firstDayOfWeek=1,minimalDaysInFirstWeek=1,ERA=1,YEAR=2016,MONTH=5,WEEK_OF_YEAR=23,WEEK_OF_MONTH=1,DAY_OF_MONTH=3,DAY_OF_YEAR=155,DAY_OF_WEEK=6,DAY_OF_WEEK_IN_MONTH=1,AM_PM=0,HOUR=0,HOUR_OF_DAY=0,MINUTE=0,SECOND=0,MILLISECOND=0,ZONE_OFFSET=19800000,DST_OFFSET=0] -> startTime [3]
16:56:54.420 [Test worker] DEBUG org.hibernate.loader.Loader - bindNamedParameters() 15 -> secondPartyPhoneNo [2]
16:56:54.420 [Test worker] DEBUG org.hibernate.loader.Loader - bindNamedParameters() java.util.GregorianCalendar[time=1464985800388,areFieldsSet=true,areAllFieldsSet=false,lenient=true,zone=sun.util.calendar.ZoneInfo[id="Asia/Calcutta",offset=19800000,dstSavings=0,useDaylight=false,transitions=6,lastRule=null],firstDayOfWeek=1,minimalDaysInFirstWeek=1,ERA=1,YEAR=2016,MONTH=5,WEEK_OF_YEAR=23,WEEK_OF_MONTH=1,DAY_OF_MONTH=4,DAY_OF_YEAR=156,DAY_OF_WEEK=7,DAY_OF_WEEK_IN_MONTH=1,AM_PM=0,HOUR=2,HOUR_OF_DAY=2,MINUTE=0,SECOND=0,MILLISECOND=388,ZONE_OFFSET=19800000,DST_OFFSET=0] -> endTime [4]
16:56:54.420 [Test worker] DEBUG org.hibernate.loader.Loader - bindNamedParameters() 95382 -> phoneNo [1]
16:56:54.426 [Test worker] DEBUG org.hibernate.loader.Loader - Result set row: 0
16:56:54.426 [Test worker] DEBUG org.hibernate.loader.Loader - Result row: 
16:56:54.428 [Test worker] DEBUG org.hibernate.loader.Loader - Result set row: 1
16:56:54.428 [Test worker] DEBUG org.hibernate.loader.Loader - Result row: 
16:56:54.430 [Test worker] DEBUG org.springframework.orm.jpa.EntityManagerFactoryUtils - Closing JPA EntityManager
16:56:54.431 [Test worker] DEBUG org.hibernate.engine.jdbc.internal.LogicalConnectionImpl - Releasing JDBC connection
16:56:54.431 [Test worker] DEBUG com.mchange.v2.resourcepool.BasicResourcePool - trace com.mchange.v2.resourcepool.BasicResourcePool@14f30e94 [managed: 3, unused: 2, excluded: 0] (e.g. com.mchange.v2.c3p0.impl.NewPooledConnection@7fe529bb)
16:56:54.431 [Test worker] DEBUG org.hibernate.engine.jdbc.internal.LogicalConnectionImpl - Released JDBC connection
values [CallSummaryVO [firstPartyPhoneNo=95382, name=CS, secondPartyPhoneNo=15,  count=1], CallSummaryVO [firstPartyPhoneNo=95382, name=CS, secondPartyPhoneNo=15,  count=2]]
16:56:54.444 [Test worker] DEBUG org.springframework.test.context.jdbc.SqlScriptsTestExecutionListener - Processing [MergedSqlConfig@697cbed8 dataSource = '', transactionManager = '', transactionMode = ISOLATED, encoding = '', separator = '@@', commentPrefix = '`', blockCommentStartDelimiter = '/*', blockCommentEndDelimiter = '*/', errorMode = FAIL_ON_ERROR] for execution phase [AFTER_TEST_METHOD] and test context [DefaultTestContext@836955f testClass = CallLogRepositoryTest, testInstance = com.mycompany.dbRepository.CallLogRepositoryTest@22ba193d, testMethod = testSummaryCallLogs@CallLogRepositoryTest, testException = [null], mergedContextConfiguration = [MergedContextConfiguration@2b681049 testClass = CallLogRepositoryTest, locations = '{}', classes = '{class com.mycompany.config.SpringTestCfg}', contextInitializerClasses = '[]', activeProfiles = '{test}', propertySourceLocations = '{}', propertySourceProperties = '{}', contextLoader = 'org.springframework.test.context.support.DelegatingSmartContextLoader', parent = [null]]].
16:56:54.445 [Test worker] DEBUG org.springframework.test.context.cache.DefaultCacheAwareContextLoaderDelegate - Retrieved ApplicationContext from cache with key [[MergedContextConfiguration@2b681049 testClass = CallLogRepositoryTest, locations = '{}', classes = '{class com.mycompany.config.SpringTestCfg}', contextInitializerClasses = '[]', activeProfiles = '{test}', propertySourceLocations = '{}', propertySourceProperties = '{}', contextLoader = 'org.springframework.test.context.support.DelegatingSmartContextLoader', parent = [null]]]
16:56:54.445 [Test worker] DEBUG org.springframework.test.context.cache - Spring test ApplicationContext cache statistics: [DefaultContextCache@5ba9e383 size = 1, parentContextCount = 0, hitCount = 4, missCount = 1]
16:56:54.445 [Test worker] DEBUG org.springframework.test.context.jdbc.SqlScriptsTestExecutionListener - Executing SQL scripts: [class path resource [sqls/CallLogRepository_callsBwDates_del.sql]]
16:56:54.445 [Test worker] DEBUG org.springframework.test.context.cache.DefaultCacheAwareContextLoaderDelegate - Retrieved ApplicationContext from cache with key [[MergedContextConfiguration@2b681049 testClass = CallLogRepositoryTest, locations = '{}', classes = '{class com.mycompany.config.SpringTestCfg}', contextInitializerClasses = '[]', activeProfiles = '{test}', propertySourceLocations = '{}', propertySourceProperties = '{}', contextLoader = 'org.springframework.test.context.support.DelegatingSmartContextLoader', parent = [null]]]
16:56:54.445 [Test worker] DEBUG org.springframework.test.context.cache - Spring test ApplicationContext cache statistics: [DefaultContextCache@5ba9e383 size = 1, parentContextCount = 0, hitCount = 5, missCount = 1]
16:56:54.445 [Test worker] DEBUG org.springframework.beans.factory.support.DefaultListableBeanFactory - Returning cached instance of singleton bean 'dataSource'
16:56:54.445 [Test worker] DEBUG org.springframework.test.context.cache.DefaultCacheAwareContextLoaderDelegate - Retrieved ApplicationContext from cache with key [[MergedContextConfiguration@2b681049 testClass = CallLogRepositoryTest, locations = '{}', classes = '{class com.mycompany.config.SpringTestCfg}', contextInitializerClasses = '[]', activeProfiles = '{test}', propertySourceLocations = '{}', propertySourceProperties = '{}', contextLoader = 'org.springframework.test.context.support.DelegatingSmartContextLoader', parent = [null]]]
16:56:54.445 [Test worker] DEBUG org.springframework.test.context.cache - Spring test ApplicationContext cache statistics: [DefaultContextCache@5ba9e383 size = 1, parentContextCount = 0, hitCount = 6, missCount = 1]
16:56:54.445 [Test worker] DEBUG org.springframework.beans.factory.support.DefaultListableBeanFactory - Returning cached instance of singleton bean 'transactionManager'
16:56:54.445 [Test worker] DEBUG org.springframework.orm.hibernate4.HibernateTransactionManager - Creating new transaction with name [com.mycompany.dbRepository.CallLogRepositoryTest.testSummaryCallLogs]: PROPAGATION_REQUIRES_NEW,ISOLATION_DEFAULT
16:56:54.446 [Test worker] DEBUG org.springframework.orm.hibernate4.HibernateTransactionManager - Opened new Session [SessionImpl(PersistenceContext[entityKeys=[],collectionKeys=[]];ActionQueue[insertions=org.hibernate.engine.spi.ExecutableList@7ed28ddc updates=org.hibernate.engine.spi.ExecutableList@5afcbb97 deletions=org.hibernate.engine.spi.ExecutableList@25604181 orphanRemovals=org.hibernate.engine.spi.ExecutableList@2966a18b collectionCreations=org.hibernate.engine.spi.ExecutableList@43b07516 collectionRemovals=org.hibernate.engine.spi.ExecutableList@7c2f5ef4 collectionUpdates=org.hibernate.engine.spi.ExecutableList@5be464b9 collectionQueuedOps=org.hibernate.engine.spi.ExecutableList@4792fcb7 unresolvedInsertDependencies=UnresolvedEntityInsertActions[]])] for Hibernate transaction
16:56:54.446 [Test worker] DEBUG org.springframework.orm.hibernate4.HibernateTransactionManager - Preparing JDBC Connection of Hibernate Session [SessionImpl(PersistenceContext[entityKeys=[],collectionKeys=[]];ActionQueue[insertions=org.hibernate.engine.spi.ExecutableList@7ed28ddc updates=org.hibernate.engine.spi.ExecutableList@5afcbb97 deletions=org.hibernate.engine.spi.ExecutableList@25604181 orphanRemovals=org.hibernate.engine.spi.ExecutableList@2966a18b collectionCreations=org.hibernate.engine.spi.ExecutableList@43b07516 collectionRemovals=org.hibernate.engine.spi.ExecutableList@7c2f5ef4 collectionUpdates=org.hibernate.engine.spi.ExecutableList@5be464b9 collectionQueuedOps=org.hibernate.engine.spi.ExecutableList@4792fcb7 unresolvedInsertDependencies=UnresolvedEntityInsertActions[]])]
16:56:54.446 [Test worker] DEBUG org.hibernate.engine.jdbc.internal.LogicalConnectionImpl - Obtaining JDBC connection
16:56:54.446 [Test worker] DEBUG com.mchange.v2.resourcepool.BasicResourcePool - trace com.mchange.v2.resourcepool.BasicResourcePool@14f30e94 [managed: 3, unused: 2, excluded: 0] (e.g. com.mchange.v2.c3p0.impl.NewPooledConnection@7fe529bb)
16:56:54.446 [Test worker] DEBUG org.hibernate.engine.jdbc.internal.LogicalConnectionImpl - Obtained JDBC connection
16:56:54.446 [Test worker] DEBUG org.hibernate.engine.transaction.spi.AbstractTransactionImpl - begin
16:56:54.446 [Test worker] DEBUG org.hibernate.engine.transaction.internal.jdbc.JdbcTransaction - initial autocommit status: true
16:56:54.446 [Test worker] DEBUG org.hibernate.engine.transaction.internal.jdbc.JdbcTransaction - disabling autocommit
16:56:54.446 [Test worker] DEBUG org.springframework.orm.hibernate4.HibernateTransactionManager - Exposing Hibernate transaction as JDBC transaction [com.mchange.v2.c3p0.impl.NewProxyConnection@1141f75]
16:56:54.446 [Test worker] INFO org.springframework.jdbc.datasource.init.ScriptUtils - Executing SQL script from class path resource [sqls/CallLogRepository_callsBwDates_del.sql]
16:56:54.450 [Test worker] DEBUG org.springframework.jdbc.datasource.init.ScriptUtils - 6 returned as update count for SQL: delete from call_log 
16:56:54.450 [Test worker] DEBUG org.springframework.jdbc.datasource.init.ScriptUtils - 1 returned as update count for SQL: delete from person 
16:56:54.450 [Test worker] INFO org.springframework.jdbc.datasource.init.ScriptUtils - Executed SQL script from class path resource [sqls/CallLogRepository_callsBwDates_del.sql] in 4 ms.
16:56:54.450 [Test worker] DEBUG org.springframework.orm.hibernate4.HibernateTransactionManager - Initiating transaction commit
16:56:54.450 [Test worker] DEBUG org.springframework.orm.hibernate4.HibernateTransactionManager - Committing Hibernate transaction on Session [SessionImpl(PersistenceContext[entityKeys=[],collectionKeys=[]];ActionQueue[insertions=org.hibernate.engine.spi.ExecutableList@7ed28ddc updates=org.hibernate.engine.spi.ExecutableList@5afcbb97 deletions=org.hibernate.engine.spi.ExecutableList@25604181 orphanRemovals=org.hibernate.engine.spi.ExecutableList@2966a18b collectionCreations=org.hibernate.engine.spi.ExecutableList@43b07516 collectionRemovals=org.hibernate.engine.spi.ExecutableList@7c2f5ef4 collectionUpdates=org.hibernate.engine.spi.ExecutableList@5be464b9 collectionQueuedOps=org.hibernate.engine.spi.ExecutableList@4792fcb7 unresolvedInsertDependencies=UnresolvedEntityInsertActions[]])]
16:56:54.450 [Test worker] DEBUG org.hibernate.engine.transaction.spi.AbstractTransactionImpl - committing
16:56:54.450 [Test worker] DEBUG org.hibernate.engine.transaction.internal.jdbc.JdbcTransaction - committed JDBC Connection
16:56:54.450 [Test worker] DEBUG org.hibernate.engine.transaction.internal.jdbc.JdbcTransaction - re-enabling autocommit
16:56:54.451 [Test worker] DEBUG org.springframework.orm.hibernate4.HibernateTransactionManager - Closing Hibernate Session [SessionImpl(PersistenceContext[entityKeys=[],collectionKeys=[]];ActionQueue[insertions=org.hibernate.engine.spi.ExecutableList@7ed28ddc updates=org.hibernate.engine.spi.ExecutableList@5afcbb97 deletions=org.hibernate.engine.spi.ExecutableList@25604181 orphanRemovals=org.hibernate.engine.spi.ExecutableList@2966a18b collectionCreations=org.hibernate.engine.spi.ExecutableList@43b07516 collectionRemovals=org.hibernate.engine.spi.ExecutableList@7c2f5ef4 collectionUpdates=org.hibernate.engine.spi.ExecutableList@5be464b9 collectionQueuedOps=org.hibernate.engine.spi.ExecutableList@4792fcb7 unresolvedInsertDependencies=UnresolvedEntityInsertActions[]])] after transaction
16:56:54.451 [Test worker] DEBUG org.hibernate.engine.jdbc.internal.LogicalConnectionImpl - Releasing JDBC connection
16:56:54.451 [Test worker] DEBUG com.mchange.v2.resourcepool.BasicResourcePool - trace com.mchange.v2.resourcepool.BasicResourcePool@14f30e94 [managed: 3, unused: 2, excluded: 0] (e.g. com.mchange.v2.c3p0.impl.NewPooledConnection@7fe529bb)
16:56:54.451 [Test worker] DEBUG org.hibernate.engine.jdbc.internal.LogicalConnectionImpl - Released JDBC connection
16:56:54.451 [Test worker] DEBUG org.springframework.test.context.support.AbstractDirtiesContextTestExecutionListener - After test method: context [DefaultTestContext@836955f testClass = CallLogRepositoryTest, testInstance = com.mycompany.dbRepository.CallLogRepositoryTest@22ba193d, testMethod = testSummaryCallLogs@CallLogRepositoryTest, testException = [null], mergedContextConfiguration = [MergedContextConfiguration@2b681049 testClass = CallLogRepositoryTest, locations = '{}', classes = '{class com.mycompany.config.SpringTestCfg}', contextInitializerClasses = '[]', activeProfiles = '{test}', propertySourceLocations = '{}', propertySourceProperties = '{}', contextLoader = 'org.springframework.test.context.support.DelegatingSmartContextLoader', parent = [null]]], class annotated with @DirtiesContext [false] with mode [null], method annotated with @DirtiesContext [false] with mode [null].
16:56:54.452 [Test worker] DEBUG org.springframework.test.annotation.ProfileValueUtils - Retrieved @ProfileValueSourceConfiguration [null] for test class [com.mycompany.dbRepository.CallLogRepositoryTest]
16:56:54.452 [Test worker] DEBUG org.springframework.test.annotation.ProfileValueUtils - Retrieved ProfileValueSource type [class org.springframework.test.annotation.SystemProfileValueSource] for class [com.mycompany.dbRepository.CallLogRepositoryTest]
16:56:54.452 [Test worker] DEBUG org.springframework.test.context.support.DependencyInjectionTestExecutionListener - Performing dependency injection for test context [[DefaultTestContext@836955f testClass = CallLogRepositoryTest, testInstance = com.mycompany.dbRepository.CallLogRepositoryTest@6418a190, testMethod = [null], testException = [null], mergedContextConfiguration = [MergedContextConfiguration@2b681049 testClass = CallLogRepositoryTest, locations = '{}', classes = '{class com.mycompany.config.SpringTestCfg}', contextInitializerClasses = '[]', activeProfiles = '{test}', propertySourceLocations = '{}', propertySourceProperties = '{}', contextLoader = 'org.springframework.test.context.support.DelegatingSmartContextLoader', parent = [null]]]].
16:56:54.452 [Test worker] DEBUG org.springframework.test.context.cache.DefaultCacheAwareContextLoaderDelegate - Retrieved ApplicationContext from cache with key [[MergedContextConfiguration@2b681049 testClass = CallLogRepositoryTest, locations = '{}', classes = '{class com.mycompany.config.SpringTestCfg}', contextInitializerClasses = '[]', activeProfiles = '{test}', propertySourceLocations = '{}', propertySourceProperties = '{}', contextLoader = 'org.springframework.test.context.support.DelegatingSmartContextLoader', parent = [null]]]
16:56:54.452 [Test worker] DEBUG org.springframework.test.context.cache - Spring test ApplicationContext cache statistics: [DefaultContextCache@5ba9e383 size = 1, parentContextCount = 0, hitCount = 7, missCount = 1]
16:56:54.453 [Test worker] DEBUG org.springframework.beans.factory.annotation.InjectionMetadata - Processing injected element of bean 'com.mycompany.dbRepository.CallLogRepositoryTest': AutowiredFieldElement for com.mycompany.dbRepository.CallLogRepository com.mycompany.dbRepository.CallLogRepositoryTest.callLogRepository
16:56:54.453 [Test worker] DEBUG org.springframework.beans.factory.support.DefaultListableBeanFactory - Returning cached instance of singleton bean 'callLogRepository'
16:56:54.453 [Test worker] DEBUG org.springframework.beans.factory.annotation.InjectionMetadata - Processing injected element of bean 'com.mycompany.dbRepository.CallLogRepositoryTest': AutowiredFieldElement for private com.mycompany.dbRepository.PersonRepository com.mycompany.dbRepository.CallLogRepositoryTest.personRepository
16:56:54.453 [Test worker] DEBUG org.springframework.beans.factory.support.DefaultListableBeanFactory - Returning cached instance of singleton bean 'personRepository'
16:56:54.453 [Test worker] DEBUG org.springframework.test.context.support.AbstractDirtiesContextTestExecutionListener - Before test method: context [DefaultTestContext@836955f testClass = CallLogRepositoryTest, testInstance = com.mycompany.dbRepository.CallLogRepositoryTest@6418a190, testMethod = shouldReturnCallLogBw2Phones@CallLogRepositoryTest, testException = [null], mergedContextConfiguration = [MergedContextConfiguration@2b681049 testClass = CallLogRepositoryTest, locations = '{}', classes = '{class com.mycompany.config.SpringTestCfg}', contextInitializerClasses = '[]', activeProfiles = '{test}', propertySourceLocations = '{}', propertySourceProperties = '{}', contextLoader = 'org.springframework.test.context.support.DelegatingSmartContextLoader', parent = [null]]], class annotated with @DirtiesContext [false] with mode [null], method annotated with @DirtiesContext [false] with mode [null].
16:56:54.454 [Test worker] DEBUG org.springframework.test.context.jdbc.SqlScriptsTestExecutionListener - Processing [MergedSqlConfig@660872af dataSource = '', transactionManager = '', transactionMode = INFERRED, encoding = '', separator = '@@', commentPrefix = '`', blockCommentStartDelimiter = '/*', blockCommentEndDelimiter = '*/', errorMode = FAIL_ON_ERROR] for execution phase [BEFORE_TEST_METHOD] and test context [DefaultTestContext@836955f testClass = CallLogRepositoryTest, testInstance = com.mycompany.dbRepository.CallLogRepositoryTest@6418a190, testMethod = shouldReturnCallLogBw2Phones@CallLogRepositoryTest, testException = [null], mergedContextConfiguration = [MergedContextConfiguration@2b681049 testClass = CallLogRepositoryTest, locations = '{}', classes = '{class com.mycompany.config.SpringTestCfg}', contextInitializerClasses = '[]', activeProfiles = '{test}', propertySourceLocations = '{}', propertySourceProperties = '{}', contextLoader = 'org.springframework.test.context.support.DelegatingSmartContextLoader', parent = [null]]].
16:56:54.454 [Test worker] DEBUG org.springframework.test.context.cache.DefaultCacheAwareContextLoaderDelegate - Retrieved ApplicationContext from cache with key [[MergedContextConfiguration@2b681049 testClass = CallLogRepositoryTest, locations = '{}', classes = '{class com.mycompany.config.SpringTestCfg}', contextInitializerClasses = '[]', activeProfiles = '{test}', propertySourceLocations = '{}', propertySourceProperties = '{}', contextLoader = 'org.springframework.test.context.support.DelegatingSmartContextLoader', parent = [null]]]
16:56:54.454 [Test worker] DEBUG org.springframework.test.context.cache - Spring test ApplicationContext cache statistics: [DefaultContextCache@5ba9e383 size = 1, parentContextCount = 0, hitCount = 8, missCount = 1]
16:56:54.454 [Test worker] DEBUG org.springframework.test.context.jdbc.SqlScriptsTestExecutionListener - Executing SQL scripts: [class path resource [sqls/CallLogRepository_callsBwDates2.sql]]
16:56:54.454 [Test worker] DEBUG org.springframework.test.context.cache.DefaultCacheAwareContextLoaderDelegate - Retrieved ApplicationContext from cache with key [[MergedContextConfiguration@2b681049 testClass = CallLogRepositoryTest, locations = '{}', classes = '{class com.mycompany.config.SpringTestCfg}', contextInitializerClasses = '[]', activeProfiles = '{test}', propertySourceLocations = '{}', propertySourceProperties = '{}', contextLoader = 'org.springframework.test.context.support.DelegatingSmartContextLoader', parent = [null]]]
16:56:54.454 [Test worker] DEBUG org.springframework.test.context.cache - Spring test ApplicationContext cache statistics: [DefaultContextCache@5ba9e383 size = 1, parentContextCount = 0, hitCount = 9, missCount = 1]
16:56:54.455 [Test worker] DEBUG org.springframework.beans.factory.support.DefaultListableBeanFactory - Returning cached instance of singleton bean 'dataSource'
16:56:54.455 [Test worker] DEBUG org.springframework.test.context.cache.DefaultCacheAwareContextLoaderDelegate - Retrieved ApplicationContext from cache with key [[MergedContextConfiguration@2b681049 testClass = CallLogRepositoryTest, locations = '{}', classes = '{class com.mycompany.config.SpringTestCfg}', contextInitializerClasses = '[]', activeProfiles = '{test}', propertySourceLocations = '{}', propertySourceProperties = '{}', contextLoader = 'org.springframework.test.context.support.DelegatingSmartContextLoader', parent = [null]]]
16:56:54.455 [Test worker] DEBUG org.springframework.test.context.cache - Spring test ApplicationContext cache statistics: [DefaultContextCache@5ba9e383 size = 1, parentContextCount = 0, hitCount = 10, missCount = 1]
16:56:54.455 [Test worker] DEBUG org.springframework.beans.factory.support.DefaultListableBeanFactory - Returning cached instance of singleton bean 'transactionManager'
16:56:54.455 [Test worker] DEBUG org.springframework.orm.hibernate4.HibernateTransactionManager - Creating new transaction with name [com.mycompany.dbRepository.CallLogRepositoryTest.shouldReturnCallLogBw2Phones]: PROPAGATION_REQUIRED,ISOLATION_DEFAULT
16:56:54.455 [Test worker] DEBUG org.springframework.orm.hibernate4.HibernateTransactionManager - Opened new Session [SessionImpl(PersistenceContext[entityKeys=[],collectionKeys=[]];ActionQueue[insertions=org.hibernate.engine.spi.ExecutableList@37058e4e updates=org.hibernate.engine.spi.ExecutableList@7c2af5f2 deletions=org.hibernate.engine.spi.ExecutableList@5d1fdfc6 orphanRemovals=org.hibernate.engine.spi.ExecutableList@782753c0 collectionCreations=org.hibernate.engine.spi.ExecutableList@634bd574 collectionRemovals=org.hibernate.engine.spi.ExecutableList@4865398a collectionUpdates=org.hibernate.engine.spi.ExecutableList@6ba72eaf collectionQueuedOps=org.hibernate.engine.spi.ExecutableList@295cd948 unresolvedInsertDependencies=UnresolvedEntityInsertActions[]])] for Hibernate transaction
16:56:54.455 [Test worker] DEBUG org.springframework.orm.hibernate4.HibernateTransactionManager - Preparing JDBC Connection of Hibernate Session [SessionImpl(PersistenceContext[entityKeys=[],collectionKeys=[]];ActionQueue[insertions=org.hibernate.engine.spi.ExecutableList@37058e4e updates=org.hibernate.engine.spi.ExecutableList@7c2af5f2 deletions=org.hibernate.engine.spi.ExecutableList@5d1fdfc6 orphanRemovals=org.hibernate.engine.spi.ExecutableList@782753c0 collectionCreations=org.hibernate.engine.spi.ExecutableList@634bd574 collectionRemovals=org.hibernate.engine.spi.ExecutableList@4865398a collectionUpdates=org.hibernate.engine.spi.ExecutableList@6ba72eaf collectionQueuedOps=org.hibernate.engine.spi.ExecutableList@295cd948 unresolvedInsertDependencies=UnresolvedEntityInsertActions[]])]
16:56:54.455 [Test worker] DEBUG org.hibernate.engine.jdbc.internal.LogicalConnectionImpl - Obtaining JDBC connection
16:56:54.455 [Test worker] DEBUG com.mchange.v2.resourcepool.BasicResourcePool - trace com.mchange.v2.resourcepool.BasicResourcePool@14f30e94 [managed: 3, unused: 2, excluded: 0] (e.g. com.mchange.v2.c3p0.impl.NewPooledConnection@7fe529bb)
16:56:54.455 [Test worker] DEBUG org.hibernate.engine.jdbc.internal.LogicalConnectionImpl - Obtained JDBC connection
16:56:54.456 [Test worker] DEBUG org.hibernate.engine.transaction.spi.AbstractTransactionImpl - begin
16:56:54.456 [Test worker] DEBUG org.hibernate.engine.transaction.internal.jdbc.JdbcTransaction - initial autocommit status: true
16:56:54.456 [Test worker] DEBUG org.hibernate.engine.transaction.internal.jdbc.JdbcTransaction - disabling autocommit
16:56:54.456 [Test worker] DEBUG org.springframework.orm.hibernate4.HibernateTransactionManager - Exposing Hibernate transaction as JDBC transaction [com.mchange.v2.c3p0.impl.NewProxyConnection@75c98b11]
16:56:54.456 [Test worker] INFO org.springframework.jdbc.datasource.init.ScriptUtils - Executing SQL script from class path resource [sqls/CallLogRepository_callsBwDates2.sql]
16:56:54.457 [Test worker] DEBUG org.springframework.jdbc.datasource.init.ScriptUtils - 1 returned as update count for SQL: INSERT INTO person( id, name, phone_no, address) VALUES (12, 'CS', '95382', 'KK Pudur'); 
16:56:54.457 [Test worker] DEBUG org.springframework.jdbc.datasource.init.ScriptUtils - 1 returned as update count for SQL: INSERT INTO call_log( call_log_id, id, party_phone_no, call_type, start_time, end_time, location) VALUES (109,12,'15','IN','2016-06-03 00:00:00','2016-06-03 00:10:00', 'BANGALORE'); 
16:56:54.457 [Test worker] DEBUG org.springframework.jdbc.datasource.init.ScriptUtils - 1 returned as update count for SQL: INSERT INTO call_log( call_log_id, id, party_phone_no, call_type, start_time, end_time, location) VALUES (113,12,'15','IN','2016-06-03 00:20:00','2016-06-03 01:00:00', 'BANGALORE'); 
16:56:54.458 [Test worker] DEBUG org.springframework.jdbc.datasource.init.ScriptUtils - 1 returned as update count for SQL: INSERT INTO call_log( call_log_id, id, party_phone_no, call_type, start_time, end_time, location) VALUES (114,12,'15','OUT','2016-06-04 01:20:00','2016-06-04 01:30:00', 'HYDERABAD'); 
16:56:54.458 [Test worker] DEBUG org.springframework.jdbc.datasource.init.ScriptUtils - 1 returned as update count for SQL: INSERT INTO call_log( call_log_id, id, party_phone_no, call_type, start_time, end_time, location) VALUES (110,12,'16','IN','2016-06-03 12:00:00','2016-06-03 00:10:00', 'HYDERABAD'); 
16:56:54.458 [Test worker] DEBUG org.springframework.jdbc.datasource.init.ScriptUtils - 1 returned as update count for SQL: INSERT INTO call_log( call_log_id, id, party_phone_no, call_type, start_time, end_time, location) VALUES (111,12,'17','OUT','2016-06-04 01:20:00.231','2016-06-04 01:30:00', 'BANGALORE'); 
16:56:54.458 [Test worker] DEBUG org.springframework.jdbc.datasource.init.ScriptUtils - 1 returned as update count for SQL: INSERT INTO call_log( call_log_id, id, party_phone_no, call_type, start_time, end_time, location) VALUES (112,12,'18','IN','2016-06-04 01:00:00','2016-06-04 02:01:00', 'PUNE'); 
16:56:54.458 [Test worker] INFO org.springframework.jdbc.datasource.init.ScriptUtils - Executed SQL script from class path resource [sqls/CallLogRepository_callsBwDates2.sql] in 2 ms.
16:56:54.458 [Test worker] DEBUG org.springframework.orm.hibernate4.HibernateTransactionManager - Initiating transaction commit
16:56:54.458 [Test worker] DEBUG org.springframework.orm.hibernate4.HibernateTransactionManager - Committing Hibernate transaction on Session [SessionImpl(PersistenceContext[entityKeys=[],collectionKeys=[]];ActionQueue[insertions=org.hibernate.engine.spi.ExecutableList@37058e4e updates=org.hibernate.engine.spi.ExecutableList@7c2af5f2 deletions=org.hibernate.engine.spi.ExecutableList@5d1fdfc6 orphanRemovals=org.hibernate.engine.spi.ExecutableList@782753c0 collectionCreations=org.hibernate.engine.spi.ExecutableList@634bd574 collectionRemovals=org.hibernate.engine.spi.ExecutableList@4865398a collectionUpdates=org.hibernate.engine.spi.ExecutableList@6ba72eaf collectionQueuedOps=org.hibernate.engine.spi.ExecutableList@295cd948 unresolvedInsertDependencies=UnresolvedEntityInsertActions[]])]
16:56:54.458 [Test worker] DEBUG org.hibernate.engine.transaction.spi.AbstractTransactionImpl - committing
16:56:54.459 [Test worker] DEBUG org.hibernate.engine.transaction.internal.jdbc.JdbcTransaction - committed JDBC Connection
16:56:54.459 [Test worker] DEBUG org.hibernate.engine.transaction.internal.jdbc.JdbcTransaction - re-enabling autocommit
16:56:54.459 [Test worker] DEBUG org.springframework.orm.hibernate4.HibernateTransactionManager - Closing Hibernate Session [SessionImpl(PersistenceContext[entityKeys=[],collectionKeys=[]];ActionQueue[insertions=org.hibernate.engine.spi.ExecutableList@37058e4e updates=org.hibernate.engine.spi.ExecutableList@7c2af5f2 deletions=org.hibernate.engine.spi.ExecutableList@5d1fdfc6 orphanRemovals=org.hibernate.engine.spi.ExecutableList@782753c0 collectionCreations=org.hibernate.engine.spi.ExecutableList@634bd574 collectionRemovals=org.hibernate.engine.spi.ExecutableList@4865398a collectionUpdates=org.hibernate.engine.spi.ExecutableList@6ba72eaf collectionQueuedOps=org.hibernate.engine.spi.ExecutableList@295cd948 unresolvedInsertDependencies=UnresolvedEntityInsertActions[]])] after transaction
16:56:54.459 [Test worker] DEBUG org.hibernate.engine.jdbc.internal.LogicalConnectionImpl - Releasing JDBC connection
16:56:54.459 [Test worker] DEBUG com.mchange.v2.resourcepool.BasicResourcePool - trace com.mchange.v2.resourcepool.BasicResourcePool@14f30e94 [managed: 3, unused: 2, excluded: 0] (e.g. com.mchange.v2.c3p0.impl.NewPooledConnection@7fe529bb)
16:56:54.459 [Test worker] DEBUG org.hibernate.engine.jdbc.internal.LogicalConnectionImpl - Released JDBC connection
16:56:54.459 [Test worker] INFO com.mycompany.config.SpringCfg - stat timeFri Jun 03 00:00:00 IST 2016end timeSat Jun 04 01:30:00 IST 2016
16:56:54.462 [Test worker] DEBUG org.springframework.data.repository.core.support.TransactionalRepositoryProxyPostProcessor$CustomAnnotationTransactionAttributeSource - Adding transactional method 'findOne' with attribute: PROPAGATION_REQUIRED,ISOLATION_DEFAULT,readOnly; ''
16:56:54.462 [Test worker] DEBUG org.springframework.beans.factory.support.DefaultListableBeanFactory - Returning cached instance of singleton bean 'transactionManager'
16:56:54.463 [Test worker] DEBUG org.springframework.orm.hibernate4.HibernateTransactionManager - Creating new transaction with name [org.springframework.data.jpa.repository.support.SimpleJpaRepository.findOne]: PROPAGATION_REQUIRED,ISOLATION_DEFAULT,readOnly; ''
16:56:54.463 [Test worker] DEBUG org.springframework.orm.hibernate4.HibernateTransactionManager - Opened new Session [SessionImpl(PersistenceContext[entityKeys=[],collectionKeys=[]];ActionQueue[insertions=org.hibernate.engine.spi.ExecutableList@56ed9a5 updates=org.hibernate.engine.spi.ExecutableList@46583140 deletions=org.hibernate.engine.spi.ExecutableList@3141f1e1 orphanRemovals=org.hibernate.engine.spi.ExecutableList@3959d184 collectionCreations=org.hibernate.engine.spi.ExecutableList@4a0994fb collectionRemovals=org.hibernate.engine.spi.ExecutableList@4ddc7ecb collectionUpdates=org.hibernate.engine.spi.ExecutableList@73ac4068 collectionQueuedOps=org.hibernate.engine.spi.ExecutableList@40e7a68 unresolvedInsertDependencies=UnresolvedEntityInsertActions[]])] for Hibernate transaction
16:56:54.463 [Test worker] DEBUG org.springframework.orm.hibernate4.HibernateTransactionManager - Preparing JDBC Connection of Hibernate Session [SessionImpl(PersistenceContext[entityKeys=[],collectionKeys=[]];ActionQueue[insertions=org.hibernate.engine.spi.ExecutableList@56ed9a5 updates=org.hibernate.engine.spi.ExecutableList@46583140 deletions=org.hibernate.engine.spi.ExecutableList@3141f1e1 orphanRemovals=org.hibernate.engine.spi.ExecutableList@3959d184 collectionCreations=org.hibernate.engine.spi.ExecutableList@4a0994fb collectionRemovals=org.hibernate.engine.spi.ExecutableList@4ddc7ecb collectionUpdates=org.hibernate.engine.spi.ExecutableList@73ac4068 collectionQueuedOps=org.hibernate.engine.spi.ExecutableList@40e7a68 unresolvedInsertDependencies=UnresolvedEntityInsertActions[]])]
16:56:54.463 [Test worker] DEBUG org.hibernate.engine.jdbc.internal.LogicalConnectionImpl - Obtaining JDBC connection
16:56:54.463 [Test worker] DEBUG com.mchange.v2.resourcepool.BasicResourcePool - trace com.mchange.v2.resourcepool.BasicResourcePool@14f30e94 [managed: 3, unused: 2, excluded: 0] (e.g. com.mchange.v2.c3p0.impl.NewPooledConnection@7fe529bb)
16:56:54.463 [Test worker] DEBUG org.hibernate.engine.jdbc.internal.LogicalConnectionImpl - Obtained JDBC connection
16:56:54.463 [Test worker] DEBUG org.springframework.jdbc.datasource.DataSourceUtils - Setting JDBC Connection [com.mchange.v2.c3p0.impl.NewProxyConnection@2c2294e7] read-only
16:56:54.463 [Test worker] DEBUG org.hibernate.engine.transaction.spi.AbstractTransactionImpl - begin
16:56:54.463 [Test worker] DEBUG org.hibernate.engine.transaction.internal.jdbc.JdbcTransaction - initial autocommit status: true
16:56:54.463 [Test worker] DEBUG org.hibernate.engine.transaction.internal.jdbc.JdbcTransaction - disabling autocommit
16:56:54.463 [Test worker] DEBUG org.springframework.orm.hibernate4.HibernateTransactionManager - Exposing Hibernate transaction as JDBC transaction [com.mchange.v2.c3p0.impl.NewProxyConnection@2c2294e7]
16:56:54.464 [Test worker] DEBUG org.springframework.orm.jpa.EntityManagerFactoryUtils - Opening JPA EntityManager
16:56:54.465 [Test worker] DEBUG org.springframework.orm.jpa.EntityManagerFactoryUtils - Registering transaction synchronization for JPA EntityManager
16:56:54.468 [Test worker] DEBUG org.hibernate.SQL - select personinfo0_.id as id1_1_0_, personinfo0_.address as address2_1_0_, personinfo0_.name as name3_1_0_, personinfo0_.phone_no as phone_no4_1_0_ from person personinfo0_ where personinfo0_.id=?
16:56:54.468 [Test worker] DEBUG org.hibernate.engine.jdbc.internal.LogicalConnectionImpl - Obtaining JDBC connection
16:56:54.468 [Test worker] DEBUG com.mchange.v2.resourcepool.BasicResourcePool - trace com.mchange.v2.resourcepool.BasicResourcePool@14f30e94 [managed: 3, unused: 1, excluded: 0] (e.g. com.mchange.v2.c3p0.impl.NewPooledConnection@7fe529bb)
16:56:54.468 [Test worker] DEBUG org.hibernate.engine.jdbc.internal.LogicalConnectionImpl - Obtained JDBC connection
16:56:54.471 [Test worker] DEBUG org.hibernate.loader.plan.exec.process.internal.ResultSetProcessorImpl - Starting ResultSet row #0
16:56:54.472 [Test worker] DEBUG org.hibernate.loader.plan.exec.process.internal.EntityReferenceInitializerImpl - On call to EntityIdentifierReaderImpl#resolve, EntityKey was already known; should only happen on root returns with an optional identifier specified
16:56:54.481 [Test worker] DEBUG org.hibernate.engine.internal.TwoPhaseLoad - Resolving associations for [com.mycompany.dbEntity.PersonInfo#12]
16:56:54.483 [Test worker] DEBUG org.hibernate.engine.internal.TwoPhaseLoad - Done materializing entity [com.mycompany.dbEntity.PersonInfo#12]
16:56:54.484 [Test worker] DEBUG org.hibernate.loader.entity.plan.AbstractLoadPlanBasedEntityLoader - Done entity load : com.mycompany.dbEntity.PersonInfo#12
16:56:54.485 [Test worker] DEBUG org.springframework.orm.jpa.EntityManagerFactoryUtils - Closing JPA EntityManager
16:56:54.485 [Test worker] DEBUG org.hibernate.engine.jdbc.internal.LogicalConnectionImpl - Releasing JDBC connection
16:56:54.485 [Test worker] DEBUG com.mchange.v2.resourcepool.BasicResourcePool - trace com.mchange.v2.resourcepool.BasicResourcePool@14f30e94 [managed: 3, unused: 1, excluded: 0] (e.g. com.mchange.v2.c3p0.impl.NewPooledConnection@7fe529bb)
16:56:54.485 [Test worker] DEBUG org.hibernate.engine.jdbc.internal.LogicalConnectionImpl - Released JDBC connection
16:56:54.485 [Test worker] DEBUG org.springframework.orm.hibernate4.HibernateTransactionManager - Initiating transaction commit
16:56:54.485 [Test worker] DEBUG org.springframework.orm.hibernate4.HibernateTransactionManager - Committing Hibernate transaction on Session [SessionImpl(PersistenceContext[entityKeys=[],collectionKeys=[]];ActionQueue[insertions=org.hibernate.engine.spi.ExecutableList@56ed9a5 updates=org.hibernate.engine.spi.ExecutableList@46583140 deletions=org.hibernate.engine.spi.ExecutableList@3141f1e1 orphanRemovals=org.hibernate.engine.spi.ExecutableList@3959d184 collectionCreations=org.hibernate.engine.spi.ExecutableList@4a0994fb collectionRemovals=org.hibernate.engine.spi.ExecutableList@4ddc7ecb collectionUpdates=org.hibernate.engine.spi.ExecutableList@73ac4068 collectionQueuedOps=org.hibernate.engine.spi.ExecutableList@40e7a68 unresolvedInsertDependencies=UnresolvedEntityInsertActions[]])]
16:56:54.485 [Test worker] DEBUG org.hibernate.engine.transaction.spi.AbstractTransactionImpl - committing
16:56:54.485 [Test worker] DEBUG org.hibernate.engine.transaction.internal.jdbc.JdbcTransaction - committed JDBC Connection
16:56:54.485 [Test worker] DEBUG org.hibernate.engine.transaction.internal.jdbc.JdbcTransaction - re-enabling autocommit
16:56:54.486 [Test worker] DEBUG org.springframework.orm.hibernate4.HibernateTransactionManager - Closing Hibernate Session [SessionImpl(PersistenceContext[entityKeys=[],collectionKeys=[]];ActionQueue[insertions=org.hibernate.engine.spi.ExecutableList@56ed9a5 updates=org.hibernate.engine.spi.ExecutableList@46583140 deletions=org.hibernate.engine.spi.ExecutableList@3141f1e1 orphanRemovals=org.hibernate.engine.spi.ExecutableList@3959d184 collectionCreations=org.hibernate.engine.spi.ExecutableList@4a0994fb collectionRemovals=org.hibernate.engine.spi.ExecutableList@4ddc7ecb collectionUpdates=org.hibernate.engine.spi.ExecutableList@73ac4068 collectionQueuedOps=org.hibernate.engine.spi.ExecutableList@40e7a68 unresolvedInsertDependencies=UnresolvedEntityInsertActions[]])] after transaction
16:56:54.486 [Test worker] DEBUG org.hibernate.engine.jdbc.internal.LogicalConnectionImpl - Releasing JDBC connection
16:56:54.486 [Test worker] DEBUG com.mchange.v2.resourcepool.BasicResourcePool - trace com.mchange.v2.resourcepool.BasicResourcePool@14f30e94 [managed: 3, unused: 2, excluded: 0] (e.g. com.mchange.v2.c3p0.impl.NewPooledConnection@7fe529bb)
16:56:54.486 [Test worker] DEBUG org.hibernate.engine.jdbc.internal.LogicalConnectionImpl - Released JDBC connection
16:56:54.488 [Test worker] DEBUG org.springframework.orm.jpa.SharedEntityManagerCreator$SharedEntityManagerInvocationHandler - Creating new EntityManager for shared EntityManager invocation
16:56:54.491 [Test worker] DEBUG org.hibernate.SQL - select callloginf0_.call_log_id as call_log1_0_, callloginf0_.end_time as end_time2_0_, callloginf0_.start_time as start_ti3_0_, callloginf0_.call_type as call_typ4_0_, callloginf0_.location as location5_0_, callloginf0_.party_phone_no as party_ph6_0_, callloginf0_.id as id7_0_ from call_log callloginf0_ where callloginf0_.id=? and callloginf0_.party_phone_no=? and callloginf0_.start_time>=? and callloginf0_.end_time<=? order by callloginf0_.start_time asc
16:56:54.491 [Test worker] DEBUG org.hibernate.engine.jdbc.internal.LogicalConnectionImpl - Obtaining JDBC connection
16:56:54.491 [Test worker] DEBUG com.mchange.v2.resourcepool.BasicResourcePool - trace com.mchange.v2.resourcepool.BasicResourcePool@14f30e94 [managed: 3, unused: 2, excluded: 0] (e.g. com.mchange.v2.c3p0.impl.NewPooledConnection@7fe529bb)
16:56:54.491 [Test worker] DEBUG org.hibernate.engine.jdbc.internal.LogicalConnectionImpl - Obtained JDBC connection
16:56:54.493 [Test worker] DEBUG org.hibernate.loader.Loader - Result set row: 0
16:56:54.494 [Test worker] DEBUG org.hibernate.loader.Loader - Result row: EntityKey[com.mycompany.dbEntity.CallLogInfo#109]
16:56:54.494 [Test worker] DEBUG org.hibernate.loader.Loader - Result set row: 1
16:56:54.494 [Test worker] DEBUG org.hibernate.loader.Loader - Result row: EntityKey[com.mycompany.dbEntity.CallLogInfo#113]
16:56:54.495 [Test worker] DEBUG org.hibernate.loader.Loader - Result set row: 2
16:56:54.495 [Test worker] DEBUG org.hibernate.loader.Loader - Result row: EntityKey[com.mycompany.dbEntity.CallLogInfo#114]
16:56:54.495 [Test worker] DEBUG org.hibernate.engine.internal.TwoPhaseLoad - Resolving associations for [com.mycompany.dbEntity.CallLogInfo#109]
16:56:54.496 [Test worker] DEBUG org.hibernate.engine.internal.TwoPhaseLoad - Done materializing entity [com.mycompany.dbEntity.CallLogInfo#109]
16:56:54.496 [Test worker] DEBUG org.hibernate.engine.internal.TwoPhaseLoad - Resolving associations for [com.mycompany.dbEntity.CallLogInfo#113]
16:56:54.497 [Test worker] DEBUG org.hibernate.engine.internal.TwoPhaseLoad - Done materializing entity [com.mycompany.dbEntity.CallLogInfo#113]
16:56:54.497 [Test worker] DEBUG org.hibernate.engine.internal.TwoPhaseLoad - Resolving associations for [com.mycompany.dbEntity.CallLogInfo#114]
16:56:54.497 [Test worker] DEBUG org.hibernate.engine.internal.TwoPhaseLoad - Done materializing entity [com.mycompany.dbEntity.CallLogInfo#114]
16:56:54.497 [Test worker] DEBUG org.springframework.orm.jpa.EntityManagerFactoryUtils - Closing JPA EntityManager
16:56:54.497 [Test worker] DEBUG org.hibernate.engine.jdbc.internal.LogicalConnectionImpl - Releasing JDBC connection
16:56:54.497 [Test worker] DEBUG com.mchange.v2.resourcepool.BasicResourcePool - trace com.mchange.v2.resourcepool.BasicResourcePool@14f30e94 [managed: 3, unused: 2, excluded: 0] (e.g. com.mchange.v2.c3p0.impl.NewPooledConnection@7fe529bb)
16:56:54.497 [Test worker] DEBUG org.hibernate.engine.jdbc.internal.LogicalConnectionImpl - Released JDBC connection
16:56:54.498 [Test worker] DEBUG org.springframework.data.repository.core.support.TransactionalRepositoryProxyPostProcessor$CustomAnnotationTransactionAttributeSource - Adding transactional method 'findOne' with attribute: PROPAGATION_REQUIRED,ISOLATION_DEFAULT,readOnly; ''
16:56:54.498 [Test worker] DEBUG org.springframework.beans.factory.support.DefaultListableBeanFactory - Returning cached instance of singleton bean 'transactionManager'
16:56:54.498 [Test worker] DEBUG org.springframework.orm.hibernate4.HibernateTransactionManager - Creating new transaction with name [org.springframework.data.jpa.repository.support.SimpleJpaRepository.findOne]: PROPAGATION_REQUIRED,ISOLATION_DEFAULT,readOnly; ''
16:56:54.499 [Test worker] DEBUG org.springframework.orm.hibernate4.HibernateTransactionManager - Opened new Session [SessionImpl(PersistenceContext[entityKeys=[],collectionKeys=[]];ActionQueue[insertions=org.hibernate.engine.spi.ExecutableList@6d2f69a9 updates=org.hibernate.engine.spi.ExecutableList@6b11600a deletions=org.hibernate.engine.spi.ExecutableList@35b0bdf5 orphanRemovals=org.hibernate.engine.spi.ExecutableList@4c7bc8b2 collectionCreations=org.hibernate.engine.spi.ExecutableList@5a0f82b5 collectionRemovals=org.hibernate.engine.spi.ExecutableList@3afea8ce collectionUpdates=org.hibernate.engine.spi.ExecutableList@a11f571 collectionQueuedOps=org.hibernate.engine.spi.ExecutableList@18bd92d9 unresolvedInsertDependencies=UnresolvedEntityInsertActions[]])] for Hibernate transaction
16:56:54.499 [Test worker] DEBUG org.springframework.orm.hibernate4.HibernateTransactionManager - Preparing JDBC Connection of Hibernate Session [SessionImpl(PersistenceContext[entityKeys=[],collectionKeys=[]];ActionQueue[insertions=org.hibernate.engine.spi.ExecutableList@6d2f69a9 updates=org.hibernate.engine.spi.ExecutableList@6b11600a deletions=org.hibernate.engine.spi.ExecutableList@35b0bdf5 orphanRemovals=org.hibernate.engine.spi.ExecutableList@4c7bc8b2 collectionCreations=org.hibernate.engine.spi.ExecutableList@5a0f82b5 collectionRemovals=org.hibernate.engine.spi.ExecutableList@3afea8ce collectionUpdates=org.hibernate.engine.spi.ExecutableList@a11f571 collectionQueuedOps=org.hibernate.engine.spi.ExecutableList@18bd92d9 unresolvedInsertDependencies=UnresolvedEntityInsertActions[]])]
16:56:54.499 [Test worker] DEBUG org.hibernate.engine.jdbc.internal.LogicalConnectionImpl - Obtaining JDBC connection
16:56:54.499 [Test worker] DEBUG com.mchange.v2.resourcepool.BasicResourcePool - trace com.mchange.v2.resourcepool.BasicResourcePool@14f30e94 [managed: 3, unused: 2, excluded: 0] (e.g. com.mchange.v2.c3p0.impl.NewPooledConnection@7fe529bb)
16:56:54.499 [Test worker] DEBUG org.hibernate.engine.jdbc.internal.LogicalConnectionImpl - Obtained JDBC connection
16:56:54.499 [Test worker] DEBUG org.springframework.jdbc.datasource.DataSourceUtils - Setting JDBC Connection [com.mchange.v2.c3p0.impl.NewProxyConnection@7176c697] read-only
16:56:54.499 [Test worker] DEBUG org.hibernate.engine.transaction.spi.AbstractTransactionImpl - begin
16:56:54.499 [Test worker] DEBUG org.hibernate.engine.transaction.internal.jdbc.JdbcTransaction - initial autocommit status: true
16:56:54.499 [Test worker] DEBUG org.hibernate.engine.transaction.internal.jdbc.JdbcTransaction - disabling autocommit
16:56:54.499 [Test worker] DEBUG org.springframework.orm.hibernate4.HibernateTransactionManager - Exposing Hibernate transaction as JDBC transaction [com.mchange.v2.c3p0.impl.NewProxyConnection@7176c697]
16:56:54.499 [Test worker] DEBUG org.springframework.orm.jpa.EntityManagerFactoryUtils - Opening JPA EntityManager
16:56:54.499 [Test worker] DEBUG org.springframework.orm.jpa.EntityManagerFactoryUtils - Registering transaction synchronization for JPA EntityManager
16:56:54.500 [Test worker] DEBUG org.hibernate.SQL - select callloginf0_.call_log_id as call_log1_0_0_, callloginf0_.end_time as end_time2_0_0_, callloginf0_.start_time as start_ti3_0_0_, callloginf0_.call_type as call_typ4_0_0_, callloginf0_.location as location5_0_0_, callloginf0_.party_phone_no as party_ph6_0_0_, callloginf0_.id as id7_0_0_ from call_log callloginf0_ where callloginf0_.call_log_id=?
16:56:54.500 [Test worker] DEBUG org.hibernate.engine.jdbc.internal.LogicalConnectionImpl - Obtaining JDBC connection
16:56:54.500 [Test worker] DEBUG com.mchange.v2.resourcepool.BasicResourcePool - trace com.mchange.v2.resourcepool.BasicResourcePool@14f30e94 [managed: 3, unused: 1, excluded: 0] (e.g. com.mchange.v2.c3p0.impl.NewPooledConnection@7fe529bb)
16:56:54.500 [Test worker] DEBUG org.hibernate.engine.jdbc.internal.LogicalConnectionImpl - Obtained JDBC connection
16:56:54.500 [Test worker] DEBUG org.hibernate.loader.plan.exec.process.internal.ResultSetProcessorImpl - Starting ResultSet row #0
16:56:54.500 [Test worker] DEBUG org.hibernate.loader.plan.exec.process.internal.EntityReferenceInitializerImpl - On call to EntityIdentifierReaderImpl#resolve, EntityKey was already known; should only happen on root returns with an optional identifier specified
16:56:54.501 [Test worker] DEBUG org.hibernate.engine.internal.TwoPhaseLoad - Resolving associations for [com.mycompany.dbEntity.CallLogInfo#109]
16:56:54.501 [Test worker] DEBUG org.hibernate.engine.internal.TwoPhaseLoad - Done materializing entity [com.mycompany.dbEntity.CallLogInfo#109]
16:56:54.501 [Test worker] DEBUG org.hibernate.loader.entity.plan.AbstractLoadPlanBasedEntityLoader - Done entity load : com.mycompany.dbEntity.CallLogInfo#109
16:56:54.501 [Test worker] DEBUG org.springframework.orm.jpa.EntityManagerFactoryUtils - Closing JPA EntityManager
16:56:54.501 [Test worker] DEBUG org.hibernate.engine.jdbc.internal.LogicalConnectionImpl - Releasing JDBC connection
16:56:54.501 [Test worker] DEBUG com.mchange.v2.resourcepool.BasicResourcePool - trace com.mchange.v2.resourcepool.BasicResourcePool@14f30e94 [managed: 3, unused: 1, excluded: 0] (e.g. com.mchange.v2.c3p0.impl.NewPooledConnection@7fe529bb)
16:56:54.501 [Test worker] DEBUG org.hibernate.engine.jdbc.internal.LogicalConnectionImpl - Released JDBC connection
16:56:54.501 [Test worker] DEBUG org.springframework.orm.hibernate4.HibernateTransactionManager - Initiating transaction commit
16:56:54.501 [Test worker] DEBUG org.springframework.orm.hibernate4.HibernateTransactionManager - Committing Hibernate transaction on Session [SessionImpl(PersistenceContext[entityKeys=[],collectionKeys=[]];ActionQueue[insertions=org.hibernate.engine.spi.ExecutableList@6d2f69a9 updates=org.hibernate.engine.spi.ExecutableList@6b11600a deletions=org.hibernate.engine.spi.ExecutableList@35b0bdf5 orphanRemovals=org.hibernate.engine.spi.ExecutableList@4c7bc8b2 collectionCreations=org.hibernate.engine.spi.ExecutableList@5a0f82b5 collectionRemovals=org.hibernate.engine.spi.ExecutableList@3afea8ce collectionUpdates=org.hibernate.engine.spi.ExecutableList@a11f571 collectionQueuedOps=org.hibernate.engine.spi.ExecutableList@18bd92d9 unresolvedInsertDependencies=UnresolvedEntityInsertActions[]])]
16:56:54.501 [Test worker] DEBUG org.hibernate.engine.transaction.spi.AbstractTransactionImpl - committing
16:56:54.501 [Test worker] DEBUG org.hibernate.engine.transaction.internal.jdbc.JdbcTransaction - committed JDBC Connection
16:56:54.501 [Test worker] DEBUG org.hibernate.engine.transaction.internal.jdbc.JdbcTransaction - re-enabling autocommit
16:56:54.501 [Test worker] DEBUG org.springframework.orm.hibernate4.HibernateTransactionManager - Closing Hibernate Session [SessionImpl(PersistenceContext[entityKeys=[],collectionKeys=[]];ActionQueue[insertions=org.hibernate.engine.spi.ExecutableList@6d2f69a9 updates=org.hibernate.engine.spi.ExecutableList@6b11600a deletions=org.hibernate.engine.spi.ExecutableList@35b0bdf5 orphanRemovals=org.hibernate.engine.spi.ExecutableList@4c7bc8b2 collectionCreations=org.hibernate.engine.spi.ExecutableList@5a0f82b5 collectionRemovals=org.hibernate.engine.spi.ExecutableList@3afea8ce collectionUpdates=org.hibernate.engine.spi.ExecutableList@a11f571 collectionQueuedOps=org.hibernate.engine.spi.ExecutableList@18bd92d9 unresolvedInsertDependencies=UnresolvedEntityInsertActions[]])] after transaction
16:56:54.501 [Test worker] DEBUG org.hibernate.engine.jdbc.internal.LogicalConnectionImpl - Releasing JDBC connection
16:56:54.501 [Test worker] DEBUG com.mchange.v2.resourcepool.BasicResourcePool - trace com.mchange.v2.resourcepool.BasicResourcePool@14f30e94 [managed: 3, unused: 2, excluded: 0] (e.g. com.mchange.v2.c3p0.impl.NewPooledConnection@7fe529bb)
16:56:54.501 [Test worker] DEBUG org.hibernate.engine.jdbc.internal.LogicalConnectionImpl - Released JDBC connection
16:56:54.502 [Test worker] DEBUG org.springframework.orm.hibernate4.HibernateTransactionManager - Creating new transaction with name [org.springframework.data.jpa.repository.support.SimpleJpaRepository.findOne]: PROPAGATION_REQUIRED,ISOLATION_DEFAULT,readOnly; ''
16:56:54.502 [Test worker] DEBUG org.springframework.orm.hibernate4.HibernateTransactionManager - Opened new Session [SessionImpl(PersistenceContext[entityKeys=[],collectionKeys=[]];ActionQueue[insertions=org.hibernate.engine.spi.ExecutableList@49fe4489 updates=org.hibernate.engine.spi.ExecutableList@3f1091f6 deletions=org.hibernate.engine.spi.ExecutableList@6ed029d2 orphanRemovals=org.hibernate.engine.spi.ExecutableList@1a3441ab collectionCreations=org.hibernate.engine.spi.ExecutableList@21d58468 collectionRemovals=org.hibernate.engine.spi.ExecutableList@1af12e85 collectionUpdates=org.hibernate.engine.spi.ExecutableList@75000ab0 collectionQueuedOps=org.hibernate.engine.spi.ExecutableList@4d0124a2 unresolvedInsertDependencies=UnresolvedEntityInsertActions[]])] for Hibernate transaction
16:56:54.502 [Test worker] DEBUG org.springframework.orm.hibernate4.HibernateTransactionManager - Preparing JDBC Connection of Hibernate Session [SessionImpl(PersistenceContext[entityKeys=[],collectionKeys=[]];ActionQueue[insertions=org.hibernate.engine.spi.ExecutableList@49fe4489 updates=org.hibernate.engine.spi.ExecutableList@3f1091f6 deletions=org.hibernate.engine.spi.ExecutableList@6ed029d2 orphanRemovals=org.hibernate.engine.spi.ExecutableList@1a3441ab collectionCreations=org.hibernate.engine.spi.ExecutableList@21d58468 collectionRemovals=org.hibernate.engine.spi.ExecutableList@1af12e85 collectionUpdates=org.hibernate.engine.spi.ExecutableList@75000ab0 collectionQueuedOps=org.hibernate.engine.spi.ExecutableList@4d0124a2 unresolvedInsertDependencies=UnresolvedEntityInsertActions[]])]
16:56:54.502 [Test worker] DEBUG org.hibernate.engine.jdbc.internal.LogicalConnectionImpl - Obtaining JDBC connection
16:56:54.502 [Test worker] DEBUG com.mchange.v2.resourcepool.BasicResourcePool - trace com.mchange.v2.resourcepool.BasicResourcePool@14f30e94 [managed: 3, unused: 2, excluded: 0] (e.g. com.mchange.v2.c3p0.impl.NewPooledConnection@7fe529bb)
16:56:54.502 [Test worker] DEBUG org.hibernate.engine.jdbc.internal.LogicalConnectionImpl - Obtained JDBC connection
16:56:54.502 [Test worker] DEBUG org.springframework.jdbc.datasource.DataSourceUtils - Setting JDBC Connection [com.mchange.v2.c3p0.impl.NewProxyConnection@53ec9432] read-only
16:56:54.502 [Test worker] DEBUG org.hibernate.engine.transaction.spi.AbstractTransactionImpl - begin
16:56:54.502 [Test worker] DEBUG org.hibernate.engine.transaction.internal.jdbc.JdbcTransaction - initial autocommit status: true
16:56:54.502 [Test worker] DEBUG org.hibernate.engine.transaction.internal.jdbc.JdbcTransaction - disabling autocommit
16:56:54.502 [Test worker] DEBUG org.springframework.orm.hibernate4.HibernateTransactionManager - Exposing Hibernate transaction as JDBC transaction [com.mchange.v2.c3p0.impl.NewProxyConnection@53ec9432]
16:56:54.502 [Test worker] DEBUG org.springframework.orm.jpa.EntityManagerFactoryUtils - Opening JPA EntityManager
16:56:54.503 [Test worker] DEBUG org.springframework.orm.jpa.EntityManagerFactoryUtils - Registering transaction synchronization for JPA EntityManager
16:56:54.503 [Test worker] DEBUG org.hibernate.SQL - select callloginf0_.call_log_id as call_log1_0_0_, callloginf0_.end_time as end_time2_0_0_, callloginf0_.start_time as start_ti3_0_0_, callloginf0_.call_type as call_typ4_0_0_, callloginf0_.location as location5_0_0_, callloginf0_.party_phone_no as party_ph6_0_0_, callloginf0_.id as id7_0_0_ from call_log callloginf0_ where callloginf0_.call_log_id=?
16:56:54.503 [Test worker] DEBUG org.hibernate.engine.jdbc.internal.LogicalConnectionImpl - Obtaining JDBC connection
16:56:54.503 [Test worker] DEBUG com.mchange.v2.resourcepool.BasicResourcePool - trace com.mchange.v2.resourcepool.BasicResourcePool@14f30e94 [managed: 3, unused: 1, excluded: 0] (e.g. com.mchange.v2.c3p0.impl.NewPooledConnection@7fe529bb)
16:56:54.503 [Test worker] DEBUG org.hibernate.engine.jdbc.internal.LogicalConnectionImpl - Obtained JDBC connection
16:56:54.504 [Test worker] DEBUG org.hibernate.loader.plan.exec.process.internal.ResultSetProcessorImpl - Starting ResultSet row #0
16:56:54.504 [Test worker] DEBUG org.hibernate.loader.plan.exec.process.internal.EntityReferenceInitializerImpl - On call to EntityIdentifierReaderImpl#resolve, EntityKey was already known; should only happen on root returns with an optional identifier specified
16:56:54.504 [Test worker] DEBUG org.hibernate.engine.internal.TwoPhaseLoad - Resolving associations for [com.mycompany.dbEntity.CallLogInfo#113]
16:56:54.504 [Test worker] DEBUG org.hibernate.engine.internal.TwoPhaseLoad - Done materializing entity [com.mycompany.dbEntity.CallLogInfo#113]
16:56:54.504 [Test worker] DEBUG org.hibernate.loader.entity.plan.AbstractLoadPlanBasedEntityLoader - Done entity load : com.mycompany.dbEntity.CallLogInfo#113
16:56:54.504 [Test worker] DEBUG org.springframework.orm.jpa.EntityManagerFactoryUtils - Closing JPA EntityManager
16:56:54.505 [Test worker] DEBUG org.hibernate.engine.jdbc.internal.LogicalConnectionImpl - Releasing JDBC connection
16:56:54.505 [Test worker] DEBUG com.mchange.v2.resourcepool.BasicResourcePool - trace com.mchange.v2.resourcepool.BasicResourcePool@14f30e94 [managed: 3, unused: 1, excluded: 0] (e.g. com.mchange.v2.c3p0.impl.NewPooledConnection@7fe529bb)
16:56:54.505 [Test worker] DEBUG org.hibernate.engine.jdbc.internal.LogicalConnectionImpl - Released JDBC connection
16:56:54.505 [Test worker] DEBUG org.springframework.orm.hibernate4.HibernateTransactionManager - Initiating transaction commit
16:56:54.505 [Test worker] DEBUG org.springframework.orm.hibernate4.HibernateTransactionManager - Committing Hibernate transaction on Session [SessionImpl(PersistenceContext[entityKeys=[],collectionKeys=[]];ActionQueue[insertions=org.hibernate.engine.spi.ExecutableList@49fe4489 updates=org.hibernate.engine.spi.ExecutableList@3f1091f6 deletions=org.hibernate.engine.spi.ExecutableList@6ed029d2 orphanRemovals=org.hibernate.engine.spi.ExecutableList@1a3441ab collectionCreations=org.hibernate.engine.spi.ExecutableList@21d58468 collectionRemovals=org.hibernate.engine.spi.ExecutableList@1af12e85 collectionUpdates=org.hibernate.engine.spi.ExecutableList@75000ab0 collectionQueuedOps=org.hibernate.engine.spi.ExecutableList@4d0124a2 unresolvedInsertDependencies=UnresolvedEntityInsertActions[]])]
16:56:54.505 [Test worker] DEBUG org.hibernate.engine.transaction.spi.AbstractTransactionImpl - committing
16:56:54.505 [Test worker] DEBUG org.hibernate.engine.transaction.internal.jdbc.JdbcTransaction - committed JDBC Connection
16:56:54.505 [Test worker] DEBUG org.hibernate.engine.transaction.internal.jdbc.JdbcTransaction - re-enabling autocommit
16:56:54.505 [Test worker] DEBUG org.springframework.orm.hibernate4.HibernateTransactionManager - Closing Hibernate Session [SessionImpl(PersistenceContext[entityKeys=[],collectionKeys=[]];ActionQueue[insertions=org.hibernate.engine.spi.ExecutableList@49fe4489 updates=org.hibernate.engine.spi.ExecutableList@3f1091f6 deletions=org.hibernate.engine.spi.ExecutableList@6ed029d2 orphanRemovals=org.hibernate.engine.spi.ExecutableList@1a3441ab collectionCreations=org.hibernate.engine.spi.ExecutableList@21d58468 collectionRemovals=org.hibernate.engine.spi.ExecutableList@1af12e85 collectionUpdates=org.hibernate.engine.spi.ExecutableList@75000ab0 collectionQueuedOps=org.hibernate.engine.spi.ExecutableList@4d0124a2 unresolvedInsertDependencies=UnresolvedEntityInsertActions[]])] after transaction
16:56:54.505 [Test worker] DEBUG org.hibernate.engine.jdbc.internal.LogicalConnectionImpl - Releasing JDBC connection
16:56:54.505 [Test worker] DEBUG com.mchange.v2.resourcepool.BasicResourcePool - trace com.mchange.v2.resourcepool.BasicResourcePool@14f30e94 [managed: 3, unused: 2, excluded: 0] (e.g. com.mchange.v2.c3p0.impl.NewPooledConnection@7fe529bb)
16:56:54.505 [Test worker] DEBUG org.hibernate.engine.jdbc.internal.LogicalConnectionImpl - Released JDBC connection
16:56:54.506 [Test worker] DEBUG org.springframework.orm.hibernate4.HibernateTransactionManager - Creating new transaction with name [org.springframework.data.jpa.repository.support.SimpleJpaRepository.findOne]: PROPAGATION_REQUIRED,ISOLATION_DEFAULT,readOnly; ''
16:56:54.506 [Test worker] DEBUG org.springframework.orm.hibernate4.HibernateTransactionManager - Opened new Session [SessionImpl(PersistenceContext[entityKeys=[],collectionKeys=[]];ActionQueue[insertions=org.hibernate.engine.spi.ExecutableList@328e9aa7 updates=org.hibernate.engine.spi.ExecutableList@df89542 deletions=org.hibernate.engine.spi.ExecutableList@298362fd orphanRemovals=org.hibernate.engine.spi.ExecutableList@709d32fe collectionCreations=org.hibernate.engine.spi.ExecutableList@3680d5e8 collectionRemovals=org.hibernate.engine.spi.ExecutableList@7f1b14ff collectionUpdates=org.hibernate.engine.spi.ExecutableList@4dbd056b collectionQueuedOps=org.hibernate.engine.spi.ExecutableList@54aec4e0 unresolvedInsertDependencies=UnresolvedEntityInsertActions[]])] for Hibernate transaction
16:56:54.506 [Test worker] DEBUG org.springframework.orm.hibernate4.HibernateTransactionManager - Preparing JDBC Connection of Hibernate Session [SessionImpl(PersistenceContext[entityKeys=[],collectionKeys=[]];ActionQueue[insertions=org.hibernate.engine.spi.ExecutableList@328e9aa7 updates=org.hibernate.engine.spi.ExecutableList@df89542 deletions=org.hibernate.engine.spi.ExecutableList@298362fd orphanRemovals=org.hibernate.engine.spi.ExecutableList@709d32fe collectionCreations=org.hibernate.engine.spi.ExecutableList@3680d5e8 collectionRemovals=org.hibernate.engine.spi.ExecutableList@7f1b14ff collectionUpdates=org.hibernate.engine.spi.ExecutableList@4dbd056b collectionQueuedOps=org.hibernate.engine.spi.ExecutableList@54aec4e0 unresolvedInsertDependencies=UnresolvedEntityInsertActions[]])]
16:56:54.506 [Test worker] DEBUG org.hibernate.engine.jdbc.internal.LogicalConnectionImpl - Obtaining JDBC connection
16:56:54.506 [Test worker] DEBUG com.mchange.v2.resourcepool.BasicResourcePool - trace com.mchange.v2.resourcepool.BasicResourcePool@14f30e94 [managed: 3, unused: 2, excluded: 0] (e.g. com.mchange.v2.c3p0.impl.NewPooledConnection@7fe529bb)
16:56:54.506 [Test worker] DEBUG org.hibernate.engine.jdbc.internal.LogicalConnectionImpl - Obtained JDBC connection
16:56:54.506 [Test worker] DEBUG org.springframework.jdbc.datasource.DataSourceUtils - Setting JDBC Connection [com.mchange.v2.c3p0.impl.NewProxyConnection@432a389d] read-only
16:56:54.506 [Test worker] DEBUG org.hibernate.engine.transaction.spi.AbstractTransactionImpl - begin
16:56:54.506 [Test worker] DEBUG org.hibernate.engine.transaction.internal.jdbc.JdbcTransaction - initial autocommit status: true
16:56:54.506 [Test worker] DEBUG org.hibernate.engine.transaction.internal.jdbc.JdbcTransaction - disabling autocommit
16:56:54.506 [Test worker] DEBUG org.springframework.orm.hibernate4.HibernateTransactionManager - Exposing Hibernate transaction as JDBC transaction [com.mchange.v2.c3p0.impl.NewProxyConnection@432a389d]
16:56:54.506 [Test worker] DEBUG org.springframework.orm.jpa.EntityManagerFactoryUtils - Opening JPA EntityManager
16:56:54.506 [Test worker] DEBUG org.springframework.orm.jpa.EntityManagerFactoryUtils - Registering transaction synchronization for JPA EntityManager
16:56:54.506 [Test worker] DEBUG org.hibernate.SQL - select callloginf0_.call_log_id as call_log1_0_0_, callloginf0_.end_time as end_time2_0_0_, callloginf0_.start_time as start_ti3_0_0_, callloginf0_.call_type as call_typ4_0_0_, callloginf0_.location as location5_0_0_, callloginf0_.party_phone_no as party_ph6_0_0_, callloginf0_.id as id7_0_0_ from call_log callloginf0_ where callloginf0_.call_log_id=?
16:56:54.506 [Test worker] DEBUG org.hibernate.engine.jdbc.internal.LogicalConnectionImpl - Obtaining JDBC connection
16:56:54.506 [Test worker] DEBUG com.mchange.v2.resourcepool.BasicResourcePool - trace com.mchange.v2.resourcepool.BasicResourcePool@14f30e94 [managed: 3, unused: 1, excluded: 0] (e.g. com.mchange.v2.c3p0.impl.NewPooledConnection@7fe529bb)
16:56:54.506 [Test worker] DEBUG org.hibernate.engine.jdbc.internal.LogicalConnectionImpl - Obtained JDBC connection
16:56:54.507 [Test worker] DEBUG org.hibernate.loader.plan.exec.process.internal.ResultSetProcessorImpl - Starting ResultSet row #0
16:56:54.507 [Test worker] DEBUG org.hibernate.loader.plan.exec.process.internal.EntityReferenceInitializerImpl - On call to EntityIdentifierReaderImpl#resolve, EntityKey was already known; should only happen on root returns with an optional identifier specified
16:56:54.507 [Test worker] DEBUG org.hibernate.engine.internal.TwoPhaseLoad - Resolving associations for [com.mycompany.dbEntity.CallLogInfo#114]
16:56:54.507 [Test worker] DEBUG org.hibernate.engine.internal.TwoPhaseLoad - Done materializing entity [com.mycompany.dbEntity.CallLogInfo#114]
16:56:54.507 [Test worker] DEBUG org.hibernate.loader.entity.plan.AbstractLoadPlanBasedEntityLoader - Done entity load : com.mycompany.dbEntity.CallLogInfo#114
16:56:54.507 [Test worker] DEBUG org.springframework.orm.jpa.EntityManagerFactoryUtils - Closing JPA EntityManager
16:56:54.507 [Test worker] DEBUG org.hibernate.engine.jdbc.internal.LogicalConnectionImpl - Releasing JDBC connection
16:56:54.507 [Test worker] DEBUG com.mchange.v2.resourcepool.BasicResourcePool - trace com.mchange.v2.resourcepool.BasicResourcePool@14f30e94 [managed: 3, unused: 1, excluded: 0] (e.g. com.mchange.v2.c3p0.impl.NewPooledConnection@7fe529bb)
16:56:54.507 [Test worker] DEBUG org.hibernate.engine.jdbc.internal.LogicalConnectionImpl - Released JDBC connection
16:56:54.508 [Test worker] DEBUG org.springframework.orm.hibernate4.HibernateTransactionManager - Initiating transaction commit
16:56:54.508 [Test worker] DEBUG org.springframework.orm.hibernate4.HibernateTransactionManager - Committing Hibernate transaction on Session [SessionImpl(PersistenceContext[entityKeys=[],collectionKeys=[]];ActionQueue[insertions=org.hibernate.engine.spi.ExecutableList@328e9aa7 updates=org.hibernate.engine.spi.ExecutableList@df89542 deletions=org.hibernate.engine.spi.ExecutableList@298362fd orphanRemovals=org.hibernate.engine.spi.ExecutableList@709d32fe collectionCreations=org.hibernate.engine.spi.ExecutableList@3680d5e8 collectionRemovals=org.hibernate.engine.spi.ExecutableList@7f1b14ff collectionUpdates=org.hibernate.engine.spi.ExecutableList@4dbd056b collectionQueuedOps=org.hibernate.engine.spi.ExecutableList@54aec4e0 unresolvedInsertDependencies=UnresolvedEntityInsertActions[]])]
16:56:54.508 [Test worker] DEBUG org.hibernate.engine.transaction.spi.AbstractTransactionImpl - committing
16:56:54.508 [Test worker] DEBUG org.hibernate.engine.transaction.internal.jdbc.JdbcTransaction - committed JDBC Connection
16:56:54.508 [Test worker] DEBUG org.hibernate.engine.transaction.internal.jdbc.JdbcTransaction - re-enabling autocommit
16:56:54.508 [Test worker] DEBUG org.springframework.orm.hibernate4.HibernateTransactionManager - Closing Hibernate Session [SessionImpl(PersistenceContext[entityKeys=[],collectionKeys=[]];ActionQueue[insertions=org.hibernate.engine.spi.ExecutableList@328e9aa7 updates=org.hibernate.engine.spi.ExecutableList@df89542 deletions=org.hibernate.engine.spi.ExecutableList@298362fd orphanRemovals=org.hibernate.engine.spi.ExecutableList@709d32fe collectionCreations=org.hibernate.engine.spi.ExecutableList@3680d5e8 collectionRemovals=org.hibernate.engine.spi.ExecutableList@7f1b14ff collectionUpdates=org.hibernate.engine.spi.ExecutableList@4dbd056b collectionQueuedOps=org.hibernate.engine.spi.ExecutableList@54aec4e0 unresolvedInsertDependencies=UnresolvedEntityInsertActions[]])] after transaction
16:56:54.508 [Test worker] DEBUG org.hibernate.engine.jdbc.internal.LogicalConnectionImpl - Releasing JDBC connection
16:56:54.508 [Test worker] DEBUG com.mchange.v2.resourcepool.BasicResourcePool - trace com.mchange.v2.resourcepool.BasicResourcePool@14f30e94 [managed: 3, unused: 2, excluded: 0] (e.g. com.mchange.v2.c3p0.impl.NewPooledConnection@7fe529bb)
16:56:54.508 [Test worker] DEBUG org.hibernate.engine.jdbc.internal.LogicalConnectionImpl - Released JDBC connection
16:56:54.509 [Test worker] DEBUG org.springframework.test.context.jdbc.SqlScriptsTestExecutionListener - Processing [MergedSqlConfig@45ab1f9b dataSource = '', transactionManager = '', transactionMode = ISOLATED, encoding = '', separator = '@@', commentPrefix = '`', blockCommentStartDelimiter = '/*', blockCommentEndDelimiter = '*/', errorMode = FAIL_ON_ERROR] for execution phase [AFTER_TEST_METHOD] and test context [DefaultTestContext@836955f testClass = CallLogRepositoryTest, testInstance = com.mycompany.dbRepository.CallLogRepositoryTest@6418a190, testMethod = shouldReturnCallLogBw2Phones@CallLogRepositoryTest, testException = [null], mergedContextConfiguration = [MergedContextConfiguration@2b681049 testClass = CallLogRepositoryTest, locations = '{}', classes = '{class com.mycompany.config.SpringTestCfg}', contextInitializerClasses = '[]', activeProfiles = '{test}', propertySourceLocations = '{}', propertySourceProperties = '{}', contextLoader = 'org.springframework.test.context.support.DelegatingSmartContextLoader', parent = [null]]].
16:56:54.509 [Test worker] DEBUG org.springframework.test.context.cache.DefaultCacheAwareContextLoaderDelegate - Retrieved ApplicationContext from cache with key [[MergedContextConfiguration@2b681049 testClass = CallLogRepositoryTest, locations = '{}', classes = '{class com.mycompany.config.SpringTestCfg}', contextInitializerClasses = '[]', activeProfiles = '{test}', propertySourceLocations = '{}', propertySourceProperties = '{}', contextLoader = 'org.springframework.test.context.support.DelegatingSmartContextLoader', parent = [null]]]
16:56:54.509 [Test worker] DEBUG org.springframework.test.context.cache - Spring test ApplicationContext cache statistics: [DefaultContextCache@5ba9e383 size = 1, parentContextCount = 0, hitCount = 11, missCount = 1]
16:56:54.509 [Test worker] DEBUG org.springframework.test.context.jdbc.SqlScriptsTestExecutionListener - Executing SQL scripts: [class path resource [sqls/CallLogRepository_callsBwDates_del.sql]]
16:56:54.509 [Test worker] DEBUG org.springframework.test.context.cache.DefaultCacheAwareContextLoaderDelegate - Retrieved ApplicationContext from cache with key [[MergedContextConfiguration@2b681049 testClass = CallLogRepositoryTest, locations = '{}', classes = '{class com.mycompany.config.SpringTestCfg}', contextInitializerClasses = '[]', activeProfiles = '{test}', propertySourceLocations = '{}', propertySourceProperties = '{}', contextLoader = 'org.springframework.test.context.support.DelegatingSmartContextLoader', parent = [null]]]
16:56:54.509 [Test worker] DEBUG org.springframework.test.context.cache - Spring test ApplicationContext cache statistics: [DefaultContextCache@5ba9e383 size = 1, parentContextCount = 0, hitCount = 12, missCount = 1]
16:56:54.509 [Test worker] DEBUG org.springframework.beans.factory.support.DefaultListableBeanFactory - Returning cached instance of singleton bean 'dataSource'
16:56:54.509 [Test worker] DEBUG org.springframework.test.context.cache.DefaultCacheAwareContextLoaderDelegate - Retrieved ApplicationContext from cache with key [[MergedContextConfiguration@2b681049 testClass = CallLogRepositoryTest, locations = '{}', classes = '{class com.mycompany.config.SpringTestCfg}', contextInitializerClasses = '[]', activeProfiles = '{test}', propertySourceLocations = '{}', propertySourceProperties = '{}', contextLoader = 'org.springframework.test.context.support.DelegatingSmartContextLoader', parent = [null]]]
16:56:54.509 [Test worker] DEBUG org.springframework.test.context.cache - Spring test ApplicationContext cache statistics: [DefaultContextCache@5ba9e383 size = 1, parentContextCount = 0, hitCount = 13, missCount = 1]
16:56:54.509 [Test worker] DEBUG org.springframework.beans.factory.support.DefaultListableBeanFactory - Returning cached instance of singleton bean 'transactionManager'
16:56:54.509 [Test worker] DEBUG org.springframework.orm.hibernate4.HibernateTransactionManager - Creating new transaction with name [com.mycompany.dbRepository.CallLogRepositoryTest.shouldReturnCallLogBw2Phones]: PROPAGATION_REQUIRES_NEW,ISOLATION_DEFAULT
16:56:54.509 [Test worker] DEBUG org.springframework.orm.hibernate4.HibernateTransactionManager - Opened new Session [SessionImpl(PersistenceContext[entityKeys=[],collectionKeys=[]];ActionQueue[insertions=org.hibernate.engine.spi.ExecutableList@21ef9451 updates=org.hibernate.engine.spi.ExecutableList@3bdc8bd6 deletions=org.hibernate.engine.spi.ExecutableList@7740d4ca orphanRemovals=org.hibernate.engine.spi.ExecutableList@6a0a4a7e collectionCreations=org.hibernate.engine.spi.ExecutableList@379a1672 collectionRemovals=org.hibernate.engine.spi.ExecutableList@68c7b96c collectionUpdates=org.hibernate.engine.spi.ExecutableList@1950d63a collectionQueuedOps=org.hibernate.engine.spi.ExecutableList@213136d4 unresolvedInsertDependencies=UnresolvedEntityInsertActions[]])] for Hibernate transaction
16:56:54.509 [Test worker] DEBUG org.springframework.orm.hibernate4.HibernateTransactionManager - Preparing JDBC Connection of Hibernate Session [SessionImpl(PersistenceContext[entityKeys=[],collectionKeys=[]];ActionQueue[insertions=org.hibernate.engine.spi.ExecutableList@21ef9451 updates=org.hibernate.engine.spi.ExecutableList@3bdc8bd6 deletions=org.hibernate.engine.spi.ExecutableList@7740d4ca orphanRemovals=org.hibernate.engine.spi.ExecutableList@6a0a4a7e collectionCreations=org.hibernate.engine.spi.ExecutableList@379a1672 collectionRemovals=org.hibernate.engine.spi.ExecutableList@68c7b96c collectionUpdates=org.hibernate.engine.spi.ExecutableList@1950d63a collectionQueuedOps=org.hibernate.engine.spi.ExecutableList@213136d4 unresolvedInsertDependencies=UnresolvedEntityInsertActions[]])]
16:56:54.509 [Test worker] DEBUG org.hibernate.engine.jdbc.internal.LogicalConnectionImpl - Obtaining JDBC connection
16:56:54.509 [Test worker] DEBUG com.mchange.v2.resourcepool.BasicResourcePool - trace com.mchange.v2.resourcepool.BasicResourcePool@14f30e94 [managed: 3, unused: 2, excluded: 0] (e.g. com.mchange.v2.c3p0.impl.NewPooledConnection@7fe529bb)
16:56:54.509 [Test worker] DEBUG org.hibernate.engine.jdbc.internal.LogicalConnectionImpl - Obtained JDBC connection
16:56:54.509 [Test worker] DEBUG org.hibernate.engine.transaction.spi.AbstractTransactionImpl - begin
16:56:54.509 [Test worker] DEBUG org.hibernate.engine.transaction.internal.jdbc.JdbcTransaction - initial autocommit status: true
16:56:54.509 [Test worker] DEBUG org.hibernate.engine.transaction.internal.jdbc.JdbcTransaction - disabling autocommit
16:56:54.509 [Test worker] DEBUG org.springframework.orm.hibernate4.HibernateTransactionManager - Exposing Hibernate transaction as JDBC transaction [com.mchange.v2.c3p0.impl.NewProxyConnection@1326407c]
16:56:54.509 [Test worker] INFO org.springframework.jdbc.datasource.init.ScriptUtils - Executing SQL script from class path resource [sqls/CallLogRepository_callsBwDates_del.sql]
16:56:54.510 [Test worker] DEBUG org.springframework.jdbc.datasource.init.ScriptUtils - 6 returned as update count for SQL: delete from call_log 
16:56:54.510 [Test worker] DEBUG org.springframework.jdbc.datasource.init.ScriptUtils - 1 returned as update count for SQL: delete from person 
16:56:54.510 [Test worker] INFO org.springframework.jdbc.datasource.init.ScriptUtils - Executed SQL script from class path resource [sqls/CallLogRepository_callsBwDates_del.sql] in 1 ms.
16:56:54.510 [Test worker] DEBUG org.springframework.orm.hibernate4.HibernateTransactionManager - Initiating transaction commit
16:56:54.510 [Test worker] DEBUG org.springframework.orm.hibernate4.HibernateTransactionManager - Committing Hibernate transaction on Session [SessionImpl(PersistenceContext[entityKeys=[],collectionKeys=[]];ActionQueue[insertions=org.hibernate.engine.spi.ExecutableList@21ef9451 updates=org.hibernate.engine.spi.ExecutableList@3bdc8bd6 deletions=org.hibernate.engine.spi.ExecutableList@7740d4ca orphanRemovals=org.hibernate.engine.spi.ExecutableList@6a0a4a7e collectionCreations=org.hibernate.engine.spi.ExecutableList@379a1672 collectionRemovals=org.hibernate.engine.spi.ExecutableList@68c7b96c collectionUpdates=org.hibernate.engine.spi.ExecutableList@1950d63a collectionQueuedOps=org.hibernate.engine.spi.ExecutableList@213136d4 unresolvedInsertDependencies=UnresolvedEntityInsertActions[]])]
16:56:54.511 [Test worker] DEBUG org.hibernate.engine.transaction.spi.AbstractTransactionImpl - committing
16:56:54.511 [Test worker] DEBUG org.hibernate.engine.transaction.internal.jdbc.JdbcTransaction - committed JDBC Connection
16:56:54.511 [Test worker] DEBUG org.hibernate.engine.transaction.internal.jdbc.JdbcTransaction - re-enabling autocommit
16:56:54.511 [Test worker] DEBUG org.springframework.orm.hibernate4.HibernateTransactionManager - Closing Hibernate Session [SessionImpl(PersistenceContext[entityKeys=[],collectionKeys=[]];ActionQueue[insertions=org.hibernate.engine.spi.ExecutableList@21ef9451 updates=org.hibernate.engine.spi.ExecutableList@3bdc8bd6 deletions=org.hibernate.engine.spi.ExecutableList@7740d4ca orphanRemovals=org.hibernate.engine.spi.ExecutableList@6a0a4a7e collectionCreations=org.hibernate.engine.spi.ExecutableList@379a1672 collectionRemovals=org.hibernate.engine.spi.ExecutableList@68c7b96c collectionUpdates=org.hibernate.engine.spi.ExecutableList@1950d63a collectionQueuedOps=org.hibernate.engine.spi.ExecutableList@213136d4 unresolvedInsertDependencies=UnresolvedEntityInsertActions[]])] after transaction
16:56:54.511 [Test worker] DEBUG org.hibernate.engine.jdbc.internal.LogicalConnectionImpl - Releasing JDBC connection
16:56:54.511 [Test worker] DEBUG com.mchange.v2.resourcepool.BasicResourcePool - trace com.mchange.v2.resourcepool.BasicResourcePool@14f30e94 [managed: 3, unused: 2, excluded: 0] (e.g. com.mchange.v2.c3p0.impl.NewPooledConnection@7fe529bb)
16:56:54.511 [Test worker] DEBUG org.hibernate.engine.jdbc.internal.LogicalConnectionImpl - Released JDBC connection
16:56:54.511 [Test worker] DEBUG org.springframework.test.context.support.AbstractDirtiesContextTestExecutionListener - After test method: context [DefaultTestContext@836955f testClass = CallLogRepositoryTest, testInstance = com.mycompany.dbRepository.CallLogRepositoryTest@6418a190, testMethod = shouldReturnCallLogBw2Phones@CallLogRepositoryTest, testException = [null], mergedContextConfiguration = [MergedContextConfiguration@2b681049 testClass = CallLogRepositoryTest, locations = '{}', classes = '{class com.mycompany.config.SpringTestCfg}', contextInitializerClasses = '[]', activeProfiles = '{test}', propertySourceLocations = '{}', propertySourceProperties = '{}', contextLoader = 'org.springframework.test.context.support.DelegatingSmartContextLoader', parent = [null]]], class annotated with @DirtiesContext [false] with mode [null], method annotated with @DirtiesContext [false] with mode [null].
16:56:54.511 [Test worker] DEBUG org.springframework.test.annotation.ProfileValueUtils - Retrieved @ProfileValueSourceConfiguration [null] for test class [com.mycompany.dbRepository.CallLogRepositoryTest]
16:56:54.511 [Test worker] DEBUG org.springframework.test.annotation.ProfileValueUtils - Retrieved ProfileValueSource type [class org.springframework.test.annotation.SystemProfileValueSource] for class [com.mycompany.dbRepository.CallLogRepositoryTest]
16:56:54.512 [Test worker] DEBUG org.springframework.test.context.support.DependencyInjectionTestExecutionListener - Performing dependency injection for test context [[DefaultTestContext@836955f testClass = CallLogRepositoryTest, testInstance = com.mycompany.dbRepository.CallLogRepositoryTest@3f5e0ddf, testMethod = [null], testException = [null], mergedContextConfiguration = [MergedContextConfiguration@2b681049 testClass = CallLogRepositoryTest, locations = '{}', classes = '{class com.mycompany.config.SpringTestCfg}', contextInitializerClasses = '[]', activeProfiles = '{test}', propertySourceLocations = '{}', propertySourceProperties = '{}', contextLoader = 'org.springframework.test.context.support.DelegatingSmartContextLoader', parent = [null]]]].
16:56:54.512 [Test worker] DEBUG org.springframework.test.context.cache.DefaultCacheAwareContextLoaderDelegate - Retrieved ApplicationContext from cache with key [[MergedContextConfiguration@2b681049 testClass = CallLogRepositoryTest, locations = '{}', classes = '{class com.mycompany.config.SpringTestCfg}', contextInitializerClasses = '[]', activeProfiles = '{test}', propertySourceLocations = '{}', propertySourceProperties = '{}', contextLoader = 'org.springframework.test.context.support.DelegatingSmartContextLoader', parent = [null]]]
16:56:54.512 [Test worker] DEBUG org.springframework.test.context.cache - Spring test ApplicationContext cache statistics: [DefaultContextCache@5ba9e383 size = 1, parentContextCount = 0, hitCount = 14, missCount = 1]
16:56:54.512 [Test worker] DEBUG org.springframework.beans.factory.annotation.InjectionMetadata - Processing injected element of bean 'com.mycompany.dbRepository.CallLogRepositoryTest': AutowiredFieldElement for com.mycompany.dbRepository.CallLogRepository com.mycompany.dbRepository.CallLogRepositoryTest.callLogRepository
16:56:54.512 [Test worker] DEBUG org.springframework.beans.factory.support.DefaultListableBeanFactory - Returning cached instance of singleton bean 'callLogRepository'
16:56:54.512 [Test worker] DEBUG org.springframework.beans.factory.annotation.InjectionMetadata - Processing injected element of bean 'com.mycompany.dbRepository.CallLogRepositoryTest': AutowiredFieldElement for private com.mycompany.dbRepository.PersonRepository com.mycompany.dbRepository.CallLogRepositoryTest.personRepository
16:56:54.512 [Test worker] DEBUG org.springframework.beans.factory.support.DefaultListableBeanFactory - Returning cached instance of singleton bean 'personRepository'
16:56:54.513 [Test worker] DEBUG org.springframework.test.context.support.AbstractDirtiesContextTestExecutionListener - Before test method: context [DefaultTestContext@836955f testClass = CallLogRepositoryTest, testInstance = com.mycompany.dbRepository.CallLogRepositoryTest@3f5e0ddf, testMethod = shouldReturnLocationOfFirstParty@CallLogRepositoryTest, testException = [null], mergedContextConfiguration = [MergedContextConfiguration@2b681049 testClass = CallLogRepositoryTest, locations = '{}', classes = '{class com.mycompany.config.SpringTestCfg}', contextInitializerClasses = '[]', activeProfiles = '{test}', propertySourceLocations = '{}', propertySourceProperties = '{}', contextLoader = 'org.springframework.test.context.support.DelegatingSmartContextLoader', parent = [null]]], class annotated with @DirtiesContext [false] with mode [null], method annotated with @DirtiesContext [false] with mode [null].
16:56:54.513 [Test worker] DEBUG org.springframework.test.context.jdbc.SqlScriptsTestExecutionListener - Processing [MergedSqlConfig@7666ee95 dataSource = '', transactionManager = '', transactionMode = INFERRED, encoding = '', separator = '@@', commentPrefix = '`', blockCommentStartDelimiter = '/*', blockCommentEndDelimiter = '*/', errorMode = FAIL_ON_ERROR] for execution phase [BEFORE_TEST_METHOD] and test context [DefaultTestContext@836955f testClass = CallLogRepositoryTest, testInstance = com.mycompany.dbRepository.CallLogRepositoryTest@3f5e0ddf, testMethod = shouldReturnLocationOfFirstParty@CallLogRepositoryTest, testException = [null], mergedContextConfiguration = [MergedContextConfiguration@2b681049 testClass = CallLogRepositoryTest, locations = '{}', classes = '{class com.mycompany.config.SpringTestCfg}', contextInitializerClasses = '[]', activeProfiles = '{test}', propertySourceLocations = '{}', propertySourceProperties = '{}', contextLoader = 'org.springframework.test.context.support.DelegatingSmartContextLoader', parent = [null]]].
16:56:54.513 [Test worker] DEBUG org.springframework.test.context.cache.DefaultCacheAwareContextLoaderDelegate - Retrieved ApplicationContext from cache with key [[MergedContextConfiguration@2b681049 testClass = CallLogRepositoryTest, locations = '{}', classes = '{class com.mycompany.config.SpringTestCfg}', contextInitializerClasses = '[]', activeProfiles = '{test}', propertySourceLocations = '{}', propertySourceProperties = '{}', contextLoader = 'org.springframework.test.context.support.DelegatingSmartContextLoader', parent = [null]]]
16:56:54.513 [Test worker] DEBUG org.springframework.test.context.cache - Spring test ApplicationContext cache statistics: [DefaultContextCache@5ba9e383 size = 1, parentContextCount = 0, hitCount = 15, missCount = 1]
16:56:54.513 [Test worker] DEBUG org.springframework.test.context.jdbc.SqlScriptsTestExecutionListener - Executing SQL scripts: [class path resource [sqls/CallLogRepository_callsBwDates2.sql]]
16:56:54.513 [Test worker] DEBUG org.springframework.test.context.cache.DefaultCacheAwareContextLoaderDelegate - Retrieved ApplicationContext from cache with key [[MergedContextConfiguration@2b681049 testClass = CallLogRepositoryTest, locations = '{}', classes = '{class com.mycompany.config.SpringTestCfg}', contextInitializerClasses = '[]', activeProfiles = '{test}', propertySourceLocations = '{}', propertySourceProperties = '{}', contextLoader = 'org.springframework.test.context.support.DelegatingSmartContextLoader', parent = [null]]]
16:56:54.513 [Test worker] DEBUG org.springframework.test.context.cache - Spring test ApplicationContext cache statistics: [DefaultContextCache@5ba9e383 size = 1, parentContextCount = 0, hitCount = 16, missCount = 1]
16:56:54.513 [Test worker] DEBUG org.springframework.beans.factory.support.DefaultListableBeanFactory - Returning cached instance of singleton bean 'dataSource'
16:56:54.513 [Test worker] DEBUG org.springframework.test.context.cache.DefaultCacheAwareContextLoaderDelegate - Retrieved ApplicationContext from cache with key [[MergedContextConfiguration@2b681049 testClass = CallLogRepositoryTest, locations = '{}', classes = '{class com.mycompany.config.SpringTestCfg}', contextInitializerClasses = '[]', activeProfiles = '{test}', propertySourceLocations = '{}', propertySourceProperties = '{}', contextLoader = 'org.springframework.test.context.support.DelegatingSmartContextLoader', parent = [null]]]
16:56:54.514 [Test worker] DEBUG org.springframework.test.context.cache - Spring test ApplicationContext cache statistics: [DefaultContextCache@5ba9e383 size = 1, parentContextCount = 0, hitCount = 17, missCount = 1]
16:56:54.514 [Test worker] DEBUG org.springframework.beans.factory.support.DefaultListableBeanFactory - Returning cached instance of singleton bean 'transactionManager'
16:56:54.514 [Test worker] DEBUG org.springframework.orm.hibernate4.HibernateTransactionManager - Creating new transaction with name [com.mycompany.dbRepository.CallLogRepositoryTest.shouldReturnLocationOfFirstParty]: PROPAGATION_REQUIRED,ISOLATION_DEFAULT
16:56:54.514 [Test worker] DEBUG org.springframework.orm.hibernate4.HibernateTransactionManager - Opened new Session [SessionImpl(PersistenceContext[entityKeys=[],collectionKeys=[]];ActionQueue[insertions=org.hibernate.engine.spi.ExecutableList@6fa76579 updates=org.hibernate.engine.spi.ExecutableList@2569379e deletions=org.hibernate.engine.spi.ExecutableList@6a16f619 orphanRemovals=org.hibernate.engine.spi.ExecutableList@2bc5af88 collectionCreations=org.hibernate.engine.spi.ExecutableList@7f1d9b24 collectionRemovals=org.hibernate.engine.spi.ExecutableList@13a4969e collectionUpdates=org.hibernate.engine.spi.ExecutableList@4edf1ccd collectionQueuedOps=org.hibernate.engine.spi.ExecutableList@48e04371 unresolvedInsertDependencies=UnresolvedEntityInsertActions[]])] for Hibernate transaction
16:56:54.514 [Test worker] DEBUG org.springframework.orm.hibernate4.HibernateTransactionManager - Preparing JDBC Connection of Hibernate Session [SessionImpl(PersistenceContext[entityKeys=[],collectionKeys=[]];ActionQueue[insertions=org.hibernate.engine.spi.ExecutableList@6fa76579 updates=org.hibernate.engine.spi.ExecutableList@2569379e deletions=org.hibernate.engine.spi.ExecutableList@6a16f619 orphanRemovals=org.hibernate.engine.spi.ExecutableList@2bc5af88 collectionCreations=org.hibernate.engine.spi.ExecutableList@7f1d9b24 collectionRemovals=org.hibernate.engine.spi.ExecutableList@13a4969e collectionUpdates=org.hibernate.engine.spi.ExecutableList@4edf1ccd collectionQueuedOps=org.hibernate.engine.spi.ExecutableList@48e04371 unresolvedInsertDependencies=UnresolvedEntityInsertActions[]])]
16:56:54.514 [Test worker] DEBUG org.hibernate.engine.jdbc.internal.LogicalConnectionImpl - Obtaining JDBC connection
16:56:54.514 [Test worker] DEBUG com.mchange.v2.resourcepool.BasicResourcePool - trace com.mchange.v2.resourcepool.BasicResourcePool@14f30e94 [managed: 3, unused: 2, excluded: 0] (e.g. com.mchange.v2.c3p0.impl.NewPooledConnection@7fe529bb)
16:56:54.514 [Test worker] DEBUG org.hibernate.engine.jdbc.internal.LogicalConnectionImpl - Obtained JDBC connection
16:56:54.514 [Test worker] DEBUG org.hibernate.engine.transaction.spi.AbstractTransactionImpl - begin
16:56:54.514 [Test worker] DEBUG org.hibernate.engine.transaction.internal.jdbc.JdbcTransaction - initial autocommit status: true
16:56:54.514 [Test worker] DEBUG org.hibernate.engine.transaction.internal.jdbc.JdbcTransaction - disabling autocommit
16:56:54.514 [Test worker] DEBUG org.springframework.orm.hibernate4.HibernateTransactionManager - Exposing Hibernate transaction as JDBC transaction [com.mchange.v2.c3p0.impl.NewProxyConnection@6c90486c]
16:56:54.514 [Test worker] INFO org.springframework.jdbc.datasource.init.ScriptUtils - Executing SQL script from class path resource [sqls/CallLogRepository_callsBwDates2.sql]
16:56:54.515 [Test worker] DEBUG org.springframework.jdbc.datasource.init.ScriptUtils - 1 returned as update count for SQL: INSERT INTO person( id, name, phone_no, address) VALUES (12, 'CS', '95382', 'KK Pudur'); 
16:56:54.516 [Test worker] DEBUG org.springframework.jdbc.datasource.init.ScriptUtils - 1 returned as update count for SQL: INSERT INTO call_log( call_log_id, id, party_phone_no, call_type, start_time, end_time, location) VALUES (109,12,'15','IN','2016-06-03 00:00:00','2016-06-03 00:10:00', 'BANGALORE'); 
16:56:54.516 [Test worker] DEBUG org.springframework.jdbc.datasource.init.ScriptUtils - 1 returned as update count for SQL: INSERT INTO call_log( call_log_id, id, party_phone_no, call_type, start_time, end_time, location) VALUES (113,12,'15','IN','2016-06-03 00:20:00','2016-06-03 01:00:00', 'BANGALORE'); 
16:56:54.516 [Test worker] DEBUG org.springframework.jdbc.datasource.init.ScriptUtils - 1 returned as update count for SQL: INSERT INTO call_log( call_log_id, id, party_phone_no, call_type, start_time, end_time, location) VALUES (114,12,'15','OUT','2016-06-04 01:20:00','2016-06-04 01:30:00', 'HYDERABAD'); 
16:56:54.517 [Test worker] DEBUG org.springframework.jdbc.datasource.init.ScriptUtils - 1 returned as update count for SQL: INSERT INTO call_log( call_log_id, id, party_phone_no, call_type, start_time, end_time, location) VALUES (110,12,'16','IN','2016-06-03 12:00:00','2016-06-03 00:10:00', 'HYDERABAD'); 
16:56:54.517 [Test worker] DEBUG org.springframework.jdbc.datasource.init.ScriptUtils - 1 returned as update count for SQL: INSERT INTO call_log( call_log_id, id, party_phone_no, call_type, start_time, end_time, location) VALUES (111,12,'17','OUT','2016-06-04 01:20:00.231','2016-06-04 01:30:00', 'BANGALORE'); 
16:56:54.517 [Test worker] DEBUG org.springframework.jdbc.datasource.init.ScriptUtils - 1 returned as update count for SQL: INSERT INTO call_log( call_log_id, id, party_phone_no, call_type, start_time, end_time, location) VALUES (112,12,'18','IN','2016-06-04 01:00:00','2016-06-04 02:01:00', 'PUNE'); 
16:56:54.517 [Test worker] INFO org.springframework.jdbc.datasource.init.ScriptUtils - Executed SQL script from class path resource [sqls/CallLogRepository_callsBwDates2.sql] in 3 ms.
16:56:54.517 [Test worker] DEBUG org.springframework.orm.hibernate4.HibernateTransactionManager - Initiating transaction commit
16:56:54.517 [Test worker] DEBUG org.springframework.orm.hibernate4.HibernateTransactionManager - Committing Hibernate transaction on Session [SessionImpl(PersistenceContext[entityKeys=[],collectionKeys=[]];ActionQueue[insertions=org.hibernate.engine.spi.ExecutableList@6fa76579 updates=org.hibernate.engine.spi.ExecutableList@2569379e deletions=org.hibernate.engine.spi.ExecutableList@6a16f619 orphanRemovals=org.hibernate.engine.spi.ExecutableList@2bc5af88 collectionCreations=org.hibernate.engine.spi.ExecutableList@7f1d9b24 collectionRemovals=org.hibernate.engine.spi.ExecutableList@13a4969e collectionUpdates=org.hibernate.engine.spi.ExecutableList@4edf1ccd collectionQueuedOps=org.hibernate.engine.spi.ExecutableList@48e04371 unresolvedInsertDependencies=UnresolvedEntityInsertActions[]])]
16:56:54.517 [Test worker] DEBUG org.hibernate.engine.transaction.spi.AbstractTransactionImpl - committing
16:56:54.518 [Test worker] DEBUG org.hibernate.engine.transaction.internal.jdbc.JdbcTransaction - committed JDBC Connection
16:56:54.518 [Test worker] DEBUG org.hibernate.engine.transaction.internal.jdbc.JdbcTransaction - re-enabling autocommit
16:56:54.518 [Test worker] DEBUG org.springframework.orm.hibernate4.HibernateTransactionManager - Closing Hibernate Session [SessionImpl(PersistenceContext[entityKeys=[],collectionKeys=[]];ActionQueue[insertions=org.hibernate.engine.spi.ExecutableList@6fa76579 updates=org.hibernate.engine.spi.ExecutableList@2569379e deletions=org.hibernate.engine.spi.ExecutableList@6a16f619 orphanRemovals=org.hibernate.engine.spi.ExecutableList@2bc5af88 collectionCreations=org.hibernate.engine.spi.ExecutableList@7f1d9b24 collectionRemovals=org.hibernate.engine.spi.ExecutableList@13a4969e collectionUpdates=org.hibernate.engine.spi.ExecutableList@4edf1ccd collectionQueuedOps=org.hibernate.engine.spi.ExecutableList@48e04371 unresolvedInsertDependencies=UnresolvedEntityInsertActions[]])] after transaction
16:56:54.518 [Test worker] DEBUG org.hibernate.engine.jdbc.internal.LogicalConnectionImpl - Releasing JDBC connection
16:56:54.518 [Test worker] DEBUG com.mchange.v2.resourcepool.BasicResourcePool - trace com.mchange.v2.resourcepool.BasicResourcePool@14f30e94 [managed: 3, unused: 2, excluded: 0] (e.g. com.mchange.v2.c3p0.impl.NewPooledConnection@7fe529bb)
16:56:54.518 [Test worker] DEBUG org.hibernate.engine.jdbc.internal.LogicalConnectionImpl - Released JDBC connection
16:56:54.518 [Test worker] INFO com.mycompany.config.SpringCfg - stat timeFri Jun 03 00:00:00 IST 2016end timeSat Jun 04 01:30:00 IST 2016
16:56:54.518 [Test worker] DEBUG org.springframework.orm.hibernate4.HibernateTransactionManager - Creating new transaction with name [org.springframework.data.jpa.repository.support.SimpleJpaRepository.findOne]: PROPAGATION_REQUIRED,ISOLATION_DEFAULT,readOnly; ''
16:56:54.519 [Test worker] DEBUG org.springframework.orm.hibernate4.HibernateTransactionManager - Opened new Session [SessionImpl(PersistenceContext[entityKeys=[],collectionKeys=[]];ActionQueue[insertions=org.hibernate.engine.spi.ExecutableList@1c6979f2 updates=org.hibernate.engine.spi.ExecutableList@3e160708 deletions=org.hibernate.engine.spi.ExecutableList@5f44f0a7 orphanRemovals=org.hibernate.engine.spi.ExecutableList@9a1b4df collectionCreations=org.hibernate.engine.spi.ExecutableList@5ed0faf0 collectionRemovals=org.hibernate.engine.spi.ExecutableList@50f08865 collectionUpdates=org.hibernate.engine.spi.ExecutableList@28c99b14 collectionQueuedOps=org.hibernate.engine.spi.ExecutableList@2ccad59e unresolvedInsertDependencies=UnresolvedEntityInsertActions[]])] for Hibernate transaction
16:56:54.519 [Test worker] DEBUG org.springframework.orm.hibernate4.HibernateTransactionManager - Preparing JDBC Connection of Hibernate Session [SessionImpl(PersistenceContext[entityKeys=[],collectionKeys=[]];ActionQueue[insertions=org.hibernate.engine.spi.ExecutableList@1c6979f2 updates=org.hibernate.engine.spi.ExecutableList@3e160708 deletions=org.hibernate.engine.spi.ExecutableList@5f44f0a7 orphanRemovals=org.hibernate.engine.spi.ExecutableList@9a1b4df collectionCreations=org.hibernate.engine.spi.ExecutableList@5ed0faf0 collectionRemovals=org.hibernate.engine.spi.ExecutableList@50f08865 collectionUpdates=org.hibernate.engine.spi.ExecutableList@28c99b14 collectionQueuedOps=org.hibernate.engine.spi.ExecutableList@2ccad59e unresolvedInsertDependencies=UnresolvedEntityInsertActions[]])]
16:56:54.519 [Test worker] DEBUG org.hibernate.engine.jdbc.internal.LogicalConnectionImpl - Obtaining JDBC connection
16:56:54.519 [Test worker] DEBUG com.mchange.v2.resourcepool.BasicResourcePool - trace com.mchange.v2.resourcepool.BasicResourcePool@14f30e94 [managed: 3, unused: 2, excluded: 0] (e.g. com.mchange.v2.c3p0.impl.NewPooledConnection@7fe529bb)
16:56:54.519 [Test worker] DEBUG org.hibernate.engine.jdbc.internal.LogicalConnectionImpl - Obtained JDBC connection
16:56:54.519 [Test worker] DEBUG org.springframework.jdbc.datasource.DataSourceUtils - Setting JDBC Connection [com.mchange.v2.c3p0.impl.NewProxyConnection@2173b0fa] read-only
16:56:54.519 [Test worker] DEBUG org.hibernate.engine.transaction.spi.AbstractTransactionImpl - begin
16:56:54.519 [Test worker] DEBUG org.hibernate.engine.transaction.internal.jdbc.JdbcTransaction - initial autocommit status: true
16:56:54.519 [Test worker] DEBUG org.hibernate.engine.transaction.internal.jdbc.JdbcTransaction - disabling autocommit
16:56:54.519 [Test worker] DEBUG org.springframework.orm.hibernate4.HibernateTransactionManager - Exposing Hibernate transaction as JDBC transaction [com.mchange.v2.c3p0.impl.NewProxyConnection@2173b0fa]
16:56:54.519 [Test worker] DEBUG org.springframework.orm.jpa.EntityManagerFactoryUtils - Opening JPA EntityManager
16:56:54.520 [Test worker] DEBUG org.springframework.orm.jpa.EntityManagerFactoryUtils - Registering transaction synchronization for JPA EntityManager
16:56:54.520 [Test worker] DEBUG org.hibernate.SQL - select personinfo0_.id as id1_1_0_, personinfo0_.address as address2_1_0_, personinfo0_.name as name3_1_0_, personinfo0_.phone_no as phone_no4_1_0_ from person personinfo0_ where personinfo0_.id=?
16:56:54.520 [Test worker] DEBUG org.hibernate.engine.jdbc.internal.LogicalConnectionImpl - Obtaining JDBC connection
16:56:54.520 [Test worker] DEBUG com.mchange.v2.resourcepool.BasicResourcePool - trace com.mchange.v2.resourcepool.BasicResourcePool@14f30e94 [managed: 3, unused: 1, excluded: 0] (e.g. com.mchange.v2.c3p0.impl.NewPooledConnection@7fe529bb)
16:56:54.520 [Test worker] DEBUG org.hibernate.engine.jdbc.internal.LogicalConnectionImpl - Obtained JDBC connection
16:56:54.520 [Test worker] DEBUG org.hibernate.loader.plan.exec.process.internal.ResultSetProcessorImpl - Starting ResultSet row #0
16:56:54.520 [Test worker] DEBUG org.hibernate.loader.plan.exec.process.internal.EntityReferenceInitializerImpl - On call to EntityIdentifierReaderImpl#resolve, EntityKey was already known; should only happen on root returns with an optional identifier specified
16:56:54.520 [Test worker] DEBUG org.hibernate.engine.internal.TwoPhaseLoad - Resolving associations for [com.mycompany.dbEntity.PersonInfo#12]
16:56:54.520 [Test worker] DEBUG org.hibernate.engine.internal.TwoPhaseLoad - Done materializing entity [com.mycompany.dbEntity.PersonInfo#12]
16:56:54.521 [Test worker] DEBUG org.hibernate.loader.entity.plan.AbstractLoadPlanBasedEntityLoader - Done entity load : com.mycompany.dbEntity.PersonInfo#12
16:56:54.521 [Test worker] DEBUG org.springframework.orm.jpa.EntityManagerFactoryUtils - Closing JPA EntityManager
16:56:54.521 [Test worker] DEBUG org.hibernate.engine.jdbc.internal.LogicalConnectionImpl - Releasing JDBC connection
16:56:54.521 [Test worker] DEBUG com.mchange.v2.resourcepool.BasicResourcePool - trace com.mchange.v2.resourcepool.BasicResourcePool@14f30e94 [managed: 3, unused: 1, excluded: 0] (e.g. com.mchange.v2.c3p0.impl.NewPooledConnection@7fe529bb)
16:56:54.521 [Test worker] DEBUG org.hibernate.engine.jdbc.internal.LogicalConnectionImpl - Released JDBC connection
16:56:54.521 [Test worker] DEBUG org.springframework.orm.hibernate4.HibernateTransactionManager - Initiating transaction commit
16:56:54.521 [Test worker] DEBUG org.springframework.orm.hibernate4.HibernateTransactionManager - Committing Hibernate transaction on Session [SessionImpl(PersistenceContext[entityKeys=[],collectionKeys=[]];ActionQueue[insertions=org.hibernate.engine.spi.ExecutableList@1c6979f2 updates=org.hibernate.engine.spi.ExecutableList@3e160708 deletions=org.hibernate.engine.spi.ExecutableList@5f44f0a7 orphanRemovals=org.hibernate.engine.spi.ExecutableList@9a1b4df collectionCreations=org.hibernate.engine.spi.ExecutableList@5ed0faf0 collectionRemovals=org.hibernate.engine.spi.ExecutableList@50f08865 collectionUpdates=org.hibernate.engine.spi.ExecutableList@28c99b14 collectionQueuedOps=org.hibernate.engine.spi.ExecutableList@2ccad59e unresolvedInsertDependencies=UnresolvedEntityInsertActions[]])]
16:56:54.521 [Test worker] DEBUG org.hibernate.engine.transaction.spi.AbstractTransactionImpl - committing
16:56:54.521 [Test worker] DEBUG org.hibernate.engine.transaction.internal.jdbc.JdbcTransaction - committed JDBC Connection
16:56:54.521 [Test worker] DEBUG org.hibernate.engine.transaction.internal.jdbc.JdbcTransaction - re-enabling autocommit
16:56:54.521 [Test worker] DEBUG org.springframework.orm.hibernate4.HibernateTransactionManager - Closing Hibernate Session [SessionImpl(PersistenceContext[entityKeys=[],collectionKeys=[]];ActionQueue[insertions=org.hibernate.engine.spi.ExecutableList@1c6979f2 updates=org.hibernate.engine.spi.ExecutableList@3e160708 deletions=org.hibernate.engine.spi.ExecutableList@5f44f0a7 orphanRemovals=org.hibernate.engine.spi.ExecutableList@9a1b4df collectionCreations=org.hibernate.engine.spi.ExecutableList@5ed0faf0 collectionRemovals=org.hibernate.engine.spi.ExecutableList@50f08865 collectionUpdates=org.hibernate.engine.spi.ExecutableList@28c99b14 collectionQueuedOps=org.hibernate.engine.spi.ExecutableList@2ccad59e unresolvedInsertDependencies=UnresolvedEntityInsertActions[]])] after transaction
16:56:54.521 [Test worker] DEBUG org.hibernate.engine.jdbc.internal.LogicalConnectionImpl - Releasing JDBC connection
16:56:54.521 [Test worker] DEBUG com.mchange.v2.resourcepool.BasicResourcePool - trace com.mchange.v2.resourcepool.BasicResourcePool@14f30e94 [managed: 3, unused: 2, excluded: 0] (e.g. com.mchange.v2.c3p0.impl.NewPooledConnection@7fe529bb)
16:56:54.521 [Test worker] DEBUG org.hibernate.engine.jdbc.internal.LogicalConnectionImpl - Released JDBC connection
16:56:54.522 [Test worker] DEBUG org.springframework.orm.jpa.SharedEntityManagerCreator$SharedEntityManagerInvocationHandler - Creating new EntityManager for shared EntityManager invocation
16:56:54.522 [Test worker] DEBUG org.hibernate.SQL - select callloginf0_.call_log_id as call_log1_0_, callloginf0_.end_time as end_time2_0_, callloginf0_.start_time as start_ti3_0_, callloginf0_.call_type as call_typ4_0_, callloginf0_.location as location5_0_, callloginf0_.party_phone_no as party_ph6_0_, callloginf0_.id as id7_0_ from call_log callloginf0_ where callloginf0_.id=? and callloginf0_.start_time>=? and callloginf0_.end_time<=? order by callloginf0_.start_time asc
16:56:54.522 [Test worker] DEBUG org.hibernate.engine.jdbc.internal.LogicalConnectionImpl - Obtaining JDBC connection
16:56:54.522 [Test worker] DEBUG com.mchange.v2.resourcepool.BasicResourcePool - trace com.mchange.v2.resourcepool.BasicResourcePool@14f30e94 [managed: 3, unused: 2, excluded: 0] (e.g. com.mchange.v2.c3p0.impl.NewPooledConnection@7fe529bb)
16:56:54.522 [Test worker] DEBUG org.hibernate.engine.jdbc.internal.LogicalConnectionImpl - Obtained JDBC connection
16:56:54.523 [Test worker] DEBUG org.hibernate.loader.Loader - Result set row: 0
16:56:54.523 [Test worker] DEBUG org.hibernate.loader.Loader - Result row: EntityKey[com.mycompany.dbEntity.CallLogInfo#109]
16:56:54.523 [Test worker] DEBUG org.hibernate.loader.Loader - Result set row: 1
16:56:54.523 [Test worker] DEBUG org.hibernate.loader.Loader - Result row: EntityKey[com.mycompany.dbEntity.CallLogInfo#113]
16:56:54.524 [Test worker] DEBUG org.hibernate.loader.Loader - Result set row: 2
16:56:54.524 [Test worker] DEBUG org.hibernate.loader.Loader - Result row: EntityKey[com.mycompany.dbEntity.CallLogInfo#110]
16:56:54.524 [Test worker] DEBUG org.hibernate.loader.Loader - Result set row: 3
16:56:54.524 [Test worker] DEBUG org.hibernate.loader.Loader - Result row: EntityKey[com.mycompany.dbEntity.CallLogInfo#114]
16:56:54.524 [Test worker] DEBUG org.hibernate.loader.Loader - Result set row: 4
16:56:54.524 [Test worker] DEBUG org.hibernate.loader.Loader - Result row: EntityKey[com.mycompany.dbEntity.CallLogInfo#111]
16:56:54.524 [Test worker] DEBUG org.hibernate.engine.internal.TwoPhaseLoad - Resolving associations for [com.mycompany.dbEntity.CallLogInfo#109]
16:56:54.524 [Test worker] DEBUG org.hibernate.engine.internal.TwoPhaseLoad - Done materializing entity [com.mycompany.dbEntity.CallLogInfo#109]
16:56:54.524 [Test worker] DEBUG org.hibernate.engine.internal.TwoPhaseLoad - Resolving associations for [com.mycompany.dbEntity.CallLogInfo#113]
16:56:54.524 [Test worker] DEBUG org.hibernate.engine.internal.TwoPhaseLoad - Done materializing entity [com.mycompany.dbEntity.CallLogInfo#113]
16:56:54.524 [Test worker] DEBUG org.hibernate.engine.internal.TwoPhaseLoad - Resolving associations for [com.mycompany.dbEntity.CallLogInfo#110]
16:56:54.524 [Test worker] DEBUG org.hibernate.engine.internal.TwoPhaseLoad - Done materializing entity [com.mycompany.dbEntity.CallLogInfo#110]
16:56:54.524 [Test worker] DEBUG org.hibernate.engine.internal.TwoPhaseLoad - Resolving associations for [com.mycompany.dbEntity.CallLogInfo#114]
16:56:54.525 [Test worker] DEBUG org.hibernate.engine.internal.TwoPhaseLoad - Done materializing entity [com.mycompany.dbEntity.CallLogInfo#114]
16:56:54.525 [Test worker] DEBUG org.hibernate.engine.internal.TwoPhaseLoad - Resolving associations for [com.mycompany.dbEntity.CallLogInfo#111]
16:56:54.525 [Test worker] DEBUG org.hibernate.engine.internal.TwoPhaseLoad - Done materializing entity [com.mycompany.dbEntity.CallLogInfo#111]
16:56:54.525 [Test worker] DEBUG org.springframework.orm.jpa.EntityManagerFactoryUtils - Closing JPA EntityManager
16:56:54.525 [Test worker] DEBUG org.hibernate.engine.jdbc.internal.LogicalConnectionImpl - Releasing JDBC connection
16:56:54.525 [Test worker] DEBUG com.mchange.v2.resourcepool.BasicResourcePool - trace com.mchange.v2.resourcepool.BasicResourcePool@14f30e94 [managed: 3, unused: 2, excluded: 0] (e.g. com.mchange.v2.c3p0.impl.NewPooledConnection@7fe529bb)
16:56:54.525 [Test worker] DEBUG org.hibernate.engine.jdbc.internal.LogicalConnectionImpl - Released JDBC connection
16:56:54.525 [Test worker] DEBUG org.springframework.orm.hibernate4.HibernateTransactionManager - Creating new transaction with name [org.springframework.data.jpa.repository.support.SimpleJpaRepository.findOne]: PROPAGATION_REQUIRED,ISOLATION_DEFAULT,readOnly; ''
16:56:54.525 [Test worker] DEBUG org.springframework.orm.hibernate4.HibernateTransactionManager - Opened new Session [SessionImpl(PersistenceContext[entityKeys=[],collectionKeys=[]];ActionQueue[insertions=org.hibernate.engine.spi.ExecutableList@2cb88103 updates=org.hibernate.engine.spi.ExecutableList@fb9ca5 deletions=org.hibernate.engine.spi.ExecutableList@4462e5f orphanRemovals=org.hibernate.engine.spi.ExecutableList@651b5990 collectionCreations=org.hibernate.engine.spi.ExecutableList@dc36ca9 collectionRemovals=org.hibernate.engine.spi.ExecutableList@5101d700 collectionUpdates=org.hibernate.engine.spi.ExecutableList@64803fa9 collectionQueuedOps=org.hibernate.engine.spi.ExecutableList@5b682d70 unresolvedInsertDependencies=UnresolvedEntityInsertActions[]])] for Hibernate transaction
16:56:54.525 [Test worker] DEBUG org.springframework.orm.hibernate4.HibernateTransactionManager - Preparing JDBC Connection of Hibernate Session [SessionImpl(PersistenceContext[entityKeys=[],collectionKeys=[]];ActionQueue[insertions=org.hibernate.engine.spi.ExecutableList@2cb88103 updates=org.hibernate.engine.spi.ExecutableList@fb9ca5 deletions=org.hibernate.engine.spi.ExecutableList@4462e5f orphanRemovals=org.hibernate.engine.spi.ExecutableList@651b5990 collectionCreations=org.hibernate.engine.spi.ExecutableList@dc36ca9 collectionRemovals=org.hibernate.engine.spi.ExecutableList@5101d700 collectionUpdates=org.hibernate.engine.spi.ExecutableList@64803fa9 collectionQueuedOps=org.hibernate.engine.spi.ExecutableList@5b682d70 unresolvedInsertDependencies=UnresolvedEntityInsertActions[]])]
16:56:54.525 [Test worker] DEBUG org.hibernate.engine.jdbc.internal.LogicalConnectionImpl - Obtaining JDBC connection
16:56:54.525 [Test worker] DEBUG com.mchange.v2.resourcepool.BasicResourcePool - trace com.mchange.v2.resourcepool.BasicResourcePool@14f30e94 [managed: 3, unused: 2, excluded: 0] (e.g. com.mchange.v2.c3p0.impl.NewPooledConnection@7fe529bb)
16:56:54.525 [Test worker] DEBUG org.hibernate.engine.jdbc.internal.LogicalConnectionImpl - Obtained JDBC connection
16:56:54.525 [Test worker] DEBUG org.springframework.jdbc.datasource.DataSourceUtils - Setting JDBC Connection [com.mchange.v2.c3p0.impl.NewProxyConnection@12bed3ec] read-only
16:56:54.525 [Test worker] DEBUG org.hibernate.engine.transaction.spi.AbstractTransactionImpl - begin
16:56:54.525 [Test worker] DEBUG org.hibernate.engine.transaction.internal.jdbc.JdbcTransaction - initial autocommit status: true
16:56:54.525 [Test worker] DEBUG org.hibernate.engine.transaction.internal.jdbc.JdbcTransaction - disabling autocommit
16:56:54.526 [Test worker] DEBUG org.springframework.orm.hibernate4.HibernateTransactionManager - Exposing Hibernate transaction as JDBC transaction [com.mchange.v2.c3p0.impl.NewProxyConnection@12bed3ec]
16:56:54.526 [Test worker] DEBUG org.springframework.orm.jpa.EntityManagerFactoryUtils - Opening JPA EntityManager
16:56:54.526 [Test worker] DEBUG org.springframework.orm.jpa.EntityManagerFactoryUtils - Registering transaction synchronization for JPA EntityManager
16:56:54.526 [Test worker] DEBUG org.hibernate.SQL - select callloginf0_.call_log_id as call_log1_0_0_, callloginf0_.end_time as end_time2_0_0_, callloginf0_.start_time as start_ti3_0_0_, callloginf0_.call_type as call_typ4_0_0_, callloginf0_.location as location5_0_0_, callloginf0_.party_phone_no as party_ph6_0_0_, callloginf0_.id as id7_0_0_ from call_log callloginf0_ where callloginf0_.call_log_id=?
16:56:54.526 [Test worker] DEBUG org.hibernate.engine.jdbc.internal.LogicalConnectionImpl - Obtaining JDBC connection
16:56:54.526 [Test worker] DEBUG com.mchange.v2.resourcepool.BasicResourcePool - trace com.mchange.v2.resourcepool.BasicResourcePool@14f30e94 [managed: 3, unused: 1, excluded: 0] (e.g. com.mchange.v2.c3p0.impl.NewPooledConnection@7fe529bb)
16:56:54.526 [Test worker] DEBUG org.hibernate.engine.jdbc.internal.LogicalConnectionImpl - Obtained JDBC connection
16:56:54.526 [Test worker] DEBUG org.hibernate.loader.plan.exec.process.internal.ResultSetProcessorImpl - Starting ResultSet row #0
16:56:54.526 [Test worker] DEBUG org.hibernate.loader.plan.exec.process.internal.EntityReferenceInitializerImpl - On call to EntityIdentifierReaderImpl#resolve, EntityKey was already known; should only happen on root returns with an optional identifier specified
16:56:54.527 [Test worker] DEBUG org.hibernate.engine.internal.TwoPhaseLoad - Resolving associations for [com.mycompany.dbEntity.CallLogInfo#109]
16:56:54.527 [Test worker] DEBUG org.hibernate.engine.internal.TwoPhaseLoad - Done materializing entity [com.mycompany.dbEntity.CallLogInfo#109]
16:56:54.527 [Test worker] DEBUG org.hibernate.loader.entity.plan.AbstractLoadPlanBasedEntityLoader - Done entity load : com.mycompany.dbEntity.CallLogInfo#109
16:56:54.527 [Test worker] DEBUG org.springframework.orm.jpa.EntityManagerFactoryUtils - Closing JPA EntityManager
16:56:54.527 [Test worker] DEBUG org.hibernate.engine.jdbc.internal.LogicalConnectionImpl - Releasing JDBC connection
16:56:54.528 [Test worker] DEBUG com.mchange.v2.resourcepool.BasicResourcePool - trace com.mchange.v2.resourcepool.BasicResourcePool@14f30e94 [managed: 3, unused: 1, excluded: 0] (e.g. com.mchange.v2.c3p0.impl.NewPooledConnection@7fe529bb)
16:56:54.528 [Test worker] DEBUG org.hibernate.engine.jdbc.internal.LogicalConnectionImpl - Released JDBC connection
16:56:54.528 [Test worker] DEBUG org.springframework.orm.hibernate4.HibernateTransactionManager - Initiating transaction commit
16:56:54.528 [Test worker] DEBUG org.springframework.orm.hibernate4.HibernateTransactionManager - Committing Hibernate transaction on Session [SessionImpl(PersistenceContext[entityKeys=[],collectionKeys=[]];ActionQueue[insertions=org.hibernate.engine.spi.ExecutableList@2cb88103 updates=org.hibernate.engine.spi.ExecutableList@fb9ca5 deletions=org.hibernate.engine.spi.ExecutableList@4462e5f orphanRemovals=org.hibernate.engine.spi.ExecutableList@651b5990 collectionCreations=org.hibernate.engine.spi.ExecutableList@dc36ca9 collectionRemovals=org.hibernate.engine.spi.ExecutableList@5101d700 collectionUpdates=org.hibernate.engine.spi.ExecutableList@64803fa9 collectionQueuedOps=org.hibernate.engine.spi.ExecutableList@5b682d70 unresolvedInsertDependencies=UnresolvedEntityInsertActions[]])]
16:56:54.528 [Test worker] DEBUG org.hibernate.engine.transaction.spi.AbstractTransactionImpl - committing
16:56:54.528 [Test worker] DEBUG org.hibernate.engine.transaction.internal.jdbc.JdbcTransaction - committed JDBC Connection
16:56:54.528 [Test worker] DEBUG org.hibernate.engine.transaction.internal.jdbc.JdbcTransaction - re-enabling autocommit
16:56:54.528 [Test worker] DEBUG org.springframework.orm.hibernate4.HibernateTransactionManager - Closing Hibernate Session [SessionImpl(PersistenceContext[entityKeys=[],collectionKeys=[]];ActionQueue[insertions=org.hibernate.engine.spi.ExecutableList@2cb88103 updates=org.hibernate.engine.spi.ExecutableList@fb9ca5 deletions=org.hibernate.engine.spi.ExecutableList@4462e5f orphanRemovals=org.hibernate.engine.spi.ExecutableList@651b5990 collectionCreations=org.hibernate.engine.spi.ExecutableList@dc36ca9 collectionRemovals=org.hibernate.engine.spi.ExecutableList@5101d700 collectionUpdates=org.hibernate.engine.spi.ExecutableList@64803fa9 collectionQueuedOps=org.hibernate.engine.spi.ExecutableList@5b682d70 unresolvedInsertDependencies=UnresolvedEntityInsertActions[]])] after transaction
16:56:54.528 [Test worker] DEBUG org.hibernate.engine.jdbc.internal.LogicalConnectionImpl - Releasing JDBC connection
16:56:54.528 [Test worker] DEBUG com.mchange.v2.resourcepool.BasicResourcePool - trace com.mchange.v2.resourcepool.BasicResourcePool@14f30e94 [managed: 3, unused: 2, excluded: 0] (e.g. com.mchange.v2.c3p0.impl.NewPooledConnection@7fe529bb)
16:56:54.528 [Test worker] DEBUG org.hibernate.engine.jdbc.internal.LogicalConnectionImpl - Released JDBC connection
16:56:54.529 [Test worker] DEBUG org.springframework.orm.hibernate4.HibernateTransactionManager - Creating new transaction with name [org.springframework.data.jpa.repository.support.SimpleJpaRepository.findOne]: PROPAGATION_REQUIRED,ISOLATION_DEFAULT,readOnly; ''
16:56:54.529 [Test worker] DEBUG org.springframework.orm.hibernate4.HibernateTransactionManager - Opened new Session [SessionImpl(PersistenceContext[entityKeys=[],collectionKeys=[]];ActionQueue[insertions=org.hibernate.engine.spi.ExecutableList@39790691 updates=org.hibernate.engine.spi.ExecutableList@453815b0 deletions=org.hibernate.engine.spi.ExecutableList@63dfe6e0 orphanRemovals=org.hibernate.engine.spi.ExecutableList@6462cd9d collectionCreations=org.hibernate.engine.spi.ExecutableList@155e120e collectionRemovals=org.hibernate.engine.spi.ExecutableList@104e0080 collectionUpdates=org.hibernate.engine.spi.ExecutableList@cba0c8f collectionQueuedOps=org.hibernate.engine.spi.ExecutableList@7e4626a0 unresolvedInsertDependencies=UnresolvedEntityInsertActions[]])] for Hibernate transaction
16:56:54.529 [Test worker] DEBUG org.springframework.orm.hibernate4.HibernateTransactionManager - Preparing JDBC Connection of Hibernate Session [SessionImpl(PersistenceContext[entityKeys=[],collectionKeys=[]];ActionQueue[insertions=org.hibernate.engine.spi.ExecutableList@39790691 updates=org.hibernate.engine.spi.ExecutableList@453815b0 deletions=org.hibernate.engine.spi.ExecutableList@63dfe6e0 orphanRemovals=org.hibernate.engine.spi.ExecutableList@6462cd9d collectionCreations=org.hibernate.engine.spi.ExecutableList@155e120e collectionRemovals=org.hibernate.engine.spi.ExecutableList@104e0080 collectionUpdates=org.hibernate.engine.spi.ExecutableList@cba0c8f collectionQueuedOps=org.hibernate.engine.spi.ExecutableList@7e4626a0 unresolvedInsertDependencies=UnresolvedEntityInsertActions[]])]
16:56:54.529 [Test worker] DEBUG org.hibernate.engine.jdbc.internal.LogicalConnectionImpl - Obtaining JDBC connection
16:56:54.529 [Test worker] DEBUG com.mchange.v2.resourcepool.BasicResourcePool - trace com.mchange.v2.resourcepool.BasicResourcePool@14f30e94 [managed: 3, unused: 2, excluded: 0] (e.g. com.mchange.v2.c3p0.impl.NewPooledConnection@7fe529bb)
16:56:54.529 [Test worker] DEBUG org.hibernate.engine.jdbc.internal.LogicalConnectionImpl - Obtained JDBC connection
16:56:54.529 [Test worker] DEBUG org.springframework.jdbc.datasource.DataSourceUtils - Setting JDBC Connection [com.mchange.v2.c3p0.impl.NewProxyConnection@7bc7ccf9] read-only
16:56:54.529 [Test worker] DEBUG org.hibernate.engine.transaction.spi.AbstractTransactionImpl - begin
16:56:54.529 [Test worker] DEBUG org.hibernate.engine.transaction.internal.jdbc.JdbcTransaction - initial autocommit status: true
16:56:54.529 [Test worker] DEBUG org.hibernate.engine.transaction.internal.jdbc.JdbcTransaction - disabling autocommit
16:56:54.529 [Test worker] DEBUG org.springframework.orm.hibernate4.HibernateTransactionManager - Exposing Hibernate transaction as JDBC transaction [com.mchange.v2.c3p0.impl.NewProxyConnection@7bc7ccf9]
16:56:54.529 [Test worker] DEBUG org.springframework.orm.jpa.EntityManagerFactoryUtils - Opening JPA EntityManager
16:56:54.530 [Test worker] DEBUG org.springframework.orm.jpa.EntityManagerFactoryUtils - Registering transaction synchronization for JPA EntityManager
16:56:54.530 [Test worker] DEBUG org.hibernate.SQL - select callloginf0_.call_log_id as call_log1_0_0_, callloginf0_.end_time as end_time2_0_0_, callloginf0_.start_time as start_ti3_0_0_, callloginf0_.call_type as call_typ4_0_0_, callloginf0_.location as location5_0_0_, callloginf0_.party_phone_no as party_ph6_0_0_, callloginf0_.id as id7_0_0_ from call_log callloginf0_ where callloginf0_.call_log_id=?
16:56:54.530 [Test worker] DEBUG org.hibernate.engine.jdbc.internal.LogicalConnectionImpl - Obtaining JDBC connection
16:56:54.530 [Test worker] DEBUG com.mchange.v2.resourcepool.BasicResourcePool - trace com.mchange.v2.resourcepool.BasicResourcePool@14f30e94 [managed: 3, unused: 1, excluded: 0] (e.g. com.mchange.v2.c3p0.impl.NewPooledConnection@7fe529bb)
16:56:54.530 [Test worker] DEBUG org.hibernate.engine.jdbc.internal.LogicalConnectionImpl - Obtained JDBC connection
16:56:54.530 [Test worker] DEBUG org.hibernate.loader.plan.exec.process.internal.ResultSetProcessorImpl - Starting ResultSet row #0
16:56:54.530 [Test worker] DEBUG org.hibernate.loader.plan.exec.process.internal.EntityReferenceInitializerImpl - On call to EntityIdentifierReaderImpl#resolve, EntityKey was already known; should only happen on root returns with an optional identifier specified
16:56:54.530 [Test worker] DEBUG org.hibernate.engine.internal.TwoPhaseLoad - Resolving associations for [com.mycompany.dbEntity.CallLogInfo#113]
16:56:54.531 [Test worker] DEBUG org.hibernate.engine.internal.TwoPhaseLoad - Done materializing entity [com.mycompany.dbEntity.CallLogInfo#113]
16:56:54.531 [Test worker] DEBUG org.hibernate.loader.entity.plan.AbstractLoadPlanBasedEntityLoader - Done entity load : com.mycompany.dbEntity.CallLogInfo#113
16:56:54.531 [Test worker] DEBUG org.springframework.orm.jpa.EntityManagerFactoryUtils - Closing JPA EntityManager
16:56:54.531 [Test worker] DEBUG org.hibernate.engine.jdbc.internal.LogicalConnectionImpl - Releasing JDBC connection
16:56:54.531 [Test worker] DEBUG com.mchange.v2.resourcepool.BasicResourcePool - trace com.mchange.v2.resourcepool.BasicResourcePool@14f30e94 [managed: 3, unused: 1, excluded: 0] (e.g. com.mchange.v2.c3p0.impl.NewPooledConnection@7fe529bb)
16:56:54.531 [Test worker] DEBUG org.hibernate.engine.jdbc.internal.LogicalConnectionImpl - Released JDBC connection
16:56:54.531 [Test worker] DEBUG org.springframework.orm.hibernate4.HibernateTransactionManager - Initiating transaction commit
16:56:54.531 [Test worker] DEBUG org.springframework.orm.hibernate4.HibernateTransactionManager - Committing Hibernate transaction on Session [SessionImpl(PersistenceContext[entityKeys=[],collectionKeys=[]];ActionQueue[insertions=org.hibernate.engine.spi.ExecutableList@39790691 updates=org.hibernate.engine.spi.ExecutableList@453815b0 deletions=org.hibernate.engine.spi.ExecutableList@63dfe6e0 orphanRemovals=org.hibernate.engine.spi.ExecutableList@6462cd9d collectionCreations=org.hibernate.engine.spi.ExecutableList@155e120e collectionRemovals=org.hibernate.engine.spi.ExecutableList@104e0080 collectionUpdates=org.hibernate.engine.spi.ExecutableList@cba0c8f collectionQueuedOps=org.hibernate.engine.spi.ExecutableList@7e4626a0 unresolvedInsertDependencies=UnresolvedEntityInsertActions[]])]
16:56:54.531 [Test worker] DEBUG org.hibernate.engine.transaction.spi.AbstractTransactionImpl - committing
16:56:54.531 [Test worker] DEBUG org.hibernate.engine.transaction.internal.jdbc.JdbcTransaction - committed JDBC Connection
16:56:54.531 [Test worker] DEBUG org.hibernate.engine.transaction.internal.jdbc.JdbcTransaction - re-enabling autocommit
16:56:54.531 [Test worker] DEBUG org.springframework.orm.hibernate4.HibernateTransactionManager - Closing Hibernate Session [SessionImpl(PersistenceContext[entityKeys=[],collectionKeys=[]];ActionQueue[insertions=org.hibernate.engine.spi.ExecutableList@39790691 updates=org.hibernate.engine.spi.ExecutableList@453815b0 deletions=org.hibernate.engine.spi.ExecutableList@63dfe6e0 orphanRemovals=org.hibernate.engine.spi.ExecutableList@6462cd9d collectionCreations=org.hibernate.engine.spi.ExecutableList@155e120e collectionRemovals=org.hibernate.engine.spi.ExecutableList@104e0080 collectionUpdates=org.hibernate.engine.spi.ExecutableList@cba0c8f collectionQueuedOps=org.hibernate.engine.spi.ExecutableList@7e4626a0 unresolvedInsertDependencies=UnresolvedEntityInsertActions[]])] after transaction
16:56:54.532 [Test worker] DEBUG org.hibernate.engine.jdbc.internal.LogicalConnectionImpl - Releasing JDBC connection
16:56:54.532 [Test worker] DEBUG com.mchange.v2.resourcepool.BasicResourcePool - trace com.mchange.v2.resourcepool.BasicResourcePool@14f30e94 [managed: 3, unused: 2, excluded: 0] (e.g. com.mchange.v2.c3p0.impl.NewPooledConnection@7fe529bb)
16:56:54.532 [Test worker] DEBUG org.hibernate.engine.jdbc.internal.LogicalConnectionImpl - Released JDBC connection
16:56:54.532 [Test worker] DEBUG org.springframework.orm.hibernate4.HibernateTransactionManager - Creating new transaction with name [org.springframework.data.jpa.repository.support.SimpleJpaRepository.findOne]: PROPAGATION_REQUIRED,ISOLATION_DEFAULT,readOnly; ''
16:56:54.532 [Test worker] DEBUG org.springframework.orm.hibernate4.HibernateTransactionManager - Opened new Session [SessionImpl(PersistenceContext[entityKeys=[],collectionKeys=[]];ActionQueue[insertions=org.hibernate.engine.spi.ExecutableList@515f85e5 updates=org.hibernate.engine.spi.ExecutableList@4772330f deletions=org.hibernate.engine.spi.ExecutableList@b6e1c96 orphanRemovals=org.hibernate.engine.spi.ExecutableList@48a90596 collectionCreations=org.hibernate.engine.spi.ExecutableList@65f4c1cb collectionRemovals=org.hibernate.engine.spi.ExecutableList@33487c31 collectionUpdates=org.hibernate.engine.spi.ExecutableList@48b94c62 collectionQueuedOps=org.hibernate.engine.spi.ExecutableList@48bc6556 unresolvedInsertDependencies=UnresolvedEntityInsertActions[]])] for Hibernate transaction
16:56:54.532 [Test worker] DEBUG org.springframework.orm.hibernate4.HibernateTransactionManager - Preparing JDBC Connection of Hibernate Session [SessionImpl(PersistenceContext[entityKeys=[],collectionKeys=[]];ActionQueue[insertions=org.hibernate.engine.spi.ExecutableList@515f85e5 updates=org.hibernate.engine.spi.ExecutableList@4772330f deletions=org.hibernate.engine.spi.ExecutableList@b6e1c96 orphanRemovals=org.hibernate.engine.spi.ExecutableList@48a90596 collectionCreations=org.hibernate.engine.spi.ExecutableList@65f4c1cb collectionRemovals=org.hibernate.engine.spi.ExecutableList@33487c31 collectionUpdates=org.hibernate.engine.spi.ExecutableList@48b94c62 collectionQueuedOps=org.hibernate.engine.spi.ExecutableList@48bc6556 unresolvedInsertDependencies=UnresolvedEntityInsertActions[]])]
16:56:54.532 [Test worker] DEBUG org.hibernate.engine.jdbc.internal.LogicalConnectionImpl - Obtaining JDBC connection
16:56:54.532 [Test worker] DEBUG com.mchange.v2.resourcepool.BasicResourcePool - trace com.mchange.v2.resourcepool.BasicResourcePool@14f30e94 [managed: 3, unused: 2, excluded: 0] (e.g. com.mchange.v2.c3p0.impl.NewPooledConnection@7fe529bb)
16:56:54.532 [Test worker] DEBUG org.hibernate.engine.jdbc.internal.LogicalConnectionImpl - Obtained JDBC connection
16:56:54.532 [Test worker] DEBUG org.springframework.jdbc.datasource.DataSourceUtils - Setting JDBC Connection [com.mchange.v2.c3p0.impl.NewProxyConnection@7b5c53b6] read-only
16:56:54.532 [Test worker] DEBUG org.hibernate.engine.transaction.spi.AbstractTransactionImpl - begin
16:56:54.532 [Test worker] DEBUG org.hibernate.engine.transaction.internal.jdbc.JdbcTransaction - initial autocommit status: true
16:56:54.532 [Test worker] DEBUG org.hibernate.engine.transaction.internal.jdbc.JdbcTransaction - disabling autocommit
16:56:54.532 [Test worker] DEBUG org.springframework.orm.hibernate4.HibernateTransactionManager - Exposing Hibernate transaction as JDBC transaction [com.mchange.v2.c3p0.impl.NewProxyConnection@7b5c53b6]
16:56:54.533 [Test worker] DEBUG org.springframework.orm.jpa.EntityManagerFactoryUtils - Opening JPA EntityManager
16:56:54.533 [Test worker] DEBUG org.springframework.orm.jpa.EntityManagerFactoryUtils - Registering transaction synchronization for JPA EntityManager
16:56:54.534 [Test worker] DEBUG org.hibernate.SQL - select callloginf0_.call_log_id as call_log1_0_0_, callloginf0_.end_time as end_time2_0_0_, callloginf0_.start_time as start_ti3_0_0_, callloginf0_.call_type as call_typ4_0_0_, callloginf0_.location as location5_0_0_, callloginf0_.party_phone_no as party_ph6_0_0_, callloginf0_.id as id7_0_0_ from call_log callloginf0_ where callloginf0_.call_log_id=?
16:56:54.534 [Test worker] DEBUG org.hibernate.engine.jdbc.internal.LogicalConnectionImpl - Obtaining JDBC connection
16:56:54.534 [Test worker] DEBUG com.mchange.v2.resourcepool.BasicResourcePool - trace com.mchange.v2.resourcepool.BasicResourcePool@14f30e94 [managed: 3, unused: 1, excluded: 0] (e.g. com.mchange.v2.c3p0.impl.NewPooledConnection@7fe529bb)
16:56:54.534 [Test worker] DEBUG org.hibernate.engine.jdbc.internal.LogicalConnectionImpl - Obtained JDBC connection
16:56:54.534 [Test worker] DEBUG org.hibernate.loader.plan.exec.process.internal.ResultSetProcessorImpl - Starting ResultSet row #0
16:56:54.534 [Test worker] DEBUG org.hibernate.loader.plan.exec.process.internal.EntityReferenceInitializerImpl - On call to EntityIdentifierReaderImpl#resolve, EntityKey was already known; should only happen on root returns with an optional identifier specified
16:56:54.535 [Test worker] DEBUG org.hibernate.engine.internal.TwoPhaseLoad - Resolving associations for [com.mycompany.dbEntity.CallLogInfo#110]
16:56:54.535 [Test worker] DEBUG org.hibernate.engine.internal.TwoPhaseLoad - Done materializing entity [com.mycompany.dbEntity.CallLogInfo#110]
16:56:54.535 [Test worker] DEBUG org.hibernate.loader.entity.plan.AbstractLoadPlanBasedEntityLoader - Done entity load : com.mycompany.dbEntity.CallLogInfo#110
16:56:54.535 [Test worker] DEBUG org.springframework.orm.jpa.EntityManagerFactoryUtils - Closing JPA EntityManager
16:56:54.535 [Test worker] DEBUG org.hibernate.engine.jdbc.internal.LogicalConnectionImpl - Releasing JDBC connection
16:56:54.535 [Test worker] DEBUG com.mchange.v2.resourcepool.BasicResourcePool - trace com.mchange.v2.resourcepool.BasicResourcePool@14f30e94 [managed: 3, unused: 1, excluded: 0] (e.g. com.mchange.v2.c3p0.impl.NewPooledConnection@7fe529bb)
16:56:54.535 [Test worker] DEBUG org.hibernate.engine.jdbc.internal.LogicalConnectionImpl - Released JDBC connection
16:56:54.535 [Test worker] DEBUG org.springframework.orm.hibernate4.HibernateTransactionManager - Initiating transaction commit
16:56:54.536 [Test worker] DEBUG org.springframework.orm.hibernate4.HibernateTransactionManager - Committing Hibernate transaction on Session [SessionImpl(PersistenceContext[entityKeys=[],collectionKeys=[]];ActionQueue[insertions=org.hibernate.engine.spi.ExecutableList@515f85e5 updates=org.hibernate.engine.spi.ExecutableList@4772330f deletions=org.hibernate.engine.spi.ExecutableList@b6e1c96 orphanRemovals=org.hibernate.engine.spi.ExecutableList@48a90596 collectionCreations=org.hibernate.engine.spi.ExecutableList@65f4c1cb collectionRemovals=org.hibernate.engine.spi.ExecutableList@33487c31 collectionUpdates=org.hibernate.engine.spi.ExecutableList@48b94c62 collectionQueuedOps=org.hibernate.engine.spi.ExecutableList@48bc6556 unresolvedInsertDependencies=UnresolvedEntityInsertActions[]])]
16:56:54.536 [Test worker] DEBUG org.hibernate.engine.transaction.spi.AbstractTransactionImpl - committing
16:56:54.536 [Test worker] DEBUG org.hibernate.engine.transaction.internal.jdbc.JdbcTransaction - committed JDBC Connection
16:56:54.536 [Test worker] DEBUG org.hibernate.engine.transaction.internal.jdbc.JdbcTransaction - re-enabling autocommit
16:56:54.536 [Test worker] DEBUG org.springframework.orm.hibernate4.HibernateTransactionManager - Closing Hibernate Session [SessionImpl(PersistenceContext[entityKeys=[],collectionKeys=[]];ActionQueue[insertions=org.hibernate.engine.spi.ExecutableList@515f85e5 updates=org.hibernate.engine.spi.ExecutableList@4772330f deletions=org.hibernate.engine.spi.ExecutableList@b6e1c96 orphanRemovals=org.hibernate.engine.spi.ExecutableList@48a90596 collectionCreations=org.hibernate.engine.spi.ExecutableList@65f4c1cb collectionRemovals=org.hibernate.engine.spi.ExecutableList@33487c31 collectionUpdates=org.hibernate.engine.spi.ExecutableList@48b94c62 collectionQueuedOps=org.hibernate.engine.spi.ExecutableList@48bc6556 unresolvedInsertDependencies=UnresolvedEntityInsertActions[]])] after transaction
16:56:54.536 [Test worker] DEBUG org.hibernate.engine.jdbc.internal.LogicalConnectionImpl - Releasing JDBC connection
16:56:54.536 [Test worker] DEBUG com.mchange.v2.resourcepool.BasicResourcePool - trace com.mchange.v2.resourcepool.BasicResourcePool@14f30e94 [managed: 3, unused: 2, excluded: 0] (e.g. com.mchange.v2.c3p0.impl.NewPooledConnection@7fe529bb)
16:56:54.536 [Test worker] DEBUG org.hibernate.engine.jdbc.internal.LogicalConnectionImpl - Released JDBC connection
16:56:54.536 [Test worker] DEBUG org.springframework.orm.hibernate4.HibernateTransactionManager - Creating new transaction with name [org.springframework.data.jpa.repository.support.SimpleJpaRepository.findOne]: PROPAGATION_REQUIRED,ISOLATION_DEFAULT,readOnly; ''
16:56:54.536 [Test worker] DEBUG org.springframework.orm.hibernate4.HibernateTransactionManager - Opened new Session [SessionImpl(PersistenceContext[entityKeys=[],collectionKeys=[]];ActionQueue[insertions=org.hibernate.engine.spi.ExecutableList@2ed09716 updates=org.hibernate.engine.spi.ExecutableList@7d63607d deletions=org.hibernate.engine.spi.ExecutableList@7f265e5b orphanRemovals=org.hibernate.engine.spi.ExecutableList@33066315 collectionCreations=org.hibernate.engine.spi.ExecutableList@19c42a44 collectionRemovals=org.hibernate.engine.spi.ExecutableList@7f42d189 collectionUpdates=org.hibernate.engine.spi.ExecutableList@325b8cbc collectionQueuedOps=org.hibernate.engine.spi.ExecutableList@32454f29 unresolvedInsertDependencies=UnresolvedEntityInsertActions[]])] for Hibernate transaction
16:56:54.536 [Test worker] DEBUG org.springframework.orm.hibernate4.HibernateTransactionManager - Preparing JDBC Connection of Hibernate Session [SessionImpl(PersistenceContext[entityKeys=[],collectionKeys=[]];ActionQueue[insertions=org.hibernate.engine.spi.ExecutableList@2ed09716 updates=org.hibernate.engine.spi.ExecutableList@7d63607d deletions=org.hibernate.engine.spi.ExecutableList@7f265e5b orphanRemovals=org.hibernate.engine.spi.ExecutableList@33066315 collectionCreations=org.hibernate.engine.spi.ExecutableList@19c42a44 collectionRemovals=org.hibernate.engine.spi.ExecutableList@7f42d189 collectionUpdates=org.hibernate.engine.spi.ExecutableList@325b8cbc collectionQueuedOps=org.hibernate.engine.spi.ExecutableList@32454f29 unresolvedInsertDependencies=UnresolvedEntityInsertActions[]])]
16:56:54.536 [Test worker] DEBUG org.hibernate.engine.jdbc.internal.LogicalConnectionImpl - Obtaining JDBC connection
16:56:54.537 [Test worker] DEBUG com.mchange.v2.resourcepool.BasicResourcePool - trace com.mchange.v2.resourcepool.BasicResourcePool@14f30e94 [managed: 3, unused: 2, excluded: 0] (e.g. com.mchange.v2.c3p0.impl.NewPooledConnection@7fe529bb)
16:56:54.537 [Test worker] DEBUG org.hibernate.engine.jdbc.internal.LogicalConnectionImpl - Obtained JDBC connection
16:56:54.537 [Test worker] DEBUG org.springframework.jdbc.datasource.DataSourceUtils - Setting JDBC Connection [com.mchange.v2.c3p0.impl.NewProxyConnection@63cc9372] read-only
16:56:54.537 [Test worker] DEBUG org.hibernate.engine.transaction.spi.AbstractTransactionImpl - begin
16:56:54.537 [Test worker] DEBUG org.hibernate.engine.transaction.internal.jdbc.JdbcTransaction - initial autocommit status: true
16:56:54.537 [Test worker] DEBUG org.hibernate.engine.transaction.internal.jdbc.JdbcTransaction - disabling autocommit
16:56:54.537 [Test worker] DEBUG org.springframework.orm.hibernate4.HibernateTransactionManager - Exposing Hibernate transaction as JDBC transaction [com.mchange.v2.c3p0.impl.NewProxyConnection@63cc9372]
16:56:54.537 [Test worker] DEBUG org.springframework.orm.jpa.EntityManagerFactoryUtils - Opening JPA EntityManager
16:56:54.537 [Test worker] DEBUG org.springframework.orm.jpa.EntityManagerFactoryUtils - Registering transaction synchronization for JPA EntityManager
16:56:54.537 [Test worker] DEBUG org.hibernate.SQL - select callloginf0_.call_log_id as call_log1_0_0_, callloginf0_.end_time as end_time2_0_0_, callloginf0_.start_time as start_ti3_0_0_, callloginf0_.call_type as call_typ4_0_0_, callloginf0_.location as location5_0_0_, callloginf0_.party_phone_no as party_ph6_0_0_, callloginf0_.id as id7_0_0_ from call_log callloginf0_ where callloginf0_.call_log_id=?
16:56:54.537 [Test worker] DEBUG org.hibernate.engine.jdbc.internal.LogicalConnectionImpl - Obtaining JDBC connection
16:56:54.538 [Test worker] DEBUG com.mchange.v2.resourcepool.BasicResourcePool - trace com.mchange.v2.resourcepool.BasicResourcePool@14f30e94 [managed: 3, unused: 1, excluded: 0] (e.g. com.mchange.v2.c3p0.impl.NewPooledConnection@7fe529bb)
16:56:54.538 [Test worker] DEBUG org.hibernate.engine.jdbc.internal.LogicalConnectionImpl - Obtained JDBC connection
16:56:54.538 [Test worker] DEBUG org.hibernate.loader.plan.exec.process.internal.ResultSetProcessorImpl - Starting ResultSet row #0
16:56:54.538 [Test worker] DEBUG org.hibernate.loader.plan.exec.process.internal.EntityReferenceInitializerImpl - On call to EntityIdentifierReaderImpl#resolve, EntityKey was already known; should only happen on root returns with an optional identifier specified
16:56:54.538 [Test worker] DEBUG org.hibernate.engine.internal.TwoPhaseLoad - Resolving associations for [com.mycompany.dbEntity.CallLogInfo#114]
16:56:54.539 [Test worker] DEBUG org.hibernate.engine.internal.TwoPhaseLoad - Done materializing entity [com.mycompany.dbEntity.CallLogInfo#114]
16:56:54.539 [Test worker] DEBUG org.hibernate.loader.entity.plan.AbstractLoadPlanBasedEntityLoader - Done entity load : com.mycompany.dbEntity.CallLogInfo#114
16:56:54.539 [Test worker] DEBUG org.springframework.orm.jpa.EntityManagerFactoryUtils - Closing JPA EntityManager
16:56:54.539 [Test worker] DEBUG org.hibernate.engine.jdbc.internal.LogicalConnectionImpl - Releasing JDBC connection
16:56:54.539 [Test worker] DEBUG com.mchange.v2.resourcepool.BasicResourcePool - trace com.mchange.v2.resourcepool.BasicResourcePool@14f30e94 [managed: 3, unused: 1, excluded: 0] (e.g. com.mchange.v2.c3p0.impl.NewPooledConnection@7fe529bb)
16:56:54.539 [Test worker] DEBUG org.hibernate.engine.jdbc.internal.LogicalConnectionImpl - Released JDBC connection
16:56:54.539 [Test worker] DEBUG org.springframework.orm.hibernate4.HibernateTransactionManager - Initiating transaction commit
16:56:54.539 [Test worker] DEBUG org.springframework.orm.hibernate4.HibernateTransactionManager - Committing Hibernate transaction on Session [SessionImpl(PersistenceContext[entityKeys=[],collectionKeys=[]];ActionQueue[insertions=org.hibernate.engine.spi.ExecutableList@2ed09716 updates=org.hibernate.engine.spi.ExecutableList@7d63607d deletions=org.hibernate.engine.spi.ExecutableList@7f265e5b orphanRemovals=org.hibernate.engine.spi.ExecutableList@33066315 collectionCreations=org.hibernate.engine.spi.ExecutableList@19c42a44 collectionRemovals=org.hibernate.engine.spi.ExecutableList@7f42d189 collectionUpdates=org.hibernate.engine.spi.ExecutableList@325b8cbc collectionQueuedOps=org.hibernate.engine.spi.ExecutableList@32454f29 unresolvedInsertDependencies=UnresolvedEntityInsertActions[]])]
16:56:54.539 [Test worker] DEBUG org.hibernate.engine.transaction.spi.AbstractTransactionImpl - committing
16:56:54.540 [Test worker] DEBUG org.hibernate.engine.transaction.internal.jdbc.JdbcTransaction - committed JDBC Connection
16:56:54.540 [Test worker] DEBUG org.hibernate.engine.transaction.internal.jdbc.JdbcTransaction - re-enabling autocommit
16:56:54.540 [Test worker] DEBUG org.springframework.orm.hibernate4.HibernateTransactionManager - Closing Hibernate Session [SessionImpl(PersistenceContext[entityKeys=[],collectionKeys=[]];ActionQueue[insertions=org.hibernate.engine.spi.ExecutableList@2ed09716 updates=org.hibernate.engine.spi.ExecutableList@7d63607d deletions=org.hibernate.engine.spi.ExecutableList@7f265e5b orphanRemovals=org.hibernate.engine.spi.ExecutableList@33066315 collectionCreations=org.hibernate.engine.spi.ExecutableList@19c42a44 collectionRemovals=org.hibernate.engine.spi.ExecutableList@7f42d189 collectionUpdates=org.hibernate.engine.spi.ExecutableList@325b8cbc collectionQueuedOps=org.hibernate.engine.spi.ExecutableList@32454f29 unresolvedInsertDependencies=UnresolvedEntityInsertActions[]])] after transaction
16:56:54.540 [Test worker] DEBUG org.hibernate.engine.jdbc.internal.LogicalConnectionImpl - Releasing JDBC connection
16:56:54.540 [Test worker] DEBUG com.mchange.v2.resourcepool.BasicResourcePool - trace com.mchange.v2.resourcepool.BasicResourcePool@14f30e94 [managed: 3, unused: 2, excluded: 0] (e.g. com.mchange.v2.c3p0.impl.NewPooledConnection@7fe529bb)
16:56:54.540 [Test worker] DEBUG org.hibernate.engine.jdbc.internal.LogicalConnectionImpl - Released JDBC connection
16:56:54.540 [Test worker] DEBUG org.springframework.orm.hibernate4.HibernateTransactionManager - Creating new transaction with name [org.springframework.data.jpa.repository.support.SimpleJpaRepository.findOne]: PROPAGATION_REQUIRED,ISOLATION_DEFAULT,readOnly; ''
16:56:54.540 [Test worker] DEBUG org.springframework.orm.hibernate4.HibernateTransactionManager - Opened new Session [SessionImpl(PersistenceContext[entityKeys=[],collectionKeys=[]];ActionQueue[insertions=org.hibernate.engine.spi.ExecutableList@3820152d updates=org.hibernate.engine.spi.ExecutableList@43d7ef42 deletions=org.hibernate.engine.spi.ExecutableList@5dbc23fc orphanRemovals=org.hibernate.engine.spi.ExecutableList@794df7c9 collectionCreations=org.hibernate.engine.spi.ExecutableList@41fc1cb0 collectionRemovals=org.hibernate.engine.spi.ExecutableList@3d2d5632 collectionUpdates=org.hibernate.engine.spi.ExecutableList@1b221a8 collectionQueuedOps=org.hibernate.engine.spi.ExecutableList@17d77de8 unresolvedInsertDependencies=UnresolvedEntityInsertActions[]])] for Hibernate transaction
16:56:54.540 [Test worker] DEBUG org.springframework.orm.hibernate4.HibernateTransactionManager - Preparing JDBC Connection of Hibernate Session [SessionImpl(PersistenceContext[entityKeys=[],collectionKeys=[]];ActionQueue[insertions=org.hibernate.engine.spi.ExecutableList@3820152d updates=org.hibernate.engine.spi.ExecutableList@43d7ef42 deletions=org.hibernate.engine.spi.ExecutableList@5dbc23fc orphanRemovals=org.hibernate.engine.spi.ExecutableList@794df7c9 collectionCreations=org.hibernate.engine.spi.ExecutableList@41fc1cb0 collectionRemovals=org.hibernate.engine.spi.ExecutableList@3d2d5632 collectionUpdates=org.hibernate.engine.spi.ExecutableList@1b221a8 collectionQueuedOps=org.hibernate.engine.spi.ExecutableList@17d77de8 unresolvedInsertDependencies=UnresolvedEntityInsertActions[]])]
16:56:54.540 [Test worker] DEBUG org.hibernate.engine.jdbc.internal.LogicalConnectionImpl - Obtaining JDBC connection
16:56:54.541 [Test worker] DEBUG com.mchange.v2.resourcepool.BasicResourcePool - trace com.mchange.v2.resourcepool.BasicResourcePool@14f30e94 [managed: 3, unused: 2, excluded: 0] (e.g. com.mchange.v2.c3p0.impl.NewPooledConnection@7fe529bb)
16:56:54.541 [Test worker] DEBUG org.hibernate.engine.jdbc.internal.LogicalConnectionImpl - Obtained JDBC connection
16:56:54.541 [Test worker] DEBUG org.springframework.jdbc.datasource.DataSourceUtils - Setting JDBC Connection [com.mchange.v2.c3p0.impl.NewProxyConnection@61a4a617] read-only
16:56:54.541 [Test worker] DEBUG org.hibernate.engine.transaction.spi.AbstractTransactionImpl - begin
16:56:54.541 [Test worker] DEBUG org.hibernate.engine.transaction.internal.jdbc.JdbcTransaction - initial autocommit status: true
16:56:54.541 [Test worker] DEBUG org.hibernate.engine.transaction.internal.jdbc.JdbcTransaction - disabling autocommit
16:56:54.541 [Test worker] DEBUG org.springframework.orm.hibernate4.HibernateTransactionManager - Exposing Hibernate transaction as JDBC transaction [com.mchange.v2.c3p0.impl.NewProxyConnection@61a4a617]
16:56:54.541 [Test worker] DEBUG org.springframework.orm.jpa.EntityManagerFactoryUtils - Opening JPA EntityManager
16:56:54.541 [Test worker] DEBUG org.springframework.orm.jpa.EntityManagerFactoryUtils - Registering transaction synchronization for JPA EntityManager
16:56:54.541 [Test worker] DEBUG org.hibernate.SQL - select callloginf0_.call_log_id as call_log1_0_0_, callloginf0_.end_time as end_time2_0_0_, callloginf0_.start_time as start_ti3_0_0_, callloginf0_.call_type as call_typ4_0_0_, callloginf0_.location as location5_0_0_, callloginf0_.party_phone_no as party_ph6_0_0_, callloginf0_.id as id7_0_0_ from call_log callloginf0_ where callloginf0_.call_log_id=?
16:56:54.541 [Test worker] DEBUG org.hibernate.engine.jdbc.internal.LogicalConnectionImpl - Obtaining JDBC connection
16:56:54.541 [Test worker] DEBUG com.mchange.v2.resourcepool.BasicResourcePool - trace com.mchange.v2.resourcepool.BasicResourcePool@14f30e94 [managed: 3, unused: 1, excluded: 0] (e.g. com.mchange.v2.c3p0.impl.NewPooledConnection@7fe529bb)
16:56:54.541 [Test worker] DEBUG org.hibernate.engine.jdbc.internal.LogicalConnectionImpl - Obtained JDBC connection
16:56:54.542 [Test worker] DEBUG org.hibernate.loader.plan.exec.process.internal.ResultSetProcessorImpl - Starting ResultSet row #0
16:56:54.542 [Test worker] DEBUG org.hibernate.loader.plan.exec.process.internal.EntityReferenceInitializerImpl - On call to EntityIdentifierReaderImpl#resolve, EntityKey was already known; should only happen on root returns with an optional identifier specified
16:56:54.542 [Test worker] DEBUG org.hibernate.engine.internal.TwoPhaseLoad - Resolving associations for [com.mycompany.dbEntity.CallLogInfo#111]
16:56:54.542 [Test worker] DEBUG org.hibernate.engine.internal.TwoPhaseLoad - Done materializing entity [com.mycompany.dbEntity.CallLogInfo#111]
16:56:54.543 [Test worker] DEBUG org.hibernate.loader.entity.plan.AbstractLoadPlanBasedEntityLoader - Done entity load : com.mycompany.dbEntity.CallLogInfo#111
16:56:54.543 [Test worker] DEBUG org.springframework.orm.jpa.EntityManagerFactoryUtils - Closing JPA EntityManager
16:56:54.543 [Test worker] DEBUG org.hibernate.engine.jdbc.internal.LogicalConnectionImpl - Releasing JDBC connection
16:56:54.543 [Test worker] DEBUG com.mchange.v2.resourcepool.BasicResourcePool - trace com.mchange.v2.resourcepool.BasicResourcePool@14f30e94 [managed: 3, unused: 1, excluded: 0] (e.g. com.mchange.v2.c3p0.impl.NewPooledConnection@7fe529bb)
16:56:54.543 [Test worker] DEBUG org.hibernate.engine.jdbc.internal.LogicalConnectionImpl - Released JDBC connection
16:56:54.543 [Test worker] DEBUG org.springframework.orm.hibernate4.HibernateTransactionManager - Initiating transaction commit
16:56:54.543 [Test worker] DEBUG org.springframework.orm.hibernate4.HibernateTransactionManager - Committing Hibernate transaction on Session [SessionImpl(PersistenceContext[entityKeys=[],collectionKeys=[]];ActionQueue[insertions=org.hibernate.engine.spi.ExecutableList@3820152d updates=org.hibernate.engine.spi.ExecutableList@43d7ef42 deletions=org.hibernate.engine.spi.ExecutableList@5dbc23fc orphanRemovals=org.hibernate.engine.spi.ExecutableList@794df7c9 collectionCreations=org.hibernate.engine.spi.ExecutableList@41fc1cb0 collectionRemovals=org.hibernate.engine.spi.ExecutableList@3d2d5632 collectionUpdates=org.hibernate.engine.spi.ExecutableList@1b221a8 collectionQueuedOps=org.hibernate.engine.spi.ExecutableList@17d77de8 unresolvedInsertDependencies=UnresolvedEntityInsertActions[]])]
16:56:54.543 [Test worker] DEBUG org.hibernate.engine.transaction.spi.AbstractTransactionImpl - committing
16:56:54.543 [Test worker] DEBUG org.hibernate.engine.transaction.internal.jdbc.JdbcTransaction - committed JDBC Connection
16:56:54.543 [Test worker] DEBUG org.hibernate.engine.transaction.internal.jdbc.JdbcTransaction - re-enabling autocommit
16:56:54.543 [Test worker] DEBUG org.springframework.orm.hibernate4.HibernateTransactionManager - Closing Hibernate Session [SessionImpl(PersistenceContext[entityKeys=[],collectionKeys=[]];ActionQueue[insertions=org.hibernate.engine.spi.ExecutableList@3820152d updates=org.hibernate.engine.spi.ExecutableList@43d7ef42 deletions=org.hibernate.engine.spi.ExecutableList@5dbc23fc orphanRemovals=org.hibernate.engine.spi.ExecutableList@794df7c9 collectionCreations=org.hibernate.engine.spi.ExecutableList@41fc1cb0 collectionRemovals=org.hibernate.engine.spi.ExecutableList@3d2d5632 collectionUpdates=org.hibernate.engine.spi.ExecutableList@1b221a8 collectionQueuedOps=org.hibernate.engine.spi.ExecutableList@17d77de8 unresolvedInsertDependencies=UnresolvedEntityInsertActions[]])] after transaction
16:56:54.543 [Test worker] DEBUG org.hibernate.engine.jdbc.internal.LogicalConnectionImpl - Releasing JDBC connection
16:56:54.544 [Test worker] DEBUG com.mchange.v2.resourcepool.BasicResourcePool - trace com.mchange.v2.resourcepool.BasicResourcePool@14f30e94 [managed: 3, unused: 2, excluded: 0] (e.g. com.mchange.v2.c3p0.impl.NewPooledConnection@7fe529bb)
16:56:54.544 [Test worker] DEBUG org.hibernate.engine.jdbc.internal.LogicalConnectionImpl - Released JDBC connection
16:56:54.544 [Test worker] DEBUG org.springframework.test.context.jdbc.SqlScriptsTestExecutionListener - Processing [MergedSqlConfig@158cc7f5 dataSource = '', transactionManager = '', transactionMode = ISOLATED, encoding = '', separator = '@@', commentPrefix = '`', blockCommentStartDelimiter = '/*', blockCommentEndDelimiter = '*/', errorMode = FAIL_ON_ERROR] for execution phase [AFTER_TEST_METHOD] and test context [DefaultTestContext@836955f testClass = CallLogRepositoryTest, testInstance = com.mycompany.dbRepository.CallLogRepositoryTest@3f5e0ddf, testMethod = shouldReturnLocationOfFirstParty@CallLogRepositoryTest, testException = [null], mergedContextConfiguration = [MergedContextConfiguration@2b681049 testClass = CallLogRepositoryTest, locations = '{}', classes = '{class com.mycompany.config.SpringTestCfg}', contextInitializerClasses = '[]', activeProfiles = '{test}', propertySourceLocations = '{}', propertySourceProperties = '{}', contextLoader = 'org.springframework.test.context.support.DelegatingSmartContextLoader', parent = [null]]].
16:56:54.544 [Test worker] DEBUG org.springframework.test.context.cache.DefaultCacheAwareContextLoaderDelegate - Retrieved ApplicationContext from cache with key [[MergedContextConfiguration@2b681049 testClass = CallLogRepositoryTest, locations = '{}', classes = '{class com.mycompany.config.SpringTestCfg}', contextInitializerClasses = '[]', activeProfiles = '{test}', propertySourceLocations = '{}', propertySourceProperties = '{}', contextLoader = 'org.springframework.test.context.support.DelegatingSmartContextLoader', parent = [null]]]
16:56:54.544 [Test worker] DEBUG org.springframework.test.context.cache - Spring test ApplicationContext cache statistics: [DefaultContextCache@5ba9e383 size = 1, parentContextCount = 0, hitCount = 18, missCount = 1]
16:56:54.544 [Test worker] DEBUG org.springframework.test.context.jdbc.SqlScriptsTestExecutionListener - Executing SQL scripts: [class path resource [sqls/CallLogRepository_callsBwDates_del.sql]]
16:56:54.544 [Test worker] DEBUG org.springframework.test.context.cache.DefaultCacheAwareContextLoaderDelegate - Retrieved ApplicationContext from cache with key [[MergedContextConfiguration@2b681049 testClass = CallLogRepositoryTest, locations = '{}', classes = '{class com.mycompany.config.SpringTestCfg}', contextInitializerClasses = '[]', activeProfiles = '{test}', propertySourceLocations = '{}', propertySourceProperties = '{}', contextLoader = 'org.springframework.test.context.support.DelegatingSmartContextLoader', parent = [null]]]
16:56:54.544 [Test worker] DEBUG org.springframework.test.context.cache - Spring test ApplicationContext cache statistics: [DefaultContextCache@5ba9e383 size = 1, parentContextCount = 0, hitCount = 19, missCount = 1]
16:56:54.544 [Test worker] DEBUG org.springframework.beans.factory.support.DefaultListableBeanFactory - Returning cached instance of singleton bean 'dataSource'
16:56:54.544 [Test worker] DEBUG org.springframework.test.context.cache.DefaultCacheAwareContextLoaderDelegate - Retrieved ApplicationContext from cache with key [[MergedContextConfiguration@2b681049 testClass = CallLogRepositoryTest, locations = '{}', classes = '{class com.mycompany.config.SpringTestCfg}', contextInitializerClasses = '[]', activeProfiles = '{test}', propertySourceLocations = '{}', propertySourceProperties = '{}', contextLoader = 'org.springframework.test.context.support.DelegatingSmartContextLoader', parent = [null]]]
16:56:54.545 [Test worker] DEBUG org.springframework.test.context.cache - Spring test ApplicationContext cache statistics: [DefaultContextCache@5ba9e383 size = 1, parentContextCount = 0, hitCount = 20, missCount = 1]
16:56:54.545 [Test worker] DEBUG org.springframework.beans.factory.support.DefaultListableBeanFactory - Returning cached instance of singleton bean 'transactionManager'
16:56:54.545 [Test worker] DEBUG org.springframework.orm.hibernate4.HibernateTransactionManager - Creating new transaction with name [com.mycompany.dbRepository.CallLogRepositoryTest.shouldReturnLocationOfFirstParty]: PROPAGATION_REQUIRES_NEW,ISOLATION_DEFAULT
16:56:54.545 [Test worker] DEBUG org.springframework.orm.hibernate4.HibernateTransactionManager - Opened new Session [SessionImpl(PersistenceContext[entityKeys=[],collectionKeys=[]];ActionQueue[insertions=org.hibernate.engine.spi.ExecutableList@513876ee updates=org.hibernate.engine.spi.ExecutableList@3d4dff91 deletions=org.hibernate.engine.spi.ExecutableList@657b94de orphanRemovals=org.hibernate.engine.spi.ExecutableList@163b54eb collectionCreations=org.hibernate.engine.spi.ExecutableList@426dfc4 collectionRemovals=org.hibernate.engine.spi.ExecutableList@56c509a6 collectionUpdates=org.hibernate.engine.spi.ExecutableList@6f21aac4 collectionQueuedOps=org.hibernate.engine.spi.ExecutableList@237127c7 unresolvedInsertDependencies=UnresolvedEntityInsertActions[]])] for Hibernate transaction
16:56:54.545 [Test worker] DEBUG org.springframework.orm.hibernate4.HibernateTransactionManager - Preparing JDBC Connection of Hibernate Session [SessionImpl(PersistenceContext[entityKeys=[],collectionKeys=[]];ActionQueue[insertions=org.hibernate.engine.spi.ExecutableList@513876ee updates=org.hibernate.engine.spi.ExecutableList@3d4dff91 deletions=org.hibernate.engine.spi.ExecutableList@657b94de orphanRemovals=org.hibernate.engine.spi.ExecutableList@163b54eb collectionCreations=org.hibernate.engine.spi.ExecutableList@426dfc4 collectionRemovals=org.hibernate.engine.spi.ExecutableList@56c509a6 collectionUpdates=org.hibernate.engine.spi.ExecutableList@6f21aac4 collectionQueuedOps=org.hibernate.engine.spi.ExecutableList@237127c7 unresolvedInsertDependencies=UnresolvedEntityInsertActions[]])]
16:56:54.545 [Test worker] DEBUG org.hibernate.engine.jdbc.internal.LogicalConnectionImpl - Obtaining JDBC connection
16:56:54.545 [Test worker] DEBUG com.mchange.v2.resourcepool.BasicResourcePool - trace com.mchange.v2.resourcepool.BasicResourcePool@14f30e94 [managed: 3, unused: 2, excluded: 0] (e.g. com.mchange.v2.c3p0.impl.NewPooledConnection@7fe529bb)
16:56:54.545 [Test worker] DEBUG org.hibernate.engine.jdbc.internal.LogicalConnectionImpl - Obtained JDBC connection
16:56:54.545 [Test worker] DEBUG org.hibernate.engine.transaction.spi.AbstractTransactionImpl - begin
16:56:54.545 [Test worker] DEBUG org.hibernate.engine.transaction.internal.jdbc.JdbcTransaction - initial autocommit status: true
16:56:54.545 [Test worker] DEBUG org.hibernate.engine.transaction.internal.jdbc.JdbcTransaction - disabling autocommit
16:56:54.545 [Test worker] DEBUG org.springframework.orm.hibernate4.HibernateTransactionManager - Exposing Hibernate transaction as JDBC transaction [com.mchange.v2.c3p0.impl.NewProxyConnection@6f6da72e]
16:56:54.545 [Test worker] INFO org.springframework.jdbc.datasource.init.ScriptUtils - Executing SQL script from class path resource [sqls/CallLogRepository_callsBwDates_del.sql]
16:56:54.546 [Test worker] DEBUG org.springframework.jdbc.datasource.init.ScriptUtils - 6 returned as update count for SQL: delete from call_log 
16:56:54.546 [Test worker] DEBUG org.springframework.jdbc.datasource.init.ScriptUtils - 1 returned as update count for SQL: delete from person 
16:56:54.546 [Test worker] INFO org.springframework.jdbc.datasource.init.ScriptUtils - Executed SQL script from class path resource [sqls/CallLogRepository_callsBwDates_del.sql] in 1 ms.
16:56:54.546 [Test worker] DEBUG org.springframework.orm.hibernate4.HibernateTransactionManager - Initiating transaction commit
16:56:54.546 [Test worker] DEBUG org.springframework.orm.hibernate4.HibernateTransactionManager - Committing Hibernate transaction on Session [SessionImpl(PersistenceContext[entityKeys=[],collectionKeys=[]];ActionQueue[insertions=org.hibernate.engine.spi.ExecutableList@513876ee updates=org.hibernate.engine.spi.ExecutableList@3d4dff91 deletions=org.hibernate.engine.spi.ExecutableList@657b94de orphanRemovals=org.hibernate.engine.spi.ExecutableList@163b54eb collectionCreations=org.hibernate.engine.spi.ExecutableList@426dfc4 collectionRemovals=org.hibernate.engine.spi.ExecutableList@56c509a6 collectionUpdates=org.hibernate.engine.spi.ExecutableList@6f21aac4 collectionQueuedOps=org.hibernate.engine.spi.ExecutableList@237127c7 unresolvedInsertDependencies=UnresolvedEntityInsertActions[]])]
16:56:54.546 [Test worker] DEBUG org.hibernate.engine.transaction.spi.AbstractTransactionImpl - committing
16:56:54.547 [Test worker] DEBUG org.hibernate.engine.transaction.internal.jdbc.JdbcTransaction - committed JDBC Connection
16:56:54.547 [Test worker] DEBUG org.hibernate.engine.transaction.internal.jdbc.JdbcTransaction - re-enabling autocommit
16:56:54.547 [Test worker] DEBUG org.springframework.orm.hibernate4.HibernateTransactionManager - Closing Hibernate Session [SessionImpl(PersistenceContext[entityKeys=[],collectionKeys=[]];ActionQueue[insertions=org.hibernate.engine.spi.ExecutableList@513876ee updates=org.hibernate.engine.spi.ExecutableList@3d4dff91 deletions=org.hibernate.engine.spi.ExecutableList@657b94de orphanRemovals=org.hibernate.engine.spi.ExecutableList@163b54eb collectionCreations=org.hibernate.engine.spi.ExecutableList@426dfc4 collectionRemovals=org.hibernate.engine.spi.ExecutableList@56c509a6 collectionUpdates=org.hibernate.engine.spi.ExecutableList@6f21aac4 collectionQueuedOps=org.hibernate.engine.spi.ExecutableList@237127c7 unresolvedInsertDependencies=UnresolvedEntityInsertActions[]])] after transaction
16:56:54.547 [Test worker] DEBUG org.hibernate.engine.jdbc.internal.LogicalConnectionImpl - Releasing JDBC connection
16:56:54.547 [Test worker] DEBUG com.mchange.v2.resourcepool.BasicResourcePool - trace com.mchange.v2.resourcepool.BasicResourcePool@14f30e94 [managed: 3, unused: 2, excluded: 0] (e.g. com.mchange.v2.c3p0.impl.NewPooledConnection@7fe529bb)
16:56:54.547 [Test worker] DEBUG org.hibernate.engine.jdbc.internal.LogicalConnectionImpl - Released JDBC connection
16:56:54.547 [Test worker] DEBUG org.springframework.test.context.support.AbstractDirtiesContextTestExecutionListener - After test method: context [DefaultTestContext@836955f testClass = CallLogRepositoryTest, testInstance = com.mycompany.dbRepository.CallLogRepositoryTest@3f5e0ddf, testMethod = shouldReturnLocationOfFirstParty@CallLogRepositoryTest, testException = [null], mergedContextConfiguration = [MergedContextConfiguration@2b681049 testClass = CallLogRepositoryTest, locations = '{}', classes = '{class com.mycompany.config.SpringTestCfg}', contextInitializerClasses = '[]', activeProfiles = '{test}', propertySourceLocations = '{}', propertySourceProperties = '{}', contextLoader = 'org.springframework.test.context.support.DelegatingSmartContextLoader', parent = [null]]], class annotated with @DirtiesContext [false] with mode [null], method annotated with @DirtiesContext [false] with mode [null].
16:56:54.547 [Test worker] DEBUG org.springframework.test.annotation.ProfileValueUtils - Retrieved @ProfileValueSourceConfiguration [null] for test class [com.mycompany.dbRepository.CallLogRepositoryTest]
16:56:54.547 [Test worker] DEBUG org.springframework.test.annotation.ProfileValueUtils - Retrieved ProfileValueSource type [class org.springframework.test.annotation.SystemProfileValueSource] for class [com.mycompany.dbRepository.CallLogRepositoryTest]
16:56:54.548 [Test worker] DEBUG org.springframework.test.context.support.DependencyInjectionTestExecutionListener - Performing dependency injection for test context [[DefaultTestContext@836955f testClass = CallLogRepositoryTest, testInstance = com.mycompany.dbRepository.CallLogRepositoryTest@6c3d373b, testMethod = [null], testException = [null], mergedContextConfiguration = [MergedContextConfiguration@2b681049 testClass = CallLogRepositoryTest, locations = '{}', classes = '{class com.mycompany.config.SpringTestCfg}', contextInitializerClasses = '[]', activeProfiles = '{test}', propertySourceLocations = '{}', propertySourceProperties = '{}', contextLoader = 'org.springframework.test.context.support.DelegatingSmartContextLoader', parent = [null]]]].
16:56:54.548 [Test worker] DEBUG org.springframework.test.context.cache.DefaultCacheAwareContextLoaderDelegate - Retrieved ApplicationContext from cache with key [[MergedContextConfiguration@2b681049 testClass = CallLogRepositoryTest, locations = '{}', classes = '{class com.mycompany.config.SpringTestCfg}', contextInitializerClasses = '[]', activeProfiles = '{test}', propertySourceLocations = '{}', propertySourceProperties = '{}', contextLoader = 'org.springframework.test.context.support.DelegatingSmartContextLoader', parent = [null]]]
16:56:54.548 [Test worker] DEBUG org.springframework.test.context.cache - Spring test ApplicationContext cache statistics: [DefaultContextCache@5ba9e383 size = 1, parentContextCount = 0, hitCount = 21, missCount = 1]
16:56:54.548 [Test worker] DEBUG org.springframework.beans.factory.annotation.InjectionMetadata - Processing injected element of bean 'com.mycompany.dbRepository.CallLogRepositoryTest': AutowiredFieldElement for com.mycompany.dbRepository.CallLogRepository com.mycompany.dbRepository.CallLogRepositoryTest.callLogRepository
16:56:54.548 [Test worker] DEBUG org.springframework.beans.factory.support.DefaultListableBeanFactory - Returning cached instance of singleton bean 'callLogRepository'
16:56:54.548 [Test worker] DEBUG org.springframework.beans.factory.annotation.InjectionMetadata - Processing injected element of bean 'com.mycompany.dbRepository.CallLogRepositoryTest': AutowiredFieldElement for private com.mycompany.dbRepository.PersonRepository com.mycompany.dbRepository.CallLogRepositoryTest.personRepository
16:56:54.548 [Test worker] DEBUG org.springframework.beans.factory.support.DefaultListableBeanFactory - Returning cached instance of singleton bean 'personRepository'
16:56:54.548 [Test worker] DEBUG org.springframework.test.context.support.AbstractDirtiesContextTestExecutionListener - Before test method: context [DefaultTestContext@836955f testClass = CallLogRepositoryTest, testInstance = com.mycompany.dbRepository.CallLogRepositoryTest@6c3d373b, testMethod = testFindCallLogs@CallLogRepositoryTest, testException = [null], mergedContextConfiguration = [MergedContextConfiguration@2b681049 testClass = CallLogRepositoryTest, locations = '{}', classes = '{class com.mycompany.config.SpringTestCfg}', contextInitializerClasses = '[]', activeProfiles = '{test}', propertySourceLocations = '{}', propertySourceProperties = '{}', contextLoader = 'org.springframework.test.context.support.DelegatingSmartContextLoader', parent = [null]]], class annotated with @DirtiesContext [false] with mode [null], method annotated with @DirtiesContext [false] with mode [null].
16:56:54.549 [Test worker] DEBUG org.springframework.test.context.jdbc.SqlScriptsTestExecutionListener - Processing [MergedSqlConfig@2336410e dataSource = '', transactionManager = '', transactionMode = INFERRED, encoding = '', separator = '@@', commentPrefix = '`', blockCommentStartDelimiter = '/*', blockCommentEndDelimiter = '*/', errorMode = FAIL_ON_ERROR] for execution phase [BEFORE_TEST_METHOD] and test context [DefaultTestContext@836955f testClass = CallLogRepositoryTest, testInstance = com.mycompany.dbRepository.CallLogRepositoryTest@6c3d373b, testMethod = testFindCallLogs@CallLogRepositoryTest, testException = [null], mergedContextConfiguration = [MergedContextConfiguration@2b681049 testClass = CallLogRepositoryTest, locations = '{}', classes = '{class com.mycompany.config.SpringTestCfg}', contextInitializerClasses = '[]', activeProfiles = '{test}', propertySourceLocations = '{}', propertySourceProperties = '{}', contextLoader = 'org.springframework.test.context.support.DelegatingSmartContextLoader', parent = [null]]].
16:56:54.549 [Test worker] DEBUG org.springframework.test.context.cache.DefaultCacheAwareContextLoaderDelegate - Retrieved ApplicationContext from cache with key [[MergedContextConfiguration@2b681049 testClass = CallLogRepositoryTest, locations = '{}', classes = '{class com.mycompany.config.SpringTestCfg}', contextInitializerClasses = '[]', activeProfiles = '{test}', propertySourceLocations = '{}', propertySourceProperties = '{}', contextLoader = 'org.springframework.test.context.support.DelegatingSmartContextLoader', parent = [null]]]
16:56:54.549 [Test worker] DEBUG org.springframework.test.context.cache - Spring test ApplicationContext cache statistics: [DefaultContextCache@5ba9e383 size = 1, parentContextCount = 0, hitCount = 22, missCount = 1]
16:56:54.549 [Test worker] DEBUG org.springframework.test.context.jdbc.SqlScriptsTestExecutionListener - Executing SQL scripts: [class path resource [sqls/CallLogRepository_callsBwDates.sql]]
16:56:54.549 [Test worker] DEBUG org.springframework.test.context.cache.DefaultCacheAwareContextLoaderDelegate - Retrieved ApplicationContext from cache with key [[MergedContextConfiguration@2b681049 testClass = CallLogRepositoryTest, locations = '{}', classes = '{class com.mycompany.config.SpringTestCfg}', contextInitializerClasses = '[]', activeProfiles = '{test}', propertySourceLocations = '{}', propertySourceProperties = '{}', contextLoader = 'org.springframework.test.context.support.DelegatingSmartContextLoader', parent = [null]]]
16:56:54.549 [Test worker] DEBUG org.springframework.test.context.cache - Spring test ApplicationContext cache statistics: [DefaultContextCache@5ba9e383 size = 1, parentContextCount = 0, hitCount = 23, missCount = 1]
16:56:54.549 [Test worker] DEBUG org.springframework.beans.factory.support.DefaultListableBeanFactory - Returning cached instance of singleton bean 'dataSource'
16:56:54.549 [Test worker] DEBUG org.springframework.test.context.cache.DefaultCacheAwareContextLoaderDelegate - Retrieved ApplicationContext from cache with key [[MergedContextConfiguration@2b681049 testClass = CallLogRepositoryTest, locations = '{}', classes = '{class com.mycompany.config.SpringTestCfg}', contextInitializerClasses = '[]', activeProfiles = '{test}', propertySourceLocations = '{}', propertySourceProperties = '{}', contextLoader = 'org.springframework.test.context.support.DelegatingSmartContextLoader', parent = [null]]]
16:56:54.549 [Test worker] DEBUG org.springframework.test.context.cache - Spring test ApplicationContext cache statistics: [DefaultContextCache@5ba9e383 size = 1, parentContextCount = 0, hitCount = 24, missCount = 1]
16:56:54.549 [Test worker] DEBUG org.springframework.beans.factory.support.DefaultListableBeanFactory - Returning cached instance of singleton bean 'transactionManager'
16:56:54.549 [Test worker] DEBUG org.springframework.orm.hibernate4.HibernateTransactionManager - Creating new transaction with name [com.mycompany.dbRepository.CallLogRepositoryTest.testFindCallLogs]: PROPAGATION_REQUIRED,ISOLATION_DEFAULT
16:56:54.549 [Test worker] DEBUG org.springframework.orm.hibernate4.HibernateTransactionManager - Opened new Session [SessionImpl(PersistenceContext[entityKeys=[],collectionKeys=[]];ActionQueue[insertions=org.hibernate.engine.spi.ExecutableList@6c53a9c4 updates=org.hibernate.engine.spi.ExecutableList@5fc3d680 deletions=org.hibernate.engine.spi.ExecutableList@5ac2a6ac orphanRemovals=org.hibernate.engine.spi.ExecutableList@4b6da2cb collectionCreations=org.hibernate.engine.spi.ExecutableList@3a012feb collectionRemovals=org.hibernate.engine.spi.ExecutableList@7bb799fd collectionUpdates=org.hibernate.engine.spi.ExecutableList@340fa7e1 collectionQueuedOps=org.hibernate.engine.spi.ExecutableList@12d22051 unresolvedInsertDependencies=UnresolvedEntityInsertActions[]])] for Hibernate transaction
16:56:54.549 [Test worker] DEBUG org.springframework.orm.hibernate4.HibernateTransactionManager - Preparing JDBC Connection of Hibernate Session [SessionImpl(PersistenceContext[entityKeys=[],collectionKeys=[]];ActionQueue[insertions=org.hibernate.engine.spi.ExecutableList@6c53a9c4 updates=org.hibernate.engine.spi.ExecutableList@5fc3d680 deletions=org.hibernate.engine.spi.ExecutableList@5ac2a6ac orphanRemovals=org.hibernate.engine.spi.ExecutableList@4b6da2cb collectionCreations=org.hibernate.engine.spi.ExecutableList@3a012feb collectionRemovals=org.hibernate.engine.spi.ExecutableList@7bb799fd collectionUpdates=org.hibernate.engine.spi.ExecutableList@340fa7e1 collectionQueuedOps=org.hibernate.engine.spi.ExecutableList@12d22051 unresolvedInsertDependencies=UnresolvedEntityInsertActions[]])]
16:56:54.549 [Test worker] DEBUG org.hibernate.engine.jdbc.internal.LogicalConnectionImpl - Obtaining JDBC connection
16:56:54.549 [Test worker] DEBUG com.mchange.v2.resourcepool.BasicResourcePool - trace com.mchange.v2.resourcepool.BasicResourcePool@14f30e94 [managed: 3, unused: 2, excluded: 0] (e.g. com.mchange.v2.c3p0.impl.NewPooledConnection@7fe529bb)
16:56:54.550 [Test worker] DEBUG org.hibernate.engine.jdbc.internal.LogicalConnectionImpl - Obtained JDBC connection
16:56:54.550 [Test worker] DEBUG org.hibernate.engine.transaction.spi.AbstractTransactionImpl - begin
16:56:54.550 [Test worker] DEBUG org.hibernate.engine.transaction.internal.jdbc.JdbcTransaction - initial autocommit status: true
16:56:54.550 [Test worker] DEBUG org.hibernate.engine.transaction.internal.jdbc.JdbcTransaction - disabling autocommit
16:56:54.550 [Test worker] DEBUG org.springframework.orm.hibernate4.HibernateTransactionManager - Exposing Hibernate transaction as JDBC transaction [com.mchange.v2.c3p0.impl.NewProxyConnection@66a03638]
16:56:54.550 [Test worker] INFO org.springframework.jdbc.datasource.init.ScriptUtils - Executing SQL script from class path resource [sqls/CallLogRepository_callsBwDates.sql]
16:56:54.552 [Test worker] DEBUG org.springframework.jdbc.datasource.init.ScriptUtils - 1 returned as update count for SQL: INSERT INTO person( id, name, phone_no, address) VALUES (12, 'CS', '95382', 'KK Pudur'); 
16:56:54.552 [Test worker] DEBUG org.springframework.jdbc.datasource.init.ScriptUtils - 1 returned as update count for SQL: INSERT INTO call_log( call_log_id, id, party_phone_no, call_type, start_time, end_time, location) VALUES (109,12,'15','IN','2016-06-03 00:00:00','2016-06-03 00:10:00', 'BANGALORE'); 
16:56:54.552 [Test worker] DEBUG org.springframework.jdbc.datasource.init.ScriptUtils - 1 returned as update count for SQL: INSERT INTO call_log( call_log_id, id, party_phone_no, call_type, start_time, end_time, location) VALUES (110,12,'16','IN','2016-06-03 12:00:00','2016-06-03 00:10:00', 'HYDERABAD'); 
16:56:54.552 [Test worker] DEBUG org.springframework.jdbc.datasource.init.ScriptUtils - 1 returned as update count for SQL: INSERT INTO call_log( call_log_id, id, party_phone_no, call_type, start_time, end_time, location) VALUES (111,12,'17','OUT','2016-06-04 01:20:00.231','2016-06-03 01:30:00', 'BANGALORE'); 
16:56:54.552 [Test worker] DEBUG org.springframework.jdbc.datasource.init.ScriptUtils - 1 returned as update count for SQL: INSERT INTO call_log( call_log_id, id, party_phone_no, call_type, start_time, end_time, location) VALUES (112,12,'18','IN','2016-06-04 01:00:00','2016-06-04 02:01:00', 'PUNE'); 
16:56:54.552 [Test worker] INFO org.springframework.jdbc.datasource.init.ScriptUtils - Executed SQL script from class path resource [sqls/CallLogRepository_callsBwDates.sql] in 2 ms.
16:56:54.552 [Test worker] DEBUG org.springframework.orm.hibernate4.HibernateTransactionManager - Initiating transaction commit
16:56:54.552 [Test worker] DEBUG org.springframework.orm.hibernate4.HibernateTransactionManager - Committing Hibernate transaction on Session [SessionImpl(PersistenceContext[entityKeys=[],collectionKeys=[]];ActionQueue[insertions=org.hibernate.engine.spi.ExecutableList@6c53a9c4 updates=org.hibernate.engine.spi.ExecutableList@5fc3d680 deletions=org.hibernate.engine.spi.ExecutableList@5ac2a6ac orphanRemovals=org.hibernate.engine.spi.ExecutableList@4b6da2cb collectionCreations=org.hibernate.engine.spi.ExecutableList@3a012feb collectionRemovals=org.hibernate.engine.spi.ExecutableList@7bb799fd collectionUpdates=org.hibernate.engine.spi.ExecutableList@340fa7e1 collectionQueuedOps=org.hibernate.engine.spi.ExecutableList@12d22051 unresolvedInsertDependencies=UnresolvedEntityInsertActions[]])]
16:56:54.552 [Test worker] DEBUG org.hibernate.engine.transaction.spi.AbstractTransactionImpl - committing
16:56:54.553 [Test worker] DEBUG org.hibernate.engine.transaction.internal.jdbc.JdbcTransaction - committed JDBC Connection
16:56:54.553 [Test worker] DEBUG org.hibernate.engine.transaction.internal.jdbc.JdbcTransaction - re-enabling autocommit
16:56:54.553 [Test worker] DEBUG org.springframework.orm.hibernate4.HibernateTransactionManager - Closing Hibernate Session [SessionImpl(PersistenceContext[entityKeys=[],collectionKeys=[]];ActionQueue[insertions=org.hibernate.engine.spi.ExecutableList@6c53a9c4 updates=org.hibernate.engine.spi.ExecutableList@5fc3d680 deletions=org.hibernate.engine.spi.ExecutableList@5ac2a6ac orphanRemovals=org.hibernate.engine.spi.ExecutableList@4b6da2cb collectionCreations=org.hibernate.engine.spi.ExecutableList@3a012feb collectionRemovals=org.hibernate.engine.spi.ExecutableList@7bb799fd collectionUpdates=org.hibernate.engine.spi.ExecutableList@340fa7e1 collectionQueuedOps=org.hibernate.engine.spi.ExecutableList@12d22051 unresolvedInsertDependencies=UnresolvedEntityInsertActions[]])] after transaction
16:56:54.553 [Test worker] DEBUG org.hibernate.engine.jdbc.internal.LogicalConnectionImpl - Releasing JDBC connection
16:56:54.553 [Test worker] DEBUG com.mchange.v2.resourcepool.BasicResourcePool - trace com.mchange.v2.resourcepool.BasicResourcePool@14f30e94 [managed: 3, unused: 2, excluded: 0] (e.g. com.mchange.v2.c3p0.impl.NewPooledConnection@7fe529bb)
16:56:54.553 [Test worker] DEBUG org.hibernate.engine.jdbc.internal.LogicalConnectionImpl - Released JDBC connection
16:56:54.553 [Test worker] DEBUG org.springframework.data.repository.core.support.TransactionalRepositoryProxyPostProcessor$CustomAnnotationTransactionAttributeSource - Adding transactional method 'count' with attribute: PROPAGATION_REQUIRED,ISOLATION_DEFAULT,readOnly; ''
16:56:54.553 [Test worker] DEBUG org.springframework.orm.hibernate4.HibernateTransactionManager - Creating new transaction with name [org.springframework.data.jpa.repository.support.SimpleJpaRepository.count]: PROPAGATION_REQUIRED,ISOLATION_DEFAULT,readOnly; ''
16:56:54.553 [Test worker] DEBUG org.springframework.orm.hibernate4.HibernateTransactionManager - Opened new Session [SessionImpl(PersistenceContext[entityKeys=[],collectionKeys=[]];ActionQueue[insertions=org.hibernate.engine.spi.ExecutableList@13e76479 updates=org.hibernate.engine.spi.ExecutableList@71f1a702 deletions=org.hibernate.engine.spi.ExecutableList@bc4ae44 orphanRemovals=org.hibernate.engine.spi.ExecutableList@7344f22c collectionCreations=org.hibernate.engine.spi.ExecutableList@5b288491 collectionRemovals=org.hibernate.engine.spi.ExecutableList@279df141 collectionUpdates=org.hibernate.engine.spi.ExecutableList@905cd78 collectionQueuedOps=org.hibernate.engine.spi.ExecutableList@5d048be6 unresolvedInsertDependencies=UnresolvedEntityInsertActions[]])] for Hibernate transaction
16:56:54.553 [Test worker] DEBUG org.springframework.orm.hibernate4.HibernateTransactionManager - Preparing JDBC Connection of Hibernate Session [SessionImpl(PersistenceContext[entityKeys=[],collectionKeys=[]];ActionQueue[insertions=org.hibernate.engine.spi.ExecutableList@13e76479 updates=org.hibernate.engine.spi.ExecutableList@71f1a702 deletions=org.hibernate.engine.spi.ExecutableList@bc4ae44 orphanRemovals=org.hibernate.engine.spi.ExecutableList@7344f22c collectionCreations=org.hibernate.engine.spi.ExecutableList@5b288491 collectionRemovals=org.hibernate.engine.spi.ExecutableList@279df141 collectionUpdates=org.hibernate.engine.spi.ExecutableList@905cd78 collectionQueuedOps=org.hibernate.engine.spi.ExecutableList@5d048be6 unresolvedInsertDependencies=UnresolvedEntityInsertActions[]])]
16:56:54.553 [Test worker] DEBUG org.hibernate.engine.jdbc.internal.LogicalConnectionImpl - Obtaining JDBC connection
16:56:54.554 [Test worker] DEBUG com.mchange.v2.resourcepool.BasicResourcePool - trace com.mchange.v2.resourcepool.BasicResourcePool@14f30e94 [managed: 3, unused: 2, excluded: 0] (e.g. com.mchange.v2.c3p0.impl.NewPooledConnection@7fe529bb)
16:56:54.554 [Test worker] DEBUG org.hibernate.engine.jdbc.internal.LogicalConnectionImpl - Obtained JDBC connection
16:56:54.554 [Test worker] DEBUG org.springframework.jdbc.datasource.DataSourceUtils - Setting JDBC Connection [com.mchange.v2.c3p0.impl.NewProxyConnection@ac86621] read-only
16:56:54.554 [Test worker] DEBUG org.hibernate.engine.transaction.spi.AbstractTransactionImpl - begin
16:56:54.554 [Test worker] DEBUG org.hibernate.engine.transaction.internal.jdbc.JdbcTransaction - initial autocommit status: true
16:56:54.554 [Test worker] DEBUG org.hibernate.engine.transaction.internal.jdbc.JdbcTransaction - disabling autocommit
16:56:54.554 [Test worker] DEBUG org.springframework.orm.hibernate4.HibernateTransactionManager - Exposing Hibernate transaction as JDBC transaction [com.mchange.v2.c3p0.impl.NewProxyConnection@ac86621]
16:56:54.554 [Test worker] DEBUG org.springframework.orm.jpa.EntityManagerFactoryUtils - Opening JPA EntityManager
16:56:54.554 [Test worker] DEBUG org.springframework.orm.jpa.EntityManagerFactoryUtils - Registering transaction synchronization for JPA EntityManager
16:56:54.554 [Test worker] DEBUG org.hibernate.hql.internal.ast.QueryTranslatorImpl - parse() - HQL: select count(*) from com.mycompany.dbEntity.CallLogInfo x
16:56:54.555 [Test worker] DEBUG org.hibernate.hql.internal.ast.QueryTranslatorImpl - --- HQL AST ---
 \-[QUERY] Node: 'query'
    \-[SELECT_FROM] Node: 'SELECT_FROM'
       +-[FROM] Node: 'from'
       |  \-[RANGE] Node: 'RANGE'
       |     +-[DOT] Node: '.'
       |     |  +-[DOT] Node: '.'
       |     |  |  +-[DOT] Node: '.'
       |     |  |  |  +-[IDENT] Node: 'com'
       |     |  |  |  \-[IDENT] Node: 'mycompany'
       |     |  |  \-[IDENT] Node: 'dbEntity'
       |     |  \-[IDENT] Node: 'CallLogInfo'
       |     \-[ALIAS] Node: 'x'
       \-[SELECT] Node: 'select'
          \-[COUNT] Node: 'count'
             \-[ROW_STAR] Node: '*'

16:56:54.556 [Test worker] DEBUG org.hibernate.hql.internal.ast.ErrorCounter - throwQueryException() : no errors
16:56:54.556 [Test worker] DEBUG org.hibernate.hql.internal.antlr.HqlSqlBaseWalker - select << begin [level=1, statement=select]
16:56:54.556 [Test worker] DEBUG org.hibernate.hql.internal.ast.tree.FromElement - FromClause{level=1} : com.mycompany.dbEntity.CallLogInfo (x) -> callloginf0_
16:56:54.556 [Test worker] DEBUG org.hibernate.hql.internal.antlr.HqlSqlBaseWalker - select : finishing up [level=1, statement=select]
16:56:54.557 [Test worker] DEBUG org.hibernate.hql.internal.ast.HqlSqlWalker - processQuery() :  ( SELECT ( {select clause} ( count * ) ) ( FromClause{level=1} call_log callloginf0_ ) )
16:56:54.557 [Test worker] DEBUG org.hibernate.hql.internal.ast.util.JoinProcessor - Using FROM fragment [call_log callloginf0_]
16:56:54.557 [Test worker] DEBUG org.hibernate.hql.internal.antlr.HqlSqlBaseWalker - select >> end [level=1, statement=select]
16:56:54.557 [Test worker] DEBUG org.hibernate.hql.internal.ast.QueryTranslatorImpl - --- SQL AST ---
 \-[SELECT] QueryNode: 'SELECT'  querySpaces (call_log)
    +-[SELECT_CLAUSE] SelectClause: '{select clause}'
    |  +-[COUNT] CountNode: 'count'
    |  |  \-[ROW_STAR] SqlNode: '*'
    |  \-[SELECT_COLUMNS] SqlNode: ' as col_0_0_'
    \-[FROM] FromClause: 'from' FromClause{level=1, fromElementCounter=1, fromElements=1, fromElementByClassAlias=[x], fromElementByTableAlias=[callloginf0_], fromElementsByPath=[], collectionJoinFromElementsByPath=[], impliedElements=[]}
       \-[FROM_FRAGMENT] FromElement: 'call_log callloginf0_' FromElement{explicit,not a collection join,not a fetch join,fetch non-lazy properties,classAlias=x,role=null,tableName=call_log,tableAlias=callloginf0_,origin=null,columns={,className=com.mycompany.dbEntity.CallLogInfo}}

16:56:54.557 [Test worker] DEBUG org.hibernate.hql.internal.ast.ErrorCounter - throwQueryException() : no errors
16:56:54.558 [Test worker] DEBUG org.hibernate.hql.internal.ast.QueryTranslatorImpl - HQL: select count(*) from com.mycompany.dbEntity.CallLogInfo x
16:56:54.558 [Test worker] DEBUG org.hibernate.hql.internal.ast.QueryTranslatorImpl - SQL: select count(*) as col_0_0_ from call_log callloginf0_
16:56:54.558 [Test worker] DEBUG org.hibernate.hql.internal.ast.ErrorCounter - throwQueryException() : no errors
16:56:54.558 [Test worker] DEBUG org.hibernate.SQL - select count(*) as col_0_0_ from call_log callloginf0_
16:56:54.558 [Test worker] DEBUG org.hibernate.engine.jdbc.internal.LogicalConnectionImpl - Obtaining JDBC connection
16:56:54.558 [Test worker] DEBUG com.mchange.v2.resourcepool.BasicResourcePool - trace com.mchange.v2.resourcepool.BasicResourcePool@14f30e94 [managed: 3, unused: 1, excluded: 0] (e.g. com.mchange.v2.c3p0.impl.NewPooledConnection@7fe529bb)
16:56:54.559 [Test worker] DEBUG org.hibernate.engine.jdbc.internal.LogicalConnectionImpl - Obtained JDBC connection
16:56:54.559 [Test worker] DEBUG org.hibernate.loader.Loader - Result set row: 0
16:56:54.559 [Test worker] DEBUG org.hibernate.loader.Loader - Result row: 
16:56:54.560 [Test worker] DEBUG org.springframework.orm.jpa.EntityManagerFactoryUtils - Closing JPA EntityManager
16:56:54.560 [Test worker] DEBUG org.hibernate.engine.jdbc.internal.LogicalConnectionImpl - Releasing JDBC connection
16:56:54.560 [Test worker] DEBUG com.mchange.v2.resourcepool.BasicResourcePool - trace com.mchange.v2.resourcepool.BasicResourcePool@14f30e94 [managed: 3, unused: 1, excluded: 0] (e.g. com.mchange.v2.c3p0.impl.NewPooledConnection@7fe529bb)
16:56:54.560 [Test worker] DEBUG org.hibernate.engine.jdbc.internal.LogicalConnectionImpl - Released JDBC connection
16:56:54.560 [Test worker] DEBUG org.springframework.orm.hibernate4.HibernateTransactionManager - Initiating transaction commit
16:56:54.560 [Test worker] DEBUG org.springframework.orm.hibernate4.HibernateTransactionManager - Committing Hibernate transaction on Session [SessionImpl(PersistenceContext[entityKeys=[],collectionKeys=[]];ActionQueue[insertions=org.hibernate.engine.spi.ExecutableList@13e76479 updates=org.hibernate.engine.spi.ExecutableList@71f1a702 deletions=org.hibernate.engine.spi.ExecutableList@bc4ae44 orphanRemovals=org.hibernate.engine.spi.ExecutableList@7344f22c collectionCreations=org.hibernate.engine.spi.ExecutableList@5b288491 collectionRemovals=org.hibernate.engine.spi.ExecutableList@279df141 collectionUpdates=org.hibernate.engine.spi.ExecutableList@905cd78 collectionQueuedOps=org.hibernate.engine.spi.ExecutableList@5d048be6 unresolvedInsertDependencies=UnresolvedEntityInsertActions[]])]
16:56:54.560 [Test worker] DEBUG org.hibernate.engine.transaction.spi.AbstractTransactionImpl - committing
16:56:54.560 [Test worker] DEBUG org.hibernate.engine.transaction.internal.jdbc.JdbcTransaction - committed JDBC Connection
16:56:54.560 [Test worker] DEBUG org.hibernate.engine.transaction.internal.jdbc.JdbcTransaction - re-enabling autocommit
16:56:54.560 [Test worker] DEBUG org.springframework.orm.hibernate4.HibernateTransactionManager - Closing Hibernate Session [SessionImpl(PersistenceContext[entityKeys=[],collectionKeys=[]];ActionQueue[insertions=org.hibernate.engine.spi.ExecutableList@13e76479 updates=org.hibernate.engine.spi.ExecutableList@71f1a702 deletions=org.hibernate.engine.spi.ExecutableList@bc4ae44 orphanRemovals=org.hibernate.engine.spi.ExecutableList@7344f22c collectionCreations=org.hibernate.engine.spi.ExecutableList@5b288491 collectionRemovals=org.hibernate.engine.spi.ExecutableList@279df141 collectionUpdates=org.hibernate.engine.spi.ExecutableList@905cd78 collectionQueuedOps=org.hibernate.engine.spi.ExecutableList@5d048be6 unresolvedInsertDependencies=UnresolvedEntityInsertActions[]])] after transaction
16:56:54.560 [Test worker] DEBUG org.hibernate.engine.jdbc.internal.LogicalConnectionImpl - Releasing JDBC connection
16:56:54.560 [Test worker] DEBUG com.mchange.v2.resourcepool.BasicResourcePool - trace com.mchange.v2.resourcepool.BasicResourcePool@14f30e94 [managed: 3, unused: 2, excluded: 0] (e.g. com.mchange.v2.c3p0.impl.NewPooledConnection@7fe529bb)
16:56:54.560 [Test worker] DEBUG org.hibernate.engine.jdbc.internal.LogicalConnectionImpl - Released JDBC connection
16:56:54.560 [Test worker] INFO com.mycompany.config.SpringCfg - calls 4
16:56:54.561 [Test worker] INFO com.mycompany.config.SpringCfg - stat timeFri Jun 03 00:00:00 IST 2016end timeSat Jun 04 02:00:00 IST 2016
16:56:54.561 [Test worker] DEBUG org.springframework.orm.hibernate4.HibernateTransactionManager - Creating new transaction with name [org.springframework.data.jpa.repository.support.SimpleJpaRepository.findOne]: PROPAGATION_REQUIRED,ISOLATION_DEFAULT,readOnly; ''
16:56:54.561 [Test worker] DEBUG org.springframework.orm.hibernate4.HibernateTransactionManager - Opened new Session [SessionImpl(PersistenceContext[entityKeys=[],collectionKeys=[]];ActionQueue[insertions=org.hibernate.engine.spi.ExecutableList@5e243df2 updates=org.hibernate.engine.spi.ExecutableList@453a6e0e deletions=org.hibernate.engine.spi.ExecutableList@31f27688 orphanRemovals=org.hibernate.engine.spi.ExecutableList@381b7446 collectionCreations=org.hibernate.engine.spi.ExecutableList@472f151a collectionRemovals=org.hibernate.engine.spi.ExecutableList@51f359ef collectionUpdates=org.hibernate.engine.spi.ExecutableList@7317236f collectionQueuedOps=org.hibernate.engine.spi.ExecutableList@104dc00f unresolvedInsertDependencies=UnresolvedEntityInsertActions[]])] for Hibernate transaction
16:56:54.561 [Test worker] DEBUG org.springframework.orm.hibernate4.HibernateTransactionManager - Preparing JDBC Connection of Hibernate Session [SessionImpl(PersistenceContext[entityKeys=[],collectionKeys=[]];ActionQueue[insertions=org.hibernate.engine.spi.ExecutableList@5e243df2 updates=org.hibernate.engine.spi.ExecutableList@453a6e0e deletions=org.hibernate.engine.spi.ExecutableList@31f27688 orphanRemovals=org.hibernate.engine.spi.ExecutableList@381b7446 collectionCreations=org.hibernate.engine.spi.ExecutableList@472f151a collectionRemovals=org.hibernate.engine.spi.ExecutableList@51f359ef collectionUpdates=org.hibernate.engine.spi.ExecutableList@7317236f collectionQueuedOps=org.hibernate.engine.spi.ExecutableList@104dc00f unresolvedInsertDependencies=UnresolvedEntityInsertActions[]])]
16:56:54.561 [Test worker] DEBUG org.hibernate.engine.jdbc.internal.LogicalConnectionImpl - Obtaining JDBC connection
16:56:54.561 [Test worker] DEBUG com.mchange.v2.resourcepool.BasicResourcePool - trace com.mchange.v2.resourcepool.BasicResourcePool@14f30e94 [managed: 3, unused: 2, excluded: 0] (e.g. com.mchange.v2.c3p0.impl.NewPooledConnection@7fe529bb)
16:56:54.561 [Test worker] DEBUG org.hibernate.engine.jdbc.internal.LogicalConnectionImpl - Obtained JDBC connection
16:56:54.561 [Test worker] DEBUG org.springframework.jdbc.datasource.DataSourceUtils - Setting JDBC Connection [com.mchange.v2.c3p0.impl.NewProxyConnection@648288f9] read-only
16:56:54.561 [Test worker] DEBUG org.hibernate.engine.transaction.spi.AbstractTransactionImpl - begin
16:56:54.561 [Test worker] DEBUG org.hibernate.engine.transaction.internal.jdbc.JdbcTransaction - initial autocommit status: true
16:56:54.561 [Test worker] DEBUG org.hibernate.engine.transaction.internal.jdbc.JdbcTransaction - disabling autocommit
16:56:54.561 [Test worker] DEBUG org.springframework.orm.hibernate4.HibernateTransactionManager - Exposing Hibernate transaction as JDBC transaction [com.mchange.v2.c3p0.impl.NewProxyConnection@648288f9]
16:56:54.561 [Test worker] DEBUG org.springframework.orm.jpa.EntityManagerFactoryUtils - Opening JPA EntityManager
16:56:54.561 [Test worker] DEBUG org.springframework.orm.jpa.EntityManagerFactoryUtils - Registering transaction synchronization for JPA EntityManager
16:56:54.561 [Test worker] DEBUG org.hibernate.SQL - select personinfo0_.id as id1_1_0_, personinfo0_.address as address2_1_0_, personinfo0_.name as name3_1_0_, personinfo0_.phone_no as phone_no4_1_0_ from person personinfo0_ where personinfo0_.id=?
16:56:54.561 [Test worker] DEBUG org.hibernate.engine.jdbc.internal.LogicalConnectionImpl - Obtaining JDBC connection
16:56:54.561 [Test worker] DEBUG com.mchange.v2.resourcepool.BasicResourcePool - trace com.mchange.v2.resourcepool.BasicResourcePool@14f30e94 [managed: 3, unused: 1, excluded: 0] (e.g. com.mchange.v2.c3p0.impl.NewPooledConnection@7fe529bb)
16:56:54.561 [Test worker] DEBUG org.hibernate.engine.jdbc.internal.LogicalConnectionImpl - Obtained JDBC connection
16:56:54.562 [Test worker] DEBUG org.hibernate.loader.plan.exec.process.internal.ResultSetProcessorImpl - Starting ResultSet row #0
16:56:54.562 [Test worker] DEBUG org.hibernate.loader.plan.exec.process.internal.EntityReferenceInitializerImpl - On call to EntityIdentifierReaderImpl#resolve, EntityKey was already known; should only happen on root returns with an optional identifier specified
16:56:54.562 [Test worker] DEBUG org.hibernate.engine.internal.TwoPhaseLoad - Resolving associations for [com.mycompany.dbEntity.PersonInfo#12]
16:56:54.562 [Test worker] DEBUG org.hibernate.engine.internal.TwoPhaseLoad - Done materializing entity [com.mycompany.dbEntity.PersonInfo#12]
16:56:54.562 [Test worker] DEBUG org.hibernate.loader.entity.plan.AbstractLoadPlanBasedEntityLoader - Done entity load : com.mycompany.dbEntity.PersonInfo#12
16:56:54.562 [Test worker] DEBUG org.springframework.orm.jpa.EntityManagerFactoryUtils - Closing JPA EntityManager
16:56:54.562 [Test worker] DEBUG org.hibernate.engine.jdbc.internal.LogicalConnectionImpl - Releasing JDBC connection
16:56:54.562 [Test worker] DEBUG com.mchange.v2.resourcepool.BasicResourcePool - trace com.mchange.v2.resourcepool.BasicResourcePool@14f30e94 [managed: 3, unused: 1, excluded: 0] (e.g. com.mchange.v2.c3p0.impl.NewPooledConnection@7fe529bb)
16:56:54.562 [Test worker] DEBUG org.hibernate.engine.jdbc.internal.LogicalConnectionImpl - Released JDBC connection
16:56:54.562 [Test worker] DEBUG org.springframework.orm.hibernate4.HibernateTransactionManager - Initiating transaction commit
16:56:54.562 [Test worker] DEBUG org.springframework.orm.hibernate4.HibernateTransactionManager - Committing Hibernate transaction on Session [SessionImpl(PersistenceContext[entityKeys=[],collectionKeys=[]];ActionQueue[insertions=org.hibernate.engine.spi.ExecutableList@5e243df2 updates=org.hibernate.engine.spi.ExecutableList@453a6e0e deletions=org.hibernate.engine.spi.ExecutableList@31f27688 orphanRemovals=org.hibernate.engine.spi.ExecutableList@381b7446 collectionCreations=org.hibernate.engine.spi.ExecutableList@472f151a collectionRemovals=org.hibernate.engine.spi.ExecutableList@51f359ef collectionUpdates=org.hibernate.engine.spi.ExecutableList@7317236f collectionQueuedOps=org.hibernate.engine.spi.ExecutableList@104dc00f unresolvedInsertDependencies=UnresolvedEntityInsertActions[]])]
16:56:54.562 [Test worker] DEBUG org.hibernate.engine.transaction.spi.AbstractTransactionImpl - committing
16:56:54.562 [Test worker] DEBUG org.hibernate.engine.transaction.internal.jdbc.JdbcTransaction - committed JDBC Connection
16:56:54.562 [Test worker] DEBUG org.hibernate.engine.transaction.internal.jdbc.JdbcTransaction - re-enabling autocommit
16:56:54.563 [Test worker] DEBUG org.springframework.orm.hibernate4.HibernateTransactionManager - Closing Hibernate Session [SessionImpl(PersistenceContext[entityKeys=[],collectionKeys=[]];ActionQueue[insertions=org.hibernate.engine.spi.ExecutableList@5e243df2 updates=org.hibernate.engine.spi.ExecutableList@453a6e0e deletions=org.hibernate.engine.spi.ExecutableList@31f27688 orphanRemovals=org.hibernate.engine.spi.ExecutableList@381b7446 collectionCreations=org.hibernate.engine.spi.ExecutableList@472f151a collectionRemovals=org.hibernate.engine.spi.ExecutableList@51f359ef collectionUpdates=org.hibernate.engine.spi.ExecutableList@7317236f collectionQueuedOps=org.hibernate.engine.spi.ExecutableList@104dc00f unresolvedInsertDependencies=UnresolvedEntityInsertActions[]])] after transaction
16:56:54.563 [Test worker] DEBUG org.hibernate.engine.jdbc.internal.LogicalConnectionImpl - Releasing JDBC connection
16:56:54.563 [Test worker] DEBUG com.mchange.v2.resourcepool.BasicResourcePool - trace com.mchange.v2.resourcepool.BasicResourcePool@14f30e94 [managed: 3, unused: 2, excluded: 0] (e.g. com.mchange.v2.c3p0.impl.NewPooledConnection@7fe529bb)
16:56:54.563 [Test worker] DEBUG org.hibernate.engine.jdbc.internal.LogicalConnectionImpl - Released JDBC connection
16:56:54.563 [Test worker] DEBUG org.springframework.orm.jpa.SharedEntityManagerCreator$SharedEntityManagerInvocationHandler - Creating new EntityManager for shared EntityManager invocation
16:56:54.564 [Test worker] DEBUG org.hibernate.SQL - select callloginf0_.call_log_id as call_log1_0_, callloginf0_.end_time as end_time2_0_, callloginf0_.start_time as start_ti3_0_, callloginf0_.call_type as call_typ4_0_, callloginf0_.location as location5_0_, callloginf0_.party_phone_no as party_ph6_0_, callloginf0_.id as id7_0_ from call_log callloginf0_ where callloginf0_.id=? and callloginf0_.start_time>=? and callloginf0_.end_time<=? order by callloginf0_.start_time desc
16:56:54.564 [Test worker] DEBUG org.hibernate.engine.jdbc.internal.LogicalConnectionImpl - Obtaining JDBC connection
16:56:54.564 [Test worker] DEBUG com.mchange.v2.resourcepool.BasicResourcePool - trace com.mchange.v2.resourcepool.BasicResourcePool@14f30e94 [managed: 3, unused: 2, excluded: 0] (e.g. com.mchange.v2.c3p0.impl.NewPooledConnection@7fe529bb)
16:56:54.564 [Test worker] DEBUG org.hibernate.engine.jdbc.internal.LogicalConnectionImpl - Obtained JDBC connection
16:56:54.565 [Test worker] DEBUG org.hibernate.loader.Loader - Result set row: 0
16:56:54.565 [Test worker] DEBUG org.hibernate.loader.Loader - Result row: EntityKey[com.mycompany.dbEntity.CallLogInfo#111]
16:56:54.565 [Test worker] DEBUG org.hibernate.loader.Loader - Result set row: 1
16:56:54.565 [Test worker] DEBUG org.hibernate.loader.Loader - Result row: EntityKey[com.mycompany.dbEntity.CallLogInfo#110]
16:56:54.565 [Test worker] DEBUG org.hibernate.loader.Loader - Result set row: 2
16:56:54.565 [Test worker] DEBUG org.hibernate.loader.Loader - Result row: EntityKey[com.mycompany.dbEntity.CallLogInfo#109]
16:56:54.566 [Test worker] DEBUG org.hibernate.engine.internal.TwoPhaseLoad - Resolving associations for [com.mycompany.dbEntity.CallLogInfo#111]
16:56:54.566 [Test worker] DEBUG org.hibernate.engine.internal.TwoPhaseLoad - Done materializing entity [com.mycompany.dbEntity.CallLogInfo#111]
16:56:54.566 [Test worker] DEBUG org.hibernate.engine.internal.TwoPhaseLoad - Resolving associations for [com.mycompany.dbEntity.CallLogInfo#110]
16:56:54.566 [Test worker] DEBUG org.hibernate.engine.internal.TwoPhaseLoad - Done materializing entity [com.mycompany.dbEntity.CallLogInfo#110]
16:56:54.566 [Test worker] DEBUG org.hibernate.engine.internal.TwoPhaseLoad - Resolving associations for [com.mycompany.dbEntity.CallLogInfo#109]
16:56:54.566 [Test worker] DEBUG org.hibernate.engine.internal.TwoPhaseLoad - Done materializing entity [com.mycompany.dbEntity.CallLogInfo#109]
16:56:54.566 [Test worker] DEBUG org.springframework.orm.jpa.EntityManagerFactoryUtils - Closing JPA EntityManager
16:56:54.566 [Test worker] DEBUG org.hibernate.engine.jdbc.internal.LogicalConnectionImpl - Releasing JDBC connection
16:56:54.566 [Test worker] DEBUG com.mchange.v2.resourcepool.BasicResourcePool - trace com.mchange.v2.resourcepool.BasicResourcePool@14f30e94 [managed: 3, unused: 2, excluded: 0] (e.g. com.mchange.v2.c3p0.impl.NewPooledConnection@7fe529bb)
16:56:54.566 [Test worker] DEBUG org.hibernate.engine.jdbc.internal.LogicalConnectionImpl - Released JDBC connection
16:56:54.566 [Test worker] DEBUG org.springframework.orm.hibernate4.HibernateTransactionManager - Creating new transaction with name [org.springframework.data.jpa.repository.support.SimpleJpaRepository.findOne]: PROPAGATION_REQUIRED,ISOLATION_DEFAULT,readOnly; ''
16:56:54.567 [Test worker] DEBUG org.springframework.orm.hibernate4.HibernateTransactionManager - Opened new Session [SessionImpl(PersistenceContext[entityKeys=[],collectionKeys=[]];ActionQueue[insertions=org.hibernate.engine.spi.ExecutableList@ebf7378 updates=org.hibernate.engine.spi.ExecutableList@1f87af79 deletions=org.hibernate.engine.spi.ExecutableList@1b1f3978 orphanRemovals=org.hibernate.engine.spi.ExecutableList@65f1e7a2 collectionCreations=org.hibernate.engine.spi.ExecutableList@10206cd7 collectionRemovals=org.hibernate.engine.spi.ExecutableList@32fef5cd collectionUpdates=org.hibernate.engine.spi.ExecutableList@5048de13 collectionQueuedOps=org.hibernate.engine.spi.ExecutableList@3aeeef4f unresolvedInsertDependencies=UnresolvedEntityInsertActions[]])] for Hibernate transaction
16:56:54.567 [Test worker] DEBUG org.springframework.orm.hibernate4.HibernateTransactionManager - Preparing JDBC Connection of Hibernate Session [SessionImpl(PersistenceContext[entityKeys=[],collectionKeys=[]];ActionQueue[insertions=org.hibernate.engine.spi.ExecutableList@ebf7378 updates=org.hibernate.engine.spi.ExecutableList@1f87af79 deletions=org.hibernate.engine.spi.ExecutableList@1b1f3978 orphanRemovals=org.hibernate.engine.spi.ExecutableList@65f1e7a2 collectionCreations=org.hibernate.engine.spi.ExecutableList@10206cd7 collectionRemovals=org.hibernate.engine.spi.ExecutableList@32fef5cd collectionUpdates=org.hibernate.engine.spi.ExecutableList@5048de13 collectionQueuedOps=org.hibernate.engine.spi.ExecutableList@3aeeef4f unresolvedInsertDependencies=UnresolvedEntityInsertActions[]])]
16:56:54.567 [Test worker] DEBUG org.hibernate.engine.jdbc.internal.LogicalConnectionImpl - Obtaining JDBC connection
16:56:54.567 [Test worker] DEBUG com.mchange.v2.resourcepool.BasicResourcePool - trace com.mchange.v2.resourcepool.BasicResourcePool@14f30e94 [managed: 3, unused: 2, excluded: 0] (e.g. com.mchange.v2.c3p0.impl.NewPooledConnection@7fe529bb)
16:56:54.567 [Test worker] DEBUG org.hibernate.engine.jdbc.internal.LogicalConnectionImpl - Obtained JDBC connection
16:56:54.567 [Test worker] DEBUG org.springframework.jdbc.datasource.DataSourceUtils - Setting JDBC Connection [com.mchange.v2.c3p0.impl.NewProxyConnection@6c2eb276] read-only
16:56:54.567 [Test worker] DEBUG org.hibernate.engine.transaction.spi.AbstractTransactionImpl - begin
16:56:54.567 [Test worker] DEBUG org.hibernate.engine.transaction.internal.jdbc.JdbcTransaction - initial autocommit status: true
16:56:54.567 [Test worker] DEBUG org.hibernate.engine.transaction.internal.jdbc.JdbcTransaction - disabling autocommit
16:56:54.567 [Test worker] DEBUG org.springframework.orm.hibernate4.HibernateTransactionManager - Exposing Hibernate transaction as JDBC transaction [com.mchange.v2.c3p0.impl.NewProxyConnection@6c2eb276]
16:56:54.567 [Test worker] DEBUG org.springframework.orm.jpa.EntityManagerFactoryUtils - Opening JPA EntityManager
16:56:54.567 [Test worker] DEBUG org.springframework.orm.jpa.EntityManagerFactoryUtils - Registering transaction synchronization for JPA EntityManager
16:56:54.567 [Test worker] DEBUG org.hibernate.SQL - select callloginf0_.call_log_id as call_log1_0_0_, callloginf0_.end_time as end_time2_0_0_, callloginf0_.start_time as start_ti3_0_0_, callloginf0_.call_type as call_typ4_0_0_, callloginf0_.location as location5_0_0_, callloginf0_.party_phone_no as party_ph6_0_0_, callloginf0_.id as id7_0_0_ from call_log callloginf0_ where callloginf0_.call_log_id=?
16:56:54.567 [Test worker] DEBUG org.hibernate.engine.jdbc.internal.LogicalConnectionImpl - Obtaining JDBC connection
16:56:54.567 [Test worker] DEBUG com.mchange.v2.resourcepool.BasicResourcePool - trace com.mchange.v2.resourcepool.BasicResourcePool@14f30e94 [managed: 3, unused: 1, excluded: 0] (e.g. com.mchange.v2.c3p0.impl.NewPooledConnection@7fe529bb)
16:56:54.567 [Test worker] DEBUG org.hibernate.engine.jdbc.internal.LogicalConnectionImpl - Obtained JDBC connection
16:56:54.567 [Test worker] DEBUG org.hibernate.loader.plan.exec.process.internal.ResultSetProcessorImpl - Starting ResultSet row #0
16:56:54.568 [Test worker] DEBUG org.hibernate.loader.plan.exec.process.internal.EntityReferenceInitializerImpl - On call to EntityIdentifierReaderImpl#resolve, EntityKey was already known; should only happen on root returns with an optional identifier specified
16:56:54.568 [Test worker] DEBUG org.hibernate.engine.internal.TwoPhaseLoad - Resolving associations for [com.mycompany.dbEntity.CallLogInfo#111]
16:56:54.568 [Test worker] DEBUG org.hibernate.engine.internal.TwoPhaseLoad - Done materializing entity [com.mycompany.dbEntity.CallLogInfo#111]
16:56:54.568 [Test worker] DEBUG org.hibernate.loader.entity.plan.AbstractLoadPlanBasedEntityLoader - Done entity load : com.mycompany.dbEntity.CallLogInfo#111
16:56:54.568 [Test worker] DEBUG org.springframework.orm.jpa.EntityManagerFactoryUtils - Closing JPA EntityManager
16:56:54.568 [Test worker] DEBUG org.hibernate.engine.jdbc.internal.LogicalConnectionImpl - Releasing JDBC connection
16:56:54.568 [Test worker] DEBUG com.mchange.v2.resourcepool.BasicResourcePool - trace com.mchange.v2.resourcepool.BasicResourcePool@14f30e94 [managed: 3, unused: 1, excluded: 0] (e.g. com.mchange.v2.c3p0.impl.NewPooledConnection@7fe529bb)
16:56:54.568 [Test worker] DEBUG org.hibernate.engine.jdbc.internal.LogicalConnectionImpl - Released JDBC connection
16:56:54.568 [Test worker] DEBUG org.springframework.orm.hibernate4.HibernateTransactionManager - Initiating transaction commit
16:56:54.568 [Test worker] DEBUG org.springframework.orm.hibernate4.HibernateTransactionManager - Committing Hibernate transaction on Session [SessionImpl(PersistenceContext[entityKeys=[],collectionKeys=[]];ActionQueue[insertions=org.hibernate.engine.spi.ExecutableList@ebf7378 updates=org.hibernate.engine.spi.ExecutableList@1f87af79 deletions=org.hibernate.engine.spi.ExecutableList@1b1f3978 orphanRemovals=org.hibernate.engine.spi.ExecutableList@65f1e7a2 collectionCreations=org.hibernate.engine.spi.ExecutableList@10206cd7 collectionRemovals=org.hibernate.engine.spi.ExecutableList@32fef5cd collectionUpdates=org.hibernate.engine.spi.ExecutableList@5048de13 collectionQueuedOps=org.hibernate.engine.spi.ExecutableList@3aeeef4f unresolvedInsertDependencies=UnresolvedEntityInsertActions[]])]
16:56:54.568 [Test worker] DEBUG org.hibernate.engine.transaction.spi.AbstractTransactionImpl - committing
16:56:54.568 [Test worker] DEBUG org.hibernate.engine.transaction.internal.jdbc.JdbcTransaction - committed JDBC Connection
16:56:54.568 [Test worker] DEBUG org.hibernate.engine.transaction.internal.jdbc.JdbcTransaction - re-enabling autocommit
16:56:54.569 [Test worker] DEBUG org.springframework.orm.hibernate4.HibernateTransactionManager - Closing Hibernate Session [SessionImpl(PersistenceContext[entityKeys=[],collectionKeys=[]];ActionQueue[insertions=org.hibernate.engine.spi.ExecutableList@ebf7378 updates=org.hibernate.engine.spi.ExecutableList@1f87af79 deletions=org.hibernate.engine.spi.ExecutableList@1b1f3978 orphanRemovals=org.hibernate.engine.spi.ExecutableList@65f1e7a2 collectionCreations=org.hibernate.engine.spi.ExecutableList@10206cd7 collectionRemovals=org.hibernate.engine.spi.ExecutableList@32fef5cd collectionUpdates=org.hibernate.engine.spi.ExecutableList@5048de13 collectionQueuedOps=org.hibernate.engine.spi.ExecutableList@3aeeef4f unresolvedInsertDependencies=UnresolvedEntityInsertActions[]])] after transaction
16:56:54.569 [Test worker] DEBUG org.hibernate.engine.jdbc.internal.LogicalConnectionImpl - Releasing JDBC connection
16:56:54.569 [Test worker] DEBUG com.mchange.v2.resourcepool.BasicResourcePool - trace com.mchange.v2.resourcepool.BasicResourcePool@14f30e94 [managed: 3, unused: 2, excluded: 0] (e.g. com.mchange.v2.c3p0.impl.NewPooledConnection@7fe529bb)
16:56:54.569 [Test worker] DEBUG org.hibernate.engine.jdbc.internal.LogicalConnectionImpl - Released JDBC connection
16:56:54.569 [Test worker] DEBUG org.springframework.orm.hibernate4.HibernateTransactionManager - Creating new transaction with name [org.springframework.data.jpa.repository.support.SimpleJpaRepository.findOne]: PROPAGATION_REQUIRED,ISOLATION_DEFAULT,readOnly; ''
16:56:54.569 [Test worker] DEBUG org.springframework.orm.hibernate4.HibernateTransactionManager - Opened new Session [SessionImpl(PersistenceContext[entityKeys=[],collectionKeys=[]];ActionQueue[insertions=org.hibernate.engine.spi.ExecutableList@1bd5cec5 updates=org.hibernate.engine.spi.ExecutableList@2cead3f0 deletions=org.hibernate.engine.spi.ExecutableList@7301c684 orphanRemovals=org.hibernate.engine.spi.ExecutableList@7537c393 collectionCreations=org.hibernate.engine.spi.ExecutableList@40a19816 collectionRemovals=org.hibernate.engine.spi.ExecutableList@3a2ea6a1 collectionUpdates=org.hibernate.engine.spi.ExecutableList@47667286 collectionQueuedOps=org.hibernate.engine.spi.ExecutableList@c060aa2 unresolvedInsertDependencies=UnresolvedEntityInsertActions[]])] for Hibernate transaction
16:56:54.569 [Test worker] DEBUG org.springframework.orm.hibernate4.HibernateTransactionManager - Preparing JDBC Connection of Hibernate Session [SessionImpl(PersistenceContext[entityKeys=[],collectionKeys=[]];ActionQueue[insertions=org.hibernate.engine.spi.ExecutableList@1bd5cec5 updates=org.hibernate.engine.spi.ExecutableList@2cead3f0 deletions=org.hibernate.engine.spi.ExecutableList@7301c684 orphanRemovals=org.hibernate.engine.spi.ExecutableList@7537c393 collectionCreations=org.hibernate.engine.spi.ExecutableList@40a19816 collectionRemovals=org.hibernate.engine.spi.ExecutableList@3a2ea6a1 collectionUpdates=org.hibernate.engine.spi.ExecutableList@47667286 collectionQueuedOps=org.hibernate.engine.spi.ExecutableList@c060aa2 unresolvedInsertDependencies=UnresolvedEntityInsertActions[]])]
16:56:54.569 [Test worker] DEBUG org.hibernate.engine.jdbc.internal.LogicalConnectionImpl - Obtaining JDBC connection
16:56:54.569 [Test worker] DEBUG com.mchange.v2.resourcepool.BasicResourcePool - trace com.mchange.v2.resourcepool.BasicResourcePool@14f30e94 [managed: 3, unused: 2, excluded: 0] (e.g. com.mchange.v2.c3p0.impl.NewPooledConnection@7fe529bb)
16:56:54.569 [Test worker] DEBUG org.hibernate.engine.jdbc.internal.LogicalConnectionImpl - Obtained JDBC connection
16:56:54.569 [Test worker] DEBUG org.springframework.jdbc.datasource.DataSourceUtils - Setting JDBC Connection [com.mchange.v2.c3p0.impl.NewProxyConnection@fffef06] read-only
16:56:54.569 [Test worker] DEBUG org.hibernate.engine.transaction.spi.AbstractTransactionImpl - begin
16:56:54.569 [Test worker] DEBUG org.hibernate.engine.transaction.internal.jdbc.JdbcTransaction - initial autocommit status: true
16:56:54.569 [Test worker] DEBUG org.hibernate.engine.transaction.internal.jdbc.JdbcTransaction - disabling autocommit
16:56:54.569 [Test worker] DEBUG org.springframework.orm.hibernate4.HibernateTransactionManager - Exposing Hibernate transaction as JDBC transaction [com.mchange.v2.c3p0.impl.NewProxyConnection@fffef06]
16:56:54.569 [Test worker] DEBUG org.springframework.orm.jpa.EntityManagerFactoryUtils - Opening JPA EntityManager
16:56:54.570 [Test worker] DEBUG org.springframework.orm.jpa.EntityManagerFactoryUtils - Registering transaction synchronization for JPA EntityManager
16:56:54.570 [Test worker] DEBUG org.hibernate.SQL - select callloginf0_.call_log_id as call_log1_0_0_, callloginf0_.end_time as end_time2_0_0_, callloginf0_.start_time as start_ti3_0_0_, callloginf0_.call_type as call_typ4_0_0_, callloginf0_.location as location5_0_0_, callloginf0_.party_phone_no as party_ph6_0_0_, callloginf0_.id as id7_0_0_ from call_log callloginf0_ where callloginf0_.call_log_id=?
16:56:54.570 [Test worker] DEBUG org.hibernate.engine.jdbc.internal.LogicalConnectionImpl - Obtaining JDBC connection
16:56:54.570 [Test worker] DEBUG com.mchange.v2.resourcepool.BasicResourcePool - trace com.mchange.v2.resourcepool.BasicResourcePool@14f30e94 [managed: 3, unused: 1, excluded: 0] (e.g. com.mchange.v2.c3p0.impl.NewPooledConnection@7fe529bb)
16:56:54.570 [Test worker] DEBUG org.hibernate.engine.jdbc.internal.LogicalConnectionImpl - Obtained JDBC connection
16:56:54.570 [Test worker] DEBUG org.hibernate.loader.plan.exec.process.internal.ResultSetProcessorImpl - Starting ResultSet row #0
16:56:54.570 [Test worker] DEBUG org.hibernate.loader.plan.exec.process.internal.EntityReferenceInitializerImpl - On call to EntityIdentifierReaderImpl#resolve, EntityKey was already known; should only happen on root returns with an optional identifier specified
16:56:54.570 [Test worker] DEBUG org.hibernate.engine.internal.TwoPhaseLoad - Resolving associations for [com.mycompany.dbEntity.CallLogInfo#110]
16:56:54.571 [Test worker] DEBUG org.hibernate.engine.internal.TwoPhaseLoad - Done materializing entity [com.mycompany.dbEntity.CallLogInfo#110]
16:56:54.571 [Test worker] DEBUG org.hibernate.loader.entity.plan.AbstractLoadPlanBasedEntityLoader - Done entity load : com.mycompany.dbEntity.CallLogInfo#110
16:56:54.571 [Test worker] DEBUG org.springframework.orm.jpa.EntityManagerFactoryUtils - Closing JPA EntityManager
16:56:54.571 [Test worker] DEBUG org.hibernate.engine.jdbc.internal.LogicalConnectionImpl - Releasing JDBC connection
16:56:54.571 [Test worker] DEBUG com.mchange.v2.resourcepool.BasicResourcePool - trace com.mchange.v2.resourcepool.BasicResourcePool@14f30e94 [managed: 3, unused: 1, excluded: 0] (e.g. com.mchange.v2.c3p0.impl.NewPooledConnection@7fe529bb)
16:56:54.571 [Test worker] DEBUG org.hibernate.engine.jdbc.internal.LogicalConnectionImpl - Released JDBC connection
16:56:54.571 [Test worker] DEBUG org.springframework.orm.hibernate4.HibernateTransactionManager - Initiating transaction commit
16:56:54.571 [Test worker] DEBUG org.springframework.orm.hibernate4.HibernateTransactionManager - Committing Hibernate transaction on Session [SessionImpl(PersistenceContext[entityKeys=[],collectionKeys=[]];ActionQueue[insertions=org.hibernate.engine.spi.ExecutableList@1bd5cec5 updates=org.hibernate.engine.spi.ExecutableList@2cead3f0 deletions=org.hibernate.engine.spi.ExecutableList@7301c684 orphanRemovals=org.hibernate.engine.spi.ExecutableList@7537c393 collectionCreations=org.hibernate.engine.spi.ExecutableList@40a19816 collectionRemovals=org.hibernate.engine.spi.ExecutableList@3a2ea6a1 collectionUpdates=org.hibernate.engine.spi.ExecutableList@47667286 collectionQueuedOps=org.hibernate.engine.spi.ExecutableList@c060aa2 unresolvedInsertDependencies=UnresolvedEntityInsertActions[]])]
16:56:54.571 [Test worker] DEBUG org.hibernate.engine.transaction.spi.AbstractTransactionImpl - committing
16:56:54.571 [Test worker] DEBUG org.hibernate.engine.transaction.internal.jdbc.JdbcTransaction - committed JDBC Connection
16:56:54.571 [Test worker] DEBUG org.hibernate.engine.transaction.internal.jdbc.JdbcTransaction - re-enabling autocommit
16:56:54.572 [Test worker] DEBUG org.springframework.orm.hibernate4.HibernateTransactionManager - Closing Hibernate Session [SessionImpl(PersistenceContext[entityKeys=[],collectionKeys=[]];ActionQueue[insertions=org.hibernate.engine.spi.ExecutableList@1bd5cec5 updates=org.hibernate.engine.spi.ExecutableList@2cead3f0 deletions=org.hibernate.engine.spi.ExecutableList@7301c684 orphanRemovals=org.hibernate.engine.spi.ExecutableList@7537c393 collectionCreations=org.hibernate.engine.spi.ExecutableList@40a19816 collectionRemovals=org.hibernate.engine.spi.ExecutableList@3a2ea6a1 collectionUpdates=org.hibernate.engine.spi.ExecutableList@47667286 collectionQueuedOps=org.hibernate.engine.spi.ExecutableList@c060aa2 unresolvedInsertDependencies=UnresolvedEntityInsertActions[]])] after transaction
16:56:54.572 [Test worker] DEBUG org.hibernate.engine.jdbc.internal.LogicalConnectionImpl - Releasing JDBC connection
16:56:54.572 [Test worker] DEBUG com.mchange.v2.resourcepool.BasicResourcePool - trace com.mchange.v2.resourcepool.BasicResourcePool@14f30e94 [managed: 3, unused: 2, excluded: 0] (e.g. com.mchange.v2.c3p0.impl.NewPooledConnection@7fe529bb)
16:56:54.572 [Test worker] DEBUG org.hibernate.engine.jdbc.internal.LogicalConnectionImpl - Released JDBC connection
16:56:54.572 [Test worker] DEBUG org.springframework.orm.hibernate4.HibernateTransactionManager - Creating new transaction with name [org.springframework.data.jpa.repository.support.SimpleJpaRepository.findOne]: PROPAGATION_REQUIRED,ISOLATION_DEFAULT,readOnly; ''
16:56:54.572 [Test worker] DEBUG org.springframework.orm.hibernate4.HibernateTransactionManager - Opened new Session [SessionImpl(PersistenceContext[entityKeys=[],collectionKeys=[]];ActionQueue[insertions=org.hibernate.engine.spi.ExecutableList@6d2ff34c updates=org.hibernate.engine.spi.ExecutableList@1bfa2e9 deletions=org.hibernate.engine.spi.ExecutableList@146833c9 orphanRemovals=org.hibernate.engine.spi.ExecutableList@1bd6f728 collectionCreations=org.hibernate.engine.spi.ExecutableList@971d28d collectionRemovals=org.hibernate.engine.spi.ExecutableList@752591a0 collectionUpdates=org.hibernate.engine.spi.ExecutableList@200602b6 collectionQueuedOps=org.hibernate.engine.spi.ExecutableList@cc5de29 unresolvedInsertDependencies=UnresolvedEntityInsertActions[]])] for Hibernate transaction
16:56:54.572 [Test worker] DEBUG org.springframework.orm.hibernate4.HibernateTransactionManager - Preparing JDBC Connection of Hibernate Session [SessionImpl(PersistenceContext[entityKeys=[],collectionKeys=[]];ActionQueue[insertions=org.hibernate.engine.spi.ExecutableList@6d2ff34c updates=org.hibernate.engine.spi.ExecutableList@1bfa2e9 deletions=org.hibernate.engine.spi.ExecutableList@146833c9 orphanRemovals=org.hibernate.engine.spi.ExecutableList@1bd6f728 collectionCreations=org.hibernate.engine.spi.ExecutableList@971d28d collectionRemovals=org.hibernate.engine.spi.ExecutableList@752591a0 collectionUpdates=org.hibernate.engine.spi.ExecutableList@200602b6 collectionQueuedOps=org.hibernate.engine.spi.ExecutableList@cc5de29 unresolvedInsertDependencies=UnresolvedEntityInsertActions[]])]
16:56:54.572 [Test worker] DEBUG org.hibernate.engine.jdbc.internal.LogicalConnectionImpl - Obtaining JDBC connection
16:56:54.572 [Test worker] DEBUG com.mchange.v2.resourcepool.BasicResourcePool - trace com.mchange.v2.resourcepool.BasicResourcePool@14f30e94 [managed: 3, unused: 2, excluded: 0] (e.g. com.mchange.v2.c3p0.impl.NewPooledConnection@7fe529bb)
16:56:54.572 [Test worker] DEBUG org.hibernate.engine.jdbc.internal.LogicalConnectionImpl - Obtained JDBC connection
16:56:54.572 [Test worker] DEBUG org.springframework.jdbc.datasource.DataSourceUtils - Setting JDBC Connection [com.mchange.v2.c3p0.impl.NewProxyConnection@52d6a8c3] read-only
16:56:54.572 [Test worker] DEBUG org.hibernate.engine.transaction.spi.AbstractTransactionImpl - begin
16:56:54.572 [Test worker] DEBUG org.hibernate.engine.transaction.internal.jdbc.JdbcTransaction - initial autocommit status: true
16:56:54.572 [Test worker] DEBUG org.hibernate.engine.transaction.internal.jdbc.JdbcTransaction - disabling autocommit
16:56:54.572 [Test worker] DEBUG org.springframework.orm.hibernate4.HibernateTransactionManager - Exposing Hibernate transaction as JDBC transaction [com.mchange.v2.c3p0.impl.NewProxyConnection@52d6a8c3]
16:56:54.573 [Test worker] DEBUG org.springframework.orm.jpa.EntityManagerFactoryUtils - Opening JPA EntityManager
16:56:54.573 [Test worker] DEBUG org.springframework.orm.jpa.EntityManagerFactoryUtils - Registering transaction synchronization for JPA EntityManager
16:56:54.574 [Test worker] DEBUG org.hibernate.SQL - select callloginf0_.call_log_id as call_log1_0_0_, callloginf0_.end_time as end_time2_0_0_, callloginf0_.start_time as start_ti3_0_0_, callloginf0_.call_type as call_typ4_0_0_, callloginf0_.location as location5_0_0_, callloginf0_.party_phone_no as party_ph6_0_0_, callloginf0_.id as id7_0_0_ from call_log callloginf0_ where callloginf0_.call_log_id=?
16:56:54.574 [Test worker] DEBUG org.hibernate.engine.jdbc.internal.LogicalConnectionImpl - Obtaining JDBC connection
16:56:54.574 [Test worker] DEBUG com.mchange.v2.resourcepool.BasicResourcePool - trace com.mchange.v2.resourcepool.BasicResourcePool@14f30e94 [managed: 3, unused: 1, excluded: 0] (e.g. com.mchange.v2.c3p0.impl.NewPooledConnection@7fe529bb)
16:56:54.574 [Test worker] DEBUG org.hibernate.engine.jdbc.internal.LogicalConnectionImpl - Obtained JDBC connection
16:56:54.574 [Test worker] DEBUG org.hibernate.loader.plan.exec.process.internal.ResultSetProcessorImpl - Starting ResultSet row #0
16:56:54.574 [Test worker] DEBUG org.hibernate.loader.plan.exec.process.internal.EntityReferenceInitializerImpl - On call to EntityIdentifierReaderImpl#resolve, EntityKey was already known; should only happen on root returns with an optional identifier specified
16:56:54.575 [Test worker] DEBUG org.hibernate.engine.internal.TwoPhaseLoad - Resolving associations for [com.mycompany.dbEntity.CallLogInfo#109]
16:56:54.575 [Test worker] DEBUG org.hibernate.engine.internal.TwoPhaseLoad - Done materializing entity [com.mycompany.dbEntity.CallLogInfo#109]
16:56:54.575 [Test worker] DEBUG org.hibernate.loader.entity.plan.AbstractLoadPlanBasedEntityLoader - Done entity load : com.mycompany.dbEntity.CallLogInfo#109
16:56:54.575 [Test worker] DEBUG org.springframework.orm.jpa.EntityManagerFactoryUtils - Closing JPA EntityManager
16:56:54.575 [Test worker] DEBUG org.hibernate.engine.jdbc.internal.LogicalConnectionImpl - Releasing JDBC connection
16:56:54.575 [Test worker] DEBUG com.mchange.v2.resourcepool.BasicResourcePool - trace com.mchange.v2.resourcepool.BasicResourcePool@14f30e94 [managed: 3, unused: 1, excluded: 0] (e.g. com.mchange.v2.c3p0.impl.NewPooledConnection@7fe529bb)
16:56:54.575 [Test worker] DEBUG org.hibernate.engine.jdbc.internal.LogicalConnectionImpl - Released JDBC connection
16:56:54.575 [Test worker] DEBUG org.springframework.orm.hibernate4.HibernateTransactionManager - Initiating transaction commit
16:56:54.575 [Test worker] DEBUG org.springframework.orm.hibernate4.HibernateTransactionManager - Committing Hibernate transaction on Session [SessionImpl(PersistenceContext[entityKeys=[],collectionKeys=[]];ActionQueue[insertions=org.hibernate.engine.spi.ExecutableList@6d2ff34c updates=org.hibernate.engine.spi.ExecutableList@1bfa2e9 deletions=org.hibernate.engine.spi.ExecutableList@146833c9 orphanRemovals=org.hibernate.engine.spi.ExecutableList@1bd6f728 collectionCreations=org.hibernate.engine.spi.ExecutableList@971d28d collectionRemovals=org.hibernate.engine.spi.ExecutableList@752591a0 collectionUpdates=org.hibernate.engine.spi.ExecutableList@200602b6 collectionQueuedOps=org.hibernate.engine.spi.ExecutableList@cc5de29 unresolvedInsertDependencies=UnresolvedEntityInsertActions[]])]
16:56:54.575 [Test worker] DEBUG org.hibernate.engine.transaction.spi.AbstractTransactionImpl - committing
16:56:54.575 [Test worker] DEBUG org.hibernate.engine.transaction.internal.jdbc.JdbcTransaction - committed JDBC Connection
16:56:54.575 [Test worker] DEBUG org.hibernate.engine.transaction.internal.jdbc.JdbcTransaction - re-enabling autocommit
16:56:54.576 [Test worker] DEBUG org.springframework.orm.hibernate4.HibernateTransactionManager - Closing Hibernate Session [SessionImpl(PersistenceContext[entityKeys=[],collectionKeys=[]];ActionQueue[insertions=org.hibernate.engine.spi.ExecutableList@6d2ff34c updates=org.hibernate.engine.spi.ExecutableList@1bfa2e9 deletions=org.hibernate.engine.spi.ExecutableList@146833c9 orphanRemovals=org.hibernate.engine.spi.ExecutableList@1bd6f728 collectionCreations=org.hibernate.engine.spi.ExecutableList@971d28d collectionRemovals=org.hibernate.engine.spi.ExecutableList@752591a0 collectionUpdates=org.hibernate.engine.spi.ExecutableList@200602b6 collectionQueuedOps=org.hibernate.engine.spi.ExecutableList@cc5de29 unresolvedInsertDependencies=UnresolvedEntityInsertActions[]])] after transaction
16:56:54.576 [Test worker] DEBUG org.hibernate.engine.jdbc.internal.LogicalConnectionImpl - Releasing JDBC connection
16:56:54.576 [Test worker] DEBUG com.mchange.v2.resourcepool.BasicResourcePool - trace com.mchange.v2.resourcepool.BasicResourcePool@14f30e94 [managed: 3, unused: 2, excluded: 0] (e.g. com.mchange.v2.c3p0.impl.NewPooledConnection@7fe529bb)
16:56:54.576 [Test worker] DEBUG org.hibernate.engine.jdbc.internal.LogicalConnectionImpl - Released JDBC connection
16:56:54.578 [Test worker] DEBUG org.springframework.test.context.jdbc.SqlScriptsTestExecutionListener - Processing [MergedSqlConfig@4ecc4255 dataSource = '', transactionManager = '', transactionMode = ISOLATED, encoding = '', separator = '@@', commentPrefix = '`', blockCommentStartDelimiter = '/*', blockCommentEndDelimiter = '*/', errorMode = FAIL_ON_ERROR] for execution phase [AFTER_TEST_METHOD] and test context [DefaultTestContext@836955f testClass = CallLogRepositoryTest, testInstance = com.mycompany.dbRepository.CallLogRepositoryTest@6c3d373b, testMethod = testFindCallLogs@CallLogRepositoryTest, testException = [null], mergedContextConfiguration = [MergedContextConfiguration@2b681049 testClass = CallLogRepositoryTest, locations = '{}', classes = '{class com.mycompany.config.SpringTestCfg}', contextInitializerClasses = '[]', activeProfiles = '{test}', propertySourceLocations = '{}', propertySourceProperties = '{}', contextLoader = 'org.springframework.test.context.support.DelegatingSmartContextLoader', parent = [null]]].
16:56:54.578 [Test worker] DEBUG org.springframework.test.context.cache.DefaultCacheAwareContextLoaderDelegate - Retrieved ApplicationContext from cache with key [[MergedContextConfiguration@2b681049 testClass = CallLogRepositoryTest, locations = '{}', classes = '{class com.mycompany.config.SpringTestCfg}', contextInitializerClasses = '[]', activeProfiles = '{test}', propertySourceLocations = '{}', propertySourceProperties = '{}', contextLoader = 'org.springframework.test.context.support.DelegatingSmartContextLoader', parent = [null]]]
16:56:54.578 [Test worker] DEBUG org.springframework.test.context.cache - Spring test ApplicationContext cache statistics: [DefaultContextCache@5ba9e383 size = 1, parentContextCount = 0, hitCount = 25, missCount = 1]
16:56:54.578 [Test worker] DEBUG org.springframework.test.context.jdbc.SqlScriptsTestExecutionListener - Executing SQL scripts: [class path resource [sqls/CallLogRepository_callsBwDates_del.sql]]
16:56:54.578 [Test worker] DEBUG org.springframework.test.context.cache.DefaultCacheAwareContextLoaderDelegate - Retrieved ApplicationContext from cache with key [[MergedContextConfiguration@2b681049 testClass = CallLogRepositoryTest, locations = '{}', classes = '{class com.mycompany.config.SpringTestCfg}', contextInitializerClasses = '[]', activeProfiles = '{test}', propertySourceLocations = '{}', propertySourceProperties = '{}', contextLoader = 'org.springframework.test.context.support.DelegatingSmartContextLoader', parent = [null]]]
16:56:54.578 [Test worker] DEBUG org.springframework.test.context.cache - Spring test ApplicationContext cache statistics: [DefaultContextCache@5ba9e383 size = 1, parentContextCount = 0, hitCount = 26, missCount = 1]
16:56:54.578 [Test worker] DEBUG org.springframework.beans.factory.support.DefaultListableBeanFactory - Returning cached instance of singleton bean 'dataSource'
16:56:54.578 [Test worker] DEBUG org.springframework.test.context.cache.DefaultCacheAwareContextLoaderDelegate - Retrieved ApplicationContext from cache with key [[MergedContextConfiguration@2b681049 testClass = CallLogRepositoryTest, locations = '{}', classes = '{class com.mycompany.config.SpringTestCfg}', contextInitializerClasses = '[]', activeProfiles = '{test}', propertySourceLocations = '{}', propertySourceProperties = '{}', contextLoader = 'org.springframework.test.context.support.DelegatingSmartContextLoader', parent = [null]]]
16:56:54.578 [Test worker] DEBUG org.springframework.test.context.cache - Spring test ApplicationContext cache statistics: [DefaultContextCache@5ba9e383 size = 1, parentContextCount = 0, hitCount = 27, missCount = 1]
16:56:54.578 [Test worker] DEBUG org.springframework.beans.factory.support.DefaultListableBeanFactory - Returning cached instance of singleton bean 'transactionManager'
16:56:54.578 [Test worker] DEBUG org.springframework.orm.hibernate4.HibernateTransactionManager - Creating new transaction with name [com.mycompany.dbRepository.CallLogRepositoryTest.testFindCallLogs]: PROPAGATION_REQUIRES_NEW,ISOLATION_DEFAULT
16:56:54.578 [Test worker] DEBUG org.springframework.orm.hibernate4.HibernateTransactionManager - Opened new Session [SessionImpl(PersistenceContext[entityKeys=[],collectionKeys=[]];ActionQueue[insertions=org.hibernate.engine.spi.ExecutableList@5ba9c2c7 updates=org.hibernate.engine.spi.ExecutableList@4ebbcb4b deletions=org.hibernate.engine.spi.ExecutableList@5084460b orphanRemovals=org.hibernate.engine.spi.ExecutableList@7cf668a4 collectionCreations=org.hibernate.engine.spi.ExecutableList@69dc2207 collectionRemovals=org.hibernate.engine.spi.ExecutableList@79ad4de4 collectionUpdates=org.hibernate.engine.spi.ExecutableList@bebe8c4 collectionQueuedOps=org.hibernate.engine.spi.ExecutableList@44970255 unresolvedInsertDependencies=UnresolvedEntityInsertActions[]])] for Hibernate transaction
16:56:54.578 [Test worker] DEBUG org.springframework.orm.hibernate4.HibernateTransactionManager - Preparing JDBC Connection of Hibernate Session [SessionImpl(PersistenceContext[entityKeys=[],collectionKeys=[]];ActionQueue[insertions=org.hibernate.engine.spi.ExecutableList@5ba9c2c7 updates=org.hibernate.engine.spi.ExecutableList@4ebbcb4b deletions=org.hibernate.engine.spi.ExecutableList@5084460b orphanRemovals=org.hibernate.engine.spi.ExecutableList@7cf668a4 collectionCreations=org.hibernate.engine.spi.ExecutableList@69dc2207 collectionRemovals=org.hibernate.engine.spi.ExecutableList@79ad4de4 collectionUpdates=org.hibernate.engine.spi.ExecutableList@bebe8c4 collectionQueuedOps=org.hibernate.engine.spi.ExecutableList@44970255 unresolvedInsertDependencies=UnresolvedEntityInsertActions[]])]
16:56:54.578 [Test worker] DEBUG org.hibernate.engine.jdbc.internal.LogicalConnectionImpl - Obtaining JDBC connection
16:56:54.579 [Test worker] DEBUG com.mchange.v2.resourcepool.BasicResourcePool - trace com.mchange.v2.resourcepool.BasicResourcePool@14f30e94 [managed: 3, unused: 2, excluded: 0] (e.g. com.mchange.v2.c3p0.impl.NewPooledConnection@7fe529bb)
16:56:54.579 [Test worker] DEBUG org.hibernate.engine.jdbc.internal.LogicalConnectionImpl - Obtained JDBC connection
16:56:54.579 [Test worker] DEBUG org.hibernate.engine.transaction.spi.AbstractTransactionImpl - begin
16:56:54.579 [Test worker] DEBUG org.hibernate.engine.transaction.internal.jdbc.JdbcTransaction - initial autocommit status: true
16:56:54.579 [Test worker] DEBUG org.hibernate.engine.transaction.internal.jdbc.JdbcTransaction - disabling autocommit
16:56:54.579 [Test worker] DEBUG org.springframework.orm.hibernate4.HibernateTransactionManager - Exposing Hibernate transaction as JDBC transaction [com.mchange.v2.c3p0.impl.NewProxyConnection@5f827ad9]
16:56:54.579 [Test worker] INFO org.springframework.jdbc.datasource.init.ScriptUtils - Executing SQL script from class path resource [sqls/CallLogRepository_callsBwDates_del.sql]
16:56:54.579 [Test worker] DEBUG org.springframework.jdbc.datasource.init.ScriptUtils - 4 returned as update count for SQL: delete from call_log 
16:56:54.580 [Test worker] DEBUG org.springframework.jdbc.datasource.init.ScriptUtils - 1 returned as update count for SQL: delete from person 
16:56:54.580 [Test worker] INFO org.springframework.jdbc.datasource.init.ScriptUtils - Executed SQL script from class path resource [sqls/CallLogRepository_callsBwDates_del.sql] in 1 ms.
16:56:54.580 [Test worker] DEBUG org.springframework.orm.hibernate4.HibernateTransactionManager - Initiating transaction commit
16:56:54.580 [Test worker] DEBUG org.springframework.orm.hibernate4.HibernateTransactionManager - Committing Hibernate transaction on Session [SessionImpl(PersistenceContext[entityKeys=[],collectionKeys=[]];ActionQueue[insertions=org.hibernate.engine.spi.ExecutableList@5ba9c2c7 updates=org.hibernate.engine.spi.ExecutableList@4ebbcb4b deletions=org.hibernate.engine.spi.ExecutableList@5084460b orphanRemovals=org.hibernate.engine.spi.ExecutableList@7cf668a4 collectionCreations=org.hibernate.engine.spi.ExecutableList@69dc2207 collectionRemovals=org.hibernate.engine.spi.ExecutableList@79ad4de4 collectionUpdates=org.hibernate.engine.spi.ExecutableList@bebe8c4 collectionQueuedOps=org.hibernate.engine.spi.ExecutableList@44970255 unresolvedInsertDependencies=UnresolvedEntityInsertActions[]])]
16:56:54.580 [Test worker] DEBUG org.hibernate.engine.transaction.spi.AbstractTransactionImpl - committing
16:56:54.580 [Test worker] DEBUG org.hibernate.engine.transaction.internal.jdbc.JdbcTransaction - committed JDBC Connection
16:56:54.580 [Test worker] DEBUG org.hibernate.engine.transaction.internal.jdbc.JdbcTransaction - re-enabling autocommit
16:56:54.580 [Test worker] DEBUG org.springframework.orm.hibernate4.HibernateTransactionManager - Closing Hibernate Session [SessionImpl(PersistenceContext[entityKeys=[],collectionKeys=[]];ActionQueue[insertions=org.hibernate.engine.spi.ExecutableList@5ba9c2c7 updates=org.hibernate.engine.spi.ExecutableList@4ebbcb4b deletions=org.hibernate.engine.spi.ExecutableList@5084460b orphanRemovals=org.hibernate.engine.spi.ExecutableList@7cf668a4 collectionCreations=org.hibernate.engine.spi.ExecutableList@69dc2207 collectionRemovals=org.hibernate.engine.spi.ExecutableList@79ad4de4 collectionUpdates=org.hibernate.engine.spi.ExecutableList@bebe8c4 collectionQueuedOps=org.hibernate.engine.spi.ExecutableList@44970255 unresolvedInsertDependencies=UnresolvedEntityInsertActions[]])] after transaction
16:56:54.580 [Test worker] DEBUG org.hibernate.engine.jdbc.internal.LogicalConnectionImpl - Releasing JDBC connection
16:56:54.580 [Test worker] DEBUG com.mchange.v2.resourcepool.BasicResourcePool - trace com.mchange.v2.resourcepool.BasicResourcePool@14f30e94 [managed: 3, unused: 2, excluded: 0] (e.g. com.mchange.v2.c3p0.impl.NewPooledConnection@7fe529bb)
16:56:54.580 [Test worker] DEBUG org.hibernate.engine.jdbc.internal.LogicalConnectionImpl - Released JDBC connection
16:56:54.580 [Test worker] DEBUG org.springframework.test.context.support.AbstractDirtiesContextTestExecutionListener - After test method: context [DefaultTestContext@836955f testClass = CallLogRepositoryTest, testInstance = com.mycompany.dbRepository.CallLogRepositoryTest@6c3d373b, testMethod = testFindCallLogs@CallLogRepositoryTest, testException = [null], mergedContextConfiguration = [MergedContextConfiguration@2b681049 testClass = CallLogRepositoryTest, locations = '{}', classes = '{class com.mycompany.config.SpringTestCfg}', contextInitializerClasses = '[]', activeProfiles = '{test}', propertySourceLocations = '{}', propertySourceProperties = '{}', contextLoader = 'org.springframework.test.context.support.DelegatingSmartContextLoader', parent = [null]]], class annotated with @DirtiesContext [false] with mode [null], method annotated with @DirtiesContext [false] with mode [null].
16:56:54.580 [Test worker] DEBUG org.springframework.test.context.support.AbstractDirtiesContextTestExecutionListener - After test class: context [DefaultTestContext@836955f testClass = CallLogRepositoryTest, testInstance = [null], testMethod = [null], testException = [null], mergedContextConfiguration = [MergedContextConfiguration@2b681049 testClass = CallLogRepositoryTest, locations = '{}', classes = '{class com.mycompany.config.SpringTestCfg}', contextInitializerClasses = '[]', activeProfiles = '{test}', propertySourceLocations = '{}', propertySourceProperties = '{}', contextLoader = 'org.springframework.test.context.support.DelegatingSmartContextLoader', parent = [null]]], class annotated with @DirtiesContext [false] with mode [null].
]]></system-out>
  <system-err><![CDATA[]]></system-err>
</testsuite>
